<?xml version="1.0" encoding="UTF-8"?>
<testsuites name="003_edit staff" time="141" tests="4" failures="1" errors="0">
   <testsuite name="003_edit staff" tests="4" failures="1" errors="0" time="141" timestamp="2019-04-17 12:40:36" hostname="Administrator - BF-20170623WSST" id="Test Suites/User Manage/003_edit staff">
      <properties>
         <property name="deviceName" value=""/>
         <property name="devicePlatform" value=""/>
         <property name="logFolder" value="G:\\Auto_Learning\\katalon\\katalon_project\\katalon_project\\T2M_Manage\\T2M_Manage\\Reports\\User Manage\\003_edit staff\\20190417_124033"/>
         <property name="logFiles" value="G:\\Auto_Learning\\katalon\\katalon_project\\katalon_project\\T2M_Manage\\T2M_Manage\\Reports\\User Manage\\003_edit staff\\20190417_124033\\execution0.log"/>
         <property name="attachments" value="G:\\Auto_Learning\\katalon\\katalon_project\\katalon_project\\T2M_Manage\\T2M_Manage\\Reports\\User Manage\\003_edit staff\\20190417_124033\\1555476049812.png, G:\\Auto_Learning\\katalon\\katalon_project\\katalon_project\\T2M_Manage\\T2M_Manage\\Reports\\User Manage\\003_edit staff\\20190417_124033\\1555476063662.png, G:\\Auto_Learning\\katalon\\katalon_project\\katalon_project\\T2M_Manage\\T2M_Manage\\Reports\\User Manage\\003_edit staff\\20190417_124033\\1555476078505.png, G:\\Auto_Learning\\katalon\\katalon_project\\katalon_project\\T2M_Manage\\T2M_Manage\\Reports\\User Manage\\003_edit staff\\20190417_124033\\1555476116322.png, G:\\Auto_Learning\\katalon\\katalon_project\\katalon_project\\T2M_Manage\\T2M_Manage\\Reports\\User Manage\\003_edit staff\\20190417_124033\\1555476154896.png"/>
         <property name="hostName" value="Administrator - BF-20170623WSST"/>
         <property name="os" value="Windows 7 64bit"/>
         <property name="katalonVersion" value="5.7.0.1"/>
         <property name="browser" value="Chrome 73.0.3683.75"/>
         <property name="hostAddress" value="192.168.10.86"/>
         <property name="sessionId" value="c9653bfff6a8bf1c0a2a4901ad2c02cf"/>
         <property name="seleniumVersion" value="3.7.1"/>
         <property name="proxyInformation" value="ProxyInformation{proxyOption=NO_PROXY, proxyServerType=HTTP, password=, proxyServerAddress=, proxyServerPort=0}"/>
         <property name="platform" value="Windows 7"/>
      </properties>
      <testcase name="Test Cases/001_Login_Home/002_Login" classname="Test Cases/001_Login_Home/002_Login" status="PASSED">
         <system-out><![CDATA[2019-04-17 12:40:36 - [TEST_CASE][PASSED] - Test Cases/001_Login_Home/002_Login: Test Cases/001_Login_Home/002_Login

2019-04-17 12:40:36 - [TEST_STEP][PASSED] - Start listener action : sampleBeforeTestCase: Invoke 'com.kms.katalon.core.annotation.BeforeTestCase' method: 'NewTestListener.sampleBeforeTestCase(...)' completed.

2019-04-17 12:40:36 - [TEST_STEP][PASSED] - Statement - println(testCaseContext.getTestCaseId()): null

2019-04-17 12:40:36 - [TEST_STEP][PASSED] - Statement - println(testCaseContext.getTestCaseVariables()): Invoke 'com.kms.katalon.core.annotation.BeforeTestCase' method: 'NewTestListener.sampleBeforeTestCase(...)' completed.

2019-04-17 12:40:37 - [TEST_STEP][PASSED] - callTestCase: Call Test Case 'Test Cases/001_Login_Home/001_Navigate' successfully

2019-04-17 12:40:37 - [TEST_CASE][PASSED] - Test Cases/001_Login_Home/001_Navigate: Test Cases/001_Login_Home/001_Navigate

2019-04-17 12:40:37 - [TEST_STEP][PASSED] - openBrowser: Browser is opened with url: ''

2019-04-17 12:40:42 - [MESSAGE][PASSED] - Browser is opened with url: ''

2019-04-17 12:40:42 - [TEST_STEP][PASSED] - navigateToUrl: Navigate to 'http://222.180.200.126:9909/PORTALASSETS/login' successfully

2019-04-17 12:40:44 - [MESSAGE][PASSED] - Navigate to 'http://222.180.200.126:9909/PORTALASSETS/login' successfully

2019-04-17 12:40:44 - [TEST_STEP][PASSED] - comment: begin to input one correct account

2019-04-17 12:40:44 - [TEST_STEP][PASSED] - Statement - item = com.kms.katalon.core.webui.keyword.WebUiBuiltInKeywords.verifyElementPresent(com.kms.katalon.core.testobject.ObjectRepository.findTestObject(Login/button_ login), 20, STOP_ON_FAILURE): Object 'Object Repository/Login/button_ login' is present

2019-04-17 12:40:44 - [MESSAGE][PASSED] - Object 'Object Repository/Login/button_ login' is present

2019-04-17 12:40:44 - [TEST_STEP][PASSED] - Statement - If (item == true): Enter this website successful!!

2019-04-17 12:40:44 - [TEST_STEP][PASSED] - comment: Enter this website successful!!

2019-04-17 12:40:44 - [MESSAGE][PASSED] - Call Test Case 'Test Cases/001_Login_Home/001_Navigate' successfully

2019-04-17 12:40:44 - [TEST_STEP][PASSED] - delay: Delayed 1 second(s)

2019-04-17 12:40:45 - [MESSAGE][PASSED] - Delayed 1 second(s)

2019-04-17 12:40:45 - [TEST_STEP][PASSED] - setText: Text 'admin' is set on object 'Object Repository/Login/loginname'

2019-04-17 12:40:46 - [MESSAGE][PASSED] - Text 'admin' is set on object 'Object Repository/Login/loginname'

2019-04-17 12:40:46 - [TEST_STEP][PASSED] - delay: Delayed 1 second(s)

2019-04-17 12:40:47 - [MESSAGE][PASSED] - Delayed 1 second(s)

2019-04-17 12:40:47 - [TEST_STEP][PASSED] - setText: Text '654321' is set on object 'Object Repository/Login/password'

2019-04-17 12:40:47 - [MESSAGE][PASSED] - Text '654321' is set on object 'Object Repository/Login/password'

2019-04-17 12:40:47 - [TEST_STEP][PASSED] - delay: Delayed 1 second(s)

2019-04-17 12:40:48 - [MESSAGE][PASSED] - Delayed 1 second(s)

2019-04-17 12:40:48 - [TEST_STEP][PASSED] - Statement - R = com.kms.katalon.core.webui.keyword.WebUiBuiltInKeywords.verifyElementChecked(com.kms.katalon.core.testobject.ObjectRepository.findTestObject(Login/remember_password), 10): Object 'Object Repository/Login/remember_password' is checked

2019-04-17 12:40:48 - [MESSAGE][PASSED] - Object 'Object Repository/Login/remember_password' is checked

2019-04-17 12:40:48 - [TEST_STEP][PASSED] - Statement - If (R): The remember pwd box is checked!

2019-04-17 12:40:48 - [TEST_STEP][PASSED] - comment: The remember pwd box is checked!

2019-04-17 12:40:48 - [TEST_STEP][PASSED] - click: Object: 'Object Repository/Login/button_ login' is clicked on

2019-04-17 12:40:48 - [MESSAGE][PASSED] - Object: 'Object Repository/Login/button_ login' is clicked on

2019-04-17 12:40:48 - [TEST_STEP][PASSED] - Statement - a = com.kms.katalon.core.webui.keyword.WebUiBuiltInKeywords.verifyElementPresent(com.kms.katalon.core.testobject.ObjectRepository.findTestObject(homepage/a_homepage), 40): Object 'Object Repository/homepage/a_homepage' is present

2019-04-17 12:40:49 - [MESSAGE][PASSED] - Object 'Object Repository/homepage/a_homepage' is present

2019-04-17 12:40:49 - [TEST_STEP][PASSED] - Statement - If (a): Taking screenshot successfully

2019-04-17 12:40:49 - [TEST_STEP][PASSED] - comment: Find the homepag lable,Login successful

2019-04-17 12:40:49 - [TEST_STEP][PASSED] - takeScreenshot: Taking screenshot successfully

2019-04-17 12:40:50 - [MESSAGE][PASSED] - Taking screenshot successfully
[[ATTACHMENT|G:\\Auto_Learning\\katalon\\katalon_project\\katalon_project\\T2M_Manage\\T2M_Manage\\Reports\\User Manage\\003_edit staff\\20190417_124033\\1555476049812.png]]

2019-04-17 12:40:50 - [TEST_STEP][PASSED] - Start listener action : sampleAfterTestCase: Invoke 'com.kms.katalon.core.annotation.AfterTestCase' method: 'NewTestListener.sampleAfterTestCase(...)' completed.

2019-04-17 12:40:50 - [TEST_STEP][PASSED] - Statement - println(testCaseContext.getTestCaseId()): null

2019-04-17 12:40:50 - [TEST_STEP][PASSED] - Statement - println(testCaseContext.getTestCaseStatus()): Invoke 'com.kms.katalon.core.annotation.AfterTestCase' method: 'NewTestListener.sampleAfterTestCase(...)' completed.]]></system-out>
         <system-err><![CDATA[]]></system-err>
      </testcase>
      <testcase name="Test Cases/002_System_,Manage/001_User_Manage/001_Enter_User" classname="Test Cases/002_System_,Manage/001_User_Manage/001_Enter_User" status="PASSED">
         <system-out><![CDATA[2019-04-17 12:40:52 - [TEST_CASE][PASSED] - Test Cases/002_System_,Manage/001_User_Manage/001_Enter_User: Test Cases/002_System_,Manage/001_User_Manage/001_Enter_User

2019-04-17 12:40:52 - [TEST_STEP][PASSED] - Start listener action : sampleBeforeTestCase: Invoke 'com.kms.katalon.core.annotation.BeforeTestCase' method: 'NewTestListener.sampleBeforeTestCase(...)' completed.

2019-04-17 12:40:52 - [TEST_STEP][PASSED] - Statement - println(testCaseContext.getTestCaseId()): null

2019-04-17 12:40:52 - [TEST_STEP][PASSED] - Statement - println(testCaseContext.getTestCaseVariables()): Invoke 'com.kms.katalon.core.annotation.BeforeTestCase' method: 'NewTestListener.sampleBeforeTestCase(...)' completed.

2019-04-17 12:40:52 - [TEST_STEP][PASSED] - callTestCase: Call Test Case 'Test Cases/001_Login_Home/002_Login' successfully

2019-04-17 12:40:52 - [TEST_CASE][PASSED] - Test Cases/001_Login_Home/002_Login: Test Cases/001_Login_Home/002_Login

2019-04-17 12:40:52 - [TEST_STEP][PASSED] - callTestCase: Call Test Case 'Test Cases/001_Login_Home/001_Navigate' successfully

2019-04-17 12:40:52 - [TEST_CASE][PASSED] - Test Cases/001_Login_Home/001_Navigate: Test Cases/001_Login_Home/001_Navigate

2019-04-17 12:40:52 - [TEST_STEP][PASSED] - openBrowser: Browser is opened with url: ''

2019-04-17 12:40:52 - [MESSAGE][WARNING] - A browser is already opened. Closing browser and opening a new one

2019-04-17 12:40:56 - [MESSAGE][PASSED] - Browser is opened with url: ''

2019-04-17 12:40:56 - [TEST_STEP][PASSED] - navigateToUrl: Navigate to 'http://222.180.200.126:9909/PORTALASSETS/login' successfully

2019-04-17 12:40:59 - [MESSAGE][PASSED] - Navigate to 'http://222.180.200.126:9909/PORTALASSETS/login' successfully

2019-04-17 12:40:59 - [TEST_STEP][PASSED] - comment: begin to input one correct account

2019-04-17 12:40:59 - [TEST_STEP][PASSED] - Statement - item = com.kms.katalon.core.webui.keyword.WebUiBuiltInKeywords.verifyElementPresent(com.kms.katalon.core.testobject.ObjectRepository.findTestObject(Login/button_ login), 20, STOP_ON_FAILURE): Object 'Object Repository/Login/button_ login' is present

2019-04-17 12:40:59 - [MESSAGE][PASSED] - Object 'Object Repository/Login/button_ login' is present

2019-04-17 12:40:59 - [TEST_STEP][PASSED] - Statement - If (item == true): Enter this website successful!!

2019-04-17 12:40:59 - [TEST_STEP][PASSED] - comment: Enter this website successful!!

2019-04-17 12:40:59 - [MESSAGE][PASSED] - Call Test Case 'Test Cases/001_Login_Home/001_Navigate' successfully

2019-04-17 12:40:59 - [TEST_STEP][PASSED] - delay: Delayed 1 second(s)

2019-04-17 12:41:00 - [MESSAGE][PASSED] - Delayed 1 second(s)

2019-04-17 12:41:00 - [TEST_STEP][PASSED] - setText: Text 'admin' is set on object 'Object Repository/Login/loginname'

2019-04-17 12:41:00 - [MESSAGE][PASSED] - Text 'admin' is set on object 'Object Repository/Login/loginname'

2019-04-17 12:41:00 - [TEST_STEP][PASSED] - delay: Delayed 1 second(s)

2019-04-17 12:41:01 - [MESSAGE][PASSED] - Delayed 1 second(s)

2019-04-17 12:41:01 - [TEST_STEP][PASSED] - setText: Text '654321' is set on object 'Object Repository/Login/password'

2019-04-17 12:41:01 - [MESSAGE][PASSED] - Text '654321' is set on object 'Object Repository/Login/password'

2019-04-17 12:41:01 - [TEST_STEP][PASSED] - delay: Delayed 1 second(s)

2019-04-17 12:41:02 - [MESSAGE][PASSED] - Delayed 1 second(s)

2019-04-17 12:41:02 - [TEST_STEP][PASSED] - Statement - R = com.kms.katalon.core.webui.keyword.WebUiBuiltInKeywords.verifyElementChecked(com.kms.katalon.core.testobject.ObjectRepository.findTestObject(Login/remember_password), 10): Object 'Object Repository/Login/remember_password' is checked

2019-04-17 12:41:02 - [MESSAGE][PASSED] - Object 'Object Repository/Login/remember_password' is checked

2019-04-17 12:41:02 - [TEST_STEP][PASSED] - Statement - If (R): The remember pwd box is checked!

2019-04-17 12:41:02 - [TEST_STEP][PASSED] - comment: The remember pwd box is checked!

2019-04-17 12:41:02 - [TEST_STEP][PASSED] - click: Object: 'Object Repository/Login/button_ login' is clicked on

2019-04-17 12:41:03 - [MESSAGE][PASSED] - Object: 'Object Repository/Login/button_ login' is clicked on

2019-04-17 12:41:03 - [TEST_STEP][PASSED] - Statement - a = com.kms.katalon.core.webui.keyword.WebUiBuiltInKeywords.verifyElementPresent(com.kms.katalon.core.testobject.ObjectRepository.findTestObject(homepage/a_homepage), 40): Object 'Object Repository/homepage/a_homepage' is present

2019-04-17 12:41:03 - [MESSAGE][PASSED] - Object 'Object Repository/homepage/a_homepage' is present

2019-04-17 12:41:03 - [TEST_STEP][PASSED] - Statement - If (a): Taking screenshot successfully

2019-04-17 12:41:03 - [TEST_STEP][PASSED] - comment: Find the homepag lable,Login successful

2019-04-17 12:41:03 - [TEST_STEP][PASSED] - takeScreenshot: Taking screenshot successfully

2019-04-17 12:41:03 - [MESSAGE][PASSED] - Taking screenshot successfully
[[ATTACHMENT|G:\\Auto_Learning\\katalon\\katalon_project\\katalon_project\\T2M_Manage\\T2M_Manage\\Reports\\User Manage\\003_edit staff\\20190417_124033\\1555476063662.png]]

2019-04-17 12:41:04 - [MESSAGE][PASSED] - Call Test Case 'Test Cases/001_Login_Home/002_Login' successfully

2019-04-17 12:41:04 - [TEST_STEP][PASSED] - delay: Delayed 1 second(s)

2019-04-17 12:41:05 - [MESSAGE][PASSED] - Delayed 1 second(s)

2019-04-17 12:41:05 - [TEST_STEP][PASSED] - click: Object: 'Object Repository/Syetem_settings/User_Manage/a_systemsetings' is clicked on

2019-04-17 12:41:05 - [MESSAGE][PASSED] - Object: 'Object Repository/Syetem_settings/User_Manage/a_systemsetings' is clicked on

2019-04-17 12:41:05 - [TEST_STEP][PASSED] - delay: Delayed 1 second(s)

2019-04-17 12:41:06 - [MESSAGE][PASSED] - Delayed 1 second(s)

2019-04-17 12:41:06 - [TEST_STEP][PASSED] - click: Object: 'Object Repository/Syetem_settings/User_Manage/a_user_manage' is clicked on

2019-04-17 12:41:06 - [MESSAGE][PASSED] - Object: 'Object Repository/Syetem_settings/User_Manage/a_user_manage' is clicked on

2019-04-17 12:41:06 - [TEST_STEP][PASSED] - delay: Delayed 1 second(s)

2019-04-17 12:41:07 - [MESSAGE][PASSED] - Delayed 1 second(s)

2019-04-17 12:41:07 - [TEST_STEP][PASSED] - Statement - verify_user = com.kms.katalon.core.webui.keyword.WebUiBuiltInKeywords.verifyElementPresent(com.kms.katalon.core.testobject.ObjectRepository.findTestObject(Syetem_settings/User_Manage/cite_usertable), 0): Object 'Object Repository/Syetem_settings/User_Manage/cite_usertable' is present

2019-04-17 12:41:07 - [MESSAGE][WARNING] - Timeout '0' is invalid. Using default page load timeout: '30'

2019-04-17 12:41:07 - [MESSAGE][PASSED] - Object 'Object Repository/Syetem_settings/User_Manage/cite_usertable' is present

2019-04-17 12:41:07 - [TEST_STEP][PASSED] - Statement - If (verify_user): Enter the Successfully entered the people management page

2019-04-17 12:41:07 - [TEST_STEP][PASSED] - comment: Enter the Successfully entered the people management page

2019-04-17 12:41:07 - [TEST_STEP][PASSED] - Start listener action : sampleAfterTestCase: Invoke 'com.kms.katalon.core.annotation.AfterTestCase' method: 'NewTestListener.sampleAfterTestCase(...)' completed.

2019-04-17 12:41:07 - [TEST_STEP][PASSED] - Statement - println(testCaseContext.getTestCaseId()): null

2019-04-17 12:41:07 - [TEST_STEP][PASSED] - Statement - println(testCaseContext.getTestCaseStatus()): Invoke 'com.kms.katalon.core.annotation.AfterTestCase' method: 'NewTestListener.sampleAfterTestCase(...)' completed.]]></system-out>
         <system-err><![CDATA[]]></system-err>
      </testcase>
      <testcase name="Test Cases/002_System_,Manage/001_User_Manage/009_check_userEditpage" classname="Test Cases/002_System_,Manage/001_User_Manage/009_check_userEditpage" status="FAILED">
         <failure type="FAILED" message="(Stack trace: Assertion failed: 

assert false


	at org.codehaus.groovy.runtime.InvokerHelper.assertFailed(InvokerHelper.java:402)
	at org.codehaus.groovy.runtime.ScriptBytecodeAdapter.assertFailed(ScriptBytecodeAdapter.java:650)
	at Script1555402638307.run(Script1555402638307.groovy:117)
	at com.kms.katalon.core.main.ScriptEngine.run(ScriptEngine.java:183)
	at com.kms.katalon.core.main.ScriptEngine.runScriptAsRawText(ScriptEngine.java:108)
	at com.kms.katalon.core.main.TestCaseExecutor.runScript(TestCaseExecutor.java:294)
	at com.kms.katalon.core.main.TestCaseExecutor.doExecute(TestCaseExecutor.java:285)
	at com.kms.katalon.core.main.TestCaseExecutor.processExecutionPhase(TestCaseExecutor.java:264)
	at com.kms.katalon.core.main.TestCaseExecutor.accessMainPhase(TestCaseExecutor.java:256)
	at com.kms.katalon.core.main.TestCaseExecutor.execute(TestCaseExecutor.java:200)
	at com.kms.katalon.core.main.TestSuiteExecutor.accessTestCaseMainPhase(TestSuiteExecutor.java:129)
	at com.kms.katalon.core.main.TestSuiteExecutor.accessTestSuiteMainPhase(TestSuiteExecutor.java:112)
	at com.kms.katalon.core.main.TestSuiteExecutor.execute(TestSuiteExecutor.java:81)
	at com.kms.katalon.core.main.TestCaseMain.startTestSuite(TestCaseMain.java:142)
	at com.kms.katalon.core.main.TestCaseMain$startTestSuite$0.call(Unknown Source)
	at org.codehaus.groovy.runtime.callsite.CallSiteArray.defaultCall(CallSiteArray.java:48)
	at org.codehaus.groovy.runtime.callsite.AbstractCallSite.call(AbstractCallSite.java:113)
	at org.codehaus.groovy.runtime.callsite.AbstractCallSite.call(AbstractCallSite.java:141)
	at TempTestSuite1555476033178.run(TempTestSuite1555476033178.groovy:36)
	at groovy.lang.GroovyShell.runScriptOrMainOrTestOrRunnable(GroovyShell.java:263)
	at groovy.lang.GroovyShell.run(GroovyShell.java:518)
	at groovy.lang.GroovyShell.run(GroovyShell.java:507)
	at groovy.ui.GroovyMain.processOnce(GroovyMain.java:653)
	at groovy.ui.GroovyMain.run(GroovyMain.java:384)
	at groovy.ui.GroovyMain.process(GroovyMain.java:370)
	at groovy.ui.GroovyMain.processArgs(GroovyMain.java:129)
	at groovy.ui.GroovyMain.main(GroovyMain.java:109)
	at sun.reflect.NativeMethodAccessorImpl.invoke0(Native Method)
	at sun.reflect.NativeMethodAccessorImpl.invoke(NativeMethodAccessorImpl.java:62)
	at sun.reflect.DelegatingMethodAccessorImpl.invoke(DelegatingMethodAccessorImpl.java:43)
	at java.lang.reflect.Method.invoke(Method.java:498)
	at org.codehaus.groovy.tools.GroovyStarter.rootLoader(GroovyStarter.java:109)
	at org.codehaus.groovy.tools.GroovyStarter.main(GroovyStarter.java:131)
)"/>
         <system-out><![CDATA[2019-04-17 12:41:09 - [TEST_CASE][FAILED] - Test Cases/002_System_,Manage/001_User_Manage/009_check_userEditpage: Test Cases/002_System_,Manage/001_User_Manage/009_check_userEditpage FAILED because (of) (Stack trace: Assertion failed: 

assert false


	at org.codehaus.groovy.runtime.InvokerHelper.assertFailed(InvokerHelper.java:402)
	at org.codehaus.groovy.runtime.ScriptBytecodeAdapter.assertFailed(ScriptBytecodeAdapter.java:650)
	at Script1555402638307.run(Script1555402638307.groovy:117)
	at com.kms.katalon.core.main.ScriptEngine.run(ScriptEngine.java:183)
	at com.kms.katalon.core.main.ScriptEngine.runScriptAsRawText(ScriptEngine.java:108)
	at com.kms.katalon.core.main.TestCaseExecutor.runScript(TestCaseExecutor.java:294)
	at com.kms.katalon.core.main.TestCaseExecutor.doExecute(TestCaseExecutor.java:285)
	at com.kms.katalon.core.main.TestCaseExecutor.processExecutionPhase(TestCaseExecutor.java:264)
	at com.kms.katalon.core.main.TestCaseExecutor.accessMainPhase(TestCaseExecutor.java:256)
	at com.kms.katalon.core.main.TestCaseExecutor.execute(TestCaseExecutor.java:200)
	at com.kms.katalon.core.main.TestSuiteExecutor.accessTestCaseMainPhase(TestSuiteExecutor.java:129)
	at com.kms.katalon.core.main.TestSuiteExecutor.accessTestSuiteMainPhase(TestSuiteExecutor.java:112)
	at com.kms.katalon.core.main.TestSuiteExecutor.execute(TestSuiteExecutor.java:81)
	at com.kms.katalon.core.main.TestCaseMain.startTestSuite(TestCaseMain.java:142)
	at com.kms.katalon.core.main.TestCaseMain$startTestSuite$0.call(Unknown Source)
	at org.codehaus.groovy.runtime.callsite.CallSiteArray.defaultCall(CallSiteArray.java:48)
	at org.codehaus.groovy.runtime.callsite.AbstractCallSite.call(AbstractCallSite.java:113)
	at org.codehaus.groovy.runtime.callsite.AbstractCallSite.call(AbstractCallSite.java:141)
	at TempTestSuite1555476033178.run(TempTestSuite1555476033178.groovy:36)
	at groovy.lang.GroovyShell.runScriptOrMainOrTestOrRunnable(GroovyShell.java:263)
	at groovy.lang.GroovyShell.run(GroovyShell.java:518)
	at groovy.lang.GroovyShell.run(GroovyShell.java:507)
	at groovy.ui.GroovyMain.processOnce(GroovyMain.java:653)
	at groovy.ui.GroovyMain.run(GroovyMain.java:384)
	at groovy.ui.GroovyMain.process(GroovyMain.java:370)
	at groovy.ui.GroovyMain.processArgs(GroovyMain.java:129)
	at groovy.ui.GroovyMain.main(GroovyMain.java:109)
	at sun.reflect.NativeMethodAccessorImpl.invoke0(Native Method)
	at sun.reflect.NativeMethodAccessorImpl.invoke(NativeMethodAccessorImpl.java:62)
	at sun.reflect.DelegatingMethodAccessorImpl.invoke(DelegatingMethodAccessorImpl.java:43)
	at java.lang.reflect.Method.invoke(Method.java:498)
	at org.codehaus.groovy.tools.GroovyStarter.rootLoader(GroovyStarter.java:109)
	at org.codehaus.groovy.tools.GroovyStarter.main(GroovyStarter.java:131)
)

2019-04-17 12:41:09 - [TEST_STEP][PASSED] - Start listener action : sampleBeforeTestCase: Invoke 'com.kms.katalon.core.annotation.BeforeTestCase' method: 'NewTestListener.sampleBeforeTestCase(...)' completed.

2019-04-17 12:41:09 - [TEST_STEP][PASSED] - Statement - println(testCaseContext.getTestCaseId()): null

2019-04-17 12:41:09 - [TEST_STEP][PASSED] - Statement - println(testCaseContext.getTestCaseVariables()): Invoke 'com.kms.katalon.core.annotation.BeforeTestCase' method: 'NewTestListener.sampleBeforeTestCase(...)' completed.

2019-04-17 12:41:10 - [TEST_STEP][PASSED] - callTestCase: Call Test Case 'Test Cases/002_System_,Manage/001_User_Manage/001_Enter_User' successfully

2019-04-17 12:41:10 - [TEST_CASE][PASSED] - Test Cases/002_System_,Manage/001_User_Manage/001_Enter_User: Test Cases/002_System_,Manage/001_User_Manage/001_Enter_User

2019-04-17 12:41:10 - [TEST_STEP][PASSED] - callTestCase: Call Test Case 'Test Cases/001_Login_Home/002_Login' successfully

2019-04-17 12:41:10 - [TEST_CASE][PASSED] - Test Cases/001_Login_Home/002_Login: Test Cases/001_Login_Home/002_Login

2019-04-17 12:41:10 - [TEST_STEP][PASSED] - callTestCase: Call Test Case 'Test Cases/001_Login_Home/001_Navigate' successfully

2019-04-17 12:41:10 - [TEST_CASE][PASSED] - Test Cases/001_Login_Home/001_Navigate: Test Cases/001_Login_Home/001_Navigate

2019-04-17 12:41:10 - [TEST_STEP][PASSED] - openBrowser: Browser is opened with url: ''

2019-04-17 12:41:10 - [MESSAGE][WARNING] - A browser is already opened. Closing browser and opening a new one

2019-04-17 12:41:13 - [MESSAGE][PASSED] - Browser is opened with url: ''

2019-04-17 12:41:13 - [TEST_STEP][PASSED] - navigateToUrl: Navigate to 'http://222.180.200.126:9909/PORTALASSETS/login' successfully

2019-04-17 12:41:13 - [MESSAGE][PASSED] - Navigate to 'http://222.180.200.126:9909/PORTALASSETS/login' successfully

2019-04-17 12:41:13 - [TEST_STEP][PASSED] - comment: begin to input one correct account

2019-04-17 12:41:13 - [TEST_STEP][PASSED] - Statement - item = com.kms.katalon.core.webui.keyword.WebUiBuiltInKeywords.verifyElementPresent(com.kms.katalon.core.testobject.ObjectRepository.findTestObject(Login/button_ login), 20, STOP_ON_FAILURE): Object 'Object Repository/Login/button_ login' is present

2019-04-17 12:41:13 - [MESSAGE][PASSED] - Object 'Object Repository/Login/button_ login' is present

2019-04-17 12:41:13 - [TEST_STEP][PASSED] - Statement - If (item == true): Enter this website successful!!

2019-04-17 12:41:13 - [TEST_STEP][PASSED] - comment: Enter this website successful!!

2019-04-17 12:41:13 - [MESSAGE][PASSED] - Call Test Case 'Test Cases/001_Login_Home/001_Navigate' successfully

2019-04-17 12:41:13 - [TEST_STEP][PASSED] - delay: Delayed 1 second(s)

2019-04-17 12:41:14 - [MESSAGE][PASSED] - Delayed 1 second(s)

2019-04-17 12:41:14 - [TEST_STEP][PASSED] - setText: Text 'admin' is set on object 'Object Repository/Login/loginname'

2019-04-17 12:41:15 - [MESSAGE][PASSED] - Text 'admin' is set on object 'Object Repository/Login/loginname'

2019-04-17 12:41:15 - [TEST_STEP][PASSED] - delay: Delayed 1 second(s)

2019-04-17 12:41:16 - [MESSAGE][PASSED] - Delayed 1 second(s)

2019-04-17 12:41:16 - [TEST_STEP][PASSED] - setText: Text '654321' is set on object 'Object Repository/Login/password'

2019-04-17 12:41:16 - [MESSAGE][PASSED] - Text '654321' is set on object 'Object Repository/Login/password'

2019-04-17 12:41:16 - [TEST_STEP][PASSED] - delay: Delayed 1 second(s)

2019-04-17 12:41:17 - [MESSAGE][PASSED] - Delayed 1 second(s)

2019-04-17 12:41:17 - [TEST_STEP][PASSED] - Statement - R = com.kms.katalon.core.webui.keyword.WebUiBuiltInKeywords.verifyElementChecked(com.kms.katalon.core.testobject.ObjectRepository.findTestObject(Login/remember_password), 10): Object 'Object Repository/Login/remember_password' is checked

2019-04-17 12:41:17 - [MESSAGE][PASSED] - Object 'Object Repository/Login/remember_password' is checked

2019-04-17 12:41:17 - [TEST_STEP][PASSED] - Statement - If (R): The remember pwd box is checked!

2019-04-17 12:41:17 - [TEST_STEP][PASSED] - comment: The remember pwd box is checked!

2019-04-17 12:41:17 - [TEST_STEP][PASSED] - click: Object: 'Object Repository/Login/button_ login' is clicked on

2019-04-17 12:41:17 - [MESSAGE][PASSED] - Object: 'Object Repository/Login/button_ login' is clicked on

2019-04-17 12:41:17 - [TEST_STEP][PASSED] - Statement - a = com.kms.katalon.core.webui.keyword.WebUiBuiltInKeywords.verifyElementPresent(com.kms.katalon.core.testobject.ObjectRepository.findTestObject(homepage/a_homepage), 40): Object 'Object Repository/homepage/a_homepage' is present

2019-04-17 12:41:18 - [MESSAGE][PASSED] - Object 'Object Repository/homepage/a_homepage' is present

2019-04-17 12:41:18 - [TEST_STEP][PASSED] - Statement - If (a): Taking screenshot successfully

2019-04-17 12:41:18 - [TEST_STEP][PASSED] - comment: Find the homepag lable,Login successful

2019-04-17 12:41:18 - [TEST_STEP][PASSED] - takeScreenshot: Taking screenshot successfully

2019-04-17 12:41:18 - [MESSAGE][PASSED] - Taking screenshot successfully
[[ATTACHMENT|G:\\Auto_Learning\\katalon\\katalon_project\\katalon_project\\T2M_Manage\\T2M_Manage\\Reports\\User Manage\\003_edit staff\\20190417_124033\\1555476078505.png]]

2019-04-17 12:41:18 - [MESSAGE][PASSED] - Call Test Case 'Test Cases/001_Login_Home/002_Login' successfully

2019-04-17 12:41:18 - [TEST_STEP][PASSED] - delay: Delayed 1 second(s)

2019-04-17 12:41:19 - [MESSAGE][PASSED] - Delayed 1 second(s)

2019-04-17 12:41:19 - [TEST_STEP][PASSED] - click: Object: 'Object Repository/Syetem_settings/User_Manage/a_systemsetings' is clicked on

2019-04-17 12:41:19 - [MESSAGE][PASSED] - Object: 'Object Repository/Syetem_settings/User_Manage/a_systemsetings' is clicked on

2019-04-17 12:41:19 - [TEST_STEP][PASSED] - delay: Delayed 1 second(s)

2019-04-17 12:41:20 - [MESSAGE][PASSED] - Delayed 1 second(s)

2019-04-17 12:41:20 - [TEST_STEP][PASSED] - click: Object: 'Object Repository/Syetem_settings/User_Manage/a_user_manage' is clicked on

2019-04-17 12:41:21 - [MESSAGE][PASSED] - Object: 'Object Repository/Syetem_settings/User_Manage/a_user_manage' is clicked on

2019-04-17 12:41:21 - [TEST_STEP][PASSED] - delay: Delayed 1 second(s)

2019-04-17 12:41:22 - [MESSAGE][PASSED] - Delayed 1 second(s)

2019-04-17 12:41:22 - [TEST_STEP][PASSED] - Statement - verify_user = com.kms.katalon.core.webui.keyword.WebUiBuiltInKeywords.verifyElementPresent(com.kms.katalon.core.testobject.ObjectRepository.findTestObject(Syetem_settings/User_Manage/cite_usertable), 0): Object 'Object Repository/Syetem_settings/User_Manage/cite_usertable' is present

2019-04-17 12:41:22 - [MESSAGE][WARNING] - Timeout '0' is invalid. Using default page load timeout: '30'

2019-04-17 12:41:22 - [MESSAGE][PASSED] - Object 'Object Repository/Syetem_settings/User_Manage/cite_usertable' is present

2019-04-17 12:41:22 - [TEST_STEP][PASSED] - Statement - If (verify_user): Enter the Successfully entered the people management page

2019-04-17 12:41:22 - [TEST_STEP][PASSED] - comment: Enter the Successfully entered the people management page

2019-04-17 12:41:22 - [MESSAGE][PASSED] - Call Test Case 'Test Cases/002_System_,Manage/001_User_Manage/001_Enter_User' successfully

2019-04-17 12:41:22 - [TEST_STEP][PASSED] - setText: Text '林' is set on object 'Object Repository/test/input__keyword'

2019-04-17 12:41:22 - [MESSAGE][PASSED] - Text '林' is set on object 'Object Repository/test/input__keyword'

2019-04-17 12:41:22 - [TEST_STEP][PASSED] - delay: Delayed 1 second(s)

2019-04-17 12:41:23 - [MESSAGE][PASSED] - Delayed 1 second(s)

2019-04-17 12:41:23 - [TEST_STEP][PASSED] - click: Object: 'Object Repository/test/button__layui-btn' is clicked on

2019-04-17 12:41:24 - [MESSAGE][PASSED] - Object: 'Object Repository/test/button__layui-btn' is clicked on

2019-04-17 12:41:24 - [TEST_STEP][PASSED] - delay: Delayed 1 second(s)

2019-04-17 12:41:25 - [MESSAGE][PASSED] - Delayed 1 second(s)

2019-04-17 12:41:25 - [TEST_STEP][PASSED] - Statement - i = 1: null

2019-04-17 12:41:25 - [TEST_STEP][PASSED] - Statement - userinfo = []: null

2019-04-17 12:41:25 - [TEST_STEP][PASSED] - Statement - For ([j = 1, j <= 5, (j++)]): null

2019-04-17 12:41:25 - [TEST_STEP][PASSED] - Statement - n_btn = com.kms.katalon.core.webui.keyword.WebUiBuiltInKeywords.modifyObjectProperty(com.kms.katalon.core.testobject.ObjectRepository.findTestObject(Syetem_settings/User_Manage/Search/tr_td), "xpath", "equals", "//div[@id="mainContent"]/div[2]/div[2]/div[2]/div[2]/div/div[2]/table/tbody/tr[" + i + "]/td[" + j + "]/div", true): Modify property of object successfully

2019-04-17 12:41:25 - [MESSAGE][PASSED] - Modify property of object successfully

2019-04-17 12:41:25 - [TEST_STEP][PASSED] - verifyElementPresent: Object 'Object Repository/Syetem_settings/User_Manage/Search/tr_td' is present

2019-04-17 12:41:25 - [MESSAGE][PASSED] - Object 'Object Repository/Syetem_settings/User_Manage/Search/tr_td' is present

2019-04-17 12:41:25 - [TEST_STEP][PASSED] - Statement - data = com.kms.katalon.core.webui.keyword.WebUiBuiltInKeywords.getAttribute(n_btn, "innerText"): Attribute 'innerText' of object 'Object Repository/Syetem_settings/User_Manage/Search/tr_td' is: '吴有林'

2019-04-17 12:41:25 - [MESSAGE][PASSED] - Attribute 'innerText' of object 'Object Repository/Syetem_settings/User_Manage/Search/tr_td' is: '吴有林'

2019-04-17 12:41:25 - [TEST_STEP][PASSED] - Statement - userinfo.add(data): null

2019-04-17 12:41:25 - [TEST_STEP][PASSED] - Statement - println(userinfo): null

2019-04-17 12:41:25 - [TEST_STEP][PASSED] - Statement - n_btn = com.kms.katalon.core.webui.keyword.WebUiBuiltInKeywords.modifyObjectProperty(com.kms.katalon.core.testobject.ObjectRepository.findTestObject(Syetem_settings/User_Manage/Search/tr_td), "xpath", "equals", "//div[@id="mainContent"]/div[2]/div[2]/div[2]/div[2]/div/div[2]/table/tbody/tr[" + i + "]/td[" + j + "]/div", true): Modify property of object successfully

2019-04-17 12:41:25 - [MESSAGE][PASSED] - Modify property of object successfully

2019-04-17 12:41:25 - [TEST_STEP][PASSED] - verifyElementPresent: Object 'Object Repository/Syetem_settings/User_Manage/Search/tr_td' is present

2019-04-17 12:41:25 - [MESSAGE][PASSED] - Object 'Object Repository/Syetem_settings/User_Manage/Search/tr_td' is present

2019-04-17 12:41:25 - [TEST_STEP][PASSED] - Statement - data = com.kms.katalon.core.webui.keyword.WebUiBuiltInKeywords.getAttribute(n_btn, "innerText"): Attribute 'innerText' of object 'Object Repository/Syetem_settings/User_Manage/Search/tr_td' is: 'R&D Director'

2019-04-17 12:41:25 - [MESSAGE][PASSED] - Attribute 'innerText' of object 'Object Repository/Syetem_settings/User_Manage/Search/tr_td' is: 'R&D Director'

2019-04-17 12:41:25 - [TEST_STEP][PASSED] - Statement - userinfo.add(data): null

2019-04-17 12:41:25 - [TEST_STEP][PASSED] - Statement - println(userinfo): null

2019-04-17 12:41:25 - [TEST_STEP][PASSED] - Statement - n_btn = com.kms.katalon.core.webui.keyword.WebUiBuiltInKeywords.modifyObjectProperty(com.kms.katalon.core.testobject.ObjectRepository.findTestObject(Syetem_settings/User_Manage/Search/tr_td), "xpath", "equals", "//div[@id="mainContent"]/div[2]/div[2]/div[2]/div[2]/div/div[2]/table/tbody/tr[" + i + "]/td[" + j + "]/div", true): Modify property of object successfully

2019-04-17 12:41:25 - [MESSAGE][PASSED] - Modify property of object successfully

2019-04-17 12:41:25 - [TEST_STEP][PASSED] - verifyElementPresent: Object 'Object Repository/Syetem_settings/User_Manage/Search/tr_td' is present

2019-04-17 12:41:25 - [MESSAGE][PASSED] - Object 'Object Repository/Syetem_settings/User_Manage/Search/tr_td' is present

2019-04-17 12:41:25 - [TEST_STEP][PASSED] - Statement - data = com.kms.katalon.core.webui.keyword.WebUiBuiltInKeywords.getAttribute(n_btn, "innerText"): Attribute 'innerText' of object 'Object Repository/Syetem_settings/User_Manage/Search/tr_td' is: '1@1. com'

2019-04-17 12:41:25 - [MESSAGE][PASSED] - Attribute 'innerText' of object 'Object Repository/Syetem_settings/User_Manage/Search/tr_td' is: '1@1. com'

2019-04-17 12:41:25 - [TEST_STEP][PASSED] - Statement - userinfo.add(data): null

2019-04-17 12:41:25 - [TEST_STEP][PASSED] - Statement - println(userinfo): null

2019-04-17 12:41:25 - [TEST_STEP][PASSED] - Statement - n_btn = com.kms.katalon.core.webui.keyword.WebUiBuiltInKeywords.modifyObjectProperty(com.kms.katalon.core.testobject.ObjectRepository.findTestObject(Syetem_settings/User_Manage/Search/tr_td), "xpath", "equals", "//div[@id="mainContent"]/div[2]/div[2]/div[2]/div[2]/div/div[2]/table/tbody/tr[" + i + "]/td[" + j + "]/div", true): Modify property of object successfully

2019-04-17 12:41:26 - [MESSAGE][PASSED] - Modify property of object successfully

2019-04-17 12:41:26 - [TEST_STEP][PASSED] - verifyElementPresent: Object 'Object Repository/Syetem_settings/User_Manage/Search/tr_td' is present

2019-04-17 12:41:26 - [MESSAGE][PASSED] - Object 'Object Repository/Syetem_settings/User_Manage/Search/tr_td' is present

2019-04-17 12:41:26 - [TEST_STEP][PASSED] - Statement - data = com.kms.katalon.core.webui.keyword.WebUiBuiltInKeywords.getAttribute(n_btn, "innerText"): Attribute 'innerText' of object 'Object Repository/Syetem_settings/User_Manage/Search/tr_td' is: '13011223344'

2019-04-17 12:41:26 - [MESSAGE][PASSED] - Attribute 'innerText' of object 'Object Repository/Syetem_settings/User_Manage/Search/tr_td' is: '13011223344'

2019-04-17 12:41:27 - [TEST_STEP][PASSED] - Statement - userinfo.add(data): null

2019-04-17 12:41:27 - [TEST_STEP][PASSED] - Statement - println(userinfo): null

2019-04-17 12:41:27 - [TEST_STEP][PASSED] - Statement - n_btn = com.kms.katalon.core.webui.keyword.WebUiBuiltInKeywords.modifyObjectProperty(com.kms.katalon.core.testobject.ObjectRepository.findTestObject(Syetem_settings/User_Manage/Search/tr_td), "xpath", "equals", "//div[@id="mainContent"]/div[2]/div[2]/div[2]/div[2]/div/div[2]/table/tbody/tr[" + i + "]/td[" + j + "]/div", true): Modify property of object successfully

2019-04-17 12:41:27 - [MESSAGE][PASSED] - Modify property of object successfully

2019-04-17 12:41:27 - [TEST_STEP][PASSED] - verifyElementPresent: Object 'Object Repository/Syetem_settings/User_Manage/Search/tr_td' is present

2019-04-17 12:41:27 - [MESSAGE][PASSED] - Object 'Object Repository/Syetem_settings/User_Manage/Search/tr_td' is present

2019-04-17 12:41:28 - [TEST_STEP][PASSED] - Statement - data = com.kms.katalon.core.webui.keyword.WebUiBuiltInKeywords.getAttribute(n_btn, "innerText"): Attribute 'innerText' of object 'Object Repository/Syetem_settings/User_Manage/Search/tr_td' is: '在职'

2019-04-17 12:41:28 - [MESSAGE][PASSED] - Attribute 'innerText' of object 'Object Repository/Syetem_settings/User_Manage/Search/tr_td' is: '在职'

2019-04-17 12:41:28 - [TEST_STEP][PASSED] - Statement - userinfo.add(data): null

2019-04-17 12:41:28 - [TEST_STEP][PASSED] - Statement - println(userinfo): null

2019-04-17 12:41:28 - [TEST_STEP][PASSED] - click: Object: 'Object Repository/Syetem_settings/User_Manage/Edit_user_info/edit_first' is clicked on

2019-04-17 12:41:29 - [MESSAGE][PASSED] - Object: 'Object Repository/Syetem_settings/User_Manage/Edit_user_info/edit_first' is clicked on

2019-04-17 12:41:29 - [TEST_STEP][PASSED] - delay: Delayed 10 second(s)

2019-04-17 12:41:39 - [MESSAGE][PASSED] - Delayed 10 second(s)

2019-04-17 12:41:39 - [TEST_STEP][PASSED] - Statement - userdetail = []: null

2019-04-17 12:41:39 - [TEST_STEP][PASSED] - Statement - name = com.kms.katalon.core.testobject.ObjectRepository.findTestObject(Syetem_settings/User_Manage/Edit_user_info/input_  _realname): Finding Test Object with id 'Object Repository/Syetem_settings/User_Manage/Edit_user_info/input_  _realname'

2019-04-17 12:41:39 - [TEST_STEP][PASSED] - Statement - position = com.kms.katalon.core.testobject.ObjectRepository.findTestObject(Syetem_settings/User_Manage/Edit_user_info/input_  _position): Finding Test Object with id 'Object Repository/Syetem_settings/User_Manage/Edit_user_info/input_  _position'

2019-04-17 12:41:39 - [TEST_STEP][PASSED] - Statement - mobile = com.kms.katalon.core.testobject.ObjectRepository.findTestObject(Syetem_settings/User_Manage/Edit_user_info/input_  _mobile): Finding Test Object with id 'Object Repository/Syetem_settings/User_Manage/Edit_user_info/input_  _mobile'

2019-04-17 12:41:39 - [TEST_STEP][PASSED] - Statement - email = com.kms.katalon.core.testobject.ObjectRepository.findTestObject(Syetem_settings/User_Manage/Edit_user_info/input_  _email): Finding Test Object with id 'Object Repository/Syetem_settings/User_Manage/Edit_user_info/input_  _email'

2019-04-17 12:41:39 - [TEST_STEP][PASSED] - Statement - element1 = com.kms.katalon.core.webui.common.WebUiCommonHelper.findWebElement(name, 30): Found 1 web elements with id: 'Object Repository/Syetem_settings/User_Manage/Edit_user_info/input_  _realname' located by 'By.xpath: //input[@name='realname']' in '30' second(s)

2019-04-17 12:41:39 - [TEST_STEP][PASSED] - Statement - element2 = com.kms.katalon.core.webui.common.WebUiCommonHelper.findWebElement(position, 30): Found 1 web elements with id: 'Object Repository/Syetem_settings/User_Manage/Edit_user_info/input_  _position' located by 'By.xpath: //input[@name='position']' in '30' second(s)

2019-04-17 12:41:39 - [TEST_STEP][PASSED] - Statement - element3 = com.kms.katalon.core.webui.common.WebUiCommonHelper.findWebElement(mobile, 30): Found 1 web elements with id: 'Object Repository/Syetem_settings/User_Manage/Edit_user_info/input_  _mobile' located by 'By.xpath: //input[@name='mobile']' in '30' second(s)

2019-04-17 12:41:39 - [TEST_STEP][PASSED] - Statement - element4 = com.kms.katalon.core.webui.common.WebUiCommonHelper.findWebElement(email, 30): Found 1 web elements with id: 'Object Repository/Syetem_settings/User_Manage/Edit_user_info/input_  _email' located by 'By.xpath: //input[@name='email']' in '30' second(s)

2019-04-17 12:41:39 - [TEST_STEP][PASSED] - Statement - driver = com.kms.katalon.core.webui.driver.DriverFactory.getWebDriver(): null

2019-04-17 12:41:39 - [TEST_STEP][PASSED] - Statement - js = driver: null

2019-04-17 12:41:39 - [TEST_STEP][PASSED] - Statement - value1 = js.executeScript("return arguments[0].value", element1).toString(): null

2019-04-17 12:41:39 - [TEST_STEP][PASSED] - Statement - userdetail.add(value1): null

2019-04-17 12:41:39 - [TEST_STEP][PASSED] - Statement - value2 = js.executeScript("return arguments[0].value", element2).toString(): null

2019-04-17 12:41:39 - [TEST_STEP][PASSED] - Statement - userdetail.add(value2): null

2019-04-17 12:41:39 - [TEST_STEP][PASSED] - Statement - value4 = js.executeScript("return arguments[0].value", element4).toString(): null

2019-04-17 12:41:39 - [TEST_STEP][PASSED] - Statement - userdetail.add(value4): null

2019-04-17 12:41:39 - [TEST_STEP][PASSED] - Statement - value3 = js.executeScript("return arguments[0].value", element3).toString(): null

2019-04-17 12:41:39 - [TEST_STEP][PASSED] - Statement - userdetail.add(value3): null

2019-04-17 12:41:39 - [TEST_STEP][PASSED] - Statement - duty = com.kms.katalon.core.webui.common.WebUiCommonHelper.findWebElement(com.kms.katalon.core.testobject.ObjectRepository.findTestObject(Syetem_settings/User_Manage/Edit_user_info/i_), 30): Found 1 web elements with id: 'Object Repository/Syetem_settings/User_Manage/Edit_user_info/i_' located by 'By.xpath: //i[(text() = '' or . = '')]' in '30' second(s)

2019-04-17 12:41:40 - [TEST_STEP][PASSED] - Statement - value5 = js.executeScript("return $("[name='state']").val()", duty).toString(): null

2019-04-17 12:41:40 - [TEST_STEP][PASSED] - Statement - println(value5): null

2019-04-17 12:41:40 - [TEST_STEP][PASSED] - Statement - If (value5 == "1"): null

2019-04-17 12:41:40 - [TEST_STEP][PASSED] - Statement - userdetail.add("在职"): null

2019-04-17 12:41:40 - [TEST_STEP][PASSED] - Statement - println(userdetail): null

2019-04-17 12:41:40 - [TEST_STEP][PASSED] - Statement - If (userinfo == userdetail): null

2019-04-17 12:41:41 - [TEST_STEP][PASSED] - Statement - Else: null

2019-04-17 12:41:41 - [TEST_STEP][PASSED] - comment: 编辑框中的信息与列表中数据不一致

2019-04-17 12:41:41 - [TEST_STEP][PASSED] - Statement - assert false: null

2019-04-17 12:41:42 - [TEST_STEP][PASSED] - Start listener action : sampleAfterTestCase: Invoke 'com.kms.katalon.core.annotation.AfterTestCase' method: 'NewTestListener.sampleAfterTestCase(...)' completed.

2019-04-17 12:41:42 - [TEST_STEP][PASSED] - Statement - println(testCaseContext.getTestCaseId()): null

2019-04-17 12:41:42 - [TEST_STEP][PASSED] - Statement - println(testCaseContext.getTestCaseStatus()): Invoke 'com.kms.katalon.core.annotation.AfterTestCase' method: 'NewTestListener.sampleAfterTestCase(...)' completed.]]></system-out>
         <system-err><![CDATA[2019-04-17 12:41:09 - [TEST_CASE][FAILED] - Test Cases/002_System_,Manage/001_User_Manage/009_check_userEditpage: Test Cases/002_System_,Manage/001_User_Manage/009_check_userEditpage FAILED because (of) (Stack trace: Assertion failed: 

assert false


	at org.codehaus.groovy.runtime.InvokerHelper.assertFailed(InvokerHelper.java:402)
	at org.codehaus.groovy.runtime.ScriptBytecodeAdapter.assertFailed(ScriptBytecodeAdapter.java:650)
	at Script1555402638307.run(Script1555402638307.groovy:117)
	at com.kms.katalon.core.main.ScriptEngine.run(ScriptEngine.java:183)
	at com.kms.katalon.core.main.ScriptEngine.runScriptAsRawText(ScriptEngine.java:108)
	at com.kms.katalon.core.main.TestCaseExecutor.runScript(TestCaseExecutor.java:294)
	at com.kms.katalon.core.main.TestCaseExecutor.doExecute(TestCaseExecutor.java:285)
	at com.kms.katalon.core.main.TestCaseExecutor.processExecutionPhase(TestCaseExecutor.java:264)
	at com.kms.katalon.core.main.TestCaseExecutor.accessMainPhase(TestCaseExecutor.java:256)
	at com.kms.katalon.core.main.TestCaseExecutor.execute(TestCaseExecutor.java:200)
	at com.kms.katalon.core.main.TestSuiteExecutor.accessTestCaseMainPhase(TestSuiteExecutor.java:129)
	at com.kms.katalon.core.main.TestSuiteExecutor.accessTestSuiteMainPhase(TestSuiteExecutor.java:112)
	at com.kms.katalon.core.main.TestSuiteExecutor.execute(TestSuiteExecutor.java:81)
	at com.kms.katalon.core.main.TestCaseMain.startTestSuite(TestCaseMain.java:142)
	at com.kms.katalon.core.main.TestCaseMain$startTestSuite$0.call(Unknown Source)
	at org.codehaus.groovy.runtime.callsite.CallSiteArray.defaultCall(CallSiteArray.java:48)
	at org.codehaus.groovy.runtime.callsite.AbstractCallSite.call(AbstractCallSite.java:113)
	at org.codehaus.groovy.runtime.callsite.AbstractCallSite.call(AbstractCallSite.java:141)
	at TempTestSuite1555476033178.run(TempTestSuite1555476033178.groovy:36)
	at groovy.lang.GroovyShell.runScriptOrMainOrTestOrRunnable(GroovyShell.java:263)
	at groovy.lang.GroovyShell.run(GroovyShell.java:518)
	at groovy.lang.GroovyShell.run(GroovyShell.java:507)
	at groovy.ui.GroovyMain.processOnce(GroovyMain.java:653)
	at groovy.ui.GroovyMain.run(GroovyMain.java:384)
	at groovy.ui.GroovyMain.process(GroovyMain.java:370)
	at groovy.ui.GroovyMain.processArgs(GroovyMain.java:129)
	at groovy.ui.GroovyMain.main(GroovyMain.java:109)
	at sun.reflect.NativeMethodAccessorImpl.invoke0(Native Method)
	at sun.reflect.NativeMethodAccessorImpl.invoke(NativeMethodAccessorImpl.java:62)
	at sun.reflect.DelegatingMethodAccessorImpl.invoke(DelegatingMethodAccessorImpl.java:43)
	at java.lang.reflect.Method.invoke(Method.java:498)
	at org.codehaus.groovy.tools.GroovyStarter.rootLoader(GroovyStarter.java:109)
	at org.codehaus.groovy.tools.GroovyStarter.main(GroovyStarter.java:131)
)]]></system-err>
      </testcase>
      <testcase name="Test Cases/002_System_,Manage/001_User_Manage/010_Edit_User_error" classname="Test Cases/002_System_,Manage/001_User_Manage/010_Edit_User_error" status="PASSED">
         <system-out><![CDATA[2019-04-17 12:41:45 - [TEST_CASE][PASSED] - Test Cases/002_System_,Manage/001_User_Manage/010_Edit_User_error: Test Cases/002_System_,Manage/001_User_Manage/010_Edit_User_error

2019-04-17 12:41:45 - [TEST_STEP][PASSED] - Start listener action : sampleBeforeTestCase: Invoke 'com.kms.katalon.core.annotation.BeforeTestCase' method: 'NewTestListener.sampleBeforeTestCase(...)' completed.

2019-04-17 12:41:45 - [TEST_STEP][PASSED] - Statement - println(testCaseContext.getTestCaseId()): null

2019-04-17 12:41:45 - [TEST_STEP][PASSED] - Statement - println(testCaseContext.getTestCaseVariables()): Invoke 'com.kms.katalon.core.annotation.BeforeTestCase' method: 'NewTestListener.sampleBeforeTestCase(...)' completed.

2019-04-17 12:41:45 - [TEST_STEP][PASSED] - callTestCase: Call Test Case 'Test Cases/002_System_,Manage/001_User_Manage/001_Enter_User' successfully

2019-04-17 12:41:45 - [TEST_CASE][PASSED] - Test Cases/002_System_,Manage/001_User_Manage/001_Enter_User: Test Cases/002_System_,Manage/001_User_Manage/001_Enter_User

2019-04-17 12:41:45 - [TEST_STEP][PASSED] - callTestCase: Call Test Case 'Test Cases/001_Login_Home/002_Login' successfully

2019-04-17 12:41:45 - [TEST_CASE][PASSED] - Test Cases/001_Login_Home/002_Login: Test Cases/001_Login_Home/002_Login

2019-04-17 12:41:45 - [TEST_STEP][PASSED] - callTestCase: Call Test Case 'Test Cases/001_Login_Home/001_Navigate' successfully

2019-04-17 12:41:45 - [TEST_CASE][PASSED] - Test Cases/001_Login_Home/001_Navigate: Test Cases/001_Login_Home/001_Navigate

2019-04-17 12:41:45 - [TEST_STEP][PASSED] - openBrowser: Browser is opened with url: ''

2019-04-17 12:41:45 - [MESSAGE][WARNING] - A browser is already opened. Closing browser and opening a new one

2019-04-17 12:41:49 - [MESSAGE][PASSED] - Browser is opened with url: ''

2019-04-17 12:41:49 - [TEST_STEP][PASSED] - navigateToUrl: Navigate to 'http://222.180.200.126:9909/PORTALASSETS/login' successfully

2019-04-17 12:41:50 - [MESSAGE][PASSED] - Navigate to 'http://222.180.200.126:9909/PORTALASSETS/login' successfully

2019-04-17 12:41:50 - [TEST_STEP][PASSED] - comment: begin to input one correct account

2019-04-17 12:41:50 - [TEST_STEP][PASSED] - Statement - item = com.kms.katalon.core.webui.keyword.WebUiBuiltInKeywords.verifyElementPresent(com.kms.katalon.core.testobject.ObjectRepository.findTestObject(Login/button_ login), 20, STOP_ON_FAILURE): Object 'Object Repository/Login/button_ login' is present

2019-04-17 12:41:50 - [MESSAGE][PASSED] - Object 'Object Repository/Login/button_ login' is present

2019-04-17 12:41:50 - [TEST_STEP][PASSED] - Statement - If (item == true): Enter this website successful!!

2019-04-17 12:41:50 - [TEST_STEP][PASSED] - comment: Enter this website successful!!

2019-04-17 12:41:50 - [MESSAGE][PASSED] - Call Test Case 'Test Cases/001_Login_Home/001_Navigate' successfully

2019-04-17 12:41:50 - [TEST_STEP][PASSED] - delay: Delayed 1 second(s)

2019-04-17 12:41:51 - [MESSAGE][PASSED] - Delayed 1 second(s)

2019-04-17 12:41:51 - [TEST_STEP][PASSED] - setText: Text 'admin' is set on object 'Object Repository/Login/loginname'

2019-04-17 12:41:51 - [MESSAGE][PASSED] - Text 'admin' is set on object 'Object Repository/Login/loginname'

2019-04-17 12:41:51 - [TEST_STEP][PASSED] - delay: Delayed 1 second(s)

2019-04-17 12:41:52 - [MESSAGE][PASSED] - Delayed 1 second(s)

2019-04-17 12:41:52 - [TEST_STEP][PASSED] - setText: Text '654321' is set on object 'Object Repository/Login/password'

2019-04-17 12:41:54 - [MESSAGE][PASSED] - Text '654321' is set on object 'Object Repository/Login/password'

2019-04-17 12:41:54 - [TEST_STEP][PASSED] - delay: Delayed 1 second(s)

2019-04-17 12:41:55 - [MESSAGE][PASSED] - Delayed 1 second(s)

2019-04-17 12:41:55 - [TEST_STEP][PASSED] - Statement - R = com.kms.katalon.core.webui.keyword.WebUiBuiltInKeywords.verifyElementChecked(com.kms.katalon.core.testobject.ObjectRepository.findTestObject(Login/remember_password), 10): Object 'Object Repository/Login/remember_password' is checked

2019-04-17 12:41:55 - [MESSAGE][PASSED] - Object 'Object Repository/Login/remember_password' is checked

2019-04-17 12:41:55 - [TEST_STEP][PASSED] - Statement - If (R): The remember pwd box is checked!

2019-04-17 12:41:55 - [TEST_STEP][PASSED] - comment: The remember pwd box is checked!

2019-04-17 12:41:55 - [TEST_STEP][PASSED] - click: Object: 'Object Repository/Login/button_ login' is clicked on

2019-04-17 12:41:55 - [MESSAGE][PASSED] - Object: 'Object Repository/Login/button_ login' is clicked on

2019-04-17 12:41:55 - [TEST_STEP][PASSED] - Statement - a = com.kms.katalon.core.webui.keyword.WebUiBuiltInKeywords.verifyElementPresent(com.kms.katalon.core.testobject.ObjectRepository.findTestObject(homepage/a_homepage), 40): Object 'Object Repository/homepage/a_homepage' is present

2019-04-17 12:41:56 - [MESSAGE][PASSED] - Object 'Object Repository/homepage/a_homepage' is present

2019-04-17 12:41:56 - [TEST_STEP][PASSED] - Statement - If (a): Taking screenshot successfully

2019-04-17 12:41:56 - [TEST_STEP][PASSED] - comment: Find the homepag lable,Login successful

2019-04-17 12:41:56 - [TEST_STEP][PASSED] - takeScreenshot: Taking screenshot successfully

2019-04-17 12:41:56 - [MESSAGE][PASSED] - Taking screenshot successfully
[[ATTACHMENT|G:\\Auto_Learning\\katalon\\katalon_project\\katalon_project\\T2M_Manage\\T2M_Manage\\Reports\\User Manage\\003_edit staff\\20190417_124033\\1555476116322.png]]

2019-04-17 12:41:56 - [MESSAGE][PASSED] - Call Test Case 'Test Cases/001_Login_Home/002_Login' successfully

2019-04-17 12:41:56 - [TEST_STEP][PASSED] - delay: Delayed 1 second(s)

2019-04-17 12:41:57 - [MESSAGE][PASSED] - Delayed 1 second(s)

2019-04-17 12:41:57 - [TEST_STEP][PASSED] - click: Object: 'Object Repository/Syetem_settings/User_Manage/a_systemsetings' is clicked on

2019-04-17 12:41:58 - [MESSAGE][PASSED] - Object: 'Object Repository/Syetem_settings/User_Manage/a_systemsetings' is clicked on

2019-04-17 12:41:58 - [TEST_STEP][PASSED] - delay: Delayed 1 second(s)

2019-04-17 12:41:59 - [MESSAGE][PASSED] - Delayed 1 second(s)

2019-04-17 12:41:59 - [TEST_STEP][PASSED] - click: Object: 'Object Repository/Syetem_settings/User_Manage/a_user_manage' is clicked on

2019-04-17 12:41:59 - [MESSAGE][PASSED] - Object: 'Object Repository/Syetem_settings/User_Manage/a_user_manage' is clicked on

2019-04-17 12:41:59 - [TEST_STEP][PASSED] - delay: Delayed 1 second(s)

2019-04-17 12:42:00 - [MESSAGE][PASSED] - Delayed 1 second(s)

2019-04-17 12:42:00 - [TEST_STEP][PASSED] - Statement - verify_user = com.kms.katalon.core.webui.keyword.WebUiBuiltInKeywords.verifyElementPresent(com.kms.katalon.core.testobject.ObjectRepository.findTestObject(Syetem_settings/User_Manage/cite_usertable), 0): Object 'Object Repository/Syetem_settings/User_Manage/cite_usertable' is present

2019-04-17 12:42:00 - [MESSAGE][WARNING] - Timeout '0' is invalid. Using default page load timeout: '30'

2019-04-17 12:42:00 - [MESSAGE][PASSED] - Object 'Object Repository/Syetem_settings/User_Manage/cite_usertable' is present

2019-04-17 12:42:00 - [TEST_STEP][PASSED] - Statement - If (verify_user): Enter the Successfully entered the people management page

2019-04-17 12:42:00 - [TEST_STEP][PASSED] - comment: Enter the Successfully entered the people management page

2019-04-17 12:42:00 - [MESSAGE][PASSED] - Call Test Case 'Test Cases/002_System_,Manage/001_User_Manage/001_Enter_User' successfully

2019-04-17 12:42:00 - [TEST_STEP][PASSED] - maximizeWindow: Current window maximized

2019-04-17 12:42:01 - [MESSAGE][PASSED] - Current window maximized

2019-04-17 12:42:01 - [TEST_STEP][PASSED] - setText: Text '林' is set on object 'Object Repository/test/input__keyword'

2019-04-17 12:42:01 - [MESSAGE][PASSED] - Text '林' is set on object 'Object Repository/test/input__keyword'

2019-04-17 12:42:01 - [TEST_STEP][PASSED] - delay: Delayed 1 second(s)

2019-04-17 12:42:02 - [MESSAGE][PASSED] - Delayed 1 second(s)

2019-04-17 12:42:02 - [TEST_STEP][PASSED] - click: Object: 'Object Repository/test/button__layui-btn' is clicked on

2019-04-17 12:42:03 - [MESSAGE][PASSED] - Object: 'Object Repository/test/button__layui-btn' is clicked on

2019-04-17 12:42:03 - [TEST_STEP][PASSED] - delay: Delayed 1 second(s)

2019-04-17 12:42:04 - [MESSAGE][PASSED] - Delayed 1 second(s)

2019-04-17 12:42:04 - [TEST_STEP][PASSED] - click: Object: 'Object Repository/Syetem_settings/User_Manage/Edit_user_info/edit_first' is clicked on

2019-04-17 12:42:04 - [MESSAGE][PASSED] - Object: 'Object Repository/Syetem_settings/User_Manage/Edit_user_info/edit_first' is clicked on

2019-04-17 12:42:04 - [TEST_STEP][PASSED] - delay: Delayed 2 second(s)

2019-04-17 12:42:06 - [MESSAGE][PASSED] - Delayed 2 second(s)

2019-04-17 12:42:06 - [TEST_STEP][PASSED] - setText: Text '' is set on object 'Object Repository/Syetem_settings/User_Manage/Edit_user_info/input_ realname'

2019-04-17 12:42:06 - [MESSAGE][PASSED] - Text '' is set on object 'Object Repository/Syetem_settings/User_Manage/Edit_user_info/input_ realname'

2019-04-17 12:42:06 - [TEST_STEP][PASSED] - delay: Delayed 1 second(s)

2019-04-17 12:42:07 - [MESSAGE][PASSED] - Delayed 1 second(s)

2019-04-17 12:42:07 - [TEST_STEP][PASSED] - setText: Text '' is set on object 'Object Repository/Syetem_settings/User_Manage/Edit_user_info/input_position'

2019-04-17 12:42:08 - [MESSAGE][PASSED] - Text '' is set on object 'Object Repository/Syetem_settings/User_Manage/Edit_user_info/input_position'

2019-04-17 12:42:08 - [TEST_STEP][PASSED] - delay: Delayed 1 second(s)

2019-04-17 12:42:09 - [MESSAGE][PASSED] - Delayed 1 second(s)

2019-04-17 12:42:09 - [TEST_STEP][PASSED] - setText: Text '' is set on object 'Object Repository/Syetem_settings/User_Manage/Edit_user_info/input__mobile'

2019-04-17 12:42:09 - [MESSAGE][PASSED] - Text '' is set on object 'Object Repository/Syetem_settings/User_Manage/Edit_user_info/input__mobile'

2019-04-17 12:42:09 - [TEST_STEP][PASSED] - delay: Delayed 1 second(s)

2019-04-17 12:42:10 - [MESSAGE][PASSED] - Delayed 1 second(s)

2019-04-17 12:42:10 - [TEST_STEP][PASSED] - setText: Text '' is set on object 'Object Repository/Syetem_settings/User_Manage/Edit_user_info/input_email'

2019-04-17 12:42:10 - [MESSAGE][PASSED] - Text '' is set on object 'Object Repository/Syetem_settings/User_Manage/Edit_user_info/input_email'

2019-04-17 12:42:10 - [TEST_STEP][PASSED] - delay: Delayed 1 second(s)

2019-04-17 12:42:11 - [MESSAGE][PASSED] - Delayed 1 second(s)

2019-04-17 12:42:11 - [TEST_STEP][PASSED] - click: Object: 'Object Repository/Syetem_settings/User_Manage/Edit_user_info/button_Saveedit' is clicked on

2019-04-17 12:42:11 - [MESSAGE][PASSED] - Object: 'Object Repository/Syetem_settings/User_Manage/Edit_user_info/button_Saveedit' is clicked on

2019-04-17 12:42:11 - [TEST_STEP][PASSED] - Statement - If (com.kms.katalon.core.webui.keyword.WebUiBuiltInKeywords.verifyElementPresent(com.kms.katalon.core.testobject.ObjectRepository.findTestObject(Syetem_settings/User_Manage/user_info/tips_save), 10)): Object: 'Object Repository/Syetem_settings/User_Manage/user_info/close_user' is clicked on

2019-04-17 12:42:11 - [MESSAGE][PASSED] - Object 'Object Repository/Syetem_settings/User_Manage/user_info/tips_save' is present

2019-04-17 12:42:11 - [TEST_STEP][PASSED] - comment: 发现不能为空的提示

2019-04-17 12:42:11 - [TEST_STEP][PASSED] - delay: Delayed 1 second(s)

2019-04-17 12:42:12 - [MESSAGE][PASSED] - Delayed 1 second(s)

2019-04-17 12:42:12 - [TEST_STEP][PASSED] - click: Object: 'Object Repository/Syetem_settings/User_Manage/user_info/close_user' is clicked on

2019-04-17 12:42:12 - [MESSAGE][PASSED] - Object: 'Object Repository/Syetem_settings/User_Manage/user_info/close_user' is clicked on

2019-04-17 12:42:12 - [TEST_STEP][PASSED] - delay: Delayed 1 second(s)

2019-04-17 12:42:13 - [MESSAGE][PASSED] - Delayed 1 second(s)

2019-04-17 12:42:13 - [TEST_STEP][PASSED] - click: Object: 'Object Repository/Syetem_settings/User_Manage/a_ new_user' is clicked on

2019-04-17 12:42:13 - [MESSAGE][PASSED] - Object: 'Object Repository/Syetem_settings/User_Manage/a_ new_user' is clicked on

2019-04-17 12:42:13 - [TEST_STEP][PASSED] - delay: Delayed 1 second(s)

2019-04-17 12:42:14 - [MESSAGE][PASSED] - Delayed 1 second(s)

2019-04-17 12:42:14 - [TEST_STEP][PASSED] - click: Object: 'Object Repository/Syetem_settings/User_Manage/user_info/choose_dept' is clicked on

2019-04-17 12:42:14 - [MESSAGE][PASSED] - Object: 'Object Repository/Syetem_settings/User_Manage/user_info/choose_dept' is clicked on

2019-04-17 12:42:14 - [TEST_STEP][PASSED] - delay: Delayed 1 second(s)

2019-04-17 12:42:15 - [MESSAGE][PASSED] - Delayed 1 second(s)

2019-04-17 12:42:15 - [TEST_STEP][PASSED] - click: Object: 'Object Repository/Syetem_settings/User_Manage/user_info/i__TreeNB' is clicked on

2019-04-17 12:42:16 - [MESSAGE][PASSED] - Object: 'Object Repository/Syetem_settings/User_Manage/user_info/i__TreeNB' is clicked on

2019-04-17 12:42:16 - [TEST_STEP][PASSED] - delay: Delayed 1 second(s)

2019-04-17 12:42:17 - [MESSAGE][PASSED] - Delayed 1 second(s)

2019-04-17 12:42:17 - [TEST_STEP][PASSED] - click: Object: 'Object Repository/Syetem_settings/User_Manage/user_info/cite_CQDepart' is clicked on

2019-04-17 12:42:17 - [MESSAGE][PASSED] - Object: 'Object Repository/Syetem_settings/User_Manage/user_info/cite_CQDepart' is clicked on

2019-04-17 12:42:17 - [TEST_STEP][PASSED] - delay: Delayed 1 second(s)

2019-04-17 12:42:18 - [MESSAGE][PASSED] - Delayed 1 second(s)

2019-04-17 12:42:18 - [TEST_STEP][PASSED] - setText: Text '编辑用户测试' is set on object 'Object Repository/Syetem_settings/User_Manage/user_info/input_ RealName'

2019-04-17 12:42:18 - [MESSAGE][PASSED] - Text '编辑用户测试' is set on object 'Object Repository/Syetem_settings/User_Manage/user_info/input_ RealName'

2019-04-17 12:42:18 - [TEST_STEP][PASSED] - delay: Delayed 1 second(s)

2019-04-17 12:42:19 - [MESSAGE][PASSED] - Delayed 1 second(s)

2019-04-17 12:42:19 - [TEST_STEP][PASSED] - setText: Text '编辑岗位测试' is set on object 'Object Repository/Syetem_settings/User_Manage/user_info/input_position'

2019-04-17 12:42:19 - [MESSAGE][PASSED] - Text '编辑岗位测试' is set on object 'Object Repository/Syetem_settings/User_Manage/user_info/input_position'

2019-04-17 12:42:19 - [TEST_STEP][PASSED] - delay: Delayed 1 second(s)

2019-04-17 12:42:20 - [MESSAGE][PASSED] - Delayed 1 second(s)

2019-04-17 12:42:20 - [TEST_STEP][PASSED] - setText: Text '15265478595' is set on object 'Object Repository/Syetem_settings/User_Manage/user_info/input_mobile'

2019-04-17 12:42:20 - [MESSAGE][PASSED] - Text '15265478595' is set on object 'Object Repository/Syetem_settings/User_Manage/user_info/input_mobile'

2019-04-17 12:42:20 - [TEST_STEP][PASSED] - delay: Delayed 1 second(s)

2019-04-17 12:42:21 - [MESSAGE][PASSED] - Delayed 1 second(s)

2019-04-17 12:42:21 - [TEST_STEP][PASSED] - setText: Text '15456' is set on object 'Object Repository/Syetem_settings/User_Manage/user_info/input_email'

2019-04-17 12:42:22 - [MESSAGE][PASSED] - Text '15456' is set on object 'Object Repository/Syetem_settings/User_Manage/user_info/input_email'

2019-04-17 12:42:22 - [TEST_STEP][PASSED] - click: Object: 'Object Repository/Syetem_settings/User_Manage/user_info/button_ Save' is clicked on

2019-04-17 12:42:22 - [MESSAGE][PASSED] - Object: 'Object Repository/Syetem_settings/User_Manage/user_info/button_ Save' is clicked on

2019-04-17 12:42:22 - [TEST_STEP][PASSED] - Statement - If (com.kms.katalon.core.webui.keyword.WebUiBuiltInKeywords.verifyElementPresent(com.kms.katalon.core.testobject.ObjectRepository.findTestObject(Syetem_settings/User_Manage/user_info/save_email), 10)): Object: 'Object Repository/Syetem_settings/User_Manage/user_info/close_user' is clicked on

2019-04-17 12:42:22 - [MESSAGE][PASSED] - Object 'Object Repository/Syetem_settings/User_Manage/user_info/save_email' is present

2019-04-17 12:42:22 - [TEST_STEP][PASSED] - comment: 发现邮件格式不对的提示

2019-04-17 12:42:22 - [TEST_STEP][PASSED] - delay: Delayed 1 second(s)

2019-04-17 12:42:23 - [MESSAGE][PASSED] - Delayed 1 second(s)

2019-04-17 12:42:23 - [TEST_STEP][PASSED] - click: Object: 'Object Repository/Syetem_settings/User_Manage/user_info/close_user' is clicked on

2019-04-17 12:42:23 - [MESSAGE][PASSED] - Object: 'Object Repository/Syetem_settings/User_Manage/user_info/close_user' is clicked on

2019-04-17 12:42:23 - [TEST_STEP][PASSED] - Start listener action : sampleAfterTestCase: Invoke 'com.kms.katalon.core.annotation.AfterTestCase' method: 'NewTestListener.sampleAfterTestCase(...)' completed.

2019-04-17 12:42:23 - [TEST_STEP][PASSED] - Statement - println(testCaseContext.getTestCaseId()): null

2019-04-17 12:42:23 - [TEST_STEP][PASSED] - Statement - println(testCaseContext.getTestCaseStatus()): Invoke 'com.kms.katalon.core.annotation.AfterTestCase' method: 'NewTestListener.sampleAfterTestCase(...)' completed.]]></system-out>
         <system-err><![CDATA[]]></system-err>
      </testcase>
      <testcase name="Test Cases/002_System_,Manage/001_User_Manage/011_edit_user_normal" classname="Test Cases/002_System_,Manage/001_User_Manage/011_edit_user_normal" status="PASSED">
         <system-out><![CDATA[2019-04-17 12:42:25 - [TEST_CASE][PASSED] - Test Cases/002_System_,Manage/001_User_Manage/011_edit_user_normal: Test Cases/002_System_,Manage/001_User_Manage/011_edit_user_normal

2019-04-17 12:42:25 - [TEST_STEP][PASSED] - Start listener action : sampleBeforeTestCase: Invoke 'com.kms.katalon.core.annotation.BeforeTestCase' method: 'NewTestListener.sampleBeforeTestCase(...)' completed.

2019-04-17 12:42:25 - [TEST_STEP][PASSED] - Statement - println(testCaseContext.getTestCaseId()): null

2019-04-17 12:42:25 - [TEST_STEP][PASSED] - Statement - println(testCaseContext.getTestCaseVariables()): Invoke 'com.kms.katalon.core.annotation.BeforeTestCase' method: 'NewTestListener.sampleBeforeTestCase(...)' completed.

2019-04-17 12:42:25 - [TEST_STEP][PASSED] - callTestCase: Call Test Case 'Test Cases/002_System_,Manage/001_User_Manage/001_Enter_User' successfully

2019-04-17 12:42:25 - [TEST_CASE][PASSED] - Test Cases/002_System_,Manage/001_User_Manage/001_Enter_User: Test Cases/002_System_,Manage/001_User_Manage/001_Enter_User

2019-04-17 12:42:25 - [TEST_STEP][PASSED] - callTestCase: Call Test Case 'Test Cases/001_Login_Home/002_Login' successfully

2019-04-17 12:42:26 - [TEST_CASE][PASSED] - Test Cases/001_Login_Home/002_Login: Test Cases/001_Login_Home/002_Login

2019-04-17 12:42:26 - [TEST_STEP][PASSED] - callTestCase: Call Test Case 'Test Cases/001_Login_Home/001_Navigate' successfully

2019-04-17 12:42:26 - [TEST_CASE][PASSED] - Test Cases/001_Login_Home/001_Navigate: Test Cases/001_Login_Home/001_Navigate

2019-04-17 12:42:26 - [TEST_STEP][PASSED] - openBrowser: Browser is opened with url: ''

2019-04-17 12:42:26 - [MESSAGE][WARNING] - A browser is already opened. Closing browser and opening a new one

2019-04-17 12:42:29 - [MESSAGE][PASSED] - Browser is opened with url: ''

2019-04-17 12:42:29 - [TEST_STEP][PASSED] - navigateToUrl: Navigate to 'http://222.180.200.126:9909/PORTALASSETS/login' successfully

2019-04-17 12:42:30 - [MESSAGE][PASSED] - Navigate to 'http://222.180.200.126:9909/PORTALASSETS/login' successfully

2019-04-17 12:42:30 - [TEST_STEP][PASSED] - comment: begin to input one correct account

2019-04-17 12:42:30 - [TEST_STEP][PASSED] - Statement - item = com.kms.katalon.core.webui.keyword.WebUiBuiltInKeywords.verifyElementPresent(com.kms.katalon.core.testobject.ObjectRepository.findTestObject(Login/button_ login), 20, STOP_ON_FAILURE): Object 'Object Repository/Login/button_ login' is present

2019-04-17 12:42:30 - [MESSAGE][PASSED] - Object 'Object Repository/Login/button_ login' is present

2019-04-17 12:42:30 - [TEST_STEP][PASSED] - Statement - If (item == true): Enter this website successful!!

2019-04-17 12:42:30 - [TEST_STEP][PASSED] - comment: Enter this website successful!!

2019-04-17 12:42:30 - [MESSAGE][PASSED] - Call Test Case 'Test Cases/001_Login_Home/001_Navigate' successfully

2019-04-17 12:42:30 - [TEST_STEP][PASSED] - delay: Delayed 1 second(s)

2019-04-17 12:42:31 - [MESSAGE][PASSED] - Delayed 1 second(s)

2019-04-17 12:42:31 - [TEST_STEP][PASSED] - setText: Text 'admin' is set on object 'Object Repository/Login/loginname'

2019-04-17 12:42:31 - [MESSAGE][PASSED] - Text 'admin' is set on object 'Object Repository/Login/loginname'

2019-04-17 12:42:31 - [TEST_STEP][PASSED] - delay: Delayed 1 second(s)

2019-04-17 12:42:32 - [MESSAGE][PASSED] - Delayed 1 second(s)

2019-04-17 12:42:32 - [TEST_STEP][PASSED] - setText: Text '654321' is set on object 'Object Repository/Login/password'

2019-04-17 12:42:32 - [MESSAGE][PASSED] - Text '654321' is set on object 'Object Repository/Login/password'

2019-04-17 12:42:32 - [TEST_STEP][PASSED] - delay: Delayed 1 second(s)

2019-04-17 12:42:33 - [MESSAGE][PASSED] - Delayed 1 second(s)

2019-04-17 12:42:33 - [TEST_STEP][PASSED] - Statement - R = com.kms.katalon.core.webui.keyword.WebUiBuiltInKeywords.verifyElementChecked(com.kms.katalon.core.testobject.ObjectRepository.findTestObject(Login/remember_password), 10): Object 'Object Repository/Login/remember_password' is checked

2019-04-17 12:42:33 - [MESSAGE][PASSED] - Object 'Object Repository/Login/remember_password' is checked

2019-04-17 12:42:33 - [TEST_STEP][PASSED] - Statement - If (R): The remember pwd box is checked!

2019-04-17 12:42:33 - [TEST_STEP][PASSED] - comment: The remember pwd box is checked!

2019-04-17 12:42:33 - [TEST_STEP][PASSED] - click: Object: 'Object Repository/Login/button_ login' is clicked on

2019-04-17 12:42:33 - [MESSAGE][PASSED] - Object: 'Object Repository/Login/button_ login' is clicked on

2019-04-17 12:42:33 - [TEST_STEP][PASSED] - Statement - a = com.kms.katalon.core.webui.keyword.WebUiBuiltInKeywords.verifyElementPresent(com.kms.katalon.core.testobject.ObjectRepository.findTestObject(homepage/a_homepage), 40): Object 'Object Repository/homepage/a_homepage' is present

2019-04-17 12:42:34 - [MESSAGE][PASSED] - Object 'Object Repository/homepage/a_homepage' is present

2019-04-17 12:42:34 - [TEST_STEP][PASSED] - Statement - If (a): Taking screenshot successfully

2019-04-17 12:42:34 - [TEST_STEP][PASSED] - comment: Find the homepag lable,Login successful

2019-04-17 12:42:34 - [TEST_STEP][PASSED] - takeScreenshot: Taking screenshot successfully

2019-04-17 12:42:35 - [MESSAGE][PASSED] - Taking screenshot successfully
[[ATTACHMENT|G:\\Auto_Learning\\katalon\\katalon_project\\katalon_project\\T2M_Manage\\T2M_Manage\\Reports\\User Manage\\003_edit staff\\20190417_124033\\1555476154896.png]]

2019-04-17 12:42:35 - [MESSAGE][PASSED] - Call Test Case 'Test Cases/001_Login_Home/002_Login' successfully

2019-04-17 12:42:35 - [TEST_STEP][PASSED] - delay: Delayed 1 second(s)

2019-04-17 12:42:36 - [MESSAGE][PASSED] - Delayed 1 second(s)

2019-04-17 12:42:36 - [TEST_STEP][PASSED] - click: Object: 'Object Repository/Syetem_settings/User_Manage/a_systemsetings' is clicked on

2019-04-17 12:42:36 - [MESSAGE][PASSED] - Object: 'Object Repository/Syetem_settings/User_Manage/a_systemsetings' is clicked on

2019-04-17 12:42:36 - [TEST_STEP][PASSED] - delay: Delayed 1 second(s)

2019-04-17 12:42:37 - [MESSAGE][PASSED] - Delayed 1 second(s)

2019-04-17 12:42:37 - [TEST_STEP][PASSED] - click: Object: 'Object Repository/Syetem_settings/User_Manage/a_user_manage' is clicked on

2019-04-17 12:42:37 - [MESSAGE][PASSED] - Object: 'Object Repository/Syetem_settings/User_Manage/a_user_manage' is clicked on

2019-04-17 12:42:37 - [TEST_STEP][PASSED] - delay: Delayed 1 second(s)

2019-04-17 12:42:38 - [MESSAGE][PASSED] - Delayed 1 second(s)

2019-04-17 12:42:38 - [TEST_STEP][PASSED] - Statement - verify_user = com.kms.katalon.core.webui.keyword.WebUiBuiltInKeywords.verifyElementPresent(com.kms.katalon.core.testobject.ObjectRepository.findTestObject(Syetem_settings/User_Manage/cite_usertable), 0): Object 'Object Repository/Syetem_settings/User_Manage/cite_usertable' is present

2019-04-17 12:42:38 - [MESSAGE][WARNING] - Timeout '0' is invalid. Using default page load timeout: '30'

2019-04-17 12:42:38 - [MESSAGE][PASSED] - Object 'Object Repository/Syetem_settings/User_Manage/cite_usertable' is present

2019-04-17 12:42:38 - [TEST_STEP][PASSED] - Statement - If (verify_user): Enter the Successfully entered the people management page

2019-04-17 12:42:38 - [TEST_STEP][PASSED] - comment: Enter the Successfully entered the people management page

2019-04-17 12:42:38 - [MESSAGE][PASSED] - Call Test Case 'Test Cases/002_System_,Manage/001_User_Manage/001_Enter_User' successfully

2019-04-17 12:42:38 - [TEST_STEP][PASSED] - maximizeWindow: Current window maximized

2019-04-17 12:42:39 - [MESSAGE][PASSED] - Current window maximized

2019-04-17 12:42:39 - [TEST_STEP][PASSED] - setText: Text '林' is set on object 'Object Repository/test/input__keyword'

2019-04-17 12:42:39 - [MESSAGE][PASSED] - Text '林' is set on object 'Object Repository/test/input__keyword'

2019-04-17 12:42:39 - [TEST_STEP][PASSED] - delay: Delayed 1 second(s)

2019-04-17 12:42:40 - [MESSAGE][PASSED] - Delayed 1 second(s)

2019-04-17 12:42:40 - [TEST_STEP][PASSED] - click: Object: 'Object Repository/test/button__layui-btn' is clicked on

2019-04-17 12:42:41 - [MESSAGE][PASSED] - Object: 'Object Repository/test/button__layui-btn' is clicked on

2019-04-17 12:42:41 - [TEST_STEP][PASSED] - delay: Delayed 1 second(s)

2019-04-17 12:42:42 - [MESSAGE][PASSED] - Delayed 1 second(s)

2019-04-17 12:42:42 - [TEST_STEP][PASSED] - click: Object: 'Object Repository/Syetem_settings/User_Manage/Edit_user_info/edit_first' is clicked on

2019-04-17 12:42:42 - [MESSAGE][PASSED] - Object: 'Object Repository/Syetem_settings/User_Manage/Edit_user_info/edit_first' is clicked on

2019-04-17 12:42:42 - [TEST_STEP][PASSED] - delay: Delayed 2 second(s)

2019-04-17 12:42:44 - [MESSAGE][PASSED] - Delayed 2 second(s)

2019-04-17 12:42:44 - [TEST_STEP][PASSED] - click: Object: 'Object Repository/Syetem_settings/User_Manage/user_info/input__addDeptName' is clicked on

2019-04-17 12:42:44 - [MESSAGE][PASSED] - Object: 'Object Repository/Syetem_settings/User_Manage/user_info/input__addDeptName' is clicked on

2019-04-17 12:42:44 - [TEST_STEP][PASSED] - delay: Delayed 1 second(s)

2019-04-17 12:42:45 - [MESSAGE][PASSED] - Delayed 1 second(s)

2019-04-17 12:42:45 - [TEST_STEP][PASSED] - click: Object: 'Object Repository/Syetem_settings/User_Manage/Edit_user_info/div_NB_QA' is clicked on

2019-04-17 12:42:45 - [MESSAGE][PASSED] - Object: 'Object Repository/Syetem_settings/User_Manage/Edit_user_info/div_NB_QA' is clicked on

2019-04-17 12:42:45 - [TEST_STEP][PASSED] - delay: Delayed 1 second(s)

2019-04-17 12:42:46 - [MESSAGE][PASSED] - Delayed 1 second(s)

2019-04-17 12:42:46 - [TEST_STEP][PASSED] - setText: Text '编辑姓名11' is set on object 'Object Repository/Syetem_settings/User_Manage/Edit_user_info/input_ realname'

2019-04-17 12:42:46 - [MESSAGE][PASSED] - Text '编辑姓名11' is set on object 'Object Repository/Syetem_settings/User_Manage/Edit_user_info/input_ realname'

2019-04-17 12:42:46 - [TEST_STEP][PASSED] - delay: Delayed 1 second(s)

2019-04-17 12:42:47 - [MESSAGE][PASSED] - Delayed 1 second(s)

2019-04-17 12:42:47 - [TEST_STEP][PASSED] - setText: Text 'tester' is set on object 'Object Repository/Syetem_settings/User_Manage/Edit_user_info/input_position'

2019-04-17 12:42:48 - [MESSAGE][PASSED] - Text 'tester' is set on object 'Object Repository/Syetem_settings/User_Manage/Edit_user_info/input_position'

2019-04-17 12:42:48 - [TEST_STEP][PASSED] - delay: Delayed 1 second(s)

2019-04-17 12:42:49 - [MESSAGE][PASSED] - Delayed 1 second(s)

2019-04-17 12:42:49 - [TEST_STEP][PASSED] - setText: Text '154876865365' is set on object 'Object Repository/Syetem_settings/User_Manage/Edit_user_info/input__mobile'

2019-04-17 12:42:49 - [MESSAGE][PASSED] - Text '154876865365' is set on object 'Object Repository/Syetem_settings/User_Manage/Edit_user_info/input__mobile'

2019-04-17 12:42:49 - [TEST_STEP][PASSED] - delay: Delayed 1 second(s)

2019-04-17 12:42:50 - [MESSAGE][PASSED] - Delayed 1 second(s)

2019-04-17 12:42:50 - [TEST_STEP][PASSED] - setText: Text '752658458@qq.com' is set on object 'Object Repository/Syetem_settings/User_Manage/Edit_user_info/input_email'

2019-04-17 12:42:50 - [MESSAGE][PASSED] - Text '752658458@qq.com' is set on object 'Object Repository/Syetem_settings/User_Manage/Edit_user_info/input_email'

2019-04-17 12:42:50 - [TEST_STEP][PASSED] - delay: Delayed 1 second(s)

2019-04-17 12:42:51 - [MESSAGE][PASSED] - Delayed 1 second(s)

2019-04-17 12:42:51 - [TEST_STEP][PASSED] - click: Object: 'Object Repository/Syetem_settings/User_Manage/Edit_user_info/button_Saveedit' is clicked on

2019-04-17 12:42:51 - [MESSAGE][PASSED] - Object: 'Object Repository/Syetem_settings/User_Manage/Edit_user_info/button_Saveedit' is clicked on

2019-04-17 12:42:51 - [TEST_STEP][PASSED] - delay: Delayed 2 second(s)

2019-04-17 12:42:53 - [MESSAGE][PASSED] - Delayed 2 second(s)

2019-04-17 12:42:53 - [TEST_STEP][PASSED] - setText: Text '编辑姓名11' is set on object 'Object Repository/test/input__keyword'

2019-04-17 12:42:53 - [MESSAGE][PASSED] - Text '编辑姓名11' is set on object 'Object Repository/test/input__keyword'

2019-04-17 12:42:53 - [TEST_STEP][PASSED] - delay: Delayed 1 second(s)

2019-04-17 12:42:54 - [MESSAGE][PASSED] - Delayed 1 second(s)

2019-04-17 12:42:54 - [TEST_STEP][PASSED] - click: Object: 'Object Repository/test/button__layui-btn' is clicked on

2019-04-17 12:42:54 - [MESSAGE][PASSED] - Object: 'Object Repository/test/button__layui-btn' is clicked on

2019-04-17 12:42:54 - [TEST_STEP][PASSED] - delay: Delayed 1 second(s)

2019-04-17 12:42:55 - [MESSAGE][PASSED] - Delayed 1 second(s)

2019-04-17 12:42:55 - [TEST_STEP][PASSED] - Statement - data_content = com.kms.katalon.core.webui.keyword.WebUiBuiltInKeywords.getAttribute(com.kms.katalon.core.testobject.ObjectRepository.findTestObject(Syetem_settings/User_Manage/Search/td_number1), "data-content"): Attribute 'data-content' of object 'Object Repository/Syetem_settings/User_Manage/Search/td_number1' is: '编辑姓名11'

2019-04-17 12:42:55 - [MESSAGE][PASSED] - Attribute 'data-content' of object 'Object Repository/Syetem_settings/User_Manage/Search/td_number1' is: '编辑姓名11'

2019-04-17 12:42:55 - [TEST_STEP][PASSED] - Statement - If (data_content == username): 人员编辑修改成功

2019-04-17 12:42:55 - [TEST_STEP][PASSED] - comment: 人员编辑修改成功

2019-04-17 12:42:55 - [TEST_STEP][PASSED] - Start listener action : sampleAfterTestCase: Invoke 'com.kms.katalon.core.annotation.AfterTestCase' method: 'NewTestListener.sampleAfterTestCase(...)' completed.

2019-04-17 12:42:55 - [TEST_STEP][PASSED] - Statement - println(testCaseContext.getTestCaseId()): null

2019-04-17 12:42:55 - [TEST_STEP][PASSED] - Statement - println(testCaseContext.getTestCaseStatus()): Invoke 'com.kms.katalon.core.annotation.AfterTestCase' method: 'NewTestListener.sampleAfterTestCase(...)' completed.]]></system-out>
         <system-err><![CDATA[]]></system-err>
      </testcase>
      <system-out><![CDATA[2019-04-17 12:40:36 - [TEST_SUITE][FAILED] - 003_edit staff: Test Cases/002_System_,Manage/001_User_Manage/009_check_userEditpage FAILED because (of) (Stack trace: Assertion failed: 

assert false


	at org.codehaus.groovy.runtime.InvokerHelper.assertFailed(InvokerHelper.java:402)
	at org.codehaus.groovy.runtime.ScriptBytecodeAdapter.assertFailed(ScriptBytecodeAdapter.java:650)
	at Script1555402638307.run(Script1555402638307.groovy:117)
	at com.kms.katalon.core.main.ScriptEngine.run(ScriptEngine.java:183)
	at com.kms.katalon.core.main.ScriptEngine.runScriptAsRawText(ScriptEngine.java:108)
	at com.kms.katalon.core.main.TestCaseExecutor.runScript(TestCaseExecutor.java:294)
	at com.kms.katalon.core.main.TestCaseExecutor.doExecute(TestCaseExecutor.java:285)
	at com.kms.katalon.core.main.TestCaseExecutor.processExecutionPhase(TestCaseExecutor.java:264)
	at com.kms.katalon.core.main.TestCaseExecutor.accessMainPhase(TestCaseExecutor.java:256)
	at com.kms.katalon.core.main.TestCaseExecutor.execute(TestCaseExecutor.java:200)
	at com.kms.katalon.core.main.TestSuiteExecutor.accessTestCaseMainPhase(TestSuiteExecutor.java:129)
	at com.kms.katalon.core.main.TestSuiteExecutor.accessTestSuiteMainPhase(TestSuiteExecutor.java:112)
	at com.kms.katalon.core.main.TestSuiteExecutor.execute(TestSuiteExecutor.java:81)
	at com.kms.katalon.core.main.TestCaseMain.startTestSuite(TestCaseMain.java:142)
	at com.kms.katalon.core.main.TestCaseMain$startTestSuite$0.call(Unknown Source)
	at org.codehaus.groovy.runtime.callsite.CallSiteArray.defaultCall(CallSiteArray.java:48)
	at org.codehaus.groovy.runtime.callsite.AbstractCallSite.call(AbstractCallSite.java:113)
	at org.codehaus.groovy.runtime.callsite.AbstractCallSite.call(AbstractCallSite.java:141)
	at TempTestSuite1555476033178.run(TempTestSuite1555476033178.groovy:36)
	at groovy.lang.GroovyShell.runScriptOrMainOrTestOrRunnable(GroovyShell.java:263)
	at groovy.lang.GroovyShell.run(GroovyShell.java:518)
	at groovy.lang.GroovyShell.run(GroovyShell.java:507)
	at groovy.ui.GroovyMain.processOnce(GroovyMain.java:653)
	at groovy.ui.GroovyMain.run(GroovyMain.java:384)
	at groovy.ui.GroovyMain.process(GroovyMain.java:370)
	at groovy.ui.GroovyMain.processArgs(GroovyMain.java:129)
	at groovy.ui.GroovyMain.main(GroovyMain.java:109)
	at sun.reflect.NativeMethodAccessorImpl.invoke0(Native Method)
	at sun.reflect.NativeMethodAccessorImpl.invoke(NativeMethodAccessorImpl.java:62)
	at sun.reflect.DelegatingMethodAccessorImpl.invoke(DelegatingMethodAccessorImpl.java:43)
	at java.lang.reflect.Method.invoke(Method.java:498)
	at org.codehaus.groovy.tools.GroovyStarter.rootLoader(GroovyStarter.java:109)
	at org.codehaus.groovy.tools.GroovyStarter.main(GroovyStarter.java:131)
)]]></system-out>
      <system-err><![CDATA[2019-04-17 12:40:36 - [TEST_SUITE][FAILED] - 003_edit staff: Test Cases/002_System_,Manage/001_User_Manage/009_check_userEditpage FAILED because (of) (Stack trace: Assertion failed: 

assert false


	at org.codehaus.groovy.runtime.InvokerHelper.assertFailed(InvokerHelper.java:402)
	at org.codehaus.groovy.runtime.ScriptBytecodeAdapter.assertFailed(ScriptBytecodeAdapter.java:650)
	at Script1555402638307.run(Script1555402638307.groovy:117)
	at com.kms.katalon.core.main.ScriptEngine.run(ScriptEngine.java:183)
	at com.kms.katalon.core.main.ScriptEngine.runScriptAsRawText(ScriptEngine.java:108)
	at com.kms.katalon.core.main.TestCaseExecutor.runScript(TestCaseExecutor.java:294)
	at com.kms.katalon.core.main.TestCaseExecutor.doExecute(TestCaseExecutor.java:285)
	at com.kms.katalon.core.main.TestCaseExecutor.processExecutionPhase(TestCaseExecutor.java:264)
	at com.kms.katalon.core.main.TestCaseExecutor.accessMainPhase(TestCaseExecutor.java:256)
	at com.kms.katalon.core.main.TestCaseExecutor.execute(TestCaseExecutor.java:200)
	at com.kms.katalon.core.main.TestSuiteExecutor.accessTestCaseMainPhase(TestSuiteExecutor.java:129)
	at com.kms.katalon.core.main.TestSuiteExecutor.accessTestSuiteMainPhase(TestSuiteExecutor.java:112)
	at com.kms.katalon.core.main.TestSuiteExecutor.execute(TestSuiteExecutor.java:81)
	at com.kms.katalon.core.main.TestCaseMain.startTestSuite(TestCaseMain.java:142)
	at com.kms.katalon.core.main.TestCaseMain$startTestSuite$0.call(Unknown Source)
	at org.codehaus.groovy.runtime.callsite.CallSiteArray.defaultCall(CallSiteArray.java:48)
	at org.codehaus.groovy.runtime.callsite.AbstractCallSite.call(AbstractCallSite.java:113)
	at org.codehaus.groovy.runtime.callsite.AbstractCallSite.call(AbstractCallSite.java:141)
	at TempTestSuite1555476033178.run(TempTestSuite1555476033178.groovy:36)
	at groovy.lang.GroovyShell.runScriptOrMainOrTestOrRunnable(GroovyShell.java:263)
	at groovy.lang.GroovyShell.run(GroovyShell.java:518)
	at groovy.lang.GroovyShell.run(GroovyShell.java:507)
	at groovy.ui.GroovyMain.processOnce(GroovyMain.java:653)
	at groovy.ui.GroovyMain.run(GroovyMain.java:384)
	at groovy.ui.GroovyMain.process(GroovyMain.java:370)
	at groovy.ui.GroovyMain.processArgs(GroovyMain.java:129)
	at groovy.ui.GroovyMain.main(GroovyMain.java:109)
	at sun.reflect.NativeMethodAccessorImpl.invoke0(Native Method)
	at sun.reflect.NativeMethodAccessorImpl.invoke(NativeMethodAccessorImpl.java:62)
	at sun.reflect.DelegatingMethodAccessorImpl.invoke(DelegatingMethodAccessorImpl.java:43)
	at java.lang.reflect.Method.invoke(Method.java:498)
	at org.codehaus.groovy.tools.GroovyStarter.rootLoader(GroovyStarter.java:109)
	at org.codehaus.groovy.tools.GroovyStarter.main(GroovyStarter.java:131)
)]]></system-err>
   </testsuite>
</testsuites>
