{"devicePlatform":"","logFolder":"G:\\Auto_Learning\\katalon\\katalon_project\\katalon_project\\T2M_Manage\\T2M_Manage\\Reports\\User Manage\\003_edit staff\\20190417_123657","runData":{"hostName":"Administrator - BF-20170623WSST","os":"Windows 7 64bit","katalonVersion":"5.7.0.1","browser":"Chrome 73.0.3683.75","hostAddress":"192.168.10.86","sessionId":"77689901da01265653f5fe3f198dfa10","seleniumVersion":"3.7.1","proxyInformation":"ProxyInformation{proxyOption\u003dNO_PROXY, proxyServerType\u003dHTTP, password\u003d, proxyServerAddress\u003d, proxyServerPort\u003d0}","platform":"Windows 7"},"type":"TEST_SUITE","name":"003_edit staff","id":"Test Suites/User Manage/003_edit staff","source":"","message":"Test Cases/002_System_,Manage/001_User_Manage/009_check_userEditpage FAILED because (of) (Stack trace: Assertion failed: \n\nassert false\n\n\r\n\tat org.codehaus.groovy.runtime.InvokerHelper.assertFailed(InvokerHelper.java:402)\r\n\tat org.codehaus.groovy.runtime.ScriptBytecodeAdapter.assertFailed(ScriptBytecodeAdapter.java:650)\r\n\tat Script1555402638307.run(Script1555402638307.groovy:117)\r\n\tat com.kms.katalon.core.main.ScriptEngine.run(ScriptEngine.java:183)\r\n\tat com.kms.katalon.core.main.ScriptEngine.runScriptAsRawText(ScriptEngine.java:108)\r\n\tat com.kms.katalon.core.main.TestCaseExecutor.runScript(TestCaseExecutor.java:294)\r\n\tat com.kms.katalon.core.main.TestCaseExecutor.doExecute(TestCaseExecutor.java:285)\r\n\tat com.kms.katalon.core.main.TestCaseExecutor.processExecutionPhase(TestCaseExecutor.java:264)\r\n\tat com.kms.katalon.core.main.TestCaseExecutor.accessMainPhase(TestCaseExecutor.java:256)\r\n\tat com.kms.katalon.core.main.TestCaseExecutor.execute(TestCaseExecutor.java:200)\r\n\tat com.kms.katalon.core.main.TestSuiteExecutor.accessTestCaseMainPhase(TestSuiteExecutor.java:129)\r\n\tat com.kms.katalon.core.main.TestSuiteExecutor.accessTestSuiteMainPhase(TestSuiteExecutor.java:112)\r\n\tat com.kms.katalon.core.main.TestSuiteExecutor.execute(TestSuiteExecutor.java:81)\r\n\tat com.kms.katalon.core.main.TestCaseMain.startTestSuite(TestCaseMain.java:142)\r\n\tat com.kms.katalon.core.main.TestCaseMain$startTestSuite$0.call(Unknown Source)\r\n\tat org.codehaus.groovy.runtime.callsite.CallSiteArray.defaultCall(CallSiteArray.java:48)\r\n\tat org.codehaus.groovy.runtime.callsite.AbstractCallSite.call(AbstractCallSite.java:113)\r\n\tat org.codehaus.groovy.runtime.callsite.AbstractCallSite.call(AbstractCallSite.java:141)\r\n\tat TempTestSuite1555475817314.run(TempTestSuite1555475817314.groovy:36)\r\n\tat groovy.lang.GroovyShell.runScriptOrMainOrTestOrRunnable(GroovyShell.java:263)\r\n\tat groovy.lang.GroovyShell.run(GroovyShell.java:518)\r\n\tat groovy.lang.GroovyShell.run(GroovyShell.java:507)\r\n\tat groovy.ui.GroovyMain.processOnce(GroovyMain.java:653)\r\n\tat groovy.ui.GroovyMain.run(GroovyMain.java:384)\r\n\tat groovy.ui.GroovyMain.process(GroovyMain.java:370)\r\n\tat groovy.ui.GroovyMain.processArgs(GroovyMain.java:129)\r\n\tat groovy.ui.GroovyMain.main(GroovyMain.java:109)\r\n\tat sun.reflect.NativeMethodAccessorImpl.invoke0(Native Method)\r\n\tat sun.reflect.NativeMethodAccessorImpl.invoke(NativeMethodAccessorImpl.java:62)\r\n\tat sun.reflect.DelegatingMethodAccessorImpl.invoke(DelegatingMethodAccessorImpl.java:43)\r\n\tat java.lang.reflect.Method.invoke(Method.java:498)\r\n\tat org.codehaus.groovy.tools.GroovyStarter.rootLoader(GroovyStarter.java:109)\r\n\tat org.codehaus.groovy.tools.GroovyStarter.main(GroovyStarter.java:131)\r\n)","description":"\\u7F16\\u8F91\\u7528\\u6237","startTime":1555475820299,"endTime":1555475876320,"childRecords":[{"isOptional":false,"type":"TEST_CASE","name":"Test Cases/001_Login_Home/002_Login","id":"Test Cases/001_Login_Home/002_Login","source":"G:\\\\Auto_Learning\\\\katalon\\\\katalon_project\\\\katalon_project\\\\T2M_Manage\\\\T2M_Manage\\\\Test Cases\\\\001_Login_Home\\\\002_Login.tc","message":"Test Cases/001_Login_Home/002_Login","description":"登录（记住密码）","startTime":1555475820890,"endTime":1555475834597,"childRecords":[{"testStatus":{"stackTrace":"","statusValue":"INFO"},"type":"MESSAGE","name":"","message":"Evaluating variables for test case","startTime":1555475820910,"endTime":0,"childRecords":[],"interuppted":false},{"testStatus":{"stackTrace":"","statusValue":"INFO"},"type":"MESSAGE","name":"","message":"Variable \u0027account_normal\u0027 is set to admin as default","startTime":1555475820952,"endTime":0,"childRecords":[],"interuppted":false},{"testStatus":{"stackTrace":"","statusValue":"INFO"},"type":"MESSAGE","name":"","message":"Variable \u0027pwd_normal\u0027 is set to 654321 as default","startTime":1555475820961,"endTime":0,"childRecords":[],"interuppted":false},{"index":-1,"isIgnoredIfFailed":false,"type":"TEST_STEP","name":"Start listener action : sampleBeforeTestCase","message":"Invoke \u0027com.kms.katalon.core.annotation.BeforeTestCase\u0027 method: \u0027NewTestListener.sampleBeforeTestCase(...)\u0027 completed.","description":"","startTime":1555475820965,"endTime":1555475820979,"childRecords":[{"index":1,"isIgnoredIfFailed":false,"type":"TEST_STEP","name":"Statement - println(testCaseContext.getTestCaseId())","description":"","startTime":1555475820967,"endTime":1555475820975,"childRecords":[],"interuppted":false},{"index":2,"isIgnoredIfFailed":false,"type":"TEST_STEP","name":"Statement - println(testCaseContext.getTestCaseVariables())","message":"Invoke \u0027com.kms.katalon.core.annotation.BeforeTestCase\u0027 method: \u0027NewTestListener.sampleBeforeTestCase(...)\u0027 completed.","description":"","startTime":1555475820975,"endTime":1555475820979,"childRecords":[],"interuppted":false}],"interuppted":false},{"index":1,"isIgnoredIfFailed":false,"type":"TEST_STEP","name":"callTestCase","message":"Call Test Case \u0027Test Cases/001_Login_Home/001_Navigate\u0027 successfully","description":"","startTime":1555475821443,"endTime":1555475828017,"childRecords":[{"isOptional":false,"type":"TEST_CASE","name":"Test Cases/001_Login_Home/001_Navigate","id":"Test Cases/001_Login_Home/001_Navigate","source":"G:\\\\Auto_Learning\\\\katalon\\\\katalon_project\\\\katalon_project\\\\T2M_Manage\\\\T2M_Manage\\\\Test Cases\\\\001_Login_Home\\\\001_Navigate.tc","message":"Test Cases/001_Login_Home/001_Navigate","description":"检查网站是否能成功打开，不关闭浏览器。","startTime":1555475821637,"endTime":1555475828013,"childRecords":[{"testStatus":{"stackTrace":"","statusValue":"INFO"},"type":"MESSAGE","name":"","message":"Evaluating variables for test case","startTime":1555475821643,"endTime":0,"childRecords":[],"interuppted":false},{"index":1,"isIgnoredIfFailed":false,"type":"TEST_STEP","name":"openBrowser","message":"Browser is opened with url: \u0027\u0027","description":"","startTime":1555475821801,"endTime":1555475826531,"childRecords":[{"testStatus":{"stackTrace":"","statusValue":"PASSED"},"type":"MESSAGE","name":"","message":"Browser is opened with url: \u0027\u0027","startTime":1555475826530,"endTime":0,"childRecords":[],"interuppted":false}],"interuppted":false},{"index":2,"isIgnoredIfFailed":false,"type":"TEST_STEP","name":"navigateToUrl","message":"Navigate to \u0027http://222.180.200.126:9909/PORTALASSETS/login\u0027 successfully","description":"","startTime":1555475826532,"endTime":1555475827890,"childRecords":[{"testStatus":{"stackTrace":"","statusValue":"PASSED"},"type":"MESSAGE","name":"","message":"Navigate to \u0027http://222.180.200.126:9909/PORTALASSETS/login\u0027 successfully","startTime":1555475827888,"endTime":0,"childRecords":[],"interuppted":false}],"interuppted":false},{"index":3,"isIgnoredIfFailed":false,"type":"TEST_STEP","name":"comment","message":"begin to input one correct account","description":"","startTime":1555475827891,"endTime":1555475827897,"childRecords":[],"interuppted":false},{"index":4,"isIgnoredIfFailed":false,"type":"TEST_STEP","name":"Statement - item \u003d com.kms.katalon.core.webui.keyword.WebUiBuiltInKeywords.verifyElementPresent(com.kms.katalon.core.testobject.ObjectRepository.findTestObject(Login/button_ login), 20, STOP_ON_FAILURE)","message":"Object \u0027Object Repository/Login/button_ login\u0027 is present","description":"","startTime":1555475827897,"endTime":1555475828003,"childRecords":[{"testStatus":{"stackTrace":"","statusValue":"PASSED"},"type":"MESSAGE","name":"","message":"Object \u0027Object Repository/Login/button_ login\u0027 is present","startTime":1555475828002,"endTime":0,"childRecords":[],"interuppted":false}],"interuppted":false},{"index":5,"isIgnoredIfFailed":false,"type":"TEST_STEP","name":"Statement - If (item \u003d\u003d true)","message":"Enter this website successful!!","description":"","startTime":1555475828008,"endTime":1555475828012,"childRecords":[{"index":1,"isIgnoredIfFailed":false,"type":"TEST_STEP","name":"comment","message":"Enter this website successful!!","description":"","startTime":1555475828010,"endTime":1555475828011,"childRecords":[],"interuppted":false}],"interuppted":false},{"testStatus":{"stackTrace":"","statusValue":"PASSED"},"type":"MESSAGE","name":"","message":"Test Cases/001_Login_Home/001_Navigate","startTime":1555475828012,"endTime":0,"childRecords":[],"interuppted":false}],"interuppted":false},{"testStatus":{"stackTrace":"","statusValue":"PASSED"},"type":"MESSAGE","name":"","message":"Call Test Case \u0027Test Cases/001_Login_Home/001_Navigate\u0027 successfully","startTime":1555475828017,"endTime":0,"childRecords":[],"interuppted":false}],"interuppted":false},{"index":2,"isIgnoredIfFailed":false,"type":"TEST_STEP","name":"delay","message":"Delayed 1 second(s)","description":"","startTime":1555475828019,"endTime":1555475829027,"childRecords":[{"testStatus":{"stackTrace":"","statusValue":"PASSED"},"type":"MESSAGE","name":"","message":"Delayed 1 second(s)","startTime":1555475829026,"endTime":0,"childRecords":[],"interuppted":false}],"interuppted":false},{"index":3,"isIgnoredIfFailed":false,"type":"TEST_STEP","name":"setText","message":"Text \u0027admin\u0027 is set on object \u0027Object Repository/Login/loginname\u0027","description":"","startTime":1555475829028,"endTime":1555475829197,"childRecords":[{"testStatus":{"stackTrace":"","statusValue":"PASSED"},"type":"MESSAGE","name":"","message":"Text \u0027admin\u0027 is set on object \u0027Object Repository/Login/loginname\u0027","startTime":1555475829196,"endTime":0,"childRecords":[],"interuppted":false}],"interuppted":false},{"index":4,"isIgnoredIfFailed":false,"type":"TEST_STEP","name":"delay","message":"Delayed 1 second(s)","description":"","startTime":1555475829197,"endTime":1555475830203,"childRecords":[{"testStatus":{"stackTrace":"","statusValue":"PASSED"},"type":"MESSAGE","name":"","message":"Delayed 1 second(s)","startTime":1555475830201,"endTime":0,"childRecords":[],"interuppted":false}],"interuppted":false},{"index":5,"isIgnoredIfFailed":false,"type":"TEST_STEP","name":"setText","message":"Text \u0027654321\u0027 is set on object \u0027Object Repository/Login/password\u0027","description":"","startTime":1555475830204,"endTime":1555475830374,"childRecords":[{"testStatus":{"stackTrace":"","statusValue":"PASSED"},"type":"MESSAGE","name":"","message":"Text \u0027654321\u0027 is set on object \u0027Object Repository/Login/password\u0027","startTime":1555475830374,"endTime":0,"childRecords":[],"interuppted":false}],"interuppted":false},{"index":6,"isIgnoredIfFailed":false,"type":"TEST_STEP","name":"delay","message":"Delayed 1 second(s)","description":"","startTime":1555475830375,"endTime":1555475831379,"childRecords":[{"testStatus":{"stackTrace":"","statusValue":"PASSED"},"type":"MESSAGE","name":"","message":"Delayed 1 second(s)","startTime":1555475831377,"endTime":0,"childRecords":[],"interuppted":false}],"interuppted":false},{"index":7,"isIgnoredIfFailed":false,"type":"TEST_STEP","name":"Statement - R \u003d com.kms.katalon.core.webui.keyword.WebUiBuiltInKeywords.verifyElementChecked(com.kms.katalon.core.testobject.ObjectRepository.findTestObject(Login/remember_password), 10)","message":"Object \u0027Object Repository/Login/remember_password\u0027 is checked","description":"","startTime":1555475831379,"endTime":1555475831444,"childRecords":[{"testStatus":{"stackTrace":"","statusValue":"PASSED"},"type":"MESSAGE","name":"","message":"Object \u0027Object Repository/Login/remember_password\u0027 is checked","startTime":1555475831443,"endTime":0,"childRecords":[],"interuppted":false}],"interuppted":false},{"index":8,"isIgnoredIfFailed":false,"type":"TEST_STEP","name":"Statement - If (R)","message":"The remember pwd box is checked!","description":"","startTime":1555475831444,"endTime":1555475831451,"childRecords":[{"index":1,"isIgnoredIfFailed":false,"type":"TEST_STEP","name":"comment","message":"The remember pwd box is checked!","description":"","startTime":1555475831447,"endTime":1555475831450,"childRecords":[],"interuppted":false}],"interuppted":false},{"index":10,"isIgnoredIfFailed":false,"type":"TEST_STEP","name":"click","message":"Object: \u0027Object Repository/Login/button_ login\u0027 is clicked on","description":"","startTime":1555475831451,"endTime":1555475831564,"childRecords":[{"testStatus":{"stackTrace":"","statusValue":"PASSED"},"type":"MESSAGE","name":"","message":"Object: \u0027Object Repository/Login/button_ login\u0027 is clicked on","startTime":1555475831562,"endTime":0,"childRecords":[],"interuppted":false}],"interuppted":false},{"index":11,"isIgnoredIfFailed":false,"type":"TEST_STEP","name":"Statement - a \u003d com.kms.katalon.core.webui.keyword.WebUiBuiltInKeywords.verifyElementPresent(com.kms.katalon.core.testobject.ObjectRepository.findTestObject(homepage/a_homepage), 40)","message":"Object \u0027Object Repository/homepage/a_homepage\u0027 is present","description":"","startTime":1555475831565,"endTime":1555475832174,"childRecords":[{"testStatus":{"stackTrace":"","statusValue":"PASSED"},"type":"MESSAGE","name":"","message":"Object \u0027Object Repository/homepage/a_homepage\u0027 is present","startTime":1555475832174,"endTime":0,"childRecords":[],"interuppted":false}],"interuppted":false},{"attachment":"G:\\\\Auto_Learning\\\\katalon\\\\katalon_project\\\\katalon_project\\\\T2M_Manage\\\\T2M_Manage\\\\Reports\\\\User Manage\\\\003_edit staff\\\\20190417_123657\\\\1555475832191.png","index":12,"isIgnoredIfFailed":false,"type":"TEST_STEP","name":"Statement - If (a)","message":"Taking screenshot successfully","description":"","startTime":1555475832174,"endTime":1555475832479,"childRecords":[{"index":1,"isIgnoredIfFailed":false,"type":"TEST_STEP","name":"comment","message":"Find the homepag lable,Login successful","description":"","startTime":1555475832176,"endTime":1555475832177,"childRecords":[],"interuppted":false},{"attachment":"G:\\\\Auto_Learning\\\\katalon\\\\katalon_project\\\\katalon_project\\\\T2M_Manage\\\\T2M_Manage\\\\Reports\\\\User Manage\\\\003_edit staff\\\\20190417_123657\\\\1555475832191.png","index":2,"isIgnoredIfFailed":false,"type":"TEST_STEP","name":"takeScreenshot","message":"Taking screenshot successfully","description":"","startTime":1555475832178,"endTime":1555475832479,"childRecords":[{"testStatus":{"stackTrace":"","statusValue":"PASSED"},"attachment":"G:\\\\Auto_Learning\\\\katalon\\\\katalon_project\\\\katalon_project\\\\T2M_Manage\\\\T2M_Manage\\\\Reports\\\\User Manage\\\\003_edit staff\\\\20190417_123657\\\\1555475832191.png","type":"MESSAGE","name":"","message":"Taking screenshot successfully","startTime":1555475832478,"endTime":0,"childRecords":[],"interuppted":false}],"interuppted":false}],"interuppted":false},{"testStatus":{"stackTrace":"","statusValue":"PASSED"},"type":"MESSAGE","name":"","message":"Test Cases/001_Login_Home/002_Login","startTime":1555475832479,"endTime":0,"childRecords":[],"interuppted":false},{"index":-1,"isIgnoredIfFailed":false,"type":"TEST_STEP","name":"Start listener action : sampleAfterTestCase","message":"Invoke \u0027com.kms.katalon.core.annotation.AfterTestCase\u0027 method: \u0027NewTestListener.sampleAfterTestCase(...)\u0027 completed.","description":"","startTime":1555475832480,"endTime":1555475832485,"childRecords":[{"index":1,"isIgnoredIfFailed":false,"type":"TEST_STEP","name":"Statement - println(testCaseContext.getTestCaseId())","description":"","startTime":1555475832480,"endTime":1555475832482,"childRecords":[],"interuppted":false},{"index":2,"isIgnoredIfFailed":false,"type":"TEST_STEP","name":"Statement - println(testCaseContext.getTestCaseStatus())","message":"Invoke \u0027com.kms.katalon.core.annotation.AfterTestCase\u0027 method: \u0027NewTestListener.sampleAfterTestCase(...)\u0027 completed.","description":"","startTime":1555475832482,"endTime":1555475832484,"childRecords":[],"interuppted":false}],"interuppted":false}],"interuppted":false},{"isOptional":false,"type":"TEST_CASE","name":"Test Cases/002_System_,Manage/001_User_Manage/001_Enter_User","id":"Test Cases/002_System_,Manage/001_User_Manage/001_Enter_User","source":"G:\\\\Auto_Learning\\\\katalon\\\\katalon_project\\\\katalon_project\\\\T2M_Manage\\\\T2M_Manage\\\\Test Cases\\\\002_System_,Manage\\\\001_User_Manage\\\\001_Enter_User.tc","message":"Test Cases/002_System_,Manage/001_User_Manage/001_Enter_User","description":"从系统设置进入人员管理","startTime":1555475834599,"endTime":1555475849299,"childRecords":[{"testStatus":{"stackTrace":"","statusValue":"INFO"},"type":"MESSAGE","name":"","message":"Evaluating variables for test case","startTime":1555475834610,"endTime":0,"childRecords":[],"interuppted":false},{"index":-1,"isIgnoredIfFailed":false,"type":"TEST_STEP","name":"Start listener action : sampleBeforeTestCase","message":"Invoke \u0027com.kms.katalon.core.annotation.BeforeTestCase\u0027 method: \u0027NewTestListener.sampleBeforeTestCase(...)\u0027 completed.","description":"","startTime":1555475834611,"endTime":1555475834617,"childRecords":[{"index":1,"isIgnoredIfFailed":false,"type":"TEST_STEP","name":"Statement - println(testCaseContext.getTestCaseId())","description":"","startTime":1555475834614,"endTime":1555475834615,"childRecords":[],"interuppted":false},{"index":2,"isIgnoredIfFailed":false,"type":"TEST_STEP","name":"Statement - println(testCaseContext.getTestCaseVariables())","message":"Invoke \u0027com.kms.katalon.core.annotation.BeforeTestCase\u0027 method: \u0027NewTestListener.sampleBeforeTestCase(...)\u0027 completed.","description":"","startTime":1555475834615,"endTime":1555475834617,"childRecords":[],"interuppted":false}],"interuppted":false},{"index":1,"isIgnoredIfFailed":false,"type":"TEST_STEP","name":"callTestCase","message":"Call Test Case \u0027Test Cases/001_Login_Home/002_Login\u0027 successfully","description":"","startTime":1555475834825,"endTime":1555475843637,"childRecords":[{"isOptional":false,"type":"TEST_CASE","name":"Test Cases/001_Login_Home/002_Login","id":"Test Cases/001_Login_Home/002_Login","source":"G:\\\\Auto_Learning\\\\katalon\\\\katalon_project\\\\katalon_project\\\\T2M_Manage\\\\T2M_Manage\\\\Test Cases\\\\001_Login_Home\\\\002_Login.tc","message":"Test Cases/001_Login_Home/002_Login","description":"登录（记住密码）","startTime":1555475834898,"endTime":1555475843636,"childRecords":[{"testStatus":{"stackTrace":"","statusValue":"INFO"},"type":"MESSAGE","name":"","message":"Evaluating variables for test case","startTime":1555475834918,"endTime":0,"childRecords":[],"interuppted":false},{"testStatus":{"stackTrace":"","statusValue":"INFO"},"type":"MESSAGE","name":"","message":"Variable \u0027account_normal\u0027 is set to admin","startTime":1555475834919,"endTime":0,"childRecords":[],"interuppted":false},{"testStatus":{"stackTrace":"","statusValue":"INFO"},"type":"MESSAGE","name":"","message":"Variable \u0027pwd_normal\u0027 is set to 654321","startTime":1555475834919,"endTime":0,"childRecords":[],"interuppted":false},{"index":1,"isIgnoredIfFailed":false,"type":"TEST_STEP","name":"callTestCase","message":"Call Test Case \u0027Test Cases/001_Login_Home/001_Navigate\u0027 successfully","description":"","startTime":1555475834921,"endTime":1555475838863,"childRecords":[{"isOptional":false,"type":"TEST_CASE","name":"Test Cases/001_Login_Home/001_Navigate","id":"Test Cases/001_Login_Home/001_Navigate","source":"G:\\\\Auto_Learning\\\\katalon\\\\katalon_project\\\\katalon_project\\\\T2M_Manage\\\\T2M_Manage\\\\Test Cases\\\\001_Login_Home\\\\001_Navigate.tc","message":"Test Cases/001_Login_Home/001_Navigate","description":"检查网站是否能成功打开，不关闭浏览器。","startTime":1555475834980,"endTime":1555475838863,"childRecords":[{"testStatus":{"stackTrace":"","statusValue":"INFO"},"type":"MESSAGE","name":"","message":"Evaluating variables for test case","startTime":1555475835001,"endTime":0,"childRecords":[],"interuppted":false},{"index":1,"isIgnoredIfFailed":false,"type":"TEST_STEP","name":"openBrowser","message":"Browser is opened with url: \u0027\u0027","description":"","startTime":1555475835008,"endTime":1555475837984,"childRecords":[{"testStatus":{"stackTrace":"","statusValue":"WARNING"},"type":"MESSAGE","name":"","message":"A browser is already opened. Closing browser and opening a new one","startTime":1555475835012,"endTime":0,"childRecords":[],"interuppted":false},{"testStatus":{"stackTrace":"","statusValue":"PASSED"},"type":"MESSAGE","name":"","message":"Browser is opened with url: \u0027\u0027","startTime":1555475837983,"endTime":0,"childRecords":[],"interuppted":false}],"interuppted":false},{"index":2,"isIgnoredIfFailed":false,"type":"TEST_STEP","name":"navigateToUrl","message":"Navigate to \u0027http://222.180.200.126:9909/PORTALASSETS/login\u0027 successfully","description":"","startTime":1555475837985,"endTime":1555475838787,"childRecords":[{"testStatus":{"stackTrace":"","statusValue":"PASSED"},"type":"MESSAGE","name":"","message":"Navigate to \u0027http://222.180.200.126:9909/PORTALASSETS/login\u0027 successfully","startTime":1555475838786,"endTime":0,"childRecords":[],"interuppted":false}],"interuppted":false},{"index":3,"isIgnoredIfFailed":false,"type":"TEST_STEP","name":"comment","message":"begin to input one correct account","description":"","startTime":1555475838787,"endTime":1555475838791,"childRecords":[],"interuppted":false},{"index":4,"isIgnoredIfFailed":false,"type":"TEST_STEP","name":"Statement - item \u003d com.kms.katalon.core.webui.keyword.WebUiBuiltInKeywords.verifyElementPresent(com.kms.katalon.core.testobject.ObjectRepository.findTestObject(Login/button_ login), 20, STOP_ON_FAILURE)","message":"Object \u0027Object Repository/Login/button_ login\u0027 is present","description":"","startTime":1555475838791,"endTime":1555475838859,"childRecords":[{"testStatus":{"stackTrace":"","statusValue":"PASSED"},"type":"MESSAGE","name":"","message":"Object \u0027Object Repository/Login/button_ login\u0027 is present","startTime":1555475838858,"endTime":0,"childRecords":[],"interuppted":false}],"interuppted":false},{"index":5,"isIgnoredIfFailed":false,"type":"TEST_STEP","name":"Statement - If (item \u003d\u003d true)","message":"Enter this website successful!!","description":"","startTime":1555475838859,"endTime":1555475838862,"childRecords":[{"index":1,"isIgnoredIfFailed":false,"type":"TEST_STEP","name":"comment","message":"Enter this website successful!!","description":"","startTime":1555475838860,"endTime":1555475838862,"childRecords":[],"interuppted":false}],"interuppted":false},{"testStatus":{"stackTrace":"","statusValue":"PASSED"},"type":"MESSAGE","name":"","message":"Test Cases/001_Login_Home/001_Navigate","startTime":1555475838862,"endTime":0,"childRecords":[],"interuppted":false}],"interuppted":false},{"testStatus":{"stackTrace":"","statusValue":"PASSED"},"type":"MESSAGE","name":"","message":"Call Test Case \u0027Test Cases/001_Login_Home/001_Navigate\u0027 successfully","startTime":1555475838863,"endTime":0,"childRecords":[],"interuppted":false}],"interuppted":false},{"index":2,"isIgnoredIfFailed":false,"type":"TEST_STEP","name":"delay","message":"Delayed 1 second(s)","description":"","startTime":1555475838863,"endTime":1555475839866,"childRecords":[{"testStatus":{"stackTrace":"","statusValue":"PASSED"},"type":"MESSAGE","name":"","message":"Delayed 1 second(s)","startTime":1555475839865,"endTime":0,"childRecords":[],"interuppted":false}],"interuppted":false},{"index":3,"isIgnoredIfFailed":false,"type":"TEST_STEP","name":"setText","message":"Text \u0027admin\u0027 is set on object \u0027Object Repository/Login/loginname\u0027","description":"","startTime":1555475839866,"endTime":1555475840007,"childRecords":[{"testStatus":{"stackTrace":"","statusValue":"PASSED"},"type":"MESSAGE","name":"","message":"Text \u0027admin\u0027 is set on object \u0027Object Repository/Login/loginname\u0027","startTime":1555475840006,"endTime":0,"childRecords":[],"interuppted":false}],"interuppted":false},{"index":4,"isIgnoredIfFailed":false,"type":"TEST_STEP","name":"delay","message":"Delayed 1 second(s)","description":"","startTime":1555475840007,"endTime":1555475841009,"childRecords":[{"testStatus":{"stackTrace":"","statusValue":"PASSED"},"type":"MESSAGE","name":"","message":"Delayed 1 second(s)","startTime":1555475841009,"endTime":0,"childRecords":[],"interuppted":false}],"interuppted":false},{"index":5,"isIgnoredIfFailed":false,"type":"TEST_STEP","name":"setText","message":"Text \u0027654321\u0027 is set on object \u0027Object Repository/Login/password\u0027","description":"","startTime":1555475841009,"endTime":1555475841176,"childRecords":[{"testStatus":{"stackTrace":"","statusValue":"PASSED"},"type":"MESSAGE","name":"","message":"Text \u0027654321\u0027 is set on object \u0027Object Repository/Login/password\u0027","startTime":1555475841176,"endTime":0,"childRecords":[],"interuppted":false}],"interuppted":false},{"index":6,"isIgnoredIfFailed":false,"type":"TEST_STEP","name":"delay","message":"Delayed 1 second(s)","description":"","startTime":1555475841177,"endTime":1555475842180,"childRecords":[{"testStatus":{"stackTrace":"","statusValue":"PASSED"},"type":"MESSAGE","name":"","message":"Delayed 1 second(s)","startTime":1555475842179,"endTime":0,"childRecords":[],"interuppted":false}],"interuppted":false},{"index":7,"isIgnoredIfFailed":false,"type":"TEST_STEP","name":"Statement - R \u003d com.kms.katalon.core.webui.keyword.WebUiBuiltInKeywords.verifyElementChecked(com.kms.katalon.core.testobject.ObjectRepository.findTestObject(Login/remember_password), 10)","message":"Object \u0027Object Repository/Login/remember_password\u0027 is checked","description":"","startTime":1555475842180,"endTime":1555475842242,"childRecords":[{"testStatus":{"stackTrace":"","statusValue":"PASSED"},"type":"MESSAGE","name":"","message":"Object \u0027Object Repository/Login/remember_password\u0027 is checked","startTime":1555475842241,"endTime":0,"childRecords":[],"interuppted":false}],"interuppted":false},{"index":8,"isIgnoredIfFailed":false,"type":"TEST_STEP","name":"Statement - If (R)","message":"The remember pwd box is checked!","description":"","startTime":1555475842242,"endTime":1555475842247,"childRecords":[{"index":1,"isIgnoredIfFailed":false,"type":"TEST_STEP","name":"comment","message":"The remember pwd box is checked!","description":"","startTime":1555475842244,"endTime":1555475842246,"childRecords":[],"interuppted":false}],"interuppted":false},{"index":10,"isIgnoredIfFailed":false,"type":"TEST_STEP","name":"click","message":"Object: \u0027Object Repository/Login/button_ login\u0027 is clicked on","description":"","startTime":1555475842247,"endTime":1555475842329,"childRecords":[{"testStatus":{"stackTrace":"","statusValue":"PASSED"},"type":"MESSAGE","name":"","message":"Object: \u0027Object Repository/Login/button_ login\u0027 is clicked on","startTime":1555475842328,"endTime":0,"childRecords":[],"interuppted":false}],"interuppted":false},{"index":11,"isIgnoredIfFailed":false,"type":"TEST_STEP","name":"Statement - a \u003d com.kms.katalon.core.webui.keyword.WebUiBuiltInKeywords.verifyElementPresent(com.kms.katalon.core.testobject.ObjectRepository.findTestObject(homepage/a_homepage), 40)","message":"Object \u0027Object Repository/homepage/a_homepage\u0027 is present","description":"","startTime":1555475842329,"endTime":1555475843372,"childRecords":[{"testStatus":{"stackTrace":"","statusValue":"PASSED"},"type":"MESSAGE","name":"","message":"Object \u0027Object Repository/homepage/a_homepage\u0027 is present","startTime":1555475843371,"endTime":0,"childRecords":[],"interuppted":false}],"interuppted":false},{"attachment":"G:\\\\Auto_Learning\\\\katalon\\\\katalon_project\\\\katalon_project\\\\T2M_Manage\\\\T2M_Manage\\\\Reports\\\\User Manage\\\\003_edit staff\\\\20190417_123657\\\\1555475843377.png","index":12,"isIgnoredIfFailed":false,"type":"TEST_STEP","name":"Statement - If (a)","message":"Taking screenshot successfully","description":"","startTime":1555475843372,"endTime":1555475843636,"childRecords":[{"index":1,"isIgnoredIfFailed":false,"type":"TEST_STEP","name":"comment","message":"Find the homepag lable,Login successful","description":"","startTime":1555475843373,"endTime":1555475843375,"childRecords":[],"interuppted":false},{"attachment":"G:\\\\Auto_Learning\\\\katalon\\\\katalon_project\\\\katalon_project\\\\T2M_Manage\\\\T2M_Manage\\\\Reports\\\\User Manage\\\\003_edit staff\\\\20190417_123657\\\\1555475843377.png","index":2,"isIgnoredIfFailed":false,"type":"TEST_STEP","name":"takeScreenshot","message":"Taking screenshot successfully","description":"","startTime":1555475843376,"endTime":1555475843635,"childRecords":[{"testStatus":{"stackTrace":"","statusValue":"PASSED"},"attachment":"G:\\\\Auto_Learning\\\\katalon\\\\katalon_project\\\\katalon_project\\\\T2M_Manage\\\\T2M_Manage\\\\Reports\\\\User Manage\\\\003_edit staff\\\\20190417_123657\\\\1555475843377.png","type":"MESSAGE","name":"","message":"Taking screenshot successfully","startTime":1555475843635,"endTime":0,"childRecords":[],"interuppted":false}],"interuppted":false}],"interuppted":false},{"testStatus":{"stackTrace":"","statusValue":"PASSED"},"type":"MESSAGE","name":"","message":"Test Cases/001_Login_Home/002_Login","startTime":1555475843636,"endTime":0,"childRecords":[],"interuppted":false}],"interuppted":false},{"testStatus":{"stackTrace":"","statusValue":"PASSED"},"type":"MESSAGE","name":"","message":"Call Test Case \u0027Test Cases/001_Login_Home/002_Login\u0027 successfully","startTime":1555475843636,"endTime":0,"childRecords":[],"interuppted":false}],"interuppted":false},{"index":2,"isIgnoredIfFailed":false,"type":"TEST_STEP","name":"delay","message":"Delayed 1 second(s)","description":"","startTime":1555475843637,"endTime":1555475844640,"childRecords":[{"testStatus":{"stackTrace":"","statusValue":"PASSED"},"type":"MESSAGE","name":"","message":"Delayed 1 second(s)","startTime":1555475844639,"endTime":0,"childRecords":[],"interuppted":false}],"interuppted":false},{"index":3,"isIgnoredIfFailed":false,"type":"TEST_STEP","name":"click","message":"Object: \u0027Object Repository/Syetem_settings/User_Manage/a_systemsetings\u0027 is clicked on","description":"","startTime":1555475844640,"endTime":1555475844777,"childRecords":[{"testStatus":{"stackTrace":"","statusValue":"PASSED"},"type":"MESSAGE","name":"","message":"Object: \u0027Object Repository/Syetem_settings/User_Manage/a_systemsetings\u0027 is clicked on","startTime":1555475844776,"endTime":0,"childRecords":[],"interuppted":false}],"interuppted":false},{"index":4,"isIgnoredIfFailed":false,"type":"TEST_STEP","name":"delay","message":"Delayed 1 second(s)","description":"","startTime":1555475844777,"endTime":1555475845779,"childRecords":[{"testStatus":{"stackTrace":"","statusValue":"PASSED"},"type":"MESSAGE","name":"","message":"Delayed 1 second(s)","startTime":1555475845779,"endTime":0,"childRecords":[],"interuppted":false}],"interuppted":false},{"index":5,"isIgnoredIfFailed":false,"type":"TEST_STEP","name":"click","message":"Object: \u0027Object Repository/Syetem_settings/User_Manage/a_user_manage\u0027 is clicked on","description":"","startTime":1555475845779,"endTime":1555475846109,"childRecords":[{"testStatus":{"stackTrace":"","statusValue":"PASSED"},"type":"MESSAGE","name":"","message":"Object: \u0027Object Repository/Syetem_settings/User_Manage/a_user_manage\u0027 is clicked on","startTime":1555475846108,"endTime":0,"childRecords":[],"interuppted":false}],"interuppted":false},{"index":6,"isIgnoredIfFailed":false,"type":"TEST_STEP","name":"delay","message":"Delayed 1 second(s)","description":"","startTime":1555475846109,"endTime":1555475847112,"childRecords":[{"testStatus":{"stackTrace":"","statusValue":"PASSED"},"type":"MESSAGE","name":"","message":"Delayed 1 second(s)","startTime":1555475847111,"endTime":0,"childRecords":[],"interuppted":false}],"interuppted":false},{"index":7,"isIgnoredIfFailed":false,"type":"TEST_STEP","name":"Statement - verify_user \u003d com.kms.katalon.core.webui.keyword.WebUiBuiltInKeywords.verifyElementPresent(com.kms.katalon.core.testobject.ObjectRepository.findTestObject(Syetem_settings/User_Manage/cite_usertable), 0)","message":"Object \u0027Object Repository/Syetem_settings/User_Manage/cite_usertable\u0027 is present","description":"","startTime":1555475847112,"endTime":1555475847148,"childRecords":[{"testStatus":{"stackTrace":"","statusValue":"WARNING"},"type":"MESSAGE","name":"","message":"Timeout \u00270\u0027 is invalid. Using default page load timeout: \u002730\u0027","startTime":1555475847126,"endTime":0,"childRecords":[],"interuppted":false},{"testStatus":{"stackTrace":"","statusValue":"PASSED"},"type":"MESSAGE","name":"","message":"Object \u0027Object Repository/Syetem_settings/User_Manage/cite_usertable\u0027 is present","startTime":1555475847148,"endTime":0,"childRecords":[],"interuppted":false}],"interuppted":false},{"index":8,"isIgnoredIfFailed":false,"type":"TEST_STEP","name":"Statement - If (verify_user)","message":"Enter the Successfully entered the people management page","description":"","startTime":1555475847148,"endTime":1555475847151,"childRecords":[{"index":1,"isIgnoredIfFailed":false,"type":"TEST_STEP","name":"comment","message":"Enter the Successfully entered the people management page","description":"","startTime":1555475847149,"endTime":1555475847151,"childRecords":[],"interuppted":false}],"interuppted":false},{"testStatus":{"stackTrace":"","statusValue":"PASSED"},"type":"MESSAGE","name":"","message":"Test Cases/002_System_,Manage/001_User_Manage/001_Enter_User","startTime":1555475847151,"endTime":0,"childRecords":[],"interuppted":false},{"index":-1,"isIgnoredIfFailed":false,"type":"TEST_STEP","name":"Start listener action : sampleAfterTestCase","message":"Invoke \u0027com.kms.katalon.core.annotation.AfterTestCase\u0027 method: \u0027NewTestListener.sampleAfterTestCase(...)\u0027 completed.","description":"","startTime":1555475847152,"endTime":1555475847155,"childRecords":[{"index":1,"isIgnoredIfFailed":false,"type":"TEST_STEP","name":"Statement - println(testCaseContext.getTestCaseId())","description":"","startTime":1555475847152,"endTime":1555475847153,"childRecords":[],"interuppted":false},{"index":2,"isIgnoredIfFailed":false,"type":"TEST_STEP","name":"Statement - println(testCaseContext.getTestCaseStatus())","message":"Invoke \u0027com.kms.katalon.core.annotation.AfterTestCase\u0027 method: \u0027NewTestListener.sampleAfterTestCase(...)\u0027 completed.","description":"","startTime":1555475847153,"endTime":1555475847155,"childRecords":[],"interuppted":false}],"interuppted":false}],"interuppted":false},{"isOptional":false,"type":"TEST_CASE","name":"Test Cases/002_System_,Manage/001_User_Manage/009_check_userEditpage","id":"Test Cases/002_System_,Manage/001_User_Manage/009_check_userEditpage","source":"G:\\\\Auto_Learning\\\\katalon\\\\katalon_project\\\\katalon_project\\\\T2M_Manage\\\\T2M_Manage\\\\Test Cases\\\\002_System_,Manage\\\\001_User_Manage\\\\009_check_userEditpage.tc","message":"Test Cases/002_System_,Manage/001_User_Manage/009_check_userEditpage FAILED because (of) (Stack trace: Assertion failed: \n\nassert false\n\n\r\n\tat org.codehaus.groovy.runtime.InvokerHelper.assertFailed(InvokerHelper.java:402)\r\n\tat org.codehaus.groovy.runtime.ScriptBytecodeAdapter.assertFailed(ScriptBytecodeAdapter.java:650)\r\n\tat Script1555402638307.run(Script1555402638307.groovy:117)\r\n\tat com.kms.katalon.core.main.ScriptEngine.run(ScriptEngine.java:183)\r\n\tat com.kms.katalon.core.main.ScriptEngine.runScriptAsRawText(ScriptEngine.java:108)\r\n\tat com.kms.katalon.core.main.TestCaseExecutor.runScript(TestCaseExecutor.java:294)\r\n\tat com.kms.katalon.core.main.TestCaseExecutor.doExecute(TestCaseExecutor.java:285)\r\n\tat com.kms.katalon.core.main.TestCaseExecutor.processExecutionPhase(TestCaseExecutor.java:264)\r\n\tat com.kms.katalon.core.main.TestCaseExecutor.accessMainPhase(TestCaseExecutor.java:256)\r\n\tat com.kms.katalon.core.main.TestCaseExecutor.execute(TestCaseExecutor.java:200)\r\n\tat com.kms.katalon.core.main.TestSuiteExecutor.accessTestCaseMainPhase(TestSuiteExecutor.java:129)\r\n\tat com.kms.katalon.core.main.TestSuiteExecutor.accessTestSuiteMainPhase(TestSuiteExecutor.java:112)\r\n\tat com.kms.katalon.core.main.TestSuiteExecutor.execute(TestSuiteExecutor.java:81)\r\n\tat com.kms.katalon.core.main.TestCaseMain.startTestSuite(TestCaseMain.java:142)\r\n\tat com.kms.katalon.core.main.TestCaseMain$startTestSuite$0.call(Unknown Source)\r\n\tat org.codehaus.groovy.runtime.callsite.CallSiteArray.defaultCall(CallSiteArray.java:48)\r\n\tat org.codehaus.groovy.runtime.callsite.AbstractCallSite.call(AbstractCallSite.java:113)\r\n\tat org.codehaus.groovy.runtime.callsite.AbstractCallSite.call(AbstractCallSite.java:141)\r\n\tat TempTestSuite1555475817314.run(TempTestSuite1555475817314.groovy:36)\r\n\tat groovy.lang.GroovyShell.runScriptOrMainOrTestOrRunnable(GroovyShell.java:263)\r\n\tat groovy.lang.GroovyShell.run(GroovyShell.java:518)\r\n\tat groovy.lang.GroovyShell.run(GroovyShell.java:507)\r\n\tat groovy.ui.GroovyMain.processOnce(GroovyMain.java:653)\r\n\tat groovy.ui.GroovyMain.run(GroovyMain.java:384)\r\n\tat groovy.ui.GroovyMain.process(GroovyMain.java:370)\r\n\tat groovy.ui.GroovyMain.processArgs(GroovyMain.java:129)\r\n\tat groovy.ui.GroovyMain.main(GroovyMain.java:109)\r\n\tat sun.reflect.NativeMethodAccessorImpl.invoke0(Native Method)\r\n\tat sun.reflect.NativeMethodAccessorImpl.invoke(NativeMethodAccessorImpl.java:62)\r\n\tat sun.reflect.DelegatingMethodAccessorImpl.invoke(DelegatingMethodAccessorImpl.java:43)\r\n\tat java.lang.reflect.Method.invoke(Method.java:498)\r\n\tat org.codehaus.groovy.tools.GroovyStarter.rootLoader(GroovyStarter.java:109)\r\n\tat org.codehaus.groovy.tools.GroovyStarter.main(GroovyStarter.java:131)\r\n)","description":"1.打开编辑窗口，检查列表中的数据与编辑页面数据一致。","startTime":1555475849301,"endTime":1555475867491,"childRecords":[{"testStatus":{"stackTrace":"","statusValue":"INFO"},"type":"MESSAGE","name":"","message":"Evaluating variables for test case","startTime":1555475849322,"endTime":0,"childRecords":[],"interuppted":false},{"testStatus":{"stackTrace":"","statusValue":"INFO"},"type":"MESSAGE","name":"","message":"Variable \u0027username\u0027 is set to 林 as default","startTime":1555475849333,"endTime":0,"childRecords":[],"interuppted":false},{"index":-1,"isIgnoredIfFailed":false,"type":"TEST_STEP","name":"Start listener action : sampleBeforeTestCase","message":"Invoke \u0027com.kms.katalon.core.annotation.BeforeTestCase\u0027 method: \u0027NewTestListener.sampleBeforeTestCase(...)\u0027 completed.","description":"","startTime":1555475849333,"endTime":1555475849336,"childRecords":[{"index":1,"isIgnoredIfFailed":false,"type":"TEST_STEP","name":"Statement - println(testCaseContext.getTestCaseId())","description":"","startTime":1555475849334,"endTime":1555475849335,"childRecords":[],"interuppted":false},{"index":2,"isIgnoredIfFailed":false,"type":"TEST_STEP","name":"Statement - println(testCaseContext.getTestCaseVariables())","message":"Invoke \u0027com.kms.katalon.core.annotation.BeforeTestCase\u0027 method: \u0027NewTestListener.sampleBeforeTestCase(...)\u0027 completed.","description":"","startTime":1555475849335,"endTime":1555475849336,"childRecords":[],"interuppted":false}],"interuppted":false},{"index":1,"isIgnoredIfFailed":false,"type":"TEST_STEP","name":"callTestCase","message":"NOT_RUN: callTestCase","description":"","startTime":1555475849656,"endTime":1555475849672,"childRecords":[{"testStatus":{"stackTrace":"","statusValue":"NOT_RUN"},"type":"MESSAGE","name":"","message":"NOT_RUN: callTestCase","startTime":1555475849671,"endTime":0,"childRecords":[],"interuppted":false}],"interuppted":false},{"index":2,"isIgnoredIfFailed":false,"type":"TEST_STEP","name":"setText","message":"Text \u0027林\u0027 is set on object \u0027Object Repository/test/input__keyword\u0027","description":"","startTime":1555475849672,"endTime":1555475849825,"childRecords":[{"testStatus":{"stackTrace":"","statusValue":"PASSED"},"type":"MESSAGE","name":"","message":"Text \u0027林\u0027 is set on object \u0027Object Repository/test/input__keyword\u0027","startTime":1555475849824,"endTime":0,"childRecords":[],"interuppted":false}],"interuppted":false},{"index":3,"isIgnoredIfFailed":false,"type":"TEST_STEP","name":"delay","message":"Delayed 1 second(s)","description":"","startTime":1555475849825,"endTime":1555475850828,"childRecords":[{"testStatus":{"stackTrace":"","statusValue":"PASSED"},"type":"MESSAGE","name":"","message":"Delayed 1 second(s)","startTime":1555475850826,"endTime":0,"childRecords":[],"interuppted":false}],"interuppted":false},{"index":4,"isIgnoredIfFailed":false,"type":"TEST_STEP","name":"click","message":"Object: \u0027Object Repository/test/button__layui-btn\u0027 is clicked on","description":"","startTime":1555475850828,"endTime":1555475851096,"childRecords":[{"testStatus":{"stackTrace":"","statusValue":"PASSED"},"type":"MESSAGE","name":"","message":"Object: \u0027Object Repository/test/button__layui-btn\u0027 is clicked on","startTime":1555475851095,"endTime":0,"childRecords":[],"interuppted":false}],"interuppted":false},{"index":5,"isIgnoredIfFailed":false,"type":"TEST_STEP","name":"delay","message":"Delayed 1 second(s)","description":"","startTime":1555475851097,"endTime":1555475852098,"childRecords":[{"testStatus":{"stackTrace":"","statusValue":"PASSED"},"type":"MESSAGE","name":"","message":"Delayed 1 second(s)","startTime":1555475852098,"endTime":0,"childRecords":[],"interuppted":false}],"interuppted":false},{"index":6,"isIgnoredIfFailed":false,"type":"TEST_STEP","name":"Statement - i \u003d 1","description":"","startTime":1555475852099,"endTime":1555475852131,"childRecords":[],"interuppted":false},{"index":7,"isIgnoredIfFailed":false,"type":"TEST_STEP","name":"Statement - userinfo \u003d []","description":"","startTime":1555475852135,"endTime":1555475852136,"childRecords":[],"interuppted":false},{"index":8,"isIgnoredIfFailed":false,"type":"TEST_STEP","name":"Statement - For ([j \u003d 1, j \u003c\u003d 5, (j++)])","description":"","startTime":1555475852137,"endTime":1555475854014,"childRecords":[{"index":1,"isIgnoredIfFailed":false,"type":"TEST_STEP","name":"Statement - n_btn \u003d com.kms.katalon.core.webui.keyword.WebUiBuiltInKeywords.modifyObjectProperty(com.kms.katalon.core.testobject.ObjectRepository.findTestObject(Syetem_settings/User_Manage/Search/tr_td), \"xpath\", \"equals\", \"//div[@id\u003d\"mainContent\"]/div[2]/div[2]/div[2]/div[2]/div/div[2]/table/tbody/tr[\" + i + \"]/td[\" + j + \"]/div\", true)","message":"Modify property of object successfully","description":"","startTime":1555475852139,"endTime":1555475852181,"childRecords":[{"testStatus":{"stackTrace":"","statusValue":"PASSED"},"type":"MESSAGE","name":"","message":"Modify property of object successfully","startTime":1555475852180,"endTime":0,"childRecords":[],"interuppted":false}],"interuppted":false},{"index":2,"isIgnoredIfFailed":false,"type":"TEST_STEP","name":"verifyElementPresent","message":"Object \u0027Object Repository/Syetem_settings/User_Manage/Search/tr_td\u0027 is present","description":"","startTime":1555475852181,"endTime":1555475852229,"childRecords":[{"testStatus":{"stackTrace":"","statusValue":"PASSED"},"type":"MESSAGE","name":"","message":"Object \u0027Object Repository/Syetem_settings/User_Manage/Search/tr_td\u0027 is present","startTime":1555475852229,"endTime":0,"childRecords":[],"interuppted":false}],"interuppted":false},{"index":3,"isIgnoredIfFailed":false,"type":"TEST_STEP","name":"Statement - data \u003d com.kms.katalon.core.webui.keyword.WebUiBuiltInKeywords.getAttribute(n_btn, \"innerText\")","message":"Attribute \u0027innerText\u0027 of object \u0027Object Repository/Syetem_settings/User_Manage/Search/tr_td\u0027 is: \u0027吴有林\u0027","description":"","startTime":1555475852229,"endTime":1555475852277,"childRecords":[{"testStatus":{"stackTrace":"","statusValue":"PASSED"},"type":"MESSAGE","name":"","message":"Attribute \u0027innerText\u0027 of object \u0027Object Repository/Syetem_settings/User_Manage/Search/tr_td\u0027 is: \u0027吴有林\u0027","startTime":1555475852276,"endTime":0,"childRecords":[],"interuppted":false}],"interuppted":false},{"index":4,"isIgnoredIfFailed":false,"type":"TEST_STEP","name":"Statement - userinfo.add(data)","description":"","startTime":1555475852277,"endTime":1555475852280,"childRecords":[],"interuppted":false},{"index":5,"isIgnoredIfFailed":false,"type":"TEST_STEP","name":"Statement - println(userinfo)","description":"","startTime":1555475852280,"endTime":1555475852285,"childRecords":[],"interuppted":false},{"index":1,"isIgnoredIfFailed":false,"type":"TEST_STEP","name":"Statement - n_btn \u003d com.kms.katalon.core.webui.keyword.WebUiBuiltInKeywords.modifyObjectProperty(com.kms.katalon.core.testobject.ObjectRepository.findTestObject(Syetem_settings/User_Manage/Search/tr_td), \"xpath\", \"equals\", \"//div[@id\u003d\"mainContent\"]/div[2]/div[2]/div[2]/div[2]/div/div[2]/table/tbody/tr[\" + i + \"]/td[\" + j + \"]/div\", true)","message":"Modify property of object successfully","description":"","startTime":1555475852285,"endTime":1555475852292,"childRecords":[{"testStatus":{"stackTrace":"","statusValue":"PASSED"},"type":"MESSAGE","name":"","message":"Modify property of object successfully","startTime":1555475852292,"endTime":0,"childRecords":[],"interuppted":false}],"interuppted":false},{"index":2,"isIgnoredIfFailed":false,"type":"TEST_STEP","name":"verifyElementPresent","message":"Object \u0027Object Repository/Syetem_settings/User_Manage/Search/tr_td\u0027 is present","description":"","startTime":1555475852292,"endTime":1555475852312,"childRecords":[{"testStatus":{"stackTrace":"","statusValue":"PASSED"},"type":"MESSAGE","name":"","message":"Object \u0027Object Repository/Syetem_settings/User_Manage/Search/tr_td\u0027 is present","startTime":1555475852312,"endTime":0,"childRecords":[],"interuppted":false}],"interuppted":false},{"index":3,"isIgnoredIfFailed":false,"type":"TEST_STEP","name":"Statement - data \u003d com.kms.katalon.core.webui.keyword.WebUiBuiltInKeywords.getAttribute(n_btn, \"innerText\")","message":"Attribute \u0027innerText\u0027 of object \u0027Object Repository/Syetem_settings/User_Manage/Search/tr_td\u0027 is: \u0027R\u0026D Director\u0027","description":"","startTime":1555475852312,"endTime":1555475852331,"childRecords":[{"testStatus":{"stackTrace":"","statusValue":"PASSED"},"type":"MESSAGE","name":"","message":"Attribute \u0027innerText\u0027 of object \u0027Object Repository/Syetem_settings/User_Manage/Search/tr_td\u0027 is: \u0027R\u0026D Director\u0027","startTime":1555475852331,"endTime":0,"childRecords":[],"interuppted":false}],"interuppted":false},{"index":4,"isIgnoredIfFailed":false,"type":"TEST_STEP","name":"Statement - userinfo.add(data)","description":"","startTime":1555475852331,"endTime":1555475852332,"childRecords":[],"interuppted":false},{"index":5,"isIgnoredIfFailed":false,"type":"TEST_STEP","name":"Statement - println(userinfo)","description":"","startTime":1555475852332,"endTime":1555475852333,"childRecords":[],"interuppted":false},{"index":1,"isIgnoredIfFailed":false,"type":"TEST_STEP","name":"Statement - n_btn \u003d com.kms.katalon.core.webui.keyword.WebUiBuiltInKeywords.modifyObjectProperty(com.kms.katalon.core.testobject.ObjectRepository.findTestObject(Syetem_settings/User_Manage/Search/tr_td), \"xpath\", \"equals\", \"//div[@id\u003d\"mainContent\"]/div[2]/div[2]/div[2]/div[2]/div/div[2]/table/tbody/tr[\" + i + \"]/td[\" + j + \"]/div\", true)","message":"Modify property of object successfully","description":"","startTime":1555475852333,"endTime":1555475852340,"childRecords":[{"testStatus":{"stackTrace":"","statusValue":"PASSED"},"type":"MESSAGE","name":"","message":"Modify property of object successfully","startTime":1555475852339,"endTime":0,"childRecords":[],"interuppted":false}],"interuppted":false},{"index":2,"isIgnoredIfFailed":false,"type":"TEST_STEP","name":"verifyElementPresent","message":"Object \u0027Object Repository/Syetem_settings/User_Manage/Search/tr_td\u0027 is present","description":"","startTime":1555475852340,"endTime":1555475852360,"childRecords":[{"testStatus":{"stackTrace":"","statusValue":"PASSED"},"type":"MESSAGE","name":"","message":"Object \u0027Object Repository/Syetem_settings/User_Manage/Search/tr_td\u0027 is present","startTime":1555475852360,"endTime":0,"childRecords":[],"interuppted":false}],"interuppted":false},{"index":3,"isIgnoredIfFailed":false,"type":"TEST_STEP","name":"Statement - data \u003d com.kms.katalon.core.webui.keyword.WebUiBuiltInKeywords.getAttribute(n_btn, \"innerText\")","message":"Attribute \u0027innerText\u0027 of object \u0027Object Repository/Syetem_settings/User_Manage/Search/tr_td\u0027 is: \u00271@1. com\u0027","description":"","startTime":1555475852360,"endTime":1555475852392,"childRecords":[{"testStatus":{"stackTrace":"","statusValue":"PASSED"},"type":"MESSAGE","name":"","message":"Attribute \u0027innerText\u0027 of object \u0027Object Repository/Syetem_settings/User_Manage/Search/tr_td\u0027 is: \u00271@1. com\u0027","startTime":1555475852391,"endTime":0,"childRecords":[],"interuppted":false}],"interuppted":false},{"index":4,"isIgnoredIfFailed":false,"type":"TEST_STEP","name":"Statement - userinfo.add(data)","description":"","startTime":1555475852725,"endTime":1555475852727,"childRecords":[],"interuppted":false},{"index":5,"isIgnoredIfFailed":false,"type":"TEST_STEP","name":"Statement - println(userinfo)","description":"","startTime":1555475852727,"endTime":1555475852729,"childRecords":[],"interuppted":false},{"index":1,"isIgnoredIfFailed":false,"type":"TEST_STEP","name":"Statement - n_btn \u003d com.kms.katalon.core.webui.keyword.WebUiBuiltInKeywords.modifyObjectProperty(com.kms.katalon.core.testobject.ObjectRepository.findTestObject(Syetem_settings/User_Manage/Search/tr_td), \"xpath\", \"equals\", \"//div[@id\u003d\"mainContent\"]/div[2]/div[2]/div[2]/div[2]/div/div[2]/table/tbody/tr[\" + i + \"]/td[\" + j + \"]/div\", true)","message":"Modify property of object successfully","description":"","startTime":1555475852729,"endTime":1555475852734,"childRecords":[{"testStatus":{"stackTrace":"","statusValue":"PASSED"},"type":"MESSAGE","name":"","message":"Modify property of object successfully","startTime":1555475852734,"endTime":0,"childRecords":[],"interuppted":false}],"interuppted":false},{"index":2,"isIgnoredIfFailed":false,"type":"TEST_STEP","name":"verifyElementPresent","message":"Object \u0027Object Repository/Syetem_settings/User_Manage/Search/tr_td\u0027 is present","description":"","startTime":1555475852734,"endTime":1555475853140,"childRecords":[{"testStatus":{"stackTrace":"","statusValue":"PASSED"},"type":"MESSAGE","name":"","message":"Object \u0027Object Repository/Syetem_settings/User_Manage/Search/tr_td\u0027 is present","startTime":1555475852765,"endTime":0,"childRecords":[],"interuppted":false}],"interuppted":false},{"index":3,"isIgnoredIfFailed":false,"type":"TEST_STEP","name":"Statement - data \u003d com.kms.katalon.core.webui.keyword.WebUiBuiltInKeywords.getAttribute(n_btn, \"innerText\")","message":"Attribute \u0027innerText\u0027 of object \u0027Object Repository/Syetem_settings/User_Manage/Search/tr_td\u0027 is: \u002713011223344\u0027","description":"","startTime":1555475853140,"endTime":1555475853166,"childRecords":[{"testStatus":{"stackTrace":"","statusValue":"PASSED"},"type":"MESSAGE","name":"","message":"Attribute \u0027innerText\u0027 of object \u0027Object Repository/Syetem_settings/User_Manage/Search/tr_td\u0027 is: \u002713011223344\u0027","startTime":1555475853165,"endTime":0,"childRecords":[],"interuppted":false}],"interuppted":false},{"index":4,"isIgnoredIfFailed":false,"type":"TEST_STEP","name":"Statement - userinfo.add(data)","description":"","startTime":1555475853166,"endTime":1555475853167,"childRecords":[],"interuppted":false},{"index":5,"isIgnoredIfFailed":false,"type":"TEST_STEP","name":"Statement - println(userinfo)","description":"","startTime":1555475853167,"endTime":1555475853168,"childRecords":[],"interuppted":false},{"index":1,"isIgnoredIfFailed":false,"type":"TEST_STEP","name":"Statement - n_btn \u003d com.kms.katalon.core.webui.keyword.WebUiBuiltInKeywords.modifyObjectProperty(com.kms.katalon.core.testobject.ObjectRepository.findTestObject(Syetem_settings/User_Manage/Search/tr_td), \"xpath\", \"equals\", \"//div[@id\u003d\"mainContent\"]/div[2]/div[2]/div[2]/div[2]/div/div[2]/table/tbody/tr[\" + i + \"]/td[\" + j + \"]/div\", true)","message":"Modify property of object successfully","description":"","startTime":1555475853169,"endTime":1555475853556,"childRecords":[{"testStatus":{"stackTrace":"","statusValue":"PASSED"},"type":"MESSAGE","name":"","message":"Modify property of object successfully","startTime":1555475853555,"endTime":0,"childRecords":[],"interuppted":false}],"interuppted":false},{"index":2,"isIgnoredIfFailed":false,"type":"TEST_STEP","name":"verifyElementPresent","message":"Object \u0027Object Repository/Syetem_settings/User_Manage/Search/tr_td\u0027 is present","description":"","startTime":1555475853556,"endTime":1555475853576,"childRecords":[{"testStatus":{"stackTrace":"","statusValue":"PASSED"},"type":"MESSAGE","name":"","message":"Object \u0027Object Repository/Syetem_settings/User_Manage/Search/tr_td\u0027 is present","startTime":1555475853576,"endTime":0,"childRecords":[],"interuppted":false}],"interuppted":false},{"index":3,"isIgnoredIfFailed":false,"type":"TEST_STEP","name":"Statement - data \u003d com.kms.katalon.core.webui.keyword.WebUiBuiltInKeywords.getAttribute(n_btn, \"innerText\")","message":"Attribute \u0027innerText\u0027 of object \u0027Object Repository/Syetem_settings/User_Manage/Search/tr_td\u0027 is: \u0027在职\u0027","description":"","startTime":1555475853576,"endTime":1555475853610,"childRecords":[{"testStatus":{"stackTrace":"","statusValue":"PASSED"},"type":"MESSAGE","name":"","message":"Attribute \u0027innerText\u0027 of object \u0027Object Repository/Syetem_settings/User_Manage/Search/tr_td\u0027 is: \u0027在职\u0027","startTime":1555475853609,"endTime":0,"childRecords":[],"interuppted":false}],"interuppted":false},{"index":4,"isIgnoredIfFailed":false,"type":"TEST_STEP","name":"Statement - userinfo.add(data)","description":"","startTime":1555475854009,"endTime":1555475854012,"childRecords":[],"interuppted":false},{"index":5,"isIgnoredIfFailed":false,"type":"TEST_STEP","name":"Statement - println(userinfo)","description":"","startTime":1555475854012,"endTime":1555475854013,"childRecords":[],"interuppted":false}],"interuppted":false},{"index":9,"isIgnoredIfFailed":false,"type":"TEST_STEP","name":"click","message":"Object: \u0027Object Repository/Syetem_settings/User_Manage/Edit_user_info/edit_first\u0027 is clicked on","description":"","startTime":1555475854014,"endTime":1555475854191,"childRecords":[{"testStatus":{"stackTrace":"","statusValue":"PASSED"},"type":"MESSAGE","name":"","message":"Object: \u0027Object Repository/Syetem_settings/User_Manage/Edit_user_info/edit_first\u0027 is clicked on","startTime":1555475854191,"endTime":0,"childRecords":[],"interuppted":false}],"interuppted":false},{"index":10,"isIgnoredIfFailed":false,"type":"TEST_STEP","name":"delay","message":"Delayed 10 second(s)","description":"","startTime":1555475854192,"endTime":1555475864196,"childRecords":[{"testStatus":{"stackTrace":"","statusValue":"PASSED"},"type":"MESSAGE","name":"","message":"Delayed 10 second(s)","startTime":1555475864194,"endTime":0,"childRecords":[],"interuppted":false}],"interuppted":false},{"index":11,"isIgnoredIfFailed":false,"type":"TEST_STEP","name":"Statement - userdetail \u003d []","description":"","startTime":1555475864196,"endTime":1555475864198,"childRecords":[],"interuppted":false},{"index":12,"isIgnoredIfFailed":false,"type":"TEST_STEP","name":"Statement - name \u003d com.kms.katalon.core.testobject.ObjectRepository.findTestObject(Syetem_settings/User_Manage/Edit_user_info/input_  _realname)","message":"Finding Test Object with id \u0027Object Repository/Syetem_settings/User_Manage/Edit_user_info/input_  _realname\u0027","description":"","startTime":1555475864198,"endTime":1555475864222,"childRecords":[],"interuppted":false},{"index":13,"isIgnoredIfFailed":false,"type":"TEST_STEP","name":"Statement - position \u003d com.kms.katalon.core.testobject.ObjectRepository.findTestObject(Syetem_settings/User_Manage/Edit_user_info/input_  _position)","message":"Finding Test Object with id \u0027Object Repository/Syetem_settings/User_Manage/Edit_user_info/input_  _position\u0027","description":"","startTime":1555475864223,"endTime":1555475864242,"childRecords":[],"interuppted":false},{"index":14,"isIgnoredIfFailed":false,"type":"TEST_STEP","name":"Statement - mobile \u003d com.kms.katalon.core.testobject.ObjectRepository.findTestObject(Syetem_settings/User_Manage/Edit_user_info/input_  _mobile)","message":"Finding Test Object with id \u0027Object Repository/Syetem_settings/User_Manage/Edit_user_info/input_  _mobile\u0027","description":"","startTime":1555475864243,"endTime":1555475864250,"childRecords":[],"interuppted":false},{"index":15,"isIgnoredIfFailed":false,"type":"TEST_STEP","name":"Statement - email \u003d com.kms.katalon.core.testobject.ObjectRepository.findTestObject(Syetem_settings/User_Manage/Edit_user_info/input_  _email)","message":"Finding Test Object with id \u0027Object Repository/Syetem_settings/User_Manage/Edit_user_info/input_  _email\u0027","description":"","startTime":1555475864251,"endTime":1555475864263,"childRecords":[],"interuppted":false},{"index":16,"isIgnoredIfFailed":false,"type":"TEST_STEP","name":"Statement - element1 \u003d com.kms.katalon.core.webui.common.WebUiCommonHelper.findWebElement(name, 30)","message":"Found 1 web elements with id: \u0027Object Repository/Syetem_settings/User_Manage/Edit_user_info/input_  _realname\u0027 located by \u0027By.xpath: //input[@name\u003d\u0027realname\u0027]\u0027 in \u002730\u0027 second(s)","description":"","startTime":1555475864264,"endTime":1555475864347,"childRecords":[],"interuppted":false},{"index":17,"isIgnoredIfFailed":false,"type":"TEST_STEP","name":"Statement - element2 \u003d com.kms.katalon.core.webui.common.WebUiCommonHelper.findWebElement(position, 30)","message":"Found 1 web elements with id: \u0027Object Repository/Syetem_settings/User_Manage/Edit_user_info/input_  _position\u0027 located by \u0027By.xpath: //input[@name\u003d\u0027position\u0027]\u0027 in \u002730\u0027 second(s)","description":"","startTime":1555475864347,"endTime":1555475864371,"childRecords":[],"interuppted":false},{"index":18,"isIgnoredIfFailed":false,"type":"TEST_STEP","name":"Statement - element3 \u003d com.kms.katalon.core.webui.common.WebUiCommonHelper.findWebElement(mobile, 30)","message":"Found 1 web elements with id: \u0027Object Repository/Syetem_settings/User_Manage/Edit_user_info/input_  _mobile\u0027 located by \u0027By.xpath: //input[@name\u003d\u0027mobile\u0027]\u0027 in \u002730\u0027 second(s)","description":"","startTime":1555475864371,"endTime":1555475864434,"childRecords":[],"interuppted":false},{"index":19,"isIgnoredIfFailed":false,"type":"TEST_STEP","name":"Statement - element4 \u003d com.kms.katalon.core.webui.common.WebUiCommonHelper.findWebElement(email, 30)","message":"Found 1 web elements with id: \u0027Object Repository/Syetem_settings/User_Manage/Edit_user_info/input_  _email\u0027 located by \u0027By.xpath: //input[@name\u003d\u0027email\u0027]\u0027 in \u002730\u0027 second(s)","description":"","startTime":1555475864434,"endTime":1555475864459,"childRecords":[],"interuppted":false},{"index":20,"isIgnoredIfFailed":false,"type":"TEST_STEP","name":"Statement - driver \u003d com.kms.katalon.core.webui.driver.DriverFactory.getWebDriver()","description":"","startTime":1555475864460,"endTime":1555475864502,"childRecords":[],"interuppted":false},{"index":21,"isIgnoredIfFailed":false,"type":"TEST_STEP","name":"Statement - js \u003d driver","description":"","startTime":1555475864502,"endTime":1555475864542,"childRecords":[],"interuppted":false},{"index":22,"isIgnoredIfFailed":false,"type":"TEST_STEP","name":"Statement - value1 \u003d js.executeScript(\"return arguments[0].value\", element1).toString()","description":"","startTime":1555475864543,"endTime":1555475864553,"childRecords":[],"interuppted":false},{"index":23,"isIgnoredIfFailed":false,"type":"TEST_STEP","name":"Statement - userdetail.add(value1)","description":"","startTime":1555475864553,"endTime":1555475864554,"childRecords":[],"interuppted":false},{"index":24,"isIgnoredIfFailed":false,"type":"TEST_STEP","name":"Statement - value2 \u003d js.executeScript(\"return arguments[0].value\", element2).toString()","description":"","startTime":1555475864555,"endTime":1555475864563,"childRecords":[],"interuppted":false},{"index":25,"isIgnoredIfFailed":false,"type":"TEST_STEP","name":"Statement - userdetail.add(value2)","description":"","startTime":1555475864563,"endTime":1555475864564,"childRecords":[],"interuppted":false},{"index":26,"isIgnoredIfFailed":false,"type":"TEST_STEP","name":"Statement - value4 \u003d js.executeScript(\"return arguments[0].value\", element4).toString()","description":"","startTime":1555475864565,"endTime":1555475864574,"childRecords":[],"interuppted":false},{"index":27,"isIgnoredIfFailed":false,"type":"TEST_STEP","name":"Statement - userdetail.add(value4)","description":"","startTime":1555475864575,"endTime":1555475864577,"childRecords":[],"interuppted":false},{"index":28,"isIgnoredIfFailed":false,"type":"TEST_STEP","name":"Statement - value3 \u003d js.executeScript(\"return arguments[0].value\", element3).toString()","description":"","startTime":1555475864577,"endTime":1555475864587,"childRecords":[],"interuppted":false},{"index":29,"isIgnoredIfFailed":false,"type":"TEST_STEP","name":"Statement - userdetail.add(value3)","description":"","startTime":1555475864588,"endTime":1555475864589,"childRecords":[],"interuppted":false},{"index":30,"isIgnoredIfFailed":false,"type":"TEST_STEP","name":"Statement - duty \u003d com.kms.katalon.core.webui.common.WebUiCommonHelper.findWebElement(com.kms.katalon.core.testobject.ObjectRepository.findTestObject(Syetem_settings/User_Manage/Edit_user_info/i_), 30)","message":"Found 1 web elements with id: \u0027Object Repository/Syetem_settings/User_Manage/Edit_user_info/i_\u0027 located by \u0027By.xpath: //i[(text() \u003d \u0027\u0027 or . \u003d \u0027\u0027)]\u0027 in \u002730\u0027 second(s)","description":"","startTime":1555475864589,"endTime":1555475864647,"childRecords":[],"interuppted":false},{"index":31,"isIgnoredIfFailed":false,"type":"TEST_STEP","name":"Statement - value5 \u003d js.executeScript(\"return $(\"[name\u003d\u0027state\u0027]\").val()\", duty).toString()","description":"","startTime":1555475864647,"endTime":1555475864655,"childRecords":[],"interuppted":false},{"index":32,"isIgnoredIfFailed":false,"type":"TEST_STEP","name":"Statement - println(value5)","description":"","startTime":1555475864656,"endTime":1555475864657,"childRecords":[],"interuppted":false},{"index":33,"isIgnoredIfFailed":false,"type":"TEST_STEP","name":"Statement - If (value5 \u003d\u003d \"1\")","description":"","startTime":1555475864657,"endTime":1555475864660,"childRecords":[{"index":1,"isIgnoredIfFailed":false,"type":"TEST_STEP","name":"Statement - userdetail.add(\"在职\")","description":"","startTime":1555475864658,"endTime":1555475864659,"childRecords":[],"interuppted":false}],"interuppted":false},{"index":35,"isIgnoredIfFailed":false,"type":"TEST_STEP","name":"Statement - println(userdetail)","description":"","startTime":1555475864660,"endTime":1555475864661,"childRecords":[],"interuppted":false},{"index":36,"isIgnoredIfFailed":false,"type":"TEST_STEP","name":"Statement - If (userinfo \u003d\u003d userdetail)","description":"","startTime":1555475864661,"endTime":1555475864662,"childRecords":[],"interuppted":false},{"index":37,"isIgnoredIfFailed":false,"type":"TEST_STEP","name":"Statement - Else","description":"","startTime":1555475864662,"endTime":1555475864673,"childRecords":[{"index":1,"isIgnoredIfFailed":false,"type":"TEST_STEP","name":"comment","message":"编辑框中的信息与列表中数据不一致","description":"","startTime":1555475864662,"endTime":1555475864663,"childRecords":[],"interuppted":false},{"index":2,"isIgnoredIfFailed":false,"type":"TEST_STEP","name":"Statement - assert false","description":"","startTime":1555475864663,"endTime":1555475864672,"childRecords":[],"interuppted":false}],"interuppted":false},{"testStatus":{"stackTrace":"","statusValue":"FAILED"},"type":"MESSAGE","name":"","message":"Test Cases/002_System_,Manage/001_User_Manage/009_check_userEditpage FAILED because (of) (Stack trace: Assertion failed: \n\nassert false\n\n\r\n\tat org.codehaus.groovy.runtime.InvokerHelper.assertFailed(InvokerHelper.java:402)\r\n\tat org.codehaus.groovy.runtime.ScriptBytecodeAdapter.assertFailed(ScriptBytecodeAdapter.java:650)\r\n\tat Script1555402638307.run(Script1555402638307.groovy:117)\r\n\tat com.kms.katalon.core.main.ScriptEngine.run(ScriptEngine.java:183)\r\n\tat com.kms.katalon.core.main.ScriptEngine.runScriptAsRawText(ScriptEngine.java:108)\r\n\tat com.kms.katalon.core.main.TestCaseExecutor.runScript(TestCaseExecutor.java:294)\r\n\tat com.kms.katalon.core.main.TestCaseExecutor.doExecute(TestCaseExecutor.java:285)\r\n\tat com.kms.katalon.core.main.TestCaseExecutor.processExecutionPhase(TestCaseExecutor.java:264)\r\n\tat com.kms.katalon.core.main.TestCaseExecutor.accessMainPhase(TestCaseExecutor.java:256)\r\n\tat com.kms.katalon.core.main.TestCaseExecutor.execute(TestCaseExecutor.java:200)\r\n\tat com.kms.katalon.core.main.TestSuiteExecutor.accessTestCaseMainPhase(TestSuiteExecutor.java:129)\r\n\tat com.kms.katalon.core.main.TestSuiteExecutor.accessTestSuiteMainPhase(TestSuiteExecutor.java:112)\r\n\tat com.kms.katalon.core.main.TestSuiteExecutor.execute(TestSuiteExecutor.java:81)\r\n\tat com.kms.katalon.core.main.TestCaseMain.startTestSuite(TestCaseMain.java:142)\r\n\tat com.kms.katalon.core.main.TestCaseMain$startTestSuite$0.call(Unknown Source)\r\n\tat org.codehaus.groovy.runtime.callsite.CallSiteArray.defaultCall(CallSiteArray.java:48)\r\n\tat org.codehaus.groovy.runtime.callsite.AbstractCallSite.call(AbstractCallSite.java:113)\r\n\tat org.codehaus.groovy.runtime.callsite.AbstractCallSite.call(AbstractCallSite.java:141)\r\n\tat TempTestSuite1555475817314.run(TempTestSuite1555475817314.groovy:36)\r\n\tat groovy.lang.GroovyShell.runScriptOrMainOrTestOrRunnable(GroovyShell.java:263)\r\n\tat groovy.lang.GroovyShell.run(GroovyShell.java:518)\r\n\tat groovy.lang.GroovyShell.run(GroovyShell.java:507)\r\n\tat groovy.ui.GroovyMain.processOnce(GroovyMain.java:653)\r\n\tat groovy.ui.GroovyMain.run(GroovyMain.java:384)\r\n\tat groovy.ui.GroovyMain.process(GroovyMain.java:370)\r\n\tat groovy.ui.GroovyMain.processArgs(GroovyMain.java:129)\r\n\tat groovy.ui.GroovyMain.main(GroovyMain.java:109)\r\n\tat sun.reflect.NativeMethodAccessorImpl.invoke0(Native Method)\r\n\tat sun.reflect.NativeMethodAccessorImpl.invoke(NativeMethodAccessorImpl.java:62)\r\n\tat sun.reflect.DelegatingMethodAccessorImpl.invoke(DelegatingMethodAccessorImpl.java:43)\r\n\tat java.lang.reflect.Method.invoke(Method.java:498)\r\n\tat org.codehaus.groovy.tools.GroovyStarter.rootLoader(GroovyStarter.java:109)\r\n\tat org.codehaus.groovy.tools.GroovyStarter.main(GroovyStarter.java:131)\r\n)","startTime":1555475864676,"endTime":0,"childRecords":[],"interuppted":false},{"index":-1,"isIgnoredIfFailed":false,"type":"TEST_STEP","name":"Start listener action : sampleAfterTestCase","message":"Invoke \u0027com.kms.katalon.core.annotation.AfterTestCase\u0027 method: \u0027NewTestListener.sampleAfterTestCase(...)\u0027 completed.","description":"","startTime":1555475864678,"endTime":1555475865471,"childRecords":[{"index":1,"isIgnoredIfFailed":false,"type":"TEST_STEP","name":"Statement - println(testCaseContext.getTestCaseId())","description":"","startTime":1555475865044,"endTime":1555475865470,"childRecords":[],"interuppted":false},{"index":2,"isIgnoredIfFailed":false,"type":"TEST_STEP","name":"Statement - println(testCaseContext.getTestCaseStatus())","message":"Invoke \u0027com.kms.katalon.core.annotation.AfterTestCase\u0027 method: \u0027NewTestListener.sampleAfterTestCase(...)\u0027 completed.","description":"","startTime":1555475865470,"endTime":1555475865471,"childRecords":[],"interuppted":false}],"interuppted":false}],"interuppted":false},{"isOptional":false,"type":"TEST_CASE","name":"Test Cases/002_System_,Manage/001_User_Manage/010_Edit_User_error","id":"Test Cases/002_System_,Manage/001_User_Manage/010_Edit_User_error","source":"G:\\\\Auto_Learning\\\\katalon\\\\katalon_project\\\\katalon_project\\\\T2M_Manage\\\\T2M_Manage\\\\Test Cases\\\\002_System_,Manage\\\\001_User_Manage\\\\010_Edit_User_error.tc","message":"Test Cases/002_System_,Manage/001_User_Manage/010_Edit_User_error FAILED because (of) (Stack trace: com.kms.katalon.core.exception.StepFailedException: Unable to click on object \u0027Object Repository/test/button__layui-btn\u0027 (Root cause: org.openqa.selenium.WebDriverException: unknown error: Element \u003cbutton id\u003d\"searchButton\" class\u003d\"layui-btn \" lay-submit\u003d\"\" lay-filter\u003d\"sreachBtn\"\u003e...\u003c/button\u003e is not clickable at point (468, 157). Other element would receive the click: \u003cinput type\u003d\"text\" id\u003d\"editDeptName\" name\u003d\"deptname\" autocomplete\u003d\"off\" placeholder\u003d\"请选择\" readonly\u003d\"\" class\u003d\"layui-input layui-unselect\"\u003e\n  (Session info: headless chrome\u003d73.0.3683.75)\n  (Driver info: chromedriver\u003d2.35.528161 (5b82f2d2aae0ca24b877009200ced9065a772e73),platform\u003dWindows NT 6.1.7601 SP1 x86_64) (WARNING: The server did not provide any stacktrace information)\nCommand duration or timeout: 0 milliseconds\nBuild info: version: \u00273.7.1\u0027, revision: \u00278a0099a\u0027, time: \u00272017-11-06T21:07:36.161Z\u0027\nSystem info: host: \u0027BF-20170623WSST\u0027, ip: \u0027192.168.10.86\u0027, os.name: \u0027Windows 7\u0027, os.arch: \u0027amd64\u0027, os.version: \u00276.1\u0027, java.version: \u00271.8.0_181\u0027\nDriver info: com.kms.katalon.selenium.driver.CChromeDriver\nCapabilities {acceptInsecureCerts: false, acceptSslCerts: false, applicationCacheEnabled: false, browserConnectionEnabled: false, browserName: chrome, chrome: {chromedriverVersion: 2.35.528161 (5b82f2d2aae0ca..., userDataDir: C:\\Users\\ADMINI~1\\AppData\\L...}, cssSelectorsEnabled: true, databaseEnabled: false, handlesAlerts: true, hasTouchScreen: false, javascriptEnabled: true, locationContextEnabled: true, mobileEmulationEnabled: false, nativeEvents: true, networkConnectionEnabled: false, pageLoadStrategy: normal, platform: XP, platformName: XP, rotatable: false, setWindowRect: true, takesHeapSnapshot: true, takesScreenshot: true, unexpectedAlertBehaviour: , unhandledPromptBehavior: , version: 73.0.3683.75, webStorageEnabled: true}\nSession ID: 77689901da01265653f5fe3f198dfa10)\r\n\tat com.kms.katalon.core.keyword.internal.KeywordMain.stepFailed(KeywordMain.groovy:36)\r\n\tat com.kms.katalon.core.webui.keyword.internal.WebUIKeywordMain.stepFailed(WebUIKeywordMain.groovy:65)\r\n\tat com.kms.katalon.core.webui.keyword.internal.WebUIKeywordMain.runKeyword(WebUIKeywordMain.groovy:27)\r\n\tat com.kms.katalon.core.webui.keyword.builtin.ClickKeyword.click(ClickKeyword.groovy:86)\r\n\tat com.kms.katalon.core.webui.keyword.builtin.ClickKeyword.execute(ClickKeyword.groovy:67)\r\n\tat com.kms.katalon.core.keyword.internal.KeywordExecutor.executeKeywordForPlatform(KeywordExecutor.groovy:53)\r\n\tat com.kms.katalon.core.webui.keyword.WebUiBuiltInKeywords.click(WebUiBuiltInKeywords.groovy:616)\r\n\tat com.kms.katalon.core.webui.keyword.WebUiBuiltInKeywords$click$4.call(Unknown Source)\r\n\tat org.codehaus.groovy.runtime.callsite.CallSiteArray.defaultCall(CallSiteArray.java:48)\r\n\tat org.codehaus.groovy.runtime.callsite.AbstractCallSite.call(AbstractCallSite.java:113)\r\n\tat org.codehaus.groovy.runtime.callsite.AbstractCallSite.call(AbstractCallSite.java:125)\r\n\tat Script1555403928934.run(Script1555403928934.groovy:35)\r\n\tat com.kms.katalon.core.main.ScriptEngine.run(ScriptEngine.java:183)\r\n\tat com.kms.katalon.core.main.ScriptEngine.runScriptAsRawText(ScriptEngine.java:108)\r\n\tat com.kms.katalon.core.main.TestCaseExecutor.runScript(TestCaseExecutor.java:294)\r\n\tat com.kms.katalon.core.main.TestCaseExecutor.doExecute(TestCaseExecutor.java:285)\r\n\tat com.kms.katalon.core.main.TestCaseExecutor.processExecutionPhase(TestCaseExecutor.java:264)\r\n\tat com.kms.katalon.core.main.TestCaseExecutor.accessMainPhase(TestCaseExecutor.java:256)\r\n\tat com.kms.katalon.core.main.TestCaseExecutor.execute(TestCaseExecutor.java:200)\r\n\tat com.kms.katalon.core.main.TestSuiteExecutor.accessTestCaseMainPhase(TestSuiteExecutor.java:129)\r\n\tat com.kms.katalon.core.main.TestSuiteExecutor.accessTestSuiteMainPhase(TestSuiteExecutor.java:112)\r\n\tat com.kms.katalon.core.main.TestSuiteExecutor.execute(TestSuiteExecutor.java:81)\r\n\tat com.kms.katalon.core.main.TestCaseMain.startTestSuite(TestCaseMain.java:142)\r\n\tat com.kms.katalon.core.main.TestCaseMain$startTestSuite$0.call(Unknown Source)\r\n\tat org.codehaus.groovy.runtime.callsite.CallSiteArray.defaultCall(CallSiteArray.java:48)\r\n\tat org.codehaus.groovy.runtime.callsite.AbstractCallSite.call(AbstractCallSite.java:113)\r\n\tat org.codehaus.groovy.runtime.callsite.AbstractCallSite.call(AbstractCallSite.java:141)\r\n\tat TempTestSuite1555475817314.run(TempTestSuite1555475817314.groovy:36)\r\n\tat groovy.lang.GroovyShell.runScriptOrMainOrTestOrRunnable(GroovyShell.java:263)\r\n\tat groovy.lang.GroovyShell.run(GroovyShell.java:518)\r\n\tat groovy.lang.GroovyShell.run(GroovyShell.java:507)\r\n\tat groovy.ui.GroovyMain.processOnce(GroovyMain.java:653)\r\n\tat groovy.ui.GroovyMain.run(GroovyMain.java:384)\r\n\tat groovy.ui.GroovyMain.process(GroovyMain.java:370)\r\n\tat groovy.ui.GroovyMain.processArgs(GroovyMain.java:129)\r\n\tat groovy.ui.GroovyMain.main(GroovyMain.java:109)\r\n\tat sun.reflect.NativeMethodAccessorImpl.invoke0(Native Method)\r\n\tat sun.reflect.NativeMethodAccessorImpl.invoke(NativeMethodAccessorImpl.java:62)\r\n\tat sun.reflect.DelegatingMethodAccessorImpl.invoke(DelegatingMethodAccessorImpl.java:43)\r\n\tat java.lang.reflect.Method.invoke(Method.java:498)\r\n\tat org.codehaus.groovy.tools.GroovyStarter.rootLoader(GroovyStarter.java:109)\r\n\tat org.codehaus.groovy.tools.GroovyStarter.main(GroovyStarter.java:131)\r\n)","description":"1.搜索人员，并编辑第一个。\n验证当必填项为空的时候，应该对应弹出提示；\n验证邮箱格式不对的时候，演出对应提示；验证号码只能支持数字输入，其他字符无法输入","startTime":1555475867503,"endTime":1555475872587,"childRecords":[{"testStatus":{"stackTrace":"","statusValue":"INFO"},"type":"MESSAGE","name":"","message":"Evaluating variables for test case","startTime":1555475867535,"endTime":0,"childRecords":[],"interuppted":false},{"testStatus":{"stackTrace":"","statusValue":"INFO"},"type":"MESSAGE","name":"","message":"Variable \u0027username\u0027 is set to 林 as default","startTime":1555475867545,"endTime":0,"childRecords":[],"interuppted":false},{"testStatus":{"stackTrace":"","statusValue":"INFO"},"type":"MESSAGE","name":"","message":"Variable \u0027edit_user\u0027 is set to 编辑用户测试 as default","startTime":1555475867552,"endTime":0,"childRecords":[],"interuppted":false},{"testStatus":{"stackTrace":"","statusValue":"INFO"},"type":"MESSAGE","name":"","message":"Variable \u0027edit_position\u0027 is set to 编辑岗位测试 as default","startTime":1555475867561,"endTime":0,"childRecords":[],"interuppted":false},{"testStatus":{"stackTrace":"","statusValue":"INFO"},"type":"MESSAGE","name":"","message":"Variable \u0027edit_mobile\u0027 is set to 15265478595 as default","startTime":1555475867569,"endTime":0,"childRecords":[],"interuppted":false},{"testStatus":{"stackTrace":"","statusValue":"INFO"},"type":"MESSAGE","name":"","message":"Variable \u0027edit_email\u0027 is set to 15456 as default","startTime":1555475867576,"endTime":0,"childRecords":[],"interuppted":false},{"testStatus":{"stackTrace":"","statusValue":"INFO"},"type":"MESSAGE","name":"","message":"Variable \u0027empty_user\u0027 is set to  as default","startTime":1555475867583,"endTime":0,"childRecords":[],"interuppted":false},{"testStatus":{"stackTrace":"","statusValue":"INFO"},"type":"MESSAGE","name":"","message":"Variable \u0027empty_position\u0027 is set to  as default","startTime":1555475867592,"endTime":0,"childRecords":[],"interuppted":false},{"testStatus":{"stackTrace":"","statusValue":"INFO"},"type":"MESSAGE","name":"","message":"Variable \u0027empty_mobile\u0027 is set to  as default","startTime":1555475867600,"endTime":0,"childRecords":[],"interuppted":false},{"testStatus":{"stackTrace":"","statusValue":"INFO"},"type":"MESSAGE","name":"","message":"Variable \u0027empty_email\u0027 is set to  as default","startTime":1555475867608,"endTime":0,"childRecords":[],"interuppted":false},{"index":-1,"isIgnoredIfFailed":false,"type":"TEST_STEP","name":"Start listener action : sampleBeforeTestCase","message":"Invoke \u0027com.kms.katalon.core.annotation.BeforeTestCase\u0027 method: \u0027NewTestListener.sampleBeforeTestCase(...)\u0027 completed.","description":"","startTime":1555475867608,"endTime":1555475867612,"childRecords":[{"index":1,"isIgnoredIfFailed":false,"type":"TEST_STEP","name":"Statement - println(testCaseContext.getTestCaseId())","description":"","startTime":1555475867609,"endTime":1555475867610,"childRecords":[],"interuppted":false},{"index":2,"isIgnoredIfFailed":false,"type":"TEST_STEP","name":"Statement - println(testCaseContext.getTestCaseVariables())","message":"Invoke \u0027com.kms.katalon.core.annotation.BeforeTestCase\u0027 method: \u0027NewTestListener.sampleBeforeTestCase(...)\u0027 completed.","description":"","startTime":1555475867611,"endTime":1555475867612,"childRecords":[],"interuppted":false}],"interuppted":false},{"index":1,"isIgnoredIfFailed":false,"type":"TEST_STEP","name":"callTestCase","message":"NOT_RUN: callTestCase","description":"","startTime":1555475867881,"endTime":1555475867883,"childRecords":[{"testStatus":{"stackTrace":"","statusValue":"NOT_RUN"},"type":"MESSAGE","name":"","message":"NOT_RUN: callTestCase","startTime":1555475867883,"endTime":0,"childRecords":[],"interuppted":false}],"interuppted":false},{"index":2,"isIgnoredIfFailed":false,"type":"TEST_STEP","name":"maximizeWindow","message":"Current window maximized","description":"","startTime":1555475867884,"endTime":1555475869024,"childRecords":[{"testStatus":{"stackTrace":"","statusValue":"PASSED"},"type":"MESSAGE","name":"","message":"Current window maximized","startTime":1555475869023,"endTime":0,"childRecords":[],"interuppted":false}],"interuppted":false},{"index":3,"isIgnoredIfFailed":false,"type":"TEST_STEP","name":"setText","message":"Text \u0027林\u0027 is set on object \u0027Object Repository/test/input__keyword\u0027","description":"","startTime":1555475869024,"endTime":1555475869134,"childRecords":[{"testStatus":{"stackTrace":"","statusValue":"PASSED"},"type":"MESSAGE","name":"","message":"Text \u0027林\u0027 is set on object \u0027Object Repository/test/input__keyword\u0027","startTime":1555475869134,"endTime":0,"childRecords":[],"interuppted":false}],"interuppted":false},{"index":4,"isIgnoredIfFailed":false,"type":"TEST_STEP","name":"delay","message":"Delayed 1 second(s)","description":"","startTime":1555475869134,"endTime":1555475870152,"childRecords":[{"testStatus":{"stackTrace":"","statusValue":"PASSED"},"type":"MESSAGE","name":"","message":"Delayed 1 second(s)","startTime":1555475870152,"endTime":0,"childRecords":[],"interuppted":false}],"interuppted":false},{"attachment":"1555475870298.png","index":5,"isIgnoredIfFailed":false,"type":"TEST_STEP","name":"click","message":"Unable to click on object \u0027Object Repository/test/button__layui-btn\u0027 (Root cause: org.openqa.selenium.WebDriverException: unknown error: Element \u003cbutton id\u003d\"searchButton\" class\u003d\"layui-btn \" lay-submit\u003d\"\" lay-filter\u003d\"sreachBtn\"\u003e...\u003c/button\u003e is not clickable at point (468, 157). Other element would receive the click: \u003cinput type\u003d\"text\" id\u003d\"editDeptName\" name\u003d\"deptname\" autocomplete\u003d\"off\" placeholder\u003d\"请选择\" readonly\u003d\"\" class\u003d\"layui-input layui-unselect\"\u003e\n  (Session info: headless chrome\u003d73.0.3683.75)\n  (Driver info: chromedriver\u003d2.35.528161 (5b82f2d2aae0ca24b877009200ced9065a772e73),platform\u003dWindows NT 6.1.7601 SP1 x86_64) (WARNING: The server did not provide any stacktrace information)\nCommand duration or timeout: 0 milliseconds\nBuild info: version: \u00273.7.1\u0027, revision: \u00278a0099a\u0027, time: \u00272017-11-06T21:07:36.161Z\u0027\nSystem info: host: \u0027BF-20170623WSST\u0027, ip: \u0027192.168.10.86\u0027, os.name: \u0027Windows 7\u0027, os.arch: \u0027amd64\u0027, os.version: \u00276.1\u0027, java.version: \u00271.8.0_181\u0027\nDriver info: com.kms.katalon.selenium.driver.CChromeDriver\nCapabilities {acceptInsecureCerts: false, acceptSslCerts: false, applicationCacheEnabled: false, browserConnectionEnabled: false, browserName: chrome, chrome: {chromedriverVersion: 2.35.528161 (5b82f2d2aae0ca..., userDataDir: C:\\Users\\ADMINI~1\\AppData\\L...}, cssSelectorsEnabled: true, databaseEnabled: false, handlesAlerts: true, hasTouchScreen: false, javascriptEnabled: true, locationContextEnabled: true, mobileEmulationEnabled: false, nativeEvents: true, networkConnectionEnabled: false, pageLoadStrategy: normal, platform: XP, platformName: XP, rotatable: false, setWindowRect: true, takesHeapSnapshot: true, takesScreenshot: true, unexpectedAlertBehaviour: , unhandledPromptBehavior: , version: 73.0.3683.75, webStorageEnabled: true}\nSession ID: 77689901da01265653f5fe3f198dfa10)","description":"","startTime":1555475870153,"endTime":1555475870540,"childRecords":[{"testStatus":{"stackTrace":"","statusValue":"FAILED"},"attachment":"1555475870298.png","type":"MESSAGE","name":"","message":"Unable to click on object \u0027Object Repository/test/button__layui-btn\u0027 (Root cause: org.openqa.selenium.WebDriverException: unknown error: Element \u003cbutton id\u003d\"searchButton\" class\u003d\"layui-btn \" lay-submit\u003d\"\" lay-filter\u003d\"sreachBtn\"\u003e...\u003c/button\u003e is not clickable at point (468, 157). Other element would receive the click: \u003cinput type\u003d\"text\" id\u003d\"editDeptName\" name\u003d\"deptname\" autocomplete\u003d\"off\" placeholder\u003d\"请选择\" readonly\u003d\"\" class\u003d\"layui-input layui-unselect\"\u003e\n  (Session info: headless chrome\u003d73.0.3683.75)\n  (Driver info: chromedriver\u003d2.35.528161 (5b82f2d2aae0ca24b877009200ced9065a772e73),platform\u003dWindows NT 6.1.7601 SP1 x86_64) (WARNING: The server did not provide any stacktrace information)\nCommand duration or timeout: 0 milliseconds\nBuild info: version: \u00273.7.1\u0027, revision: \u00278a0099a\u0027, time: \u00272017-11-06T21:07:36.161Z\u0027\nSystem info: host: \u0027BF-20170623WSST\u0027, ip: \u0027192.168.10.86\u0027, os.name: \u0027Windows 7\u0027, os.arch: \u0027amd64\u0027, os.version: \u00276.1\u0027, java.version: \u00271.8.0_181\u0027\nDriver info: com.kms.katalon.selenium.driver.CChromeDriver\nCapabilities {acceptInsecureCerts: false, acceptSslCerts: false, applicationCacheEnabled: false, browserConnectionEnabled: false, browserName: chrome, chrome: {chromedriverVersion: 2.35.528161 (5b82f2d2aae0ca..., userDataDir: C:\\Users\\ADMINI~1\\AppData\\L...}, cssSelectorsEnabled: true, databaseEnabled: false, handlesAlerts: true, hasTouchScreen: false, javascriptEnabled: true, locationContextEnabled: true, mobileEmulationEnabled: false, nativeEvents: true, networkConnectionEnabled: false, pageLoadStrategy: normal, platform: XP, platformName: XP, rotatable: false, setWindowRect: true, takesHeapSnapshot: true, takesScreenshot: true, unexpectedAlertBehaviour: , unhandledPromptBehavior: , version: 73.0.3683.75, webStorageEnabled: true}\nSession ID: 77689901da01265653f5fe3f198dfa10)","startTime":1555475870539,"endTime":0,"childRecords":[],"interuppted":false}],"interuppted":false},{"testStatus":{"stackTrace":"","statusValue":"FAILED"},"type":"MESSAGE","name":"","message":"Test Cases/002_System_,Manage/001_User_Manage/010_Edit_User_error FAILED because (of) (Stack trace: com.kms.katalon.core.exception.StepFailedException: Unable to click on object \u0027Object Repository/test/button__layui-btn\u0027 (Root cause: org.openqa.selenium.WebDriverException: unknown error: Element \u003cbutton id\u003d\"searchButton\" class\u003d\"layui-btn \" lay-submit\u003d\"\" lay-filter\u003d\"sreachBtn\"\u003e...\u003c/button\u003e is not clickable at point (468, 157). Other element would receive the click: \u003cinput type\u003d\"text\" id\u003d\"editDeptName\" name\u003d\"deptname\" autocomplete\u003d\"off\" placeholder\u003d\"请选择\" readonly\u003d\"\" class\u003d\"layui-input layui-unselect\"\u003e\n  (Session info: headless chrome\u003d73.0.3683.75)\n  (Driver info: chromedriver\u003d2.35.528161 (5b82f2d2aae0ca24b877009200ced9065a772e73),platform\u003dWindows NT 6.1.7601 SP1 x86_64) (WARNING: The server did not provide any stacktrace information)\nCommand duration or timeout: 0 milliseconds\nBuild info: version: \u00273.7.1\u0027, revision: \u00278a0099a\u0027, time: \u00272017-11-06T21:07:36.161Z\u0027\nSystem info: host: \u0027BF-20170623WSST\u0027, ip: \u0027192.168.10.86\u0027, os.name: \u0027Windows 7\u0027, os.arch: \u0027amd64\u0027, os.version: \u00276.1\u0027, java.version: \u00271.8.0_181\u0027\nDriver info: com.kms.katalon.selenium.driver.CChromeDriver\nCapabilities {acceptInsecureCerts: false, acceptSslCerts: false, applicationCacheEnabled: false, browserConnectionEnabled: false, browserName: chrome, chrome: {chromedriverVersion: 2.35.528161 (5b82f2d2aae0ca..., userDataDir: C:\\Users\\ADMINI~1\\AppData\\L...}, cssSelectorsEnabled: true, databaseEnabled: false, handlesAlerts: true, hasTouchScreen: false, javascriptEnabled: true, locationContextEnabled: true, mobileEmulationEnabled: false, nativeEvents: true, networkConnectionEnabled: false, pageLoadStrategy: normal, platform: XP, platformName: XP, rotatable: false, setWindowRect: true, takesHeapSnapshot: true, takesScreenshot: true, unexpectedAlertBehaviour: , unhandledPromptBehavior: , version: 73.0.3683.75, webStorageEnabled: true}\nSession ID: 77689901da01265653f5fe3f198dfa10)\r\n\tat com.kms.katalon.core.keyword.internal.KeywordMain.stepFailed(KeywordMain.groovy:36)\r\n\tat com.kms.katalon.core.webui.keyword.internal.WebUIKeywordMain.stepFailed(WebUIKeywordMain.groovy:65)\r\n\tat com.kms.katalon.core.webui.keyword.internal.WebUIKeywordMain.runKeyword(WebUIKeywordMain.groovy:27)\r\n\tat com.kms.katalon.core.webui.keyword.builtin.ClickKeyword.click(ClickKeyword.groovy:86)\r\n\tat com.kms.katalon.core.webui.keyword.builtin.ClickKeyword.execute(ClickKeyword.groovy:67)\r\n\tat com.kms.katalon.core.keyword.internal.KeywordExecutor.executeKeywordForPlatform(KeywordExecutor.groovy:53)\r\n\tat com.kms.katalon.core.webui.keyword.WebUiBuiltInKeywords.click(WebUiBuiltInKeywords.groovy:616)\r\n\tat com.kms.katalon.core.webui.keyword.WebUiBuiltInKeywords$click$4.call(Unknown Source)\r\n\tat org.codehaus.groovy.runtime.callsite.CallSiteArray.defaultCall(CallSiteArray.java:48)\r\n\tat org.codehaus.groovy.runtime.callsite.AbstractCallSite.call(AbstractCallSite.java:113)\r\n\tat org.codehaus.groovy.runtime.callsite.AbstractCallSite.call(AbstractCallSite.java:125)\r\n\tat Script1555403928934.run(Script1555403928934.groovy:35)\r\n\tat com.kms.katalon.core.main.ScriptEngine.run(ScriptEngine.java:183)\r\n\tat com.kms.katalon.core.main.ScriptEngine.runScriptAsRawText(ScriptEngine.java:108)\r\n\tat com.kms.katalon.core.main.TestCaseExecutor.runScript(TestCaseExecutor.java:294)\r\n\tat com.kms.katalon.core.main.TestCaseExecutor.doExecute(TestCaseExecutor.java:285)\r\n\tat com.kms.katalon.core.main.TestCaseExecutor.processExecutionPhase(TestCaseExecutor.java:264)\r\n\tat com.kms.katalon.core.main.TestCaseExecutor.accessMainPhase(TestCaseExecutor.java:256)\r\n\tat com.kms.katalon.core.main.TestCaseExecutor.execute(TestCaseExecutor.java:200)\r\n\tat com.kms.katalon.core.main.TestSuiteExecutor.accessTestCaseMainPhase(TestSuiteExecutor.java:129)\r\n\tat com.kms.katalon.core.main.TestSuiteExecutor.accessTestSuiteMainPhase(TestSuiteExecutor.java:112)\r\n\tat com.kms.katalon.core.main.TestSuiteExecutor.execute(TestSuiteExecutor.java:81)\r\n\tat com.kms.katalon.core.main.TestCaseMain.startTestSuite(TestCaseMain.java:142)\r\n\tat com.kms.katalon.core.main.TestCaseMain$startTestSuite$0.call(Unknown Source)\r\n\tat org.codehaus.groovy.runtime.callsite.CallSiteArray.defaultCall(CallSiteArray.java:48)\r\n\tat org.codehaus.groovy.runtime.callsite.AbstractCallSite.call(AbstractCallSite.java:113)\r\n\tat org.codehaus.groovy.runtime.callsite.AbstractCallSite.call(AbstractCallSite.java:141)\r\n\tat TempTestSuite1555475817314.run(TempTestSuite1555475817314.groovy:36)\r\n\tat groovy.lang.GroovyShell.runScriptOrMainOrTestOrRunnable(GroovyShell.java:263)\r\n\tat groovy.lang.GroovyShell.run(GroovyShell.java:518)\r\n\tat groovy.lang.GroovyShell.run(GroovyShell.java:507)\r\n\tat groovy.ui.GroovyMain.processOnce(GroovyMain.java:653)\r\n\tat groovy.ui.GroovyMain.run(GroovyMain.java:384)\r\n\tat groovy.ui.GroovyMain.process(GroovyMain.java:370)\r\n\tat groovy.ui.GroovyMain.processArgs(GroovyMain.java:129)\r\n\tat groovy.ui.GroovyMain.main(GroovyMain.java:109)\r\n\tat sun.reflect.NativeMethodAccessorImpl.invoke0(Native Method)\r\n\tat sun.reflect.NativeMethodAccessorImpl.invoke(NativeMethodAccessorImpl.java:62)\r\n\tat sun.reflect.DelegatingMethodAccessorImpl.invoke(DelegatingMethodAccessorImpl.java:43)\r\n\tat java.lang.reflect.Method.invoke(Method.java:498)\r\n\tat org.codehaus.groovy.tools.GroovyStarter.rootLoader(GroovyStarter.java:109)\r\n\tat org.codehaus.groovy.tools.GroovyStarter.main(GroovyStarter.java:131)\r\n)","startTime":1555475870556,"endTime":0,"childRecords":[],"interuppted":false},{"index":-1,"isIgnoredIfFailed":false,"type":"TEST_STEP","name":"Start listener action : sampleAfterTestCase","message":"Invoke \u0027com.kms.katalon.core.annotation.AfterTestCase\u0027 method: \u0027NewTestListener.sampleAfterTestCase(...)\u0027 completed.","description":"","startTime":1555475870572,"endTime":1555475870580,"childRecords":[{"index":1,"isIgnoredIfFailed":false,"type":"TEST_STEP","name":"Statement - println(testCaseContext.getTestCaseId())","description":"","startTime":1555475870573,"endTime":1555475870575,"childRecords":[],"interuppted":false},{"index":2,"isIgnoredIfFailed":false,"type":"TEST_STEP","name":"Statement - println(testCaseContext.getTestCaseStatus())","message":"Invoke \u0027com.kms.katalon.core.annotation.AfterTestCase\u0027 method: \u0027NewTestListener.sampleAfterTestCase(...)\u0027 completed.","description":"","startTime":1555475870575,"endTime":1555475870580,"childRecords":[],"interuppted":false}],"interuppted":false}],"interuppted":false},{"isOptional":false,"type":"TEST_CASE","name":"Test Cases/002_System_,Manage/001_User_Manage/011_edit_user_normal","id":"Test Cases/002_System_,Manage/001_User_Manage/011_edit_user_normal","source":"G:\\\\Auto_Learning\\\\katalon\\\\katalon_project\\\\katalon_project\\\\T2M_Manage\\\\T2M_Manage\\\\Test Cases\\\\002_System_,Manage\\\\001_User_Manage\\\\011_edit_user_normal.tc","message":"Test Cases/002_System_,Manage/001_User_Manage/011_edit_user_normal FAILED because (of) (Stack trace: com.kms.katalon.core.exception.StepFailedException: Unable to click on object \u0027Object Repository/test/button__layui-btn\u0027 (Root cause: org.openqa.selenium.WebDriverException: unknown error: Element \u003cbutton id\u003d\"searchButton\" class\u003d\"layui-btn \" lay-submit\u003d\"\" lay-filter\u003d\"sreachBtn\"\u003e...\u003c/button\u003e is not clickable at point (468, 157). Other element would receive the click: \u003cinput type\u003d\"text\" id\u003d\"editDeptName\" name\u003d\"deptname\" autocomplete\u003d\"off\" placeholder\u003d\"请选择\" readonly\u003d\"\" class\u003d\"layui-input layui-unselect\"\u003e\n  (Session info: headless chrome\u003d73.0.3683.75)\n  (Driver info: chromedriver\u003d2.35.528161 (5b82f2d2aae0ca24b877009200ced9065a772e73),platform\u003dWindows NT 6.1.7601 SP1 x86_64) (WARNING: The server did not provide any stacktrace information)\nCommand duration or timeout: 0 milliseconds\nBuild info: version: \u00273.7.1\u0027, revision: \u00278a0099a\u0027, time: \u00272017-11-06T21:07:36.161Z\u0027\nSystem info: host: \u0027BF-20170623WSST\u0027, ip: \u0027192.168.10.86\u0027, os.name: \u0027Windows 7\u0027, os.arch: \u0027amd64\u0027, os.version: \u00276.1\u0027, java.version: \u00271.8.0_181\u0027\nDriver info: com.kms.katalon.selenium.driver.CChromeDriver\nCapabilities {acceptInsecureCerts: false, acceptSslCerts: false, applicationCacheEnabled: false, browserConnectionEnabled: false, browserName: chrome, chrome: {chromedriverVersion: 2.35.528161 (5b82f2d2aae0ca..., userDataDir: C:\\Users\\ADMINI~1\\AppData\\L...}, cssSelectorsEnabled: true, databaseEnabled: false, handlesAlerts: true, hasTouchScreen: false, javascriptEnabled: true, locationContextEnabled: true, mobileEmulationEnabled: false, nativeEvents: true, networkConnectionEnabled: false, pageLoadStrategy: normal, platform: XP, platformName: XP, rotatable: false, setWindowRect: true, takesHeapSnapshot: true, takesScreenshot: true, unexpectedAlertBehaviour: , unhandledPromptBehavior: , version: 73.0.3683.75, webStorageEnabled: true}\nSession ID: 77689901da01265653f5fe3f198dfa10)\r\n\tat com.kms.katalon.core.keyword.internal.KeywordMain.stepFailed(KeywordMain.groovy:36)\r\n\tat com.kms.katalon.core.webui.keyword.internal.WebUIKeywordMain.stepFailed(WebUIKeywordMain.groovy:65)\r\n\tat com.kms.katalon.core.webui.keyword.internal.WebUIKeywordMain.runKeyword(WebUIKeywordMain.groovy:27)\r\n\tat com.kms.katalon.core.webui.keyword.builtin.ClickKeyword.click(ClickKeyword.groovy:86)\r\n\tat com.kms.katalon.core.webui.keyword.builtin.ClickKeyword.execute(ClickKeyword.groovy:67)\r\n\tat com.kms.katalon.core.keyword.internal.KeywordExecutor.executeKeywordForPlatform(KeywordExecutor.groovy:53)\r\n\tat com.kms.katalon.core.webui.keyword.WebUiBuiltInKeywords.click(WebUiBuiltInKeywords.groovy:616)\r\n\tat com.kms.katalon.core.webui.keyword.WebUiBuiltInKeywords$click$4.call(Unknown Source)\r\n\tat org.codehaus.groovy.runtime.callsite.CallSiteArray.defaultCall(CallSiteArray.java:48)\r\n\tat org.codehaus.groovy.runtime.callsite.AbstractCallSite.call(AbstractCallSite.java:113)\r\n\tat org.codehaus.groovy.runtime.callsite.AbstractCallSite.call(AbstractCallSite.java:125)\r\n\tat Script1555406402089.run(Script1555406402089.groovy:25)\r\n\tat com.kms.katalon.core.main.ScriptEngine.run(ScriptEngine.java:183)\r\n\tat com.kms.katalon.core.main.ScriptEngine.runScriptAsRawText(ScriptEngine.java:108)\r\n\tat com.kms.katalon.core.main.TestCaseExecutor.runScript(TestCaseExecutor.java:294)\r\n\tat com.kms.katalon.core.main.TestCaseExecutor.doExecute(TestCaseExecutor.java:285)\r\n\tat com.kms.katalon.core.main.TestCaseExecutor.processExecutionPhase(TestCaseExecutor.java:264)\r\n\tat com.kms.katalon.core.main.TestCaseExecutor.accessMainPhase(TestCaseExecutor.java:256)\r\n\tat com.kms.katalon.core.main.TestCaseExecutor.execute(TestCaseExecutor.java:200)\r\n\tat com.kms.katalon.core.main.TestSuiteExecutor.accessTestCaseMainPhase(TestSuiteExecutor.java:129)\r\n\tat com.kms.katalon.core.main.TestSuiteExecutor.accessTestSuiteMainPhase(TestSuiteExecutor.java:112)\r\n\tat com.kms.katalon.core.main.TestSuiteExecutor.execute(TestSuiteExecutor.java:81)\r\n\tat com.kms.katalon.core.main.TestCaseMain.startTestSuite(TestCaseMain.java:142)\r\n\tat com.kms.katalon.core.main.TestCaseMain$startTestSuite$0.call(Unknown Source)\r\n\tat org.codehaus.groovy.runtime.callsite.CallSiteArray.defaultCall(CallSiteArray.java:48)\r\n\tat org.codehaus.groovy.runtime.callsite.AbstractCallSite.call(AbstractCallSite.java:113)\r\n\tat org.codehaus.groovy.runtime.callsite.AbstractCallSite.call(AbstractCallSite.java:141)\r\n\tat TempTestSuite1555475817314.run(TempTestSuite1555475817314.groovy:36)\r\n\tat groovy.lang.GroovyShell.runScriptOrMainOrTestOrRunnable(GroovyShell.java:263)\r\n\tat groovy.lang.GroovyShell.run(GroovyShell.java:518)\r\n\tat groovy.lang.GroovyShell.run(GroovyShell.java:507)\r\n\tat groovy.ui.GroovyMain.processOnce(GroovyMain.java:653)\r\n\tat groovy.ui.GroovyMain.run(GroovyMain.java:384)\r\n\tat groovy.ui.GroovyMain.process(GroovyMain.java:370)\r\n\tat groovy.ui.GroovyMain.processArgs(GroovyMain.java:129)\r\n\tat groovy.ui.GroovyMain.main(GroovyMain.java:109)\r\n\tat sun.reflect.NativeMethodAccessorImpl.invoke0(Native Method)\r\n\tat sun.reflect.NativeMethodAccessorImpl.invoke(NativeMethodAccessorImpl.java:62)\r\n\tat sun.reflect.DelegatingMethodAccessorImpl.invoke(DelegatingMethodAccessorImpl.java:43)\r\n\tat java.lang.reflect.Method.invoke(Method.java:498)\r\n\tat org.codehaus.groovy.tools.GroovyStarter.rootLoader(GroovyStarter.java:109)\r\n\tat org.codehaus.groovy.tools.GroovyStarter.main(GroovyStarter.java:131)\r\n)","description":"信息全部输入，或者支持不填写邮箱，保存成功。最后通过搜索刚才编辑的用户，验证是否成功编辑。","startTime":1555475872597,"endTime":1555475876317,"childRecords":[{"testStatus":{"stackTrace":"","statusValue":"INFO"},"type":"MESSAGE","name":"","message":"Evaluating variables for test case","startTime":1555475872610,"endTime":0,"childRecords":[],"interuppted":false},{"testStatus":{"stackTrace":"","statusValue":"INFO"},"type":"MESSAGE","name":"","message":"Variable \u0027usersearch\u0027 is set to 林 as default","startTime":1555475872619,"endTime":0,"childRecords":[],"interuppted":false},{"testStatus":{"stackTrace":"","statusValue":"INFO"},"type":"MESSAGE","name":"","message":"Variable \u0027username\u0027 is set to 编辑姓名11 as default","startTime":1555475872627,"endTime":0,"childRecords":[],"interuppted":false},{"testStatus":{"stackTrace":"","statusValue":"INFO"},"type":"MESSAGE","name":"","message":"Variable \u0027position\u0027 is set to tester as default","startTime":1555475872637,"endTime":0,"childRecords":[],"interuppted":false},{"testStatus":{"stackTrace":"","statusValue":"INFO"},"type":"MESSAGE","name":"","message":"Variable \u0027mobile\u0027 is set to 154876865365 as default","startTime":1555475872644,"endTime":0,"childRecords":[],"interuppted":false},{"testStatus":{"stackTrace":"","statusValue":"INFO"},"type":"MESSAGE","name":"","message":"Variable \u0027email\u0027 is set to 752658458@qq.com as default","startTime":1555475872653,"endTime":0,"childRecords":[],"interuppted":false},{"index":-1,"isIgnoredIfFailed":false,"type":"TEST_STEP","name":"Start listener action : sampleBeforeTestCase","message":"Invoke \u0027com.kms.katalon.core.annotation.BeforeTestCase\u0027 method: \u0027NewTestListener.sampleBeforeTestCase(...)\u0027 completed.","description":"","startTime":1555475872653,"endTime":1555475872656,"childRecords":[{"index":1,"isIgnoredIfFailed":false,"type":"TEST_STEP","name":"Statement - println(testCaseContext.getTestCaseId())","description":"","startTime":1555475872654,"endTime":1555475872654,"childRecords":[],"interuppted":false},{"index":2,"isIgnoredIfFailed":false,"type":"TEST_STEP","name":"Statement - println(testCaseContext.getTestCaseVariables())","message":"Invoke \u0027com.kms.katalon.core.annotation.BeforeTestCase\u0027 method: \u0027NewTestListener.sampleBeforeTestCase(...)\u0027 completed.","description":"","startTime":1555475872655,"endTime":1555475872656,"childRecords":[],"interuppted":false}],"interuppted":false},{"index":1,"isIgnoredIfFailed":false,"type":"TEST_STEP","name":"callTestCase","message":"NOT_RUN: callTestCase","description":"","startTime":1555475872836,"endTime":1555475872837,"childRecords":[{"testStatus":{"stackTrace":"","statusValue":"NOT_RUN"},"type":"MESSAGE","name":"","message":"NOT_RUN: callTestCase","startTime":1555475872837,"endTime":0,"childRecords":[],"interuppted":false}],"interuppted":false},{"index":2,"isIgnoredIfFailed":false,"type":"TEST_STEP","name":"maximizeWindow","message":"Current window maximized","description":"","startTime":1555475872837,"endTime":1555475872844,"childRecords":[{"testStatus":{"stackTrace":"","statusValue":"PASSED"},"type":"MESSAGE","name":"","message":"Current window maximized","startTime":1555475872844,"endTime":0,"childRecords":[],"interuppted":false}],"interuppted":false},{"index":3,"isIgnoredIfFailed":false,"type":"TEST_STEP","name":"setText","message":"Text \u0027林\u0027 is set on object \u0027Object Repository/test/input__keyword\u0027","description":"","startTime":1555475872845,"endTime":1555475872948,"childRecords":[{"testStatus":{"stackTrace":"","statusValue":"PASSED"},"type":"MESSAGE","name":"","message":"Text \u0027林\u0027 is set on object \u0027Object Repository/test/input__keyword\u0027","startTime":1555475872930,"endTime":0,"childRecords":[],"interuppted":false}],"interuppted":false},{"index":4,"isIgnoredIfFailed":false,"type":"TEST_STEP","name":"delay","message":"Delayed 1 second(s)","description":"","startTime":1555475872948,"endTime":1555475873950,"childRecords":[{"testStatus":{"stackTrace":"","statusValue":"PASSED"},"type":"MESSAGE","name":"","message":"Delayed 1 second(s)","startTime":1555475873950,"endTime":0,"childRecords":[],"interuppted":false}],"interuppted":false},{"attachment":"1555475874023.png","index":5,"isIgnoredIfFailed":false,"type":"TEST_STEP","name":"click","message":"Unable to click on object \u0027Object Repository/test/button__layui-btn\u0027 (Root cause: org.openqa.selenium.WebDriverException: unknown error: Element \u003cbutton id\u003d\"searchButton\" class\u003d\"layui-btn \" lay-submit\u003d\"\" lay-filter\u003d\"sreachBtn\"\u003e...\u003c/button\u003e is not clickable at point (468, 157). Other element would receive the click: \u003cinput type\u003d\"text\" id\u003d\"editDeptName\" name\u003d\"deptname\" autocomplete\u003d\"off\" placeholder\u003d\"请选择\" readonly\u003d\"\" class\u003d\"layui-input layui-unselect\"\u003e\n  (Session info: headless chrome\u003d73.0.3683.75)\n  (Driver info: chromedriver\u003d2.35.528161 (5b82f2d2aae0ca24b877009200ced9065a772e73),platform\u003dWindows NT 6.1.7601 SP1 x86_64) (WARNING: The server did not provide any stacktrace information)\nCommand duration or timeout: 0 milliseconds\nBuild info: version: \u00273.7.1\u0027, revision: \u00278a0099a\u0027, time: \u00272017-11-06T21:07:36.161Z\u0027\nSystem info: host: \u0027BF-20170623WSST\u0027, ip: \u0027192.168.10.86\u0027, os.name: \u0027Windows 7\u0027, os.arch: \u0027amd64\u0027, os.version: \u00276.1\u0027, java.version: \u00271.8.0_181\u0027\nDriver info: com.kms.katalon.selenium.driver.CChromeDriver\nCapabilities {acceptInsecureCerts: false, acceptSslCerts: false, applicationCacheEnabled: false, browserConnectionEnabled: false, browserName: chrome, chrome: {chromedriverVersion: 2.35.528161 (5b82f2d2aae0ca..., userDataDir: C:\\Users\\ADMINI~1\\AppData\\L...}, cssSelectorsEnabled: true, databaseEnabled: false, handlesAlerts: true, hasTouchScreen: false, javascriptEnabled: true, locationContextEnabled: true, mobileEmulationEnabled: false, nativeEvents: true, networkConnectionEnabled: false, pageLoadStrategy: normal, platform: XP, platformName: XP, rotatable: false, setWindowRect: true, takesHeapSnapshot: true, takesScreenshot: true, unexpectedAlertBehaviour: , unhandledPromptBehavior: , version: 73.0.3683.75, webStorageEnabled: true}\nSession ID: 77689901da01265653f5fe3f198dfa10)","description":"","startTime":1555475873950,"endTime":1555475874288,"childRecords":[{"testStatus":{"stackTrace":"","statusValue":"FAILED"},"attachment":"1555475874023.png","type":"MESSAGE","name":"","message":"Unable to click on object \u0027Object Repository/test/button__layui-btn\u0027 (Root cause: org.openqa.selenium.WebDriverException: unknown error: Element \u003cbutton id\u003d\"searchButton\" class\u003d\"layui-btn \" lay-submit\u003d\"\" lay-filter\u003d\"sreachBtn\"\u003e...\u003c/button\u003e is not clickable at point (468, 157). Other element would receive the click: \u003cinput type\u003d\"text\" id\u003d\"editDeptName\" name\u003d\"deptname\" autocomplete\u003d\"off\" placeholder\u003d\"请选择\" readonly\u003d\"\" class\u003d\"layui-input layui-unselect\"\u003e\n  (Session info: headless chrome\u003d73.0.3683.75)\n  (Driver info: chromedriver\u003d2.35.528161 (5b82f2d2aae0ca24b877009200ced9065a772e73),platform\u003dWindows NT 6.1.7601 SP1 x86_64) (WARNING: The server did not provide any stacktrace information)\nCommand duration or timeout: 0 milliseconds\nBuild info: version: \u00273.7.1\u0027, revision: \u00278a0099a\u0027, time: \u00272017-11-06T21:07:36.161Z\u0027\nSystem info: host: \u0027BF-20170623WSST\u0027, ip: \u0027192.168.10.86\u0027, os.name: \u0027Windows 7\u0027, os.arch: \u0027amd64\u0027, os.version: \u00276.1\u0027, java.version: \u00271.8.0_181\u0027\nDriver info: com.kms.katalon.selenium.driver.CChromeDriver\nCapabilities {acceptInsecureCerts: false, acceptSslCerts: false, applicationCacheEnabled: false, browserConnectionEnabled: false, browserName: chrome, chrome: {chromedriverVersion: 2.35.528161 (5b82f2d2aae0ca..., userDataDir: C:\\Users\\ADMINI~1\\AppData\\L...}, cssSelectorsEnabled: true, databaseEnabled: false, handlesAlerts: true, hasTouchScreen: false, javascriptEnabled: true, locationContextEnabled: true, mobileEmulationEnabled: false, nativeEvents: true, networkConnectionEnabled: false, pageLoadStrategy: normal, platform: XP, platformName: XP, rotatable: false, setWindowRect: true, takesHeapSnapshot: true, takesScreenshot: true, unexpectedAlertBehaviour: , unhandledPromptBehavior: , version: 73.0.3683.75, webStorageEnabled: true}\nSession ID: 77689901da01265653f5fe3f198dfa10)","startTime":1555475874285,"endTime":0,"childRecords":[],"interuppted":false}],"interuppted":false},{"testStatus":{"stackTrace":"","statusValue":"FAILED"},"type":"MESSAGE","name":"","message":"Test Cases/002_System_,Manage/001_User_Manage/011_edit_user_normal FAILED because (of) (Stack trace: com.kms.katalon.core.exception.StepFailedException: Unable to click on object \u0027Object Repository/test/button__layui-btn\u0027 (Root cause: org.openqa.selenium.WebDriverException: unknown error: Element \u003cbutton id\u003d\"searchButton\" class\u003d\"layui-btn \" lay-submit\u003d\"\" lay-filter\u003d\"sreachBtn\"\u003e...\u003c/button\u003e is not clickable at point (468, 157). Other element would receive the click: \u003cinput type\u003d\"text\" id\u003d\"editDeptName\" name\u003d\"deptname\" autocomplete\u003d\"off\" placeholder\u003d\"请选择\" readonly\u003d\"\" class\u003d\"layui-input layui-unselect\"\u003e\n  (Session info: headless chrome\u003d73.0.3683.75)\n  (Driver info: chromedriver\u003d2.35.528161 (5b82f2d2aae0ca24b877009200ced9065a772e73),platform\u003dWindows NT 6.1.7601 SP1 x86_64) (WARNING: The server did not provide any stacktrace information)\nCommand duration or timeout: 0 milliseconds\nBuild info: version: \u00273.7.1\u0027, revision: \u00278a0099a\u0027, time: \u00272017-11-06T21:07:36.161Z\u0027\nSystem info: host: \u0027BF-20170623WSST\u0027, ip: \u0027192.168.10.86\u0027, os.name: \u0027Windows 7\u0027, os.arch: \u0027amd64\u0027, os.version: \u00276.1\u0027, java.version: \u00271.8.0_181\u0027\nDriver info: com.kms.katalon.selenium.driver.CChromeDriver\nCapabilities {acceptInsecureCerts: false, acceptSslCerts: false, applicationCacheEnabled: false, browserConnectionEnabled: false, browserName: chrome, chrome: {chromedriverVersion: 2.35.528161 (5b82f2d2aae0ca..., userDataDir: C:\\Users\\ADMINI~1\\AppData\\L...}, cssSelectorsEnabled: true, databaseEnabled: false, handlesAlerts: true, hasTouchScreen: false, javascriptEnabled: true, locationContextEnabled: true, mobileEmulationEnabled: false, nativeEvents: true, networkConnectionEnabled: false, pageLoadStrategy: normal, platform: XP, platformName: XP, rotatable: false, setWindowRect: true, takesHeapSnapshot: true, takesScreenshot: true, unexpectedAlertBehaviour: , unhandledPromptBehavior: , version: 73.0.3683.75, webStorageEnabled: true}\nSession ID: 77689901da01265653f5fe3f198dfa10)\r\n\tat com.kms.katalon.core.keyword.internal.KeywordMain.stepFailed(KeywordMain.groovy:36)\r\n\tat com.kms.katalon.core.webui.keyword.internal.WebUIKeywordMain.stepFailed(WebUIKeywordMain.groovy:65)\r\n\tat com.kms.katalon.core.webui.keyword.internal.WebUIKeywordMain.runKeyword(WebUIKeywordMain.groovy:27)\r\n\tat com.kms.katalon.core.webui.keyword.builtin.ClickKeyword.click(ClickKeyword.groovy:86)\r\n\tat com.kms.katalon.core.webui.keyword.builtin.ClickKeyword.execute(ClickKeyword.groovy:67)\r\n\tat com.kms.katalon.core.keyword.internal.KeywordExecutor.executeKeywordForPlatform(KeywordExecutor.groovy:53)\r\n\tat com.kms.katalon.core.webui.keyword.WebUiBuiltInKeywords.click(WebUiBuiltInKeywords.groovy:616)\r\n\tat com.kms.katalon.core.webui.keyword.WebUiBuiltInKeywords$click$4.call(Unknown Source)\r\n\tat org.codehaus.groovy.runtime.callsite.CallSiteArray.defaultCall(CallSiteArray.java:48)\r\n\tat org.codehaus.groovy.runtime.callsite.AbstractCallSite.call(AbstractCallSite.java:113)\r\n\tat org.codehaus.groovy.runtime.callsite.AbstractCallSite.call(AbstractCallSite.java:125)\r\n\tat Script1555406402089.run(Script1555406402089.groovy:25)\r\n\tat com.kms.katalon.core.main.ScriptEngine.run(ScriptEngine.java:183)\r\n\tat com.kms.katalon.core.main.ScriptEngine.runScriptAsRawText(ScriptEngine.java:108)\r\n\tat com.kms.katalon.core.main.TestCaseExecutor.runScript(TestCaseExecutor.java:294)\r\n\tat com.kms.katalon.core.main.TestCaseExecutor.doExecute(TestCaseExecutor.java:285)\r\n\tat com.kms.katalon.core.main.TestCaseExecutor.processExecutionPhase(TestCaseExecutor.java:264)\r\n\tat com.kms.katalon.core.main.TestCaseExecutor.accessMainPhase(TestCaseExecutor.java:256)\r\n\tat com.kms.katalon.core.main.TestCaseExecutor.execute(TestCaseExecutor.java:200)\r\n\tat com.kms.katalon.core.main.TestSuiteExecutor.accessTestCaseMainPhase(TestSuiteExecutor.java:129)\r\n\tat com.kms.katalon.core.main.TestSuiteExecutor.accessTestSuiteMainPhase(TestSuiteExecutor.java:112)\r\n\tat com.kms.katalon.core.main.TestSuiteExecutor.execute(TestSuiteExecutor.java:81)\r\n\tat com.kms.katalon.core.main.TestCaseMain.startTestSuite(TestCaseMain.java:142)\r\n\tat com.kms.katalon.core.main.TestCaseMain$startTestSuite$0.call(Unknown Source)\r\n\tat org.codehaus.groovy.runtime.callsite.CallSiteArray.defaultCall(CallSiteArray.java:48)\r\n\tat org.codehaus.groovy.runtime.callsite.AbstractCallSite.call(AbstractCallSite.java:113)\r\n\tat org.codehaus.groovy.runtime.callsite.AbstractCallSite.call(AbstractCallSite.java:141)\r\n\tat TempTestSuite1555475817314.run(TempTestSuite1555475817314.groovy:36)\r\n\tat groovy.lang.GroovyShell.runScriptOrMainOrTestOrRunnable(GroovyShell.java:263)\r\n\tat groovy.lang.GroovyShell.run(GroovyShell.java:518)\r\n\tat groovy.lang.GroovyShell.run(GroovyShell.java:507)\r\n\tat groovy.ui.GroovyMain.processOnce(GroovyMain.java:653)\r\n\tat groovy.ui.GroovyMain.run(GroovyMain.java:384)\r\n\tat groovy.ui.GroovyMain.process(GroovyMain.java:370)\r\n\tat groovy.ui.GroovyMain.processArgs(GroovyMain.java:129)\r\n\tat groovy.ui.GroovyMain.main(GroovyMain.java:109)\r\n\tat sun.reflect.NativeMethodAccessorImpl.invoke0(Native Method)\r\n\tat sun.reflect.NativeMethodAccessorImpl.invoke(NativeMethodAccessorImpl.java:62)\r\n\tat sun.reflect.DelegatingMethodAccessorImpl.invoke(DelegatingMethodAccessorImpl.java:43)\r\n\tat java.lang.reflect.Method.invoke(Method.java:498)\r\n\tat org.codehaus.groovy.tools.GroovyStarter.rootLoader(GroovyStarter.java:109)\r\n\tat org.codehaus.groovy.tools.GroovyStarter.main(GroovyStarter.java:131)\r\n)","startTime":1555475874288,"endTime":0,"childRecords":[],"interuppted":false},{"index":-1,"isIgnoredIfFailed":false,"type":"TEST_STEP","name":"Start listener action : sampleAfterTestCase","message":"Invoke \u0027com.kms.katalon.core.annotation.AfterTestCase\u0027 method: \u0027NewTestListener.sampleAfterTestCase(...)\u0027 completed.","description":"","startTime":1555475874290,"endTime":1555475874301,"childRecords":[{"index":1,"isIgnoredIfFailed":false,"type":"TEST_STEP","name":"Statement - println(testCaseContext.getTestCaseId())","description":"","startTime":1555475874291,"endTime":1555475874292,"childRecords":[],"interuppted":false},{"index":2,"isIgnoredIfFailed":false,"type":"TEST_STEP","name":"Statement - println(testCaseContext.getTestCaseStatus())","message":"Invoke \u0027com.kms.katalon.core.annotation.AfterTestCase\u0027 method: \u0027NewTestListener.sampleAfterTestCase(...)\u0027 completed.","description":"","startTime":1555475874292,"endTime":1555475874298,"childRecords":[],"interuppted":false}],"interuppted":false}],"interuppted":false}],"interuppted":false}