<?xml version="1.0" encoding="UTF-8"?>
<testsuites name="003_edit staff" time="116" tests="4" failures="1" errors="0">
   <testsuite name="003_edit staff" tests="4" failures="1" errors="0" time="116" timestamp="2019-04-17 13:50:11" hostname="Administrator - BF-20170623WSST" id="Test Suites/User Manage/003_edit staff">
      <properties>
         <property name="deviceName" value=""/>
         <property name="devicePlatform" value=""/>
         <property name="logFolder" value="G:\\Auto_Learning\\katalon\\katalon_project\\katalon_project\\T2M_Manage\\T2M_Manage\\Reports\\User Manage\\003_edit staff\\20190417_135009"/>
         <property name="logFiles" value="G:\\Auto_Learning\\katalon\\katalon_project\\katalon_project\\T2M_Manage\\T2M_Manage\\Reports\\User Manage\\003_edit staff\\20190417_135009\\execution0.log"/>
         <property name="attachments" value="G:\\Auto_Learning\\katalon\\katalon_project\\katalon_project\\T2M_Manage\\T2M_Manage\\Reports\\User Manage\\003_edit staff\\20190417_135009\\1555480223089.png, G:\\Auto_Learning\\katalon\\katalon_project\\katalon_project\\T2M_Manage\\T2M_Manage\\Reports\\User Manage\\003_edit staff\\20190417_135009\\1555480233412.png, G:\\Auto_Learning\\katalon\\katalon_project\\katalon_project\\T2M_Manage\\T2M_Manage\\Reports\\User Manage\\003_edit staff\\20190417_135009\\1555480248223.png, G:\\Auto_Learning\\katalon\\katalon_project\\katalon_project\\T2M_Manage\\T2M_Manage\\Reports\\User Manage\\003_edit staff\\20190417_135009\\1555480257479.png, G:\\Auto_Learning\\katalon\\katalon_project\\katalon_project\\T2M_Manage\\T2M_Manage\\Reports\\User Manage\\003_edit staff\\20190417_135009\\1555480269917.png, G:\\Auto_Learning\\katalon\\katalon_project\\katalon_project\\T2M_Manage\\T2M_Manage\\Reports\\User Manage\\003_edit staff\\20190417_135009\\1555480305607.png"/>
         <property name="hostName" value="Administrator - BF-20170623WSST"/>
         <property name="os" value="Windows 7 64bit"/>
         <property name="katalonVersion" value="5.7.0.1"/>
         <property name="browser" value="Chrome 73.0.3683.75"/>
         <property name="hostAddress" value="192.168.10.86"/>
         <property name="sessionId" value="e0f46134583d33084d69116aec315563"/>
         <property name="seleniumVersion" value="3.7.1"/>
         <property name="proxyInformation" value="ProxyInformation{proxyOption=NO_PROXY, proxyServerType=HTTP, password=, proxyServerAddress=, proxyServerPort=0}"/>
         <property name="platform" value="Windows 7"/>
      </properties>
      <testcase name="Test Cases/001_Login_Home/002_Login" classname="Test Cases/001_Login_Home/002_Login" status="PASSED">
         <system-out><![CDATA[2019-04-17 13:50:12 - [TEST_CASE][PASSED] - Test Cases/001_Login_Home/002_Login: Test Cases/001_Login_Home/002_Login

2019-04-17 13:50:12 - [TEST_STEP][PASSED] - Start listener action : sampleBeforeTestCase: Invoke 'com.kms.katalon.core.annotation.BeforeTestCase' method: 'NewTestListener.sampleBeforeTestCase(...)' completed.

2019-04-17 13:50:12 - [TEST_STEP][PASSED] - Statement - println(testCaseContext.getTestCaseId()): null

2019-04-17 13:50:12 - [TEST_STEP][PASSED] - Statement - println(testCaseContext.getTestCaseVariables()): Invoke 'com.kms.katalon.core.annotation.BeforeTestCase' method: 'NewTestListener.sampleBeforeTestCase(...)' completed.

2019-04-17 13:50:13 - [TEST_STEP][PASSED] - callTestCase: Call Test Case 'Test Cases/001_Login_Home/001_Navigate' successfully

2019-04-17 13:50:13 - [TEST_CASE][PASSED] - Test Cases/001_Login_Home/001_Navigate: Test Cases/001_Login_Home/001_Navigate

2019-04-17 13:50:13 - [TEST_STEP][PASSED] - openBrowser: Browser is opened with url: ''

2019-04-17 13:50:17 - [MESSAGE][PASSED] - Browser is opened with url: ''

2019-04-17 13:50:17 - [TEST_STEP][PASSED] - navigateToUrl: Navigate to 'http://222.180.200.126:9909/PORTALASSETS/login' successfully

2019-04-17 13:50:18 - [MESSAGE][PASSED] - Navigate to 'http://222.180.200.126:9909/PORTALASSETS/login' successfully

2019-04-17 13:50:18 - [TEST_STEP][PASSED] - comment: begin to input one correct account

2019-04-17 13:50:18 - [TEST_STEP][PASSED] - Statement - item = com.kms.katalon.core.webui.keyword.WebUiBuiltInKeywords.verifyElementPresent(com.kms.katalon.core.testobject.ObjectRepository.findTestObject(Login/button_ login), 20, STOP_ON_FAILURE): Object 'Object Repository/Login/button_ login' is present

2019-04-17 13:50:18 - [MESSAGE][PASSED] - Object 'Object Repository/Login/button_ login' is present

2019-04-17 13:50:18 - [TEST_STEP][PASSED] - Statement - If (item == true): Enter this website successful!!

2019-04-17 13:50:18 - [TEST_STEP][PASSED] - comment: Enter this website successful!!

2019-04-17 13:50:18 - [MESSAGE][PASSED] - Call Test Case 'Test Cases/001_Login_Home/001_Navigate' successfully

2019-04-17 13:50:18 - [TEST_STEP][PASSED] - delay: Delayed 1 second(s)

2019-04-17 13:50:19 - [MESSAGE][PASSED] - Delayed 1 second(s)

2019-04-17 13:50:19 - [TEST_STEP][PASSED] - setText: Text 'admin' is set on object 'Object Repository/Login/loginname'

2019-04-17 13:50:20 - [MESSAGE][PASSED] - Text 'admin' is set on object 'Object Repository/Login/loginname'

2019-04-17 13:50:20 - [TEST_STEP][PASSED] - delay: Delayed 1 second(s)

2019-04-17 13:50:21 - [MESSAGE][PASSED] - Delayed 1 second(s)

2019-04-17 13:50:21 - [TEST_STEP][PASSED] - setText: Text '654321' is set on object 'Object Repository/Login/password'

2019-04-17 13:50:21 - [MESSAGE][PASSED] - Text '654321' is set on object 'Object Repository/Login/password'

2019-04-17 13:50:21 - [TEST_STEP][PASSED] - delay: Delayed 1 second(s)

2019-04-17 13:50:22 - [MESSAGE][PASSED] - Delayed 1 second(s)

2019-04-17 13:50:22 - [TEST_STEP][PASSED] - Statement - R = com.kms.katalon.core.webui.keyword.WebUiBuiltInKeywords.verifyElementChecked(com.kms.katalon.core.testobject.ObjectRepository.findTestObject(Login/remember_password), 10): Object 'Object Repository/Login/remember_password' is checked

2019-04-17 13:50:22 - [MESSAGE][PASSED] - Object 'Object Repository/Login/remember_password' is checked

2019-04-17 13:50:22 - [TEST_STEP][PASSED] - Statement - If (R): The remember pwd box is checked!

2019-04-17 13:50:22 - [TEST_STEP][PASSED] - comment: The remember pwd box is checked!

2019-04-17 13:50:22 - [TEST_STEP][PASSED] - click: Object: 'Object Repository/Login/button_ login' is clicked on

2019-04-17 13:50:22 - [MESSAGE][PASSED] - Object: 'Object Repository/Login/button_ login' is clicked on

2019-04-17 13:50:22 - [TEST_STEP][PASSED] - Statement - a = com.kms.katalon.core.webui.keyword.WebUiBuiltInKeywords.verifyElementPresent(com.kms.katalon.core.testobject.ObjectRepository.findTestObject(homepage/a_homepage), 40): Object 'Object Repository/homepage/a_homepage' is present

2019-04-17 13:50:23 - [MESSAGE][PASSED] - Object 'Object Repository/homepage/a_homepage' is present

2019-04-17 13:50:23 - [TEST_STEP][PASSED] - Statement - If (a): Taking screenshot successfully

2019-04-17 13:50:23 - [TEST_STEP][PASSED] - comment: Find the homepag lable,Login successful

2019-04-17 13:50:23 - [TEST_STEP][PASSED] - takeScreenshot: Taking screenshot successfully

2019-04-17 13:50:23 - [MESSAGE][PASSED] - Taking screenshot successfully
[[ATTACHMENT|G:\\Auto_Learning\\katalon\\katalon_project\\katalon_project\\T2M_Manage\\T2M_Manage\\Reports\\User Manage\\003_edit staff\\20190417_135009\\1555480223089.png]]

2019-04-17 13:50:23 - [TEST_STEP][PASSED] - Start listener action : sampleAfterTestCase: Invoke 'com.kms.katalon.core.annotation.AfterTestCase' method: 'NewTestListener.sampleAfterTestCase(...)' completed.

2019-04-17 13:50:23 - [TEST_STEP][PASSED] - Statement - println(testCaseContext.getTestCaseId()): null

2019-04-17 13:50:23 - [TEST_STEP][PASSED] - Statement - println(testCaseContext.getTestCaseStatus()): Invoke 'com.kms.katalon.core.annotation.AfterTestCase' method: 'NewTestListener.sampleAfterTestCase(...)' completed.]]></system-out>
         <system-err><![CDATA[]]></system-err>
      </testcase>
      <testcase name="Test Cases/002_System_,Manage/001_User_Manage/001_Enter_User" classname="Test Cases/002_System_,Manage/001_User_Manage/001_Enter_User" status="PASSED">
         <system-out><![CDATA[2019-04-17 13:50:25 - [TEST_CASE][PASSED] - Test Cases/002_System_,Manage/001_User_Manage/001_Enter_User: Test Cases/002_System_,Manage/001_User_Manage/001_Enter_User

2019-04-17 13:50:25 - [TEST_STEP][PASSED] - Start listener action : sampleBeforeTestCase: Invoke 'com.kms.katalon.core.annotation.BeforeTestCase' method: 'NewTestListener.sampleBeforeTestCase(...)' completed.

2019-04-17 13:50:25 - [TEST_STEP][PASSED] - Statement - println(testCaseContext.getTestCaseId()): null

2019-04-17 13:50:25 - [TEST_STEP][PASSED] - Statement - println(testCaseContext.getTestCaseVariables()): Invoke 'com.kms.katalon.core.annotation.BeforeTestCase' method: 'NewTestListener.sampleBeforeTestCase(...)' completed.

2019-04-17 13:50:25 - [TEST_STEP][PASSED] - callTestCase: Call Test Case 'Test Cases/001_Login_Home/002_Login' successfully

2019-04-17 13:50:25 - [TEST_CASE][PASSED] - Test Cases/001_Login_Home/002_Login: Test Cases/001_Login_Home/002_Login

2019-04-17 13:50:25 - [TEST_STEP][PASSED] - callTestCase: Call Test Case 'Test Cases/001_Login_Home/001_Navigate' successfully

2019-04-17 13:50:25 - [TEST_CASE][PASSED] - Test Cases/001_Login_Home/001_Navigate: Test Cases/001_Login_Home/001_Navigate

2019-04-17 13:50:25 - [TEST_STEP][PASSED] - openBrowser: Browser is opened with url: ''

2019-04-17 13:50:25 - [MESSAGE][WARNING] - A browser is already opened. Closing browser and opening a new one

2019-04-17 13:50:28 - [MESSAGE][PASSED] - Browser is opened with url: ''

2019-04-17 13:50:28 - [TEST_STEP][PASSED] - navigateToUrl: Navigate to 'http://222.180.200.126:9909/PORTALASSETS/login' successfully

2019-04-17 13:50:29 - [MESSAGE][PASSED] - Navigate to 'http://222.180.200.126:9909/PORTALASSETS/login' successfully

2019-04-17 13:50:29 - [TEST_STEP][PASSED] - comment: begin to input one correct account

2019-04-17 13:50:29 - [TEST_STEP][PASSED] - Statement - item = com.kms.katalon.core.webui.keyword.WebUiBuiltInKeywords.verifyElementPresent(com.kms.katalon.core.testobject.ObjectRepository.findTestObject(Login/button_ login), 20, STOP_ON_FAILURE): Object 'Object Repository/Login/button_ login' is present

2019-04-17 13:50:29 - [MESSAGE][PASSED] - Object 'Object Repository/Login/button_ login' is present

2019-04-17 13:50:29 - [TEST_STEP][PASSED] - Statement - If (item == true): Enter this website successful!!

2019-04-17 13:50:29 - [TEST_STEP][PASSED] - comment: Enter this website successful!!

2019-04-17 13:50:29 - [MESSAGE][PASSED] - Call Test Case 'Test Cases/001_Login_Home/001_Navigate' successfully

2019-04-17 13:50:29 - [TEST_STEP][PASSED] - delay: Delayed 1 second(s)

2019-04-17 13:50:30 - [MESSAGE][PASSED] - Delayed 1 second(s)

2019-04-17 13:50:30 - [TEST_STEP][PASSED] - setText: Text 'admin' is set on object 'Object Repository/Login/loginname'

2019-04-17 13:50:30 - [MESSAGE][PASSED] - Text 'admin' is set on object 'Object Repository/Login/loginname'

2019-04-17 13:50:30 - [TEST_STEP][PASSED] - delay: Delayed 1 second(s)

2019-04-17 13:50:31 - [MESSAGE][PASSED] - Delayed 1 second(s)

2019-04-17 13:50:31 - [TEST_STEP][PASSED] - setText: Text '654321' is set on object 'Object Repository/Login/password'

2019-04-17 13:50:31 - [MESSAGE][PASSED] - Text '654321' is set on object 'Object Repository/Login/password'

2019-04-17 13:50:31 - [TEST_STEP][PASSED] - delay: Delayed 1 second(s)

2019-04-17 13:50:32 - [MESSAGE][PASSED] - Delayed 1 second(s)

2019-04-17 13:50:32 - [TEST_STEP][PASSED] - Statement - R = com.kms.katalon.core.webui.keyword.WebUiBuiltInKeywords.verifyElementChecked(com.kms.katalon.core.testobject.ObjectRepository.findTestObject(Login/remember_password), 10): Object 'Object Repository/Login/remember_password' is checked

2019-04-17 13:50:32 - [MESSAGE][PASSED] - Object 'Object Repository/Login/remember_password' is checked

2019-04-17 13:50:32 - [TEST_STEP][PASSED] - Statement - If (R): The remember pwd box is checked!

2019-04-17 13:50:32 - [TEST_STEP][PASSED] - comment: The remember pwd box is checked!

2019-04-17 13:50:32 - [TEST_STEP][PASSED] - click: Object: 'Object Repository/Login/button_ login' is clicked on

2019-04-17 13:50:32 - [MESSAGE][PASSED] - Object: 'Object Repository/Login/button_ login' is clicked on

2019-04-17 13:50:32 - [TEST_STEP][PASSED] - Statement - a = com.kms.katalon.core.webui.keyword.WebUiBuiltInKeywords.verifyElementPresent(com.kms.katalon.core.testobject.ObjectRepository.findTestObject(homepage/a_homepage), 40): Object 'Object Repository/homepage/a_homepage' is present

2019-04-17 13:50:33 - [MESSAGE][PASSED] - Object 'Object Repository/homepage/a_homepage' is present

2019-04-17 13:50:33 - [TEST_STEP][PASSED] - Statement - If (a): Taking screenshot successfully

2019-04-17 13:50:33 - [TEST_STEP][PASSED] - comment: Find the homepag lable,Login successful

2019-04-17 13:50:33 - [TEST_STEP][PASSED] - takeScreenshot: Taking screenshot successfully

2019-04-17 13:50:33 - [MESSAGE][PASSED] - Taking screenshot successfully
[[ATTACHMENT|G:\\Auto_Learning\\katalon\\katalon_project\\katalon_project\\T2M_Manage\\T2M_Manage\\Reports\\User Manage\\003_edit staff\\20190417_135009\\1555480233412.png]]

2019-04-17 13:50:33 - [MESSAGE][PASSED] - Call Test Case 'Test Cases/001_Login_Home/002_Login' successfully

2019-04-17 13:50:33 - [TEST_STEP][PASSED] - delay: Delayed 1 second(s)

2019-04-17 13:50:34 - [MESSAGE][PASSED] - Delayed 1 second(s)

2019-04-17 13:50:34 - [TEST_STEP][PASSED] - click: Object: 'Object Repository/Syetem_settings/User_Manage/a_systemsetings' is clicked on

2019-04-17 13:50:34 - [MESSAGE][PASSED] - Object: 'Object Repository/Syetem_settings/User_Manage/a_systemsetings' is clicked on

2019-04-17 13:50:34 - [TEST_STEP][PASSED] - delay: Delayed 1 second(s)

2019-04-17 13:50:35 - [MESSAGE][PASSED] - Delayed 1 second(s)

2019-04-17 13:50:35 - [TEST_STEP][PASSED] - click: Object: 'Object Repository/Syetem_settings/User_Manage/a_user_manage' is clicked on

2019-04-17 13:50:36 - [MESSAGE][PASSED] - Object: 'Object Repository/Syetem_settings/User_Manage/a_user_manage' is clicked on

2019-04-17 13:50:36 - [TEST_STEP][PASSED] - delay: Delayed 1 second(s)

2019-04-17 13:50:37 - [MESSAGE][PASSED] - Delayed 1 second(s)

2019-04-17 13:50:37 - [TEST_STEP][PASSED] - Statement - verify_user = com.kms.katalon.core.webui.keyword.WebUiBuiltInKeywords.verifyElementPresent(com.kms.katalon.core.testobject.ObjectRepository.findTestObject(Syetem_settings/User_Manage/cite_usertable), 0): Object 'Object Repository/Syetem_settings/User_Manage/cite_usertable' is present

2019-04-17 13:50:37 - [MESSAGE][WARNING] - Timeout '0' is invalid. Using default page load timeout: '30'

2019-04-17 13:50:37 - [MESSAGE][PASSED] - Object 'Object Repository/Syetem_settings/User_Manage/cite_usertable' is present

2019-04-17 13:50:37 - [TEST_STEP][PASSED] - Statement - If (verify_user): Enter the Successfully entered the people management page

2019-04-17 13:50:37 - [TEST_STEP][PASSED] - comment: Enter the Successfully entered the people management page

2019-04-17 13:50:37 - [TEST_STEP][PASSED] - Start listener action : sampleAfterTestCase: Invoke 'com.kms.katalon.core.annotation.AfterTestCase' method: 'NewTestListener.sampleAfterTestCase(...)' completed.

2019-04-17 13:50:37 - [TEST_STEP][PASSED] - Statement - println(testCaseContext.getTestCaseId()): null

2019-04-17 13:50:37 - [TEST_STEP][PASSED] - Statement - println(testCaseContext.getTestCaseStatus()): Invoke 'com.kms.katalon.core.annotation.AfterTestCase' method: 'NewTestListener.sampleAfterTestCase(...)' completed.]]></system-out>
         <system-err><![CDATA[]]></system-err>
      </testcase>
      <testcase name="Test Cases/002_System_,Manage/001_User_Manage/009_check_userEditpage" classname="Test Cases/002_System_,Manage/001_User_Manage/009_check_userEditpage" status="FAILED">
         <failure type="FAILED" message="(Stack trace: com.kms.katalon.core.exception.StepFailedException: Unable to click on object 'Object Repository/Syetem_settings/User_Manage/Edit_user_info/edit_first' (Root cause: org.openqa.selenium.WebDriverException: unknown error: Element &lt;a class=&quot;layui-btn layui-btn-xs&quot; lay-event=&quot;edit&quot;>...&lt;/a> is not clickable at point (704, 316). Other element would receive the click: &lt;div class=&quot;layui-table-cell laytable-cell-1-0-5&quot;>...&lt;/div>
  (Session info: headless chrome=73.0.3683.75)
  (Driver info: chromedriver=2.35.528161 (5b82f2d2aae0ca24b877009200ced9065a772e73),platform=Windows NT 6.1.7601 SP1 x86_64) (WARNING: The server did not provide any stacktrace information)
Command duration or timeout: 0 milliseconds
Build info: version: '3.7.1', revision: '8a0099a', time: '2017-11-06T21:07:36.161Z'
System info: host: 'BF-20170623WSST', ip: '192.168.10.86', os.name: 'Windows 7', os.arch: 'amd64', os.version: '6.1', java.version: '1.8.0_181'
Driver info: com.kms.katalon.selenium.driver.CChromeDriver
Capabilities {acceptInsecureCerts: false, acceptSslCerts: false, applicationCacheEnabled: false, browserConnectionEnabled: false, browserName: chrome, chrome: {chromedriverVersion: 2.35.528161 (5b82f2d2aae0ca..., userDataDir: C:\Users\ADMINI~1\AppData\L...}, cssSelectorsEnabled: true, databaseEnabled: false, handlesAlerts: true, hasTouchScreen: false, javascriptEnabled: true, locationContextEnabled: true, mobileEmulationEnabled: false, nativeEvents: true, networkConnectionEnabled: false, pageLoadStrategy: normal, platform: XP, platformName: XP, rotatable: false, setWindowRect: true, takesHeapSnapshot: true, takesScreenshot: true, unexpectedAlertBehaviour: , unhandledPromptBehavior: , version: 73.0.3683.75, webStorageEnabled: true}
Session ID: fdedf7de826a4dec9583f3d91ec2351c)
	at com.kms.katalon.core.keyword.internal.KeywordMain.stepFailed(KeywordMain.groovy:36)
	at com.kms.katalon.core.webui.keyword.internal.WebUIKeywordMain.stepFailed(WebUIKeywordMain.groovy:65)
	at com.kms.katalon.core.webui.keyword.internal.WebUIKeywordMain.runKeyword(WebUIKeywordMain.groovy:27)
	at com.kms.katalon.core.webui.keyword.builtin.ClickKeyword.click(ClickKeyword.groovy:86)
	at com.kms.katalon.core.webui.keyword.builtin.ClickKeyword.execute(ClickKeyword.groovy:67)
	at com.kms.katalon.core.keyword.internal.KeywordExecutor.executeKeywordForPlatform(KeywordExecutor.groovy:53)
	at com.kms.katalon.core.webui.keyword.WebUiBuiltInKeywords.click(WebUiBuiltInKeywords.groovy:616)
	at com.kms.katalon.core.webui.keyword.WebUiBuiltInKeywords$click$4.call(Unknown Source)
	at org.codehaus.groovy.runtime.callsite.CallSiteArray.defaultCall(CallSiteArray.java:48)
	at org.codehaus.groovy.runtime.callsite.AbstractCallSite.call(AbstractCallSite.java:113)
	at org.codehaus.groovy.runtime.callsite.AbstractCallSite.call(AbstractCallSite.java:125)
	at Script1555402638307.run(Script1555402638307.groovy:54)
	at com.kms.katalon.core.main.ScriptEngine.run(ScriptEngine.java:183)
	at com.kms.katalon.core.main.ScriptEngine.runScriptAsRawText(ScriptEngine.java:108)
	at com.kms.katalon.core.main.TestCaseExecutor.runScript(TestCaseExecutor.java:294)
	at com.kms.katalon.core.main.TestCaseExecutor.doExecute(TestCaseExecutor.java:285)
	at com.kms.katalon.core.main.TestCaseExecutor.processExecutionPhase(TestCaseExecutor.java:264)
	at com.kms.katalon.core.main.TestCaseExecutor.accessMainPhase(TestCaseExecutor.java:256)
	at com.kms.katalon.core.main.TestCaseExecutor.execute(TestCaseExecutor.java:200)
	at com.kms.katalon.core.main.TestSuiteExecutor.accessTestCaseMainPhase(TestSuiteExecutor.java:129)
	at com.kms.katalon.core.main.TestSuiteExecutor.accessTestSuiteMainPhase(TestSuiteExecutor.java:112)
	at com.kms.katalon.core.main.TestSuiteExecutor.execute(TestSuiteExecutor.java:81)
	at com.kms.katalon.core.main.TestCaseMain.startTestSuite(TestCaseMain.java:142)
	at com.kms.katalon.core.main.TestCaseMain$startTestSuite$0.call(Unknown Source)
	at org.codehaus.groovy.runtime.callsite.CallSiteArray.defaultCall(CallSiteArray.java:48)
	at org.codehaus.groovy.runtime.callsite.AbstractCallSite.call(AbstractCallSite.java:113)
	at org.codehaus.groovy.runtime.callsite.AbstractCallSite.call(AbstractCallSite.java:141)
	at TempTestSuite1555480209505.run(TempTestSuite1555480209505.groovy:36)
	at groovy.lang.GroovyShell.runScriptOrMainOrTestOrRunnable(GroovyShell.java:263)
	at groovy.lang.GroovyShell.run(GroovyShell.java:518)
	at groovy.lang.GroovyShell.run(GroovyShell.java:507)
	at groovy.ui.GroovyMain.processOnce(GroovyMain.java:653)
	at groovy.ui.GroovyMain.run(GroovyMain.java:384)
	at groovy.ui.GroovyMain.process(GroovyMain.java:370)
	at groovy.ui.GroovyMain.processArgs(GroovyMain.java:129)
	at groovy.ui.GroovyMain.main(GroovyMain.java:109)
	at sun.reflect.NativeMethodAccessorImpl.invoke0(Native Method)
	at sun.reflect.NativeMethodAccessorImpl.invoke(NativeMethodAccessorImpl.java:62)
	at sun.reflect.DelegatingMethodAccessorImpl.invoke(DelegatingMethodAccessorImpl.java:43)
	at java.lang.reflect.Method.invoke(Method.java:498)
	at org.codehaus.groovy.tools.GroovyStarter.rootLoader(GroovyStarter.java:109)
	at org.codehaus.groovy.tools.GroovyStarter.main(GroovyStarter.java:131)
)"/>
         <system-out><![CDATA[2019-04-17 13:50:39 - [TEST_CASE][FAILED] - Test Cases/002_System_,Manage/001_User_Manage/009_check_userEditpage: Test Cases/002_System_,Manage/001_User_Manage/009_check_userEditpage FAILED because (of) (Stack trace: com.kms.katalon.core.exception.StepFailedException: Unable to click on object 'Object Repository/Syetem_settings/User_Manage/Edit_user_info/edit_first' (Root cause: org.openqa.selenium.WebDriverException: unknown error: Element <a class="layui-btn layui-btn-xs" lay-event="edit">...</a> is not clickable at point (704, 316). Other element would receive the click: <div class="layui-table-cell laytable-cell-1-0-5">...</div>
  (Session info: headless chrome=73.0.3683.75)
  (Driver info: chromedriver=2.35.528161 (5b82f2d2aae0ca24b877009200ced9065a772e73),platform=Windows NT 6.1.7601 SP1 x86_64) (WARNING: The server did not provide any stacktrace information)
Command duration or timeout: 0 milliseconds
Build info: version: '3.7.1', revision: '8a0099a', time: '2017-11-06T21:07:36.161Z'
System info: host: 'BF-20170623WSST', ip: '192.168.10.86', os.name: 'Windows 7', os.arch: 'amd64', os.version: '6.1', java.version: '1.8.0_181'
Driver info: com.kms.katalon.selenium.driver.CChromeDriver
Capabilities {acceptInsecureCerts: false, acceptSslCerts: false, applicationCacheEnabled: false, browserConnectionEnabled: false, browserName: chrome, chrome: {chromedriverVersion: 2.35.528161 (5b82f2d2aae0ca..., userDataDir: C:\Users\ADMINI~1\AppData\L...}, cssSelectorsEnabled: true, databaseEnabled: false, handlesAlerts: true, hasTouchScreen: false, javascriptEnabled: true, locationContextEnabled: true, mobileEmulationEnabled: false, nativeEvents: true, networkConnectionEnabled: false, pageLoadStrategy: normal, platform: XP, platformName: XP, rotatable: false, setWindowRect: true, takesHeapSnapshot: true, takesScreenshot: true, unexpectedAlertBehaviour: , unhandledPromptBehavior: , version: 73.0.3683.75, webStorageEnabled: true}
Session ID: fdedf7de826a4dec9583f3d91ec2351c)
	at com.kms.katalon.core.keyword.internal.KeywordMain.stepFailed(KeywordMain.groovy:36)
	at com.kms.katalon.core.webui.keyword.internal.WebUIKeywordMain.stepFailed(WebUIKeywordMain.groovy:65)
	at com.kms.katalon.core.webui.keyword.internal.WebUIKeywordMain.runKeyword(WebUIKeywordMain.groovy:27)
	at com.kms.katalon.core.webui.keyword.builtin.ClickKeyword.click(ClickKeyword.groovy:86)
	at com.kms.katalon.core.webui.keyword.builtin.ClickKeyword.execute(ClickKeyword.groovy:67)
	at com.kms.katalon.core.keyword.internal.KeywordExecutor.executeKeywordForPlatform(KeywordExecutor.groovy:53)
	at com.kms.katalon.core.webui.keyword.WebUiBuiltInKeywords.click(WebUiBuiltInKeywords.groovy:616)
	at com.kms.katalon.core.webui.keyword.WebUiBuiltInKeywords$click$4.call(Unknown Source)
	at org.codehaus.groovy.runtime.callsite.CallSiteArray.defaultCall(CallSiteArray.java:48)
	at org.codehaus.groovy.runtime.callsite.AbstractCallSite.call(AbstractCallSite.java:113)
	at org.codehaus.groovy.runtime.callsite.AbstractCallSite.call(AbstractCallSite.java:125)
	at Script1555402638307.run(Script1555402638307.groovy:54)
	at com.kms.katalon.core.main.ScriptEngine.run(ScriptEngine.java:183)
	at com.kms.katalon.core.main.ScriptEngine.runScriptAsRawText(ScriptEngine.java:108)
	at com.kms.katalon.core.main.TestCaseExecutor.runScript(TestCaseExecutor.java:294)
	at com.kms.katalon.core.main.TestCaseExecutor.doExecute(TestCaseExecutor.java:285)
	at com.kms.katalon.core.main.TestCaseExecutor.processExecutionPhase(TestCaseExecutor.java:264)
	at com.kms.katalon.core.main.TestCaseExecutor.accessMainPhase(TestCaseExecutor.java:256)
	at com.kms.katalon.core.main.TestCaseExecutor.execute(TestCaseExecutor.java:200)
	at com.kms.katalon.core.main.TestSuiteExecutor.accessTestCaseMainPhase(TestSuiteExecutor.java:129)
	at com.kms.katalon.core.main.TestSuiteExecutor.accessTestSuiteMainPhase(TestSuiteExecutor.java:112)
	at com.kms.katalon.core.main.TestSuiteExecutor.execute(TestSuiteExecutor.java:81)
	at com.kms.katalon.core.main.TestCaseMain.startTestSuite(TestCaseMain.java:142)
	at com.kms.katalon.core.main.TestCaseMain$startTestSuite$0.call(Unknown Source)
	at org.codehaus.groovy.runtime.callsite.CallSiteArray.defaultCall(CallSiteArray.java:48)
	at org.codehaus.groovy.runtime.callsite.AbstractCallSite.call(AbstractCallSite.java:113)
	at org.codehaus.groovy.runtime.callsite.AbstractCallSite.call(AbstractCallSite.java:141)
	at TempTestSuite1555480209505.run(TempTestSuite1555480209505.groovy:36)
	at groovy.lang.GroovyShell.runScriptOrMainOrTestOrRunnable(GroovyShell.java:263)
	at groovy.lang.GroovyShell.run(GroovyShell.java:518)
	at groovy.lang.GroovyShell.run(GroovyShell.java:507)
	at groovy.ui.GroovyMain.processOnce(GroovyMain.java:653)
	at groovy.ui.GroovyMain.run(GroovyMain.java:384)
	at groovy.ui.GroovyMain.process(GroovyMain.java:370)
	at groovy.ui.GroovyMain.processArgs(GroovyMain.java:129)
	at groovy.ui.GroovyMain.main(GroovyMain.java:109)
	at sun.reflect.NativeMethodAccessorImpl.invoke0(Native Method)
	at sun.reflect.NativeMethodAccessorImpl.invoke(NativeMethodAccessorImpl.java:62)
	at sun.reflect.DelegatingMethodAccessorImpl.invoke(DelegatingMethodAccessorImpl.java:43)
	at java.lang.reflect.Method.invoke(Method.java:498)
	at org.codehaus.groovy.tools.GroovyStarter.rootLoader(GroovyStarter.java:109)
	at org.codehaus.groovy.tools.GroovyStarter.main(GroovyStarter.java:131)
)

2019-04-17 13:50:39 - [TEST_STEP][PASSED] - Start listener action : sampleBeforeTestCase: Invoke 'com.kms.katalon.core.annotation.BeforeTestCase' method: 'NewTestListener.sampleBeforeTestCase(...)' completed.

2019-04-17 13:50:39 - [TEST_STEP][PASSED] - Statement - println(testCaseContext.getTestCaseId()): null

2019-04-17 13:50:39 - [TEST_STEP][PASSED] - Statement - println(testCaseContext.getTestCaseVariables()): Invoke 'com.kms.katalon.core.annotation.BeforeTestCase' method: 'NewTestListener.sampleBeforeTestCase(...)' completed.

2019-04-17 13:50:39 - [TEST_STEP][PASSED] - callTestCase: Call Test Case 'Test Cases/002_System_,Manage/001_User_Manage/001_Enter_User' successfully

2019-04-17 13:50:39 - [TEST_CASE][PASSED] - Test Cases/002_System_,Manage/001_User_Manage/001_Enter_User: Test Cases/002_System_,Manage/001_User_Manage/001_Enter_User

2019-04-17 13:50:39 - [TEST_STEP][PASSED] - callTestCase: Call Test Case 'Test Cases/001_Login_Home/002_Login' successfully

2019-04-17 13:50:39 - [TEST_CASE][PASSED] - Test Cases/001_Login_Home/002_Login: Test Cases/001_Login_Home/002_Login

2019-04-17 13:50:39 - [TEST_STEP][PASSED] - callTestCase: Call Test Case 'Test Cases/001_Login_Home/001_Navigate' successfully

2019-04-17 13:50:40 - [TEST_CASE][PASSED] - Test Cases/001_Login_Home/001_Navigate: Test Cases/001_Login_Home/001_Navigate

2019-04-17 13:50:40 - [TEST_STEP][PASSED] - openBrowser: Browser is opened with url: ''

2019-04-17 13:50:40 - [MESSAGE][WARNING] - A browser is already opened. Closing browser and opening a new one

2019-04-17 13:50:42 - [MESSAGE][PASSED] - Browser is opened with url: ''

2019-04-17 13:50:42 - [TEST_STEP][PASSED] - navigateToUrl: Navigate to 'http://222.180.200.126:9909/PORTALASSETS/login' successfully

2019-04-17 13:50:43 - [MESSAGE][PASSED] - Navigate to 'http://222.180.200.126:9909/PORTALASSETS/login' successfully

2019-04-17 13:50:43 - [TEST_STEP][PASSED] - comment: begin to input one correct account

2019-04-17 13:50:43 - [TEST_STEP][PASSED] - Statement - item = com.kms.katalon.core.webui.keyword.WebUiBuiltInKeywords.verifyElementPresent(com.kms.katalon.core.testobject.ObjectRepository.findTestObject(Login/button_ login), 20, STOP_ON_FAILURE): Object 'Object Repository/Login/button_ login' is present

2019-04-17 13:50:43 - [MESSAGE][PASSED] - Object 'Object Repository/Login/button_ login' is present

2019-04-17 13:50:43 - [TEST_STEP][PASSED] - Statement - If (item == true): Enter this website successful!!

2019-04-17 13:50:43 - [TEST_STEP][PASSED] - comment: Enter this website successful!!

2019-04-17 13:50:43 - [MESSAGE][PASSED] - Call Test Case 'Test Cases/001_Login_Home/001_Navigate' successfully

2019-04-17 13:50:43 - [TEST_STEP][PASSED] - delay: Delayed 1 second(s)

2019-04-17 13:50:44 - [MESSAGE][PASSED] - Delayed 1 second(s)

2019-04-17 13:50:44 - [TEST_STEP][PASSED] - setText: Text 'admin' is set on object 'Object Repository/Login/loginname'

2019-04-17 13:50:44 - [MESSAGE][PASSED] - Text 'admin' is set on object 'Object Repository/Login/loginname'

2019-04-17 13:50:44 - [TEST_STEP][PASSED] - delay: Delayed 1 second(s)

2019-04-17 13:50:45 - [MESSAGE][PASSED] - Delayed 1 second(s)

2019-04-17 13:50:45 - [TEST_STEP][PASSED] - setText: Text '654321' is set on object 'Object Repository/Login/password'

2019-04-17 13:50:45 - [MESSAGE][PASSED] - Text '654321' is set on object 'Object Repository/Login/password'

2019-04-17 13:50:46 - [TEST_STEP][PASSED] - delay: Delayed 1 second(s)

2019-04-17 13:50:47 - [MESSAGE][PASSED] - Delayed 1 second(s)

2019-04-17 13:50:47 - [TEST_STEP][PASSED] - Statement - R = com.kms.katalon.core.webui.keyword.WebUiBuiltInKeywords.verifyElementChecked(com.kms.katalon.core.testobject.ObjectRepository.findTestObject(Login/remember_password), 10): Object 'Object Repository/Login/remember_password' is checked

2019-04-17 13:50:47 - [MESSAGE][PASSED] - Object 'Object Repository/Login/remember_password' is checked

2019-04-17 13:50:47 - [TEST_STEP][PASSED] - Statement - If (R): The remember pwd box is checked!

2019-04-17 13:50:47 - [TEST_STEP][PASSED] - comment: The remember pwd box is checked!

2019-04-17 13:50:47 - [TEST_STEP][PASSED] - click: Object: 'Object Repository/Login/button_ login' is clicked on

2019-04-17 13:50:47 - [MESSAGE][PASSED] - Object: 'Object Repository/Login/button_ login' is clicked on

2019-04-17 13:50:47 - [TEST_STEP][PASSED] - Statement - a = com.kms.katalon.core.webui.keyword.WebUiBuiltInKeywords.verifyElementPresent(com.kms.katalon.core.testobject.ObjectRepository.findTestObject(homepage/a_homepage), 40): Object 'Object Repository/homepage/a_homepage' is present

2019-04-17 13:50:48 - [MESSAGE][PASSED] - Object 'Object Repository/homepage/a_homepage' is present

2019-04-17 13:50:48 - [TEST_STEP][PASSED] - Statement - If (a): Taking screenshot successfully

2019-04-17 13:50:48 - [TEST_STEP][PASSED] - comment: Find the homepag lable,Login successful

2019-04-17 13:50:48 - [TEST_STEP][PASSED] - takeScreenshot: Taking screenshot successfully

2019-04-17 13:50:48 - [MESSAGE][PASSED] - Taking screenshot successfully
[[ATTACHMENT|G:\\Auto_Learning\\katalon\\katalon_project\\katalon_project\\T2M_Manage\\T2M_Manage\\Reports\\User Manage\\003_edit staff\\20190417_135009\\1555480248223.png]]

2019-04-17 13:50:48 - [MESSAGE][PASSED] - Call Test Case 'Test Cases/001_Login_Home/002_Login' successfully

2019-04-17 13:50:48 - [TEST_STEP][PASSED] - delay: Delayed 1 second(s)

2019-04-17 13:50:49 - [MESSAGE][PASSED] - Delayed 1 second(s)

2019-04-17 13:50:49 - [TEST_STEP][PASSED] - click: Object: 'Object Repository/Syetem_settings/User_Manage/a_systemsetings' is clicked on

2019-04-17 13:50:49 - [MESSAGE][PASSED] - Object: 'Object Repository/Syetem_settings/User_Manage/a_systemsetings' is clicked on

2019-04-17 13:50:49 - [TEST_STEP][PASSED] - delay: Delayed 1 second(s)

2019-04-17 13:50:50 - [MESSAGE][PASSED] - Delayed 1 second(s)

2019-04-17 13:50:50 - [TEST_STEP][PASSED] - click: Object: 'Object Repository/Syetem_settings/User_Manage/a_user_manage' is clicked on

2019-04-17 13:50:50 - [MESSAGE][PASSED] - Object: 'Object Repository/Syetem_settings/User_Manage/a_user_manage' is clicked on

2019-04-17 13:50:50 - [TEST_STEP][PASSED] - delay: Delayed 1 second(s)

2019-04-17 13:50:51 - [MESSAGE][PASSED] - Delayed 1 second(s)

2019-04-17 13:50:51 - [TEST_STEP][PASSED] - Statement - verify_user = com.kms.katalon.core.webui.keyword.WebUiBuiltInKeywords.verifyElementPresent(com.kms.katalon.core.testobject.ObjectRepository.findTestObject(Syetem_settings/User_Manage/cite_usertable), 0): Object 'Object Repository/Syetem_settings/User_Manage/cite_usertable' is present

2019-04-17 13:50:51 - [MESSAGE][WARNING] - Timeout '0' is invalid. Using default page load timeout: '30'

2019-04-17 13:50:52 - [MESSAGE][PASSED] - Object 'Object Repository/Syetem_settings/User_Manage/cite_usertable' is present

2019-04-17 13:50:52 - [TEST_STEP][PASSED] - Statement - If (verify_user): Enter the Successfully entered the people management page

2019-04-17 13:50:52 - [TEST_STEP][PASSED] - comment: Enter the Successfully entered the people management page

2019-04-17 13:50:52 - [MESSAGE][PASSED] - Call Test Case 'Test Cases/002_System_,Manage/001_User_Manage/001_Enter_User' successfully

2019-04-17 13:50:52 - [TEST_STEP][PASSED] - setText: Text '测试' is set on object 'Object Repository/test/input__keyword'

2019-04-17 13:50:52 - [MESSAGE][PASSED] - Text '测试' is set on object 'Object Repository/test/input__keyword'

2019-04-17 13:50:52 - [TEST_STEP][PASSED] - delay: Delayed 1 second(s)

2019-04-17 13:50:53 - [MESSAGE][PASSED] - Delayed 1 second(s)

2019-04-17 13:50:53 - [TEST_STEP][PASSED] - click: Object: 'Object Repository/test/button__layui-btn' is clicked on

2019-04-17 13:50:53 - [MESSAGE][PASSED] - Object: 'Object Repository/test/button__layui-btn' is clicked on

2019-04-17 13:50:53 - [TEST_STEP][PASSED] - delay: Delayed 1 second(s)

2019-04-17 13:50:54 - [MESSAGE][PASSED] - Delayed 1 second(s)

2019-04-17 13:50:54 - [TEST_STEP][PASSED] - Statement - i = 1: null

2019-04-17 13:50:54 - [TEST_STEP][PASSED] - Statement - userinfo = []: null

2019-04-17 13:50:54 - [TEST_STEP][PASSED] - Statement - For ([j = 1, j <= 5, (j++)]): null

2019-04-17 13:50:54 - [TEST_STEP][PASSED] - Statement - n_btn = com.kms.katalon.core.webui.keyword.WebUiBuiltInKeywords.modifyObjectProperty(com.kms.katalon.core.testobject.ObjectRepository.findTestObject(Syetem_settings/User_Manage/Search/tr_td), "xpath", "equals", "//div[@id="mainContent"]/div[2]/div[2]/div[2]/div[2]/div/div[2]/table/tbody/tr[" + i + "]/td[" + j + "]/div", true): Modify property of object successfully

2019-04-17 13:50:54 - [MESSAGE][PASSED] - Modify property of object successfully

2019-04-17 13:50:54 - [TEST_STEP][PASSED] - verifyElementPresent: Object 'Object Repository/Syetem_settings/User_Manage/Search/tr_td' is present

2019-04-17 13:50:54 - [MESSAGE][PASSED] - Object 'Object Repository/Syetem_settings/User_Manage/Search/tr_td' is present

2019-04-17 13:50:54 - [TEST_STEP][PASSED] - Statement - data = com.kms.katalon.core.webui.keyword.WebUiBuiltInKeywords.getAttribute(n_btn, "innerText"): Attribute 'innerText' of object 'Object Repository/Syetem_settings/User_Manage/Search/tr_td' is: '林测试'

2019-04-17 13:50:54 - [MESSAGE][PASSED] - Attribute 'innerText' of object 'Object Repository/Syetem_settings/User_Manage/Search/tr_td' is: '林测试'

2019-04-17 13:50:54 - [TEST_STEP][PASSED] - Statement - userinfo.add(data): null

2019-04-17 13:50:54 - [TEST_STEP][PASSED] - Statement - println(userinfo): null

2019-04-17 13:50:54 - [TEST_STEP][PASSED] - Statement - n_btn = com.kms.katalon.core.webui.keyword.WebUiBuiltInKeywords.modifyObjectProperty(com.kms.katalon.core.testobject.ObjectRepository.findTestObject(Syetem_settings/User_Manage/Search/tr_td), "xpath", "equals", "//div[@id="mainContent"]/div[2]/div[2]/div[2]/div[2]/div/div[2]/table/tbody/tr[" + i + "]/td[" + j + "]/div", true): Modify property of object successfully

2019-04-17 13:50:54 - [MESSAGE][PASSED] - Modify property of object successfully

2019-04-17 13:50:54 - [TEST_STEP][PASSED] - verifyElementPresent: Object 'Object Repository/Syetem_settings/User_Manage/Search/tr_td' is present

2019-04-17 13:50:54 - [MESSAGE][PASSED] - Object 'Object Repository/Syetem_settings/User_Manage/Search/tr_td' is present

2019-04-17 13:50:54 - [TEST_STEP][PASSED] - Statement - data = com.kms.katalon.core.webui.keyword.WebUiBuiltInKeywords.getAttribute(n_btn, "innerText"): Attribute 'innerText' of object 'Object Repository/Syetem_settings/User_Manage/Search/tr_td' is: '1'

2019-04-17 13:50:54 - [MESSAGE][PASSED] - Attribute 'innerText' of object 'Object Repository/Syetem_settings/User_Manage/Search/tr_td' is: '1'

2019-04-17 13:50:54 - [TEST_STEP][PASSED] - Statement - userinfo.add(data): null

2019-04-17 13:50:54 - [TEST_STEP][PASSED] - Statement - println(userinfo): null

2019-04-17 13:50:54 - [TEST_STEP][PASSED] - Statement - n_btn = com.kms.katalon.core.webui.keyword.WebUiBuiltInKeywords.modifyObjectProperty(com.kms.katalon.core.testobject.ObjectRepository.findTestObject(Syetem_settings/User_Manage/Search/tr_td), "xpath", "equals", "//div[@id="mainContent"]/div[2]/div[2]/div[2]/div[2]/div/div[2]/table/tbody/tr[" + i + "]/td[" + j + "]/div", true): Modify property of object successfully

2019-04-17 13:50:54 - [MESSAGE][PASSED] - Modify property of object successfully

2019-04-17 13:50:54 - [TEST_STEP][PASSED] - verifyElementPresent: Object 'Object Repository/Syetem_settings/User_Manage/Search/tr_td' is present

2019-04-17 13:50:54 - [MESSAGE][PASSED] - Object 'Object Repository/Syetem_settings/User_Manage/Search/tr_td' is present

2019-04-17 13:50:54 - [TEST_STEP][PASSED] - Statement - data = com.kms.katalon.core.webui.keyword.WebUiBuiltInKeywords.getAttribute(n_btn, "innerText"): Attribute 'innerText' of object 'Object Repository/Syetem_settings/User_Manage/Search/tr_td' is: ''

2019-04-17 13:50:55 - [MESSAGE][PASSED] - Attribute 'innerText' of object 'Object Repository/Syetem_settings/User_Manage/Search/tr_td' is: ''

2019-04-17 13:50:55 - [TEST_STEP][PASSED] - Statement - userinfo.add(data): null

2019-04-17 13:50:55 - [TEST_STEP][PASSED] - Statement - println(userinfo): null

2019-04-17 13:50:55 - [TEST_STEP][PASSED] - Statement - n_btn = com.kms.katalon.core.webui.keyword.WebUiBuiltInKeywords.modifyObjectProperty(com.kms.katalon.core.testobject.ObjectRepository.findTestObject(Syetem_settings/User_Manage/Search/tr_td), "xpath", "equals", "//div[@id="mainContent"]/div[2]/div[2]/div[2]/div[2]/div/div[2]/table/tbody/tr[" + i + "]/td[" + j + "]/div", true): Modify property of object successfully

2019-04-17 13:50:55 - [MESSAGE][PASSED] - Modify property of object successfully

2019-04-17 13:50:55 - [TEST_STEP][PASSED] - verifyElementPresent: Object 'Object Repository/Syetem_settings/User_Manage/Search/tr_td' is present

2019-04-17 13:50:55 - [MESSAGE][PASSED] - Object 'Object Repository/Syetem_settings/User_Manage/Search/tr_td' is present

2019-04-17 13:50:55 - [TEST_STEP][PASSED] - Statement - data = com.kms.katalon.core.webui.keyword.WebUiBuiltInKeywords.getAttribute(n_btn, "innerText"): Attribute 'innerText' of object 'Object Repository/Syetem_settings/User_Manage/Search/tr_td' is: '1'

2019-04-17 13:50:55 - [MESSAGE][PASSED] - Attribute 'innerText' of object 'Object Repository/Syetem_settings/User_Manage/Search/tr_td' is: '1'

2019-04-17 13:50:56 - [TEST_STEP][PASSED] - Statement - userinfo.add(data): null

2019-04-17 13:50:56 - [TEST_STEP][PASSED] - Statement - println(userinfo): null

2019-04-17 13:50:56 - [TEST_STEP][PASSED] - Statement - n_btn = com.kms.katalon.core.webui.keyword.WebUiBuiltInKeywords.modifyObjectProperty(com.kms.katalon.core.testobject.ObjectRepository.findTestObject(Syetem_settings/User_Manage/Search/tr_td), "xpath", "equals", "//div[@id="mainContent"]/div[2]/div[2]/div[2]/div[2]/div/div[2]/table/tbody/tr[" + i + "]/td[" + j + "]/div", true): Modify property of object successfully

2019-04-17 13:50:56 - [MESSAGE][PASSED] - Modify property of object successfully

2019-04-17 13:50:56 - [TEST_STEP][PASSED] - verifyElementPresent: Object 'Object Repository/Syetem_settings/User_Manage/Search/tr_td' is present

2019-04-17 13:50:56 - [MESSAGE][PASSED] - Object 'Object Repository/Syetem_settings/User_Manage/Search/tr_td' is present

2019-04-17 13:50:56 - [TEST_STEP][PASSED] - Statement - data = com.kms.katalon.core.webui.keyword.WebUiBuiltInKeywords.getAttribute(n_btn, "innerText"): Attribute 'innerText' of object 'Object Repository/Syetem_settings/User_Manage/Search/tr_td' is: '在职'

2019-04-17 13:50:56 - [MESSAGE][PASSED] - Attribute 'innerText' of object 'Object Repository/Syetem_settings/User_Manage/Search/tr_td' is: '在职'

2019-04-17 13:50:56 - [TEST_STEP][PASSED] - Statement - userinfo.add(data): null

2019-04-17 13:50:56 - [TEST_STEP][PASSED] - Statement - println(userinfo): null

2019-04-17 13:50:56 - [TEST_STEP][FAILED] - click: Unable to click on object 'Object Repository/Syetem_settings/User_Manage/Edit_user_info/edit_first' (Root cause: org.openqa.selenium.WebDriverException: unknown error: Element <a class="layui-btn layui-btn-xs" lay-event="edit">...</a> is not clickable at point (704, 316). Other element would receive the click: <div class="layui-table-cell laytable-cell-1-0-5">...</div>
  (Session info: headless chrome=73.0.3683.75)
  (Driver info: chromedriver=2.35.528161 (5b82f2d2aae0ca24b877009200ced9065a772e73),platform=Windows NT 6.1.7601 SP1 x86_64) (WARNING: The server did not provide any stacktrace information)
Command duration or timeout: 0 milliseconds
Build info: version: '3.7.1', revision: '8a0099a', time: '2017-11-06T21:07:36.161Z'
System info: host: 'BF-20170623WSST', ip: '192.168.10.86', os.name: 'Windows 7', os.arch: 'amd64', os.version: '6.1', java.version: '1.8.0_181'
Driver info: com.kms.katalon.selenium.driver.CChromeDriver
Capabilities {acceptInsecureCerts: false, acceptSslCerts: false, applicationCacheEnabled: false, browserConnectionEnabled: false, browserName: chrome, chrome: {chromedriverVersion: 2.35.528161 (5b82f2d2aae0ca..., userDataDir: C:\Users\ADMINI~1\AppData\L...}, cssSelectorsEnabled: true, databaseEnabled: false, handlesAlerts: true, hasTouchScreen: false, javascriptEnabled: true, locationContextEnabled: true, mobileEmulationEnabled: false, nativeEvents: true, networkConnectionEnabled: false, pageLoadStrategy: normal, platform: XP, platformName: XP, rotatable: false, setWindowRect: true, takesHeapSnapshot: true, takesScreenshot: true, unexpectedAlertBehaviour: , unhandledPromptBehavior: , version: 73.0.3683.75, webStorageEnabled: true}
Session ID: fdedf7de826a4dec9583f3d91ec2351c)

2019-04-17 13:50:57 - [MESSAGE][FAILED] - Unable to click on object 'Object Repository/Syetem_settings/User_Manage/Edit_user_info/edit_first' (Root cause: org.openqa.selenium.WebDriverException: unknown error: Element <a class="layui-btn layui-btn-xs" lay-event="edit">...</a> is not clickable at point (704, 316). Other element would receive the click: <div class="layui-table-cell laytable-cell-1-0-5">...</div>
  (Session info: headless chrome=73.0.3683.75)
  (Driver info: chromedriver=2.35.528161 (5b82f2d2aae0ca24b877009200ced9065a772e73),platform=Windows NT 6.1.7601 SP1 x86_64) (WARNING: The server did not provide any stacktrace information)
Command duration or timeout: 0 milliseconds
Build info: version: '3.7.1', revision: '8a0099a', time: '2017-11-06T21:07:36.161Z'
System info: host: 'BF-20170623WSST', ip: '192.168.10.86', os.name: 'Windows 7', os.arch: 'amd64', os.version: '6.1', java.version: '1.8.0_181'
Driver info: com.kms.katalon.selenium.driver.CChromeDriver
Capabilities {acceptInsecureCerts: false, acceptSslCerts: false, applicationCacheEnabled: false, browserConnectionEnabled: false, browserName: chrome, chrome: {chromedriverVersion: 2.35.528161 (5b82f2d2aae0ca..., userDataDir: C:\Users\ADMINI~1\AppData\L...}, cssSelectorsEnabled: true, databaseEnabled: false, handlesAlerts: true, hasTouchScreen: false, javascriptEnabled: true, locationContextEnabled: true, mobileEmulationEnabled: false, nativeEvents: true, networkConnectionEnabled: false, pageLoadStrategy: normal, platform: XP, platformName: XP, rotatable: false, setWindowRect: true, takesHeapSnapshot: true, takesScreenshot: true, unexpectedAlertBehaviour: , unhandledPromptBehavior: , version: 73.0.3683.75, webStorageEnabled: true}
Session ID: fdedf7de826a4dec9583f3d91ec2351c)
[[ATTACHMENT|G:\\Auto_Learning\\katalon\\katalon_project\\katalon_project\\T2M_Manage\\T2M_Manage\\Reports\\User Manage\\003_edit staff\\20190417_135009\\1555480257479.png]]

2019-04-17 13:50:57 - [TEST_STEP][PASSED] - Start listener action : sampleAfterTestCase: Invoke 'com.kms.katalon.core.annotation.AfterTestCase' method: 'NewTestListener.sampleAfterTestCase(...)' completed.

2019-04-17 13:50:58 - [TEST_STEP][PASSED] - Statement - println(testCaseContext.getTestCaseId()): null

2019-04-17 13:50:58 - [TEST_STEP][PASSED] - Statement - println(testCaseContext.getTestCaseStatus()): Invoke 'com.kms.katalon.core.annotation.AfterTestCase' method: 'NewTestListener.sampleAfterTestCase(...)' completed.]]></system-out>
         <system-err><![CDATA[2019-04-17 13:50:39 - [TEST_CASE][FAILED] - Test Cases/002_System_,Manage/001_User_Manage/009_check_userEditpage: Test Cases/002_System_,Manage/001_User_Manage/009_check_userEditpage FAILED because (of) (Stack trace: com.kms.katalon.core.exception.StepFailedException: Unable to click on object 'Object Repository/Syetem_settings/User_Manage/Edit_user_info/edit_first' (Root cause: org.openqa.selenium.WebDriverException: unknown error: Element <a class="layui-btn layui-btn-xs" lay-event="edit">...</a> is not clickable at point (704, 316). Other element would receive the click: <div class="layui-table-cell laytable-cell-1-0-5">...</div>
  (Session info: headless chrome=73.0.3683.75)
  (Driver info: chromedriver=2.35.528161 (5b82f2d2aae0ca24b877009200ced9065a772e73),platform=Windows NT 6.1.7601 SP1 x86_64) (WARNING: The server did not provide any stacktrace information)
Command duration or timeout: 0 milliseconds
Build info: version: '3.7.1', revision: '8a0099a', time: '2017-11-06T21:07:36.161Z'
System info: host: 'BF-20170623WSST', ip: '192.168.10.86', os.name: 'Windows 7', os.arch: 'amd64', os.version: '6.1', java.version: '1.8.0_181'
Driver info: com.kms.katalon.selenium.driver.CChromeDriver
Capabilities {acceptInsecureCerts: false, acceptSslCerts: false, applicationCacheEnabled: false, browserConnectionEnabled: false, browserName: chrome, chrome: {chromedriverVersion: 2.35.528161 (5b82f2d2aae0ca..., userDataDir: C:\Users\ADMINI~1\AppData\L...}, cssSelectorsEnabled: true, databaseEnabled: false, handlesAlerts: true, hasTouchScreen: false, javascriptEnabled: true, locationContextEnabled: true, mobileEmulationEnabled: false, nativeEvents: true, networkConnectionEnabled: false, pageLoadStrategy: normal, platform: XP, platformName: XP, rotatable: false, setWindowRect: true, takesHeapSnapshot: true, takesScreenshot: true, unexpectedAlertBehaviour: , unhandledPromptBehavior: , version: 73.0.3683.75, webStorageEnabled: true}
Session ID: fdedf7de826a4dec9583f3d91ec2351c)
	at com.kms.katalon.core.keyword.internal.KeywordMain.stepFailed(KeywordMain.groovy:36)
	at com.kms.katalon.core.webui.keyword.internal.WebUIKeywordMain.stepFailed(WebUIKeywordMain.groovy:65)
	at com.kms.katalon.core.webui.keyword.internal.WebUIKeywordMain.runKeyword(WebUIKeywordMain.groovy:27)
	at com.kms.katalon.core.webui.keyword.builtin.ClickKeyword.click(ClickKeyword.groovy:86)
	at com.kms.katalon.core.webui.keyword.builtin.ClickKeyword.execute(ClickKeyword.groovy:67)
	at com.kms.katalon.core.keyword.internal.KeywordExecutor.executeKeywordForPlatform(KeywordExecutor.groovy:53)
	at com.kms.katalon.core.webui.keyword.WebUiBuiltInKeywords.click(WebUiBuiltInKeywords.groovy:616)
	at com.kms.katalon.core.webui.keyword.WebUiBuiltInKeywords$click$4.call(Unknown Source)
	at org.codehaus.groovy.runtime.callsite.CallSiteArray.defaultCall(CallSiteArray.java:48)
	at org.codehaus.groovy.runtime.callsite.AbstractCallSite.call(AbstractCallSite.java:113)
	at org.codehaus.groovy.runtime.callsite.AbstractCallSite.call(AbstractCallSite.java:125)
	at Script1555402638307.run(Script1555402638307.groovy:54)
	at com.kms.katalon.core.main.ScriptEngine.run(ScriptEngine.java:183)
	at com.kms.katalon.core.main.ScriptEngine.runScriptAsRawText(ScriptEngine.java:108)
	at com.kms.katalon.core.main.TestCaseExecutor.runScript(TestCaseExecutor.java:294)
	at com.kms.katalon.core.main.TestCaseExecutor.doExecute(TestCaseExecutor.java:285)
	at com.kms.katalon.core.main.TestCaseExecutor.processExecutionPhase(TestCaseExecutor.java:264)
	at com.kms.katalon.core.main.TestCaseExecutor.accessMainPhase(TestCaseExecutor.java:256)
	at com.kms.katalon.core.main.TestCaseExecutor.execute(TestCaseExecutor.java:200)
	at com.kms.katalon.core.main.TestSuiteExecutor.accessTestCaseMainPhase(TestSuiteExecutor.java:129)
	at com.kms.katalon.core.main.TestSuiteExecutor.accessTestSuiteMainPhase(TestSuiteExecutor.java:112)
	at com.kms.katalon.core.main.TestSuiteExecutor.execute(TestSuiteExecutor.java:81)
	at com.kms.katalon.core.main.TestCaseMain.startTestSuite(TestCaseMain.java:142)
	at com.kms.katalon.core.main.TestCaseMain$startTestSuite$0.call(Unknown Source)
	at org.codehaus.groovy.runtime.callsite.CallSiteArray.defaultCall(CallSiteArray.java:48)
	at org.codehaus.groovy.runtime.callsite.AbstractCallSite.call(AbstractCallSite.java:113)
	at org.codehaus.groovy.runtime.callsite.AbstractCallSite.call(AbstractCallSite.java:141)
	at TempTestSuite1555480209505.run(TempTestSuite1555480209505.groovy:36)
	at groovy.lang.GroovyShell.runScriptOrMainOrTestOrRunnable(GroovyShell.java:263)
	at groovy.lang.GroovyShell.run(GroovyShell.java:518)
	at groovy.lang.GroovyShell.run(GroovyShell.java:507)
	at groovy.ui.GroovyMain.processOnce(GroovyMain.java:653)
	at groovy.ui.GroovyMain.run(GroovyMain.java:384)
	at groovy.ui.GroovyMain.process(GroovyMain.java:370)
	at groovy.ui.GroovyMain.processArgs(GroovyMain.java:129)
	at groovy.ui.GroovyMain.main(GroovyMain.java:109)
	at sun.reflect.NativeMethodAccessorImpl.invoke0(Native Method)
	at sun.reflect.NativeMethodAccessorImpl.invoke(NativeMethodAccessorImpl.java:62)
	at sun.reflect.DelegatingMethodAccessorImpl.invoke(DelegatingMethodAccessorImpl.java:43)
	at java.lang.reflect.Method.invoke(Method.java:498)
	at org.codehaus.groovy.tools.GroovyStarter.rootLoader(GroovyStarter.java:109)
	at org.codehaus.groovy.tools.GroovyStarter.main(GroovyStarter.java:131)
)]]></system-err>
      </testcase>
      <testcase name="Test Cases/002_System_,Manage/001_User_Manage/010_Edit_User_error" classname="Test Cases/002_System_,Manage/001_User_Manage/010_Edit_User_error" status="PASSED">
         <system-out><![CDATA[2019-04-17 13:51:01 - [TEST_CASE][PASSED] - Test Cases/002_System_,Manage/001_User_Manage/010_Edit_User_error: Test Cases/002_System_,Manage/001_User_Manage/010_Edit_User_error

2019-04-17 13:51:01 - [TEST_STEP][PASSED] - Start listener action : sampleBeforeTestCase: Invoke 'com.kms.katalon.core.annotation.BeforeTestCase' method: 'NewTestListener.sampleBeforeTestCase(...)' completed.

2019-04-17 13:51:01 - [TEST_STEP][PASSED] - Statement - println(testCaseContext.getTestCaseId()): null

2019-04-17 13:51:01 - [TEST_STEP][PASSED] - Statement - println(testCaseContext.getTestCaseVariables()): Invoke 'com.kms.katalon.core.annotation.BeforeTestCase' method: 'NewTestListener.sampleBeforeTestCase(...)' completed.

2019-04-17 13:51:01 - [TEST_STEP][PASSED] - callTestCase: Call Test Case 'Test Cases/002_System_,Manage/001_User_Manage/001_Enter_User' successfully

2019-04-17 13:51:01 - [TEST_CASE][PASSED] - Test Cases/002_System_,Manage/001_User_Manage/001_Enter_User: Test Cases/002_System_,Manage/001_User_Manage/001_Enter_User

2019-04-17 13:51:01 - [TEST_STEP][PASSED] - callTestCase: Call Test Case 'Test Cases/001_Login_Home/002_Login' successfully

2019-04-17 13:51:01 - [TEST_CASE][PASSED] - Test Cases/001_Login_Home/002_Login: Test Cases/001_Login_Home/002_Login

2019-04-17 13:51:01 - [TEST_STEP][PASSED] - callTestCase: Call Test Case 'Test Cases/001_Login_Home/001_Navigate' successfully

2019-04-17 13:51:01 - [TEST_CASE][PASSED] - Test Cases/001_Login_Home/001_Navigate: Test Cases/001_Login_Home/001_Navigate

2019-04-17 13:51:01 - [TEST_STEP][PASSED] - openBrowser: Browser is opened with url: ''

2019-04-17 13:51:01 - [MESSAGE][WARNING] - A browser is already opened. Closing browser and opening a new one

2019-04-17 13:51:04 - [MESSAGE][PASSED] - Browser is opened with url: ''

2019-04-17 13:51:04 - [TEST_STEP][PASSED] - navigateToUrl: Navigate to 'http://222.180.200.126:9909/PORTALASSETS/login' successfully

2019-04-17 13:51:05 - [MESSAGE][PASSED] - Navigate to 'http://222.180.200.126:9909/PORTALASSETS/login' successfully

2019-04-17 13:51:05 - [TEST_STEP][PASSED] - comment: begin to input one correct account

2019-04-17 13:51:05 - [TEST_STEP][PASSED] - Statement - item = com.kms.katalon.core.webui.keyword.WebUiBuiltInKeywords.verifyElementPresent(com.kms.katalon.core.testobject.ObjectRepository.findTestObject(Login/button_ login), 20, STOP_ON_FAILURE): Object 'Object Repository/Login/button_ login' is present

2019-04-17 13:51:05 - [MESSAGE][PASSED] - Object 'Object Repository/Login/button_ login' is present

2019-04-17 13:51:05 - [TEST_STEP][PASSED] - Statement - If (item == true): Enter this website successful!!

2019-04-17 13:51:05 - [TEST_STEP][PASSED] - comment: Enter this website successful!!

2019-04-17 13:51:05 - [MESSAGE][PASSED] - Call Test Case 'Test Cases/001_Login_Home/001_Navigate' successfully

2019-04-17 13:51:05 - [TEST_STEP][PASSED] - delay: Delayed 1 second(s)

2019-04-17 13:51:06 - [MESSAGE][PASSED] - Delayed 1 second(s)

2019-04-17 13:51:06 - [TEST_STEP][PASSED] - setText: Text 'admin' is set on object 'Object Repository/Login/loginname'

2019-04-17 13:51:07 - [MESSAGE][PASSED] - Text 'admin' is set on object 'Object Repository/Login/loginname'

2019-04-17 13:51:07 - [TEST_STEP][PASSED] - delay: Delayed 1 second(s)

2019-04-17 13:51:08 - [MESSAGE][PASSED] - Delayed 1 second(s)

2019-04-17 13:51:08 - [TEST_STEP][PASSED] - setText: Text '654321' is set on object 'Object Repository/Login/password'

2019-04-17 13:51:08 - [MESSAGE][PASSED] - Text '654321' is set on object 'Object Repository/Login/password'

2019-04-17 13:51:08 - [TEST_STEP][PASSED] - delay: Delayed 1 second(s)

2019-04-17 13:51:09 - [MESSAGE][PASSED] - Delayed 1 second(s)

2019-04-17 13:51:09 - [TEST_STEP][PASSED] - Statement - R = com.kms.katalon.core.webui.keyword.WebUiBuiltInKeywords.verifyElementChecked(com.kms.katalon.core.testobject.ObjectRepository.findTestObject(Login/remember_password), 10): Object 'Object Repository/Login/remember_password' is checked

2019-04-17 13:51:09 - [MESSAGE][PASSED] - Object 'Object Repository/Login/remember_password' is checked

2019-04-17 13:51:09 - [TEST_STEP][PASSED] - Statement - If (R): The remember pwd box is checked!

2019-04-17 13:51:09 - [TEST_STEP][PASSED] - comment: The remember pwd box is checked!

2019-04-17 13:51:09 - [TEST_STEP][PASSED] - click: Object: 'Object Repository/Login/button_ login' is clicked on

2019-04-17 13:51:09 - [MESSAGE][PASSED] - Object: 'Object Repository/Login/button_ login' is clicked on

2019-04-17 13:51:09 - [TEST_STEP][PASSED] - Statement - a = com.kms.katalon.core.webui.keyword.WebUiBuiltInKeywords.verifyElementPresent(com.kms.katalon.core.testobject.ObjectRepository.findTestObject(homepage/a_homepage), 40): Object 'Object Repository/homepage/a_homepage' is present

2019-04-17 13:51:09 - [MESSAGE][PASSED] - Object 'Object Repository/homepage/a_homepage' is present

2019-04-17 13:51:09 - [TEST_STEP][PASSED] - Statement - If (a): Taking screenshot successfully

2019-04-17 13:51:09 - [TEST_STEP][PASSED] - comment: Find the homepag lable,Login successful

2019-04-17 13:51:09 - [TEST_STEP][PASSED] - takeScreenshot: Taking screenshot successfully

2019-04-17 13:51:10 - [MESSAGE][PASSED] - Taking screenshot successfully
[[ATTACHMENT|G:\\Auto_Learning\\katalon\\katalon_project\\katalon_project\\T2M_Manage\\T2M_Manage\\Reports\\User Manage\\003_edit staff\\20190417_135009\\1555480269917.png]]

2019-04-17 13:51:10 - [MESSAGE][PASSED] - Call Test Case 'Test Cases/001_Login_Home/002_Login' successfully

2019-04-17 13:51:10 - [TEST_STEP][PASSED] - delay: Delayed 1 second(s)

2019-04-17 13:51:11 - [MESSAGE][PASSED] - Delayed 1 second(s)

2019-04-17 13:51:11 - [TEST_STEP][PASSED] - click: Object: 'Object Repository/Syetem_settings/User_Manage/a_systemsetings' is clicked on

2019-04-17 13:51:11 - [MESSAGE][PASSED] - Object: 'Object Repository/Syetem_settings/User_Manage/a_systemsetings' is clicked on

2019-04-17 13:51:11 - [TEST_STEP][PASSED] - delay: Delayed 1 second(s)

2019-04-17 13:51:12 - [MESSAGE][PASSED] - Delayed 1 second(s)

2019-04-17 13:51:12 - [TEST_STEP][PASSED] - click: Object: 'Object Repository/Syetem_settings/User_Manage/a_user_manage' is clicked on

2019-04-17 13:51:12 - [MESSAGE][PASSED] - Object: 'Object Repository/Syetem_settings/User_Manage/a_user_manage' is clicked on

2019-04-17 13:51:12 - [TEST_STEP][PASSED] - delay: Delayed 1 second(s)

2019-04-17 13:51:13 - [MESSAGE][PASSED] - Delayed 1 second(s)

2019-04-17 13:51:13 - [TEST_STEP][PASSED] - Statement - verify_user = com.kms.katalon.core.webui.keyword.WebUiBuiltInKeywords.verifyElementPresent(com.kms.katalon.core.testobject.ObjectRepository.findTestObject(Syetem_settings/User_Manage/cite_usertable), 0): Object 'Object Repository/Syetem_settings/User_Manage/cite_usertable' is present

2019-04-17 13:51:13 - [MESSAGE][WARNING] - Timeout '0' is invalid. Using default page load timeout: '30'

2019-04-17 13:51:13 - [MESSAGE][PASSED] - Object 'Object Repository/Syetem_settings/User_Manage/cite_usertable' is present

2019-04-17 13:51:13 - [TEST_STEP][PASSED] - Statement - If (verify_user): Enter the Successfully entered the people management page

2019-04-17 13:51:13 - [TEST_STEP][PASSED] - comment: Enter the Successfully entered the people management page

2019-04-17 13:51:13 - [MESSAGE][PASSED] - Call Test Case 'Test Cases/002_System_,Manage/001_User_Manage/001_Enter_User' successfully

2019-04-17 13:51:13 - [TEST_STEP][PASSED] - maximizeWindow: Current window maximized

2019-04-17 13:51:14 - [MESSAGE][PASSED] - Current window maximized

2019-04-17 13:51:14 - [TEST_STEP][PASSED] - setText: Text '林' is set on object 'Object Repository/test/input__keyword'

2019-04-17 13:51:14 - [MESSAGE][PASSED] - Text '林' is set on object 'Object Repository/test/input__keyword'

2019-04-17 13:51:14 - [TEST_STEP][PASSED] - delay: Delayed 1 second(s)

2019-04-17 13:51:15 - [MESSAGE][PASSED] - Delayed 1 second(s)

2019-04-17 13:51:15 - [TEST_STEP][PASSED] - click: Object: 'Object Repository/test/button__layui-btn' is clicked on

2019-04-17 13:51:16 - [MESSAGE][PASSED] - Object: 'Object Repository/test/button__layui-btn' is clicked on

2019-04-17 13:51:16 - [TEST_STEP][PASSED] - delay: Delayed 1 second(s)

2019-04-17 13:51:17 - [MESSAGE][PASSED] - Delayed 1 second(s)

2019-04-17 13:51:17 - [TEST_STEP][PASSED] - click: Object: 'Object Repository/Syetem_settings/User_Manage/Edit_user_info/edit_first' is clicked on

2019-04-17 13:51:17 - [MESSAGE][PASSED] - Object: 'Object Repository/Syetem_settings/User_Manage/Edit_user_info/edit_first' is clicked on

2019-04-17 13:51:17 - [TEST_STEP][PASSED] - delay: Delayed 2 second(s)

2019-04-17 13:51:19 - [MESSAGE][PASSED] - Delayed 2 second(s)

2019-04-17 13:51:19 - [TEST_STEP][PASSED] - setText: Text '' is set on object 'Object Repository/Syetem_settings/User_Manage/Edit_user_info/input_ realname'

2019-04-17 13:51:19 - [MESSAGE][PASSED] - Text '' is set on object 'Object Repository/Syetem_settings/User_Manage/Edit_user_info/input_ realname'

2019-04-17 13:51:19 - [TEST_STEP][PASSED] - delay: Delayed 1 second(s)

2019-04-17 13:51:20 - [MESSAGE][PASSED] - Delayed 1 second(s)

2019-04-17 13:51:20 - [TEST_STEP][PASSED] - setText: Text '' is set on object 'Object Repository/Syetem_settings/User_Manage/Edit_user_info/input_position'

2019-04-17 13:51:20 - [MESSAGE][PASSED] - Text '' is set on object 'Object Repository/Syetem_settings/User_Manage/Edit_user_info/input_position'

2019-04-17 13:51:20 - [TEST_STEP][PASSED] - delay: Delayed 1 second(s)

2019-04-17 13:51:21 - [MESSAGE][PASSED] - Delayed 1 second(s)

2019-04-17 13:51:21 - [TEST_STEP][PASSED] - setText: Text '' is set on object 'Object Repository/Syetem_settings/User_Manage/Edit_user_info/input__mobile'

2019-04-17 13:51:21 - [MESSAGE][PASSED] - Text '' is set on object 'Object Repository/Syetem_settings/User_Manage/Edit_user_info/input__mobile'

2019-04-17 13:51:21 - [TEST_STEP][PASSED] - delay: Delayed 1 second(s)

2019-04-17 13:51:22 - [MESSAGE][PASSED] - Delayed 1 second(s)

2019-04-17 13:51:22 - [TEST_STEP][PASSED] - setText: Text '' is set on object 'Object Repository/Syetem_settings/User_Manage/Edit_user_info/input_email'

2019-04-17 13:51:22 - [MESSAGE][PASSED] - Text '' is set on object 'Object Repository/Syetem_settings/User_Manage/Edit_user_info/input_email'

2019-04-17 13:51:22 - [TEST_STEP][PASSED] - delay: Delayed 1 second(s)

2019-04-17 13:51:23 - [MESSAGE][PASSED] - Delayed 1 second(s)

2019-04-17 13:51:23 - [TEST_STEP][PASSED] - click: Object: 'Object Repository/Syetem_settings/User_Manage/Edit_user_info/button_Saveedit' is clicked on

2019-04-17 13:51:23 - [MESSAGE][PASSED] - Object: 'Object Repository/Syetem_settings/User_Manage/Edit_user_info/button_Saveedit' is clicked on

2019-04-17 13:51:23 - [TEST_STEP][PASSED] - Statement - If (com.kms.katalon.core.webui.keyword.WebUiBuiltInKeywords.verifyElementPresent(com.kms.katalon.core.testobject.ObjectRepository.findTestObject(Syetem_settings/User_Manage/user_info/tips_save), 10)): Object: 'Object Repository/Syetem_settings/User_Manage/user_info/close_user' is clicked on

2019-04-17 13:51:23 - [MESSAGE][PASSED] - Object 'Object Repository/Syetem_settings/User_Manage/user_info/tips_save' is present

2019-04-17 13:51:23 - [TEST_STEP][PASSED] - comment: 发现不能为空的提示

2019-04-17 13:51:23 - [TEST_STEP][PASSED] - delay: Delayed 1 second(s)

2019-04-17 13:51:24 - [MESSAGE][PASSED] - Delayed 1 second(s)

2019-04-17 13:51:24 - [TEST_STEP][PASSED] - click: Object: 'Object Repository/Syetem_settings/User_Manage/user_info/close_user' is clicked on

2019-04-17 13:51:24 - [MESSAGE][PASSED] - Object: 'Object Repository/Syetem_settings/User_Manage/user_info/close_user' is clicked on

2019-04-17 13:51:24 - [TEST_STEP][PASSED] - delay: Delayed 1 second(s)

2019-04-17 13:51:25 - [MESSAGE][PASSED] - Delayed 1 second(s)

2019-04-17 13:51:25 - [TEST_STEP][PASSED] - click: Object: 'Object Repository/Syetem_settings/User_Manage/a_ new_user' is clicked on

2019-04-17 13:51:26 - [MESSAGE][PASSED] - Object: 'Object Repository/Syetem_settings/User_Manage/a_ new_user' is clicked on

2019-04-17 13:51:26 - [TEST_STEP][PASSED] - delay: Delayed 1 second(s)

2019-04-17 13:51:27 - [MESSAGE][PASSED] - Delayed 1 second(s)

2019-04-17 13:51:27 - [TEST_STEP][PASSED] - click: Object: 'Object Repository/Syetem_settings/User_Manage/user_info/choose_dept' is clicked on

2019-04-17 13:51:27 - [MESSAGE][PASSED] - Object: 'Object Repository/Syetem_settings/User_Manage/user_info/choose_dept' is clicked on

2019-04-17 13:51:27 - [TEST_STEP][PASSED] - delay: Delayed 1 second(s)

2019-04-17 13:51:28 - [MESSAGE][PASSED] - Delayed 1 second(s)

2019-04-17 13:51:28 - [TEST_STEP][PASSED] - click: Object: 'Object Repository/Syetem_settings/User_Manage/user_info/i__TreeNB' is clicked on

2019-04-17 13:51:28 - [MESSAGE][PASSED] - Object: 'Object Repository/Syetem_settings/User_Manage/user_info/i__TreeNB' is clicked on

2019-04-17 13:51:28 - [TEST_STEP][PASSED] - delay: Delayed 1 second(s)

2019-04-17 13:51:29 - [MESSAGE][PASSED] - Delayed 1 second(s)

2019-04-17 13:51:29 - [TEST_STEP][PASSED] - click: Object: 'Object Repository/Syetem_settings/User_Manage/user_info/cite_CQDepart' is clicked on

2019-04-17 13:51:29 - [MESSAGE][PASSED] - Object: 'Object Repository/Syetem_settings/User_Manage/user_info/cite_CQDepart' is clicked on

2019-04-17 13:51:29 - [TEST_STEP][PASSED] - delay: Delayed 1 second(s)

2019-04-17 13:51:30 - [MESSAGE][PASSED] - Delayed 1 second(s)

2019-04-17 13:51:30 - [TEST_STEP][PASSED] - setText: Text '编辑用户测试' is set on object 'Object Repository/Syetem_settings/User_Manage/user_info/input_ RealName'

2019-04-17 13:51:30 - [MESSAGE][PASSED] - Text '编辑用户测试' is set on object 'Object Repository/Syetem_settings/User_Manage/user_info/input_ RealName'

2019-04-17 13:51:30 - [TEST_STEP][PASSED] - delay: Delayed 1 second(s)

2019-04-17 13:51:31 - [MESSAGE][PASSED] - Delayed 1 second(s)

2019-04-17 13:51:31 - [TEST_STEP][PASSED] - setText: Text '编辑岗位测试' is set on object 'Object Repository/Syetem_settings/User_Manage/user_info/input_position'

2019-04-17 13:51:31 - [MESSAGE][PASSED] - Text '编辑岗位测试' is set on object 'Object Repository/Syetem_settings/User_Manage/user_info/input_position'

2019-04-17 13:51:31 - [TEST_STEP][PASSED] - delay: Delayed 1 second(s)

2019-04-17 13:51:32 - [MESSAGE][PASSED] - Delayed 1 second(s)

2019-04-17 13:51:32 - [TEST_STEP][PASSED] - setText: Text '15265478595' is set on object 'Object Repository/Syetem_settings/User_Manage/user_info/input_mobile'

2019-04-17 13:51:32 - [MESSAGE][PASSED] - Text '15265478595' is set on object 'Object Repository/Syetem_settings/User_Manage/user_info/input_mobile'

2019-04-17 13:51:32 - [TEST_STEP][PASSED] - delay: Delayed 1 second(s)

2019-04-17 13:51:33 - [MESSAGE][PASSED] - Delayed 1 second(s)

2019-04-17 13:51:33 - [TEST_STEP][PASSED] - setText: Text '15456' is set on object 'Object Repository/Syetem_settings/User_Manage/user_info/input_email'

2019-04-17 13:51:33 - [MESSAGE][PASSED] - Text '15456' is set on object 'Object Repository/Syetem_settings/User_Manage/user_info/input_email'

2019-04-17 13:51:33 - [TEST_STEP][PASSED] - click: Object: 'Object Repository/Syetem_settings/User_Manage/user_info/button_ Save' is clicked on

2019-04-17 13:51:34 - [MESSAGE][PASSED] - Object: 'Object Repository/Syetem_settings/User_Manage/user_info/button_ Save' is clicked on

2019-04-17 13:51:34 - [TEST_STEP][PASSED] - Statement - If (com.kms.katalon.core.webui.keyword.WebUiBuiltInKeywords.verifyElementPresent(com.kms.katalon.core.testobject.ObjectRepository.findTestObject(Syetem_settings/User_Manage/user_info/save_email), 10)): Object: 'Object Repository/Syetem_settings/User_Manage/user_info/close_user' is clicked on

2019-04-17 13:51:34 - [MESSAGE][PASSED] - Object 'Object Repository/Syetem_settings/User_Manage/user_info/save_email' is present

2019-04-17 13:51:34 - [TEST_STEP][PASSED] - comment: 发现邮件格式不对的提示

2019-04-17 13:51:34 - [TEST_STEP][PASSED] - delay: Delayed 1 second(s)

2019-04-17 13:51:35 - [MESSAGE][PASSED] - Delayed 1 second(s)

2019-04-17 13:51:35 - [TEST_STEP][PASSED] - click: Object: 'Object Repository/Syetem_settings/User_Manage/user_info/close_user' is clicked on

2019-04-17 13:51:35 - [MESSAGE][PASSED] - Object: 'Object Repository/Syetem_settings/User_Manage/user_info/close_user' is clicked on

2019-04-17 13:51:35 - [TEST_STEP][PASSED] - Start listener action : sampleAfterTestCase: Invoke 'com.kms.katalon.core.annotation.AfterTestCase' method: 'NewTestListener.sampleAfterTestCase(...)' completed.

2019-04-17 13:51:35 - [TEST_STEP][PASSED] - Statement - println(testCaseContext.getTestCaseId()): null

2019-04-17 13:51:35 - [TEST_STEP][PASSED] - Statement - println(testCaseContext.getTestCaseStatus()): Invoke 'com.kms.katalon.core.annotation.AfterTestCase' method: 'NewTestListener.sampleAfterTestCase(...)' completed.]]></system-out>
         <system-err><![CDATA[]]></system-err>
      </testcase>
      <testcase name="Test Cases/002_System_,Manage/001_User_Manage/011_edit_user_normal" classname="Test Cases/002_System_,Manage/001_User_Manage/011_edit_user_normal" status="PASSED">
         <system-out><![CDATA[2019-04-17 13:51:37 - [TEST_CASE][PASSED] - Test Cases/002_System_,Manage/001_User_Manage/011_edit_user_normal: Test Cases/002_System_,Manage/001_User_Manage/011_edit_user_normal

2019-04-17 13:51:37 - [TEST_STEP][PASSED] - Start listener action : sampleBeforeTestCase: Invoke 'com.kms.katalon.core.annotation.BeforeTestCase' method: 'NewTestListener.sampleBeforeTestCase(...)' completed.

2019-04-17 13:51:37 - [TEST_STEP][PASSED] - Statement - println(testCaseContext.getTestCaseId()): null

2019-04-17 13:51:37 - [TEST_STEP][PASSED] - Statement - println(testCaseContext.getTestCaseVariables()): Invoke 'com.kms.katalon.core.annotation.BeforeTestCase' method: 'NewTestListener.sampleBeforeTestCase(...)' completed.

2019-04-17 13:51:37 - [TEST_STEP][PASSED] - callTestCase: Call Test Case 'Test Cases/002_System_,Manage/001_User_Manage/001_Enter_User' successfully

2019-04-17 13:51:37 - [TEST_CASE][PASSED] - Test Cases/002_System_,Manage/001_User_Manage/001_Enter_User: Test Cases/002_System_,Manage/001_User_Manage/001_Enter_User

2019-04-17 13:51:37 - [TEST_STEP][PASSED] - callTestCase: Call Test Case 'Test Cases/001_Login_Home/002_Login' successfully

2019-04-17 13:51:37 - [TEST_CASE][PASSED] - Test Cases/001_Login_Home/002_Login: Test Cases/001_Login_Home/002_Login

2019-04-17 13:51:37 - [TEST_STEP][PASSED] - callTestCase: Call Test Case 'Test Cases/001_Login_Home/001_Navigate' successfully

2019-04-17 13:51:37 - [TEST_CASE][PASSED] - Test Cases/001_Login_Home/001_Navigate: Test Cases/001_Login_Home/001_Navigate

2019-04-17 13:51:37 - [TEST_STEP][PASSED] - openBrowser: Browser is opened with url: ''

2019-04-17 13:51:37 - [MESSAGE][WARNING] - A browser is already opened. Closing browser and opening a new one

2019-04-17 13:51:40 - [MESSAGE][PASSED] - Browser is opened with url: ''

2019-04-17 13:51:40 - [TEST_STEP][PASSED] - navigateToUrl: Navigate to 'http://222.180.200.126:9909/PORTALASSETS/login' successfully

2019-04-17 13:51:41 - [MESSAGE][PASSED] - Navigate to 'http://222.180.200.126:9909/PORTALASSETS/login' successfully

2019-04-17 13:51:41 - [TEST_STEP][PASSED] - comment: begin to input one correct account

2019-04-17 13:51:41 - [TEST_STEP][PASSED] - Statement - item = com.kms.katalon.core.webui.keyword.WebUiBuiltInKeywords.verifyElementPresent(com.kms.katalon.core.testobject.ObjectRepository.findTestObject(Login/button_ login), 20, STOP_ON_FAILURE): Object 'Object Repository/Login/button_ login' is present

2019-04-17 13:51:41 - [MESSAGE][PASSED] - Object 'Object Repository/Login/button_ login' is present

2019-04-17 13:51:41 - [TEST_STEP][PASSED] - Statement - If (item == true): Enter this website successful!!

2019-04-17 13:51:41 - [TEST_STEP][PASSED] - comment: Enter this website successful!!

2019-04-17 13:51:41 - [MESSAGE][PASSED] - Call Test Case 'Test Cases/001_Login_Home/001_Navigate' successfully

2019-04-17 13:51:41 - [TEST_STEP][PASSED] - delay: Delayed 1 second(s)

2019-04-17 13:51:42 - [MESSAGE][PASSED] - Delayed 1 second(s)

2019-04-17 13:51:42 - [TEST_STEP][PASSED] - setText: Text 'admin' is set on object 'Object Repository/Login/loginname'

2019-04-17 13:51:42 - [MESSAGE][PASSED] - Text 'admin' is set on object 'Object Repository/Login/loginname'

2019-04-17 13:51:42 - [TEST_STEP][PASSED] - delay: Delayed 1 second(s)

2019-04-17 13:51:43 - [MESSAGE][PASSED] - Delayed 1 second(s)

2019-04-17 13:51:43 - [TEST_STEP][PASSED] - setText: Text '654321' is set on object 'Object Repository/Login/password'

2019-04-17 13:51:43 - [MESSAGE][PASSED] - Text '654321' is set on object 'Object Repository/Login/password'

2019-04-17 13:51:43 - [TEST_STEP][PASSED] - delay: Delayed 1 second(s)

2019-04-17 13:51:44 - [MESSAGE][PASSED] - Delayed 1 second(s)

2019-04-17 13:51:44 - [TEST_STEP][PASSED] - Statement - R = com.kms.katalon.core.webui.keyword.WebUiBuiltInKeywords.verifyElementChecked(com.kms.katalon.core.testobject.ObjectRepository.findTestObject(Login/remember_password), 10): Object 'Object Repository/Login/remember_password' is checked

2019-04-17 13:51:44 - [MESSAGE][PASSED] - Object 'Object Repository/Login/remember_password' is checked

2019-04-17 13:51:44 - [TEST_STEP][PASSED] - Statement - If (R): The remember pwd box is checked!

2019-04-17 13:51:44 - [TEST_STEP][PASSED] - comment: The remember pwd box is checked!

2019-04-17 13:51:44 - [TEST_STEP][PASSED] - click: Object: 'Object Repository/Login/button_ login' is clicked on

2019-04-17 13:51:45 - [MESSAGE][PASSED] - Object: 'Object Repository/Login/button_ login' is clicked on

2019-04-17 13:51:45 - [TEST_STEP][PASSED] - Statement - a = com.kms.katalon.core.webui.keyword.WebUiBuiltInKeywords.verifyElementPresent(com.kms.katalon.core.testobject.ObjectRepository.findTestObject(homepage/a_homepage), 40): Object 'Object Repository/homepage/a_homepage' is present

2019-04-17 13:51:45 - [MESSAGE][PASSED] - Object 'Object Repository/homepage/a_homepage' is present

2019-04-17 13:51:45 - [TEST_STEP][PASSED] - Statement - If (a): Taking screenshot successfully

2019-04-17 13:51:45 - [TEST_STEP][PASSED] - comment: Find the homepag lable,Login successful

2019-04-17 13:51:45 - [TEST_STEP][PASSED] - takeScreenshot: Taking screenshot successfully

2019-04-17 13:51:45 - [MESSAGE][PASSED] - Taking screenshot successfully
[[ATTACHMENT|G:\\Auto_Learning\\katalon\\katalon_project\\katalon_project\\T2M_Manage\\T2M_Manage\\Reports\\User Manage\\003_edit staff\\20190417_135009\\1555480305607.png]]

2019-04-17 13:51:45 - [MESSAGE][PASSED] - Call Test Case 'Test Cases/001_Login_Home/002_Login' successfully

2019-04-17 13:51:45 - [TEST_STEP][PASSED] - delay: Delayed 1 second(s)

2019-04-17 13:51:46 - [MESSAGE][PASSED] - Delayed 1 second(s)

2019-04-17 13:51:46 - [TEST_STEP][PASSED] - click: Object: 'Object Repository/Syetem_settings/User_Manage/a_systemsetings' is clicked on

2019-04-17 13:51:46 - [MESSAGE][PASSED] - Object: 'Object Repository/Syetem_settings/User_Manage/a_systemsetings' is clicked on

2019-04-17 13:51:46 - [TEST_STEP][PASSED] - delay: Delayed 1 second(s)

2019-04-17 13:51:47 - [MESSAGE][PASSED] - Delayed 1 second(s)

2019-04-17 13:51:47 - [TEST_STEP][PASSED] - click: Object: 'Object Repository/Syetem_settings/User_Manage/a_user_manage' is clicked on

2019-04-17 13:51:48 - [MESSAGE][PASSED] - Object: 'Object Repository/Syetem_settings/User_Manage/a_user_manage' is clicked on

2019-04-17 13:51:48 - [TEST_STEP][PASSED] - delay: Delayed 1 second(s)

2019-04-17 13:51:49 - [MESSAGE][PASSED] - Delayed 1 second(s)

2019-04-17 13:51:49 - [TEST_STEP][PASSED] - Statement - verify_user = com.kms.katalon.core.webui.keyword.WebUiBuiltInKeywords.verifyElementPresent(com.kms.katalon.core.testobject.ObjectRepository.findTestObject(Syetem_settings/User_Manage/cite_usertable), 0): Object 'Object Repository/Syetem_settings/User_Manage/cite_usertable' is present

2019-04-17 13:51:49 - [MESSAGE][WARNING] - Timeout '0' is invalid. Using default page load timeout: '30'

2019-04-17 13:51:49 - [MESSAGE][PASSED] - Object 'Object Repository/Syetem_settings/User_Manage/cite_usertable' is present

2019-04-17 13:51:49 - [TEST_STEP][PASSED] - Statement - If (verify_user): Enter the Successfully entered the people management page

2019-04-17 13:51:49 - [TEST_STEP][PASSED] - comment: Enter the Successfully entered the people management page

2019-04-17 13:51:49 - [MESSAGE][PASSED] - Call Test Case 'Test Cases/002_System_,Manage/001_User_Manage/001_Enter_User' successfully

2019-04-17 13:51:49 - [TEST_STEP][PASSED] - maximizeWindow: Current window maximized

2019-04-17 13:51:50 - [MESSAGE][PASSED] - Current window maximized

2019-04-17 13:51:50 - [TEST_STEP][PASSED] - setText: Text '林' is set on object 'Object Repository/test/input__keyword'

2019-04-17 13:51:50 - [MESSAGE][PASSED] - Text '林' is set on object 'Object Repository/test/input__keyword'

2019-04-17 13:51:50 - [TEST_STEP][PASSED] - delay: Delayed 1 second(s)

2019-04-17 13:51:51 - [MESSAGE][PASSED] - Delayed 1 second(s)

2019-04-17 13:51:51 - [TEST_STEP][PASSED] - click: Object: 'Object Repository/test/button__layui-btn' is clicked on

2019-04-17 13:51:51 - [MESSAGE][PASSED] - Object: 'Object Repository/test/button__layui-btn' is clicked on

2019-04-17 13:51:51 - [TEST_STEP][PASSED] - delay: Delayed 1 second(s)

2019-04-17 13:51:52 - [MESSAGE][PASSED] - Delayed 1 second(s)

2019-04-17 13:51:52 - [TEST_STEP][PASSED] - click: Object: 'Object Repository/Syetem_settings/User_Manage/Edit_user_info/edit_first' is clicked on

2019-04-17 13:51:52 - [MESSAGE][PASSED] - Object: 'Object Repository/Syetem_settings/User_Manage/Edit_user_info/edit_first' is clicked on

2019-04-17 13:51:52 - [TEST_STEP][PASSED] - delay: Delayed 2 second(s)

2019-04-17 13:51:54 - [MESSAGE][PASSED] - Delayed 2 second(s)

2019-04-17 13:51:54 - [TEST_STEP][PASSED] - click: Object: 'Object Repository/Syetem_settings/User_Manage/user_info/input__addDeptName' is clicked on

2019-04-17 13:51:54 - [MESSAGE][PASSED] - Object: 'Object Repository/Syetem_settings/User_Manage/user_info/input__addDeptName' is clicked on

2019-04-17 13:51:54 - [TEST_STEP][PASSED] - delay: Delayed 1 second(s)

2019-04-17 13:51:55 - [MESSAGE][PASSED] - Delayed 1 second(s)

2019-04-17 13:51:55 - [TEST_STEP][PASSED] - click: Object: 'Object Repository/Syetem_settings/User_Manage/Edit_user_info/div_NB_QA' is clicked on

2019-04-17 13:51:56 - [MESSAGE][PASSED] - Object: 'Object Repository/Syetem_settings/User_Manage/Edit_user_info/div_NB_QA' is clicked on

2019-04-17 13:51:56 - [TEST_STEP][PASSED] - delay: Delayed 1 second(s)

2019-04-17 13:51:57 - [MESSAGE][PASSED] - Delayed 1 second(s)

2019-04-17 13:51:57 - [TEST_STEP][PASSED] - setText: Text '编辑姓名11' is set on object 'Object Repository/Syetem_settings/User_Manage/Edit_user_info/input_ realname'

2019-04-17 13:51:57 - [MESSAGE][PASSED] - Text '编辑姓名11' is set on object 'Object Repository/Syetem_settings/User_Manage/Edit_user_info/input_ realname'

2019-04-17 13:51:57 - [TEST_STEP][PASSED] - delay: Delayed 1 second(s)

2019-04-17 13:51:58 - [MESSAGE][PASSED] - Delayed 1 second(s)

2019-04-17 13:51:58 - [TEST_STEP][PASSED] - setText: Text 'tester' is set on object 'Object Repository/Syetem_settings/User_Manage/Edit_user_info/input_position'

2019-04-17 13:51:58 - [MESSAGE][PASSED] - Text 'tester' is set on object 'Object Repository/Syetem_settings/User_Manage/Edit_user_info/input_position'

2019-04-17 13:51:58 - [TEST_STEP][PASSED] - delay: Delayed 1 second(s)

2019-04-17 13:51:59 - [MESSAGE][PASSED] - Delayed 1 second(s)

2019-04-17 13:51:59 - [TEST_STEP][PASSED] - setText: Text '154876865365' is set on object 'Object Repository/Syetem_settings/User_Manage/Edit_user_info/input__mobile'

2019-04-17 13:51:59 - [MESSAGE][PASSED] - Text '154876865365' is set on object 'Object Repository/Syetem_settings/User_Manage/Edit_user_info/input__mobile'

2019-04-17 13:51:59 - [TEST_STEP][PASSED] - delay: Delayed 1 second(s)

2019-04-17 13:52:00 - [MESSAGE][PASSED] - Delayed 1 second(s)

2019-04-17 13:52:00 - [TEST_STEP][PASSED] - setText: Text '752658458@qq.com' is set on object 'Object Repository/Syetem_settings/User_Manage/Edit_user_info/input_email'

2019-04-17 13:52:00 - [MESSAGE][PASSED] - Text '752658458@qq.com' is set on object 'Object Repository/Syetem_settings/User_Manage/Edit_user_info/input_email'

2019-04-17 13:52:00 - [TEST_STEP][PASSED] - delay: Delayed 1 second(s)

2019-04-17 13:52:01 - [MESSAGE][PASSED] - Delayed 1 second(s)

2019-04-17 13:52:01 - [TEST_STEP][PASSED] - click: Object: 'Object Repository/Syetem_settings/User_Manage/Edit_user_info/button_Saveedit' is clicked on

2019-04-17 13:52:01 - [MESSAGE][PASSED] - Object: 'Object Repository/Syetem_settings/User_Manage/Edit_user_info/button_Saveedit' is clicked on

2019-04-17 13:52:01 - [TEST_STEP][PASSED] - delay: Delayed 2 second(s)

2019-04-17 13:52:03 - [MESSAGE][PASSED] - Delayed 2 second(s)

2019-04-17 13:52:03 - [TEST_STEP][PASSED] - setText: Text '编辑姓名11' is set on object 'Object Repository/test/input__keyword'

2019-04-17 13:52:03 - [MESSAGE][PASSED] - Text '编辑姓名11' is set on object 'Object Repository/test/input__keyword'

2019-04-17 13:52:03 - [TEST_STEP][PASSED] - delay: Delayed 1 second(s)

2019-04-17 13:52:04 - [MESSAGE][PASSED] - Delayed 1 second(s)

2019-04-17 13:52:04 - [TEST_STEP][PASSED] - click: Object: 'Object Repository/test/button__layui-btn' is clicked on

2019-04-17 13:52:05 - [MESSAGE][PASSED] - Object: 'Object Repository/test/button__layui-btn' is clicked on

2019-04-17 13:52:05 - [TEST_STEP][PASSED] - delay: Delayed 1 second(s)

2019-04-17 13:52:06 - [MESSAGE][PASSED] - Delayed 1 second(s)

2019-04-17 13:52:06 - [TEST_STEP][PASSED] - Statement - data_content = com.kms.katalon.core.webui.keyword.WebUiBuiltInKeywords.getAttribute(com.kms.katalon.core.testobject.ObjectRepository.findTestObject(Syetem_settings/User_Manage/Search/td_number1), "data-content"): Attribute 'data-content' of object 'Object Repository/Syetem_settings/User_Manage/Search/td_number1' is: '编辑姓名11'

2019-04-17 13:52:06 - [MESSAGE][PASSED] - Attribute 'data-content' of object 'Object Repository/Syetem_settings/User_Manage/Search/td_number1' is: '编辑姓名11'

2019-04-17 13:52:06 - [TEST_STEP][PASSED] - Statement - If (data_content == username): 人员编辑修改成功

2019-04-17 13:52:06 - [TEST_STEP][PASSED] - comment: 人员编辑修改成功

2019-04-17 13:52:06 - [TEST_STEP][PASSED] - Start listener action : sampleAfterTestCase: Invoke 'com.kms.katalon.core.annotation.AfterTestCase' method: 'NewTestListener.sampleAfterTestCase(...)' completed.

2019-04-17 13:52:06 - [TEST_STEP][PASSED] - Statement - println(testCaseContext.getTestCaseId()): null

2019-04-17 13:52:06 - [TEST_STEP][PASSED] - Statement - println(testCaseContext.getTestCaseStatus()): Invoke 'com.kms.katalon.core.annotation.AfterTestCase' method: 'NewTestListener.sampleAfterTestCase(...)' completed.]]></system-out>
         <system-err><![CDATA[]]></system-err>
      </testcase>
      <system-out><![CDATA[2019-04-17 13:50:11 - [TEST_SUITE][FAILED] - 003_edit staff: Test Cases/002_System_,Manage/001_User_Manage/009_check_userEditpage FAILED because (of) (Stack trace: com.kms.katalon.core.exception.StepFailedException: Unable to click on object 'Object Repository/Syetem_settings/User_Manage/Edit_user_info/edit_first' (Root cause: org.openqa.selenium.WebDriverException: unknown error: Element <a class="layui-btn layui-btn-xs" lay-event="edit">...</a> is not clickable at point (704, 316). Other element would receive the click: <div class="layui-table-cell laytable-cell-1-0-5">...</div>
  (Session info: headless chrome=73.0.3683.75)
  (Driver info: chromedriver=2.35.528161 (5b82f2d2aae0ca24b877009200ced9065a772e73),platform=Windows NT 6.1.7601 SP1 x86_64) (WARNING: The server did not provide any stacktrace information)
Command duration or timeout: 0 milliseconds
Build info: version: '3.7.1', revision: '8a0099a', time: '2017-11-06T21:07:36.161Z'
System info: host: 'BF-20170623WSST', ip: '192.168.10.86', os.name: 'Windows 7', os.arch: 'amd64', os.version: '6.1', java.version: '1.8.0_181'
Driver info: com.kms.katalon.selenium.driver.CChromeDriver
Capabilities {acceptInsecureCerts: false, acceptSslCerts: false, applicationCacheEnabled: false, browserConnectionEnabled: false, browserName: chrome, chrome: {chromedriverVersion: 2.35.528161 (5b82f2d2aae0ca..., userDataDir: C:\Users\ADMINI~1\AppData\L...}, cssSelectorsEnabled: true, databaseEnabled: false, handlesAlerts: true, hasTouchScreen: false, javascriptEnabled: true, locationContextEnabled: true, mobileEmulationEnabled: false, nativeEvents: true, networkConnectionEnabled: false, pageLoadStrategy: normal, platform: XP, platformName: XP, rotatable: false, setWindowRect: true, takesHeapSnapshot: true, takesScreenshot: true, unexpectedAlertBehaviour: , unhandledPromptBehavior: , version: 73.0.3683.75, webStorageEnabled: true}
Session ID: fdedf7de826a4dec9583f3d91ec2351c)
	at com.kms.katalon.core.keyword.internal.KeywordMain.stepFailed(KeywordMain.groovy:36)
	at com.kms.katalon.core.webui.keyword.internal.WebUIKeywordMain.stepFailed(WebUIKeywordMain.groovy:65)
	at com.kms.katalon.core.webui.keyword.internal.WebUIKeywordMain.runKeyword(WebUIKeywordMain.groovy:27)
	at com.kms.katalon.core.webui.keyword.builtin.ClickKeyword.click(ClickKeyword.groovy:86)
	at com.kms.katalon.core.webui.keyword.builtin.ClickKeyword.execute(ClickKeyword.groovy:67)
	at com.kms.katalon.core.keyword.internal.KeywordExecutor.executeKeywordForPlatform(KeywordExecutor.groovy:53)
	at com.kms.katalon.core.webui.keyword.WebUiBuiltInKeywords.click(WebUiBuiltInKeywords.groovy:616)
	at com.kms.katalon.core.webui.keyword.WebUiBuiltInKeywords$click$4.call(Unknown Source)
	at org.codehaus.groovy.runtime.callsite.CallSiteArray.defaultCall(CallSiteArray.java:48)
	at org.codehaus.groovy.runtime.callsite.AbstractCallSite.call(AbstractCallSite.java:113)
	at org.codehaus.groovy.runtime.callsite.AbstractCallSite.call(AbstractCallSite.java:125)
	at Script1555402638307.run(Script1555402638307.groovy:54)
	at com.kms.katalon.core.main.ScriptEngine.run(ScriptEngine.java:183)
	at com.kms.katalon.core.main.ScriptEngine.runScriptAsRawText(ScriptEngine.java:108)
	at com.kms.katalon.core.main.TestCaseExecutor.runScript(TestCaseExecutor.java:294)
	at com.kms.katalon.core.main.TestCaseExecutor.doExecute(TestCaseExecutor.java:285)
	at com.kms.katalon.core.main.TestCaseExecutor.processExecutionPhase(TestCaseExecutor.java:264)
	at com.kms.katalon.core.main.TestCaseExecutor.accessMainPhase(TestCaseExecutor.java:256)
	at com.kms.katalon.core.main.TestCaseExecutor.execute(TestCaseExecutor.java:200)
	at com.kms.katalon.core.main.TestSuiteExecutor.accessTestCaseMainPhase(TestSuiteExecutor.java:129)
	at com.kms.katalon.core.main.TestSuiteExecutor.accessTestSuiteMainPhase(TestSuiteExecutor.java:112)
	at com.kms.katalon.core.main.TestSuiteExecutor.execute(TestSuiteExecutor.java:81)
	at com.kms.katalon.core.main.TestCaseMain.startTestSuite(TestCaseMain.java:142)
	at com.kms.katalon.core.main.TestCaseMain$startTestSuite$0.call(Unknown Source)
	at org.codehaus.groovy.runtime.callsite.CallSiteArray.defaultCall(CallSiteArray.java:48)
	at org.codehaus.groovy.runtime.callsite.AbstractCallSite.call(AbstractCallSite.java:113)
	at org.codehaus.groovy.runtime.callsite.AbstractCallSite.call(AbstractCallSite.java:141)
	at TempTestSuite1555480209505.run(TempTestSuite1555480209505.groovy:36)
	at groovy.lang.GroovyShell.runScriptOrMainOrTestOrRunnable(GroovyShell.java:263)
	at groovy.lang.GroovyShell.run(GroovyShell.java:518)
	at groovy.lang.GroovyShell.run(GroovyShell.java:507)
	at groovy.ui.GroovyMain.processOnce(GroovyMain.java:653)
	at groovy.ui.GroovyMain.run(GroovyMain.java:384)
	at groovy.ui.GroovyMain.process(GroovyMain.java:370)
	at groovy.ui.GroovyMain.processArgs(GroovyMain.java:129)
	at groovy.ui.GroovyMain.main(GroovyMain.java:109)
	at sun.reflect.NativeMethodAccessorImpl.invoke0(Native Method)
	at sun.reflect.NativeMethodAccessorImpl.invoke(NativeMethodAccessorImpl.java:62)
	at sun.reflect.DelegatingMethodAccessorImpl.invoke(DelegatingMethodAccessorImpl.java:43)
	at java.lang.reflect.Method.invoke(Method.java:498)
	at org.codehaus.groovy.tools.GroovyStarter.rootLoader(GroovyStarter.java:109)
	at org.codehaus.groovy.tools.GroovyStarter.main(GroovyStarter.java:131)
)]]></system-out>
      <system-err><![CDATA[2019-04-17 13:50:11 - [TEST_SUITE][FAILED] - 003_edit staff: Test Cases/002_System_,Manage/001_User_Manage/009_check_userEditpage FAILED because (of) (Stack trace: com.kms.katalon.core.exception.StepFailedException: Unable to click on object 'Object Repository/Syetem_settings/User_Manage/Edit_user_info/edit_first' (Root cause: org.openqa.selenium.WebDriverException: unknown error: Element <a class="layui-btn layui-btn-xs" lay-event="edit">...</a> is not clickable at point (704, 316). Other element would receive the click: <div class="layui-table-cell laytable-cell-1-0-5">...</div>
  (Session info: headless chrome=73.0.3683.75)
  (Driver info: chromedriver=2.35.528161 (5b82f2d2aae0ca24b877009200ced9065a772e73),platform=Windows NT 6.1.7601 SP1 x86_64) (WARNING: The server did not provide any stacktrace information)
Command duration or timeout: 0 milliseconds
Build info: version: '3.7.1', revision: '8a0099a', time: '2017-11-06T21:07:36.161Z'
System info: host: 'BF-20170623WSST', ip: '192.168.10.86', os.name: 'Windows 7', os.arch: 'amd64', os.version: '6.1', java.version: '1.8.0_181'
Driver info: com.kms.katalon.selenium.driver.CChromeDriver
Capabilities {acceptInsecureCerts: false, acceptSslCerts: false, applicationCacheEnabled: false, browserConnectionEnabled: false, browserName: chrome, chrome: {chromedriverVersion: 2.35.528161 (5b82f2d2aae0ca..., userDataDir: C:\Users\ADMINI~1\AppData\L...}, cssSelectorsEnabled: true, databaseEnabled: false, handlesAlerts: true, hasTouchScreen: false, javascriptEnabled: true, locationContextEnabled: true, mobileEmulationEnabled: false, nativeEvents: true, networkConnectionEnabled: false, pageLoadStrategy: normal, platform: XP, platformName: XP, rotatable: false, setWindowRect: true, takesHeapSnapshot: true, takesScreenshot: true, unexpectedAlertBehaviour: , unhandledPromptBehavior: , version: 73.0.3683.75, webStorageEnabled: true}
Session ID: fdedf7de826a4dec9583f3d91ec2351c)
	at com.kms.katalon.core.keyword.internal.KeywordMain.stepFailed(KeywordMain.groovy:36)
	at com.kms.katalon.core.webui.keyword.internal.WebUIKeywordMain.stepFailed(WebUIKeywordMain.groovy:65)
	at com.kms.katalon.core.webui.keyword.internal.WebUIKeywordMain.runKeyword(WebUIKeywordMain.groovy:27)
	at com.kms.katalon.core.webui.keyword.builtin.ClickKeyword.click(ClickKeyword.groovy:86)
	at com.kms.katalon.core.webui.keyword.builtin.ClickKeyword.execute(ClickKeyword.groovy:67)
	at com.kms.katalon.core.keyword.internal.KeywordExecutor.executeKeywordForPlatform(KeywordExecutor.groovy:53)
	at com.kms.katalon.core.webui.keyword.WebUiBuiltInKeywords.click(WebUiBuiltInKeywords.groovy:616)
	at com.kms.katalon.core.webui.keyword.WebUiBuiltInKeywords$click$4.call(Unknown Source)
	at org.codehaus.groovy.runtime.callsite.CallSiteArray.defaultCall(CallSiteArray.java:48)
	at org.codehaus.groovy.runtime.callsite.AbstractCallSite.call(AbstractCallSite.java:113)
	at org.codehaus.groovy.runtime.callsite.AbstractCallSite.call(AbstractCallSite.java:125)
	at Script1555402638307.run(Script1555402638307.groovy:54)
	at com.kms.katalon.core.main.ScriptEngine.run(ScriptEngine.java:183)
	at com.kms.katalon.core.main.ScriptEngine.runScriptAsRawText(ScriptEngine.java:108)
	at com.kms.katalon.core.main.TestCaseExecutor.runScript(TestCaseExecutor.java:294)
	at com.kms.katalon.core.main.TestCaseExecutor.doExecute(TestCaseExecutor.java:285)
	at com.kms.katalon.core.main.TestCaseExecutor.processExecutionPhase(TestCaseExecutor.java:264)
	at com.kms.katalon.core.main.TestCaseExecutor.accessMainPhase(TestCaseExecutor.java:256)
	at com.kms.katalon.core.main.TestCaseExecutor.execute(TestCaseExecutor.java:200)
	at com.kms.katalon.core.main.TestSuiteExecutor.accessTestCaseMainPhase(TestSuiteExecutor.java:129)
	at com.kms.katalon.core.main.TestSuiteExecutor.accessTestSuiteMainPhase(TestSuiteExecutor.java:112)
	at com.kms.katalon.core.main.TestSuiteExecutor.execute(TestSuiteExecutor.java:81)
	at com.kms.katalon.core.main.TestCaseMain.startTestSuite(TestCaseMain.java:142)
	at com.kms.katalon.core.main.TestCaseMain$startTestSuite$0.call(Unknown Source)
	at org.codehaus.groovy.runtime.callsite.CallSiteArray.defaultCall(CallSiteArray.java:48)
	at org.codehaus.groovy.runtime.callsite.AbstractCallSite.call(AbstractCallSite.java:113)
	at org.codehaus.groovy.runtime.callsite.AbstractCallSite.call(AbstractCallSite.java:141)
	at TempTestSuite1555480209505.run(TempTestSuite1555480209505.groovy:36)
	at groovy.lang.GroovyShell.runScriptOrMainOrTestOrRunnable(GroovyShell.java:263)
	at groovy.lang.GroovyShell.run(GroovyShell.java:518)
	at groovy.lang.GroovyShell.run(GroovyShell.java:507)
	at groovy.ui.GroovyMain.processOnce(GroovyMain.java:653)
	at groovy.ui.GroovyMain.run(GroovyMain.java:384)
	at groovy.ui.GroovyMain.process(GroovyMain.java:370)
	at groovy.ui.GroovyMain.processArgs(GroovyMain.java:129)
	at groovy.ui.GroovyMain.main(GroovyMain.java:109)
	at sun.reflect.NativeMethodAccessorImpl.invoke0(Native Method)
	at sun.reflect.NativeMethodAccessorImpl.invoke(NativeMethodAccessorImpl.java:62)
	at sun.reflect.DelegatingMethodAccessorImpl.invoke(DelegatingMethodAccessorImpl.java:43)
	at java.lang.reflect.Method.invoke(Method.java:498)
	at org.codehaus.groovy.tools.GroovyStarter.rootLoader(GroovyStarter.java:109)
	at org.codehaus.groovy.tools.GroovyStarter.main(GroovyStarter.java:131)
)]]></system-err>
   </testsuite>
</testsuites>
