<?xml version="1.0" encoding="UTF-8"?>
<testsuites name="002_search" time="187" tests="3" failures="3" errors="0">
   <testsuite name="002_search" tests="3" failures="3" errors="0" time="187" timestamp="2019-04-17 14:31:25" hostname="Administrator - BF-20170623WSST" id="Test Suites/User Manage/002_search">
      <properties>
         <property name="deviceName" value=""/>
         <property name="devicePlatform" value=""/>
         <property name="logFolder" value="G:\\Auto_Learning\\katalon\\katalon_project\\katalon_project\\T2M_Manage\\T2M_Manage\\Reports\\User Manage\\002_search\\20190417_143122"/>
         <property name="logFiles" value="G:\\Auto_Learning\\katalon\\katalon_project\\katalon_project\\T2M_Manage\\T2M_Manage\\Reports\\User Manage\\002_search\\20190417_143122\\execution0.log"/>
         <property name="attachments" value="G:\\Auto_Learning\\katalon\\katalon_project\\katalon_project\\T2M_Manage\\T2M_Manage\\Reports\\User Manage\\002_search\\20190417_143122\\1555482696181.png, G:\\Auto_Learning\\katalon\\katalon_project\\katalon_project\\T2M_Manage\\T2M_Manage\\Reports\\User Manage\\002_search\\20190417_143122\\1555482706821.png, G:\\Auto_Learning\\katalon\\katalon_project\\katalon_project\\T2M_Manage\\T2M_Manage\\Reports\\User Manage\\002_search\\20190417_143122\\1555482721134.png, G:\\Auto_Learning\\katalon\\katalon_project\\katalon_project\\T2M_Manage\\T2M_Manage\\Reports\\User Manage\\002_search\\20190417_143122\\1555482744252.png, G:\\Auto_Learning\\katalon\\katalon_project\\katalon_project\\T2M_Manage\\T2M_Manage\\Reports\\User Manage\\002_search\\20190417_143122\\1555482797500.png, \u672B\u9875\u6570\u636E\u4E0D\u4E00\u81F4, G:\\Auto_Learning\\katalon\\katalon_project\\katalon_project\\T2M_Manage\\T2M_Manage\\Reports\\User Manage\\002_search\\20190417_143122\\1555482819470.png, G:\\Auto_Learning\\katalon\\katalon_project\\katalon_project\\T2M_Manage\\T2M_Manage\\Reports\\User Manage\\002_search\\20190417_143122\\1555482869967.png"/>
         <property name="hostName" value="Administrator - BF-20170623WSST"/>
         <property name="os" value="Windows 7 64bit"/>
         <property name="katalonVersion" value="5.7.0.1"/>
         <property name="browser" value="Chrome 73.0.3683.75"/>
         <property name="hostAddress" value="192.168.10.86"/>
         <property name="sessionId" value="f362b620de72dc67aaaef9a00bdc6182"/>
         <property name="seleniumVersion" value="3.7.1"/>
         <property name="proxyInformation" value="ProxyInformation{proxyOption=NO_PROXY, proxyServerType=HTTP, password=, proxyServerAddress=, proxyServerPort=0}"/>
         <property name="platform" value="Windows 7"/>
      </properties>
      <testcase name="Test Cases/001_Login_Home/002_Login" classname="Test Cases/001_Login_Home/002_Login" status="PASSED">
         <system-out><![CDATA[2019-04-17 14:31:25 - [TEST_CASE][PASSED] - Test Cases/001_Login_Home/002_Login: Test Cases/001_Login_Home/002_Login

2019-04-17 14:31:25 - [TEST_STEP][PASSED] - Start listener action : sampleBeforeTestCase: Invoke 'com.kms.katalon.core.annotation.BeforeTestCase' method: 'NewTestListener.sampleBeforeTestCase(...)' completed.

2019-04-17 14:31:25 - [TEST_STEP][PASSED] - Statement - println(testCaseContext.getTestCaseId()): null

2019-04-17 14:31:25 - [TEST_STEP][PASSED] - Statement - println(testCaseContext.getTestCaseVariables()): Invoke 'com.kms.katalon.core.annotation.BeforeTestCase' method: 'NewTestListener.sampleBeforeTestCase(...)' completed.

2019-04-17 14:31:26 - [TEST_STEP][PASSED] - callTestCase: Call Test Case 'Test Cases/001_Login_Home/001_Navigate' successfully

2019-04-17 14:31:26 - [TEST_CASE][PASSED] - Test Cases/001_Login_Home/001_Navigate: Test Cases/001_Login_Home/001_Navigate

2019-04-17 14:31:26 - [TEST_STEP][PASSED] - openBrowser: Browser is opened with url: ''

2019-04-17 14:31:30 - [MESSAGE][PASSED] - Browser is opened with url: ''

2019-04-17 14:31:30 - [TEST_STEP][PASSED] - navigateToUrl: Navigate to 'http://222.180.200.126:9909/PORTALASSETS/login' successfully

2019-04-17 14:31:31 - [MESSAGE][PASSED] - Navigate to 'http://222.180.200.126:9909/PORTALASSETS/login' successfully

2019-04-17 14:31:31 - [TEST_STEP][PASSED] - comment: begin to input one correct account

2019-04-17 14:31:31 - [TEST_STEP][PASSED] - Statement - item = com.kms.katalon.core.webui.keyword.WebUiBuiltInKeywords.verifyElementPresent(com.kms.katalon.core.testobject.ObjectRepository.findTestObject(Login/button_ login), 20, STOP_ON_FAILURE): Object 'Object Repository/Login/button_ login' is present

2019-04-17 14:31:31 - [MESSAGE][PASSED] - Object 'Object Repository/Login/button_ login' is present

2019-04-17 14:31:31 - [TEST_STEP][PASSED] - Statement - If (item == true): Enter this website successful!!

2019-04-17 14:31:31 - [TEST_STEP][PASSED] - comment: Enter this website successful!!

2019-04-17 14:31:31 - [MESSAGE][PASSED] - Call Test Case 'Test Cases/001_Login_Home/001_Navigate' successfully

2019-04-17 14:31:31 - [TEST_STEP][PASSED] - delay: Delayed 1 second(s)

2019-04-17 14:31:32 - [MESSAGE][PASSED] - Delayed 1 second(s)

2019-04-17 14:31:32 - [TEST_STEP][PASSED] - setText: Text 'admin' is set on object 'Object Repository/Login/loginname'

2019-04-17 14:31:33 - [MESSAGE][PASSED] - Text 'admin' is set on object 'Object Repository/Login/loginname'

2019-04-17 14:31:33 - [TEST_STEP][PASSED] - delay: Delayed 1 second(s)

2019-04-17 14:31:34 - [MESSAGE][PASSED] - Delayed 1 second(s)

2019-04-17 14:31:34 - [TEST_STEP][PASSED] - setText: Text '654321' is set on object 'Object Repository/Login/password'

2019-04-17 14:31:34 - [MESSAGE][PASSED] - Text '654321' is set on object 'Object Repository/Login/password'

2019-04-17 14:31:34 - [TEST_STEP][PASSED] - delay: Delayed 1 second(s)

2019-04-17 14:31:35 - [MESSAGE][PASSED] - Delayed 1 second(s)

2019-04-17 14:31:35 - [TEST_STEP][PASSED] - Statement - R = com.kms.katalon.core.webui.keyword.WebUiBuiltInKeywords.verifyElementChecked(com.kms.katalon.core.testobject.ObjectRepository.findTestObject(Login/remember_password), 10): Object 'Object Repository/Login/remember_password' is checked

2019-04-17 14:31:35 - [MESSAGE][PASSED] - Object 'Object Repository/Login/remember_password' is checked

2019-04-17 14:31:35 - [TEST_STEP][PASSED] - Statement - If (R): The remember pwd box is checked!

2019-04-17 14:31:35 - [TEST_STEP][PASSED] - comment: The remember pwd box is checked!

2019-04-17 14:31:35 - [TEST_STEP][PASSED] - click: Object: 'Object Repository/Login/button_ login' is clicked on

2019-04-17 14:31:35 - [MESSAGE][PASSED] - Object: 'Object Repository/Login/button_ login' is clicked on

2019-04-17 14:31:35 - [TEST_STEP][PASSED] - Statement - a = com.kms.katalon.core.webui.keyword.WebUiBuiltInKeywords.verifyElementPresent(com.kms.katalon.core.testobject.ObjectRepository.findTestObject(homepage/a_homepage), 40): Object 'Object Repository/homepage/a_homepage' is present

2019-04-17 14:31:36 - [MESSAGE][PASSED] - Object 'Object Repository/homepage/a_homepage' is present

2019-04-17 14:31:36 - [TEST_STEP][PASSED] - Statement - If (a): Taking screenshot successfully

2019-04-17 14:31:36 - [TEST_STEP][PASSED] - comment: Find the homepag lable,Login successful

2019-04-17 14:31:36 - [TEST_STEP][PASSED] - takeScreenshot: Taking screenshot successfully

2019-04-17 14:31:36 - [MESSAGE][PASSED] - Taking screenshot successfully
[[ATTACHMENT|G:\\Auto_Learning\\katalon\\katalon_project\\katalon_project\\T2M_Manage\\T2M_Manage\\Reports\\User Manage\\002_search\\20190417_143122\\1555482696181.png]]

2019-04-17 14:31:36 - [TEST_STEP][PASSED] - Start listener action : sampleAfterTestCase: Invoke 'com.kms.katalon.core.annotation.AfterTestCase' method: 'NewTestListener.sampleAfterTestCase(...)' completed.

2019-04-17 14:31:36 - [TEST_STEP][PASSED] - Statement - println(testCaseContext.getTestCaseId()): null

2019-04-17 14:31:36 - [TEST_STEP][PASSED] - Statement - println(testCaseContext.getTestCaseStatus()): Invoke 'com.kms.katalon.core.annotation.AfterTestCase' method: 'NewTestListener.sampleAfterTestCase(...)' completed.]]></system-out>
         <system-err><![CDATA[]]></system-err>
      </testcase>
      <testcase name="Test Cases/002_System_,Manage/001_User_Manage/001_Enter_User" classname="Test Cases/002_System_,Manage/001_User_Manage/001_Enter_User" status="PASSED">
         <system-out><![CDATA[2019-04-17 14:31:38 - [TEST_CASE][PASSED] - Test Cases/002_System_,Manage/001_User_Manage/001_Enter_User: Test Cases/002_System_,Manage/001_User_Manage/001_Enter_User

2019-04-17 14:31:38 - [TEST_STEP][PASSED] - Start listener action : sampleBeforeTestCase: Invoke 'com.kms.katalon.core.annotation.BeforeTestCase' method: 'NewTestListener.sampleBeforeTestCase(...)' completed.

2019-04-17 14:31:38 - [TEST_STEP][PASSED] - Statement - println(testCaseContext.getTestCaseId()): null

2019-04-17 14:31:38 - [TEST_STEP][PASSED] - Statement - println(testCaseContext.getTestCaseVariables()): Invoke 'com.kms.katalon.core.annotation.BeforeTestCase' method: 'NewTestListener.sampleBeforeTestCase(...)' completed.

2019-04-17 14:31:38 - [TEST_STEP][PASSED] - callTestCase: Call Test Case 'Test Cases/001_Login_Home/002_Login' successfully

2019-04-17 14:31:38 - [TEST_CASE][PASSED] - Test Cases/001_Login_Home/002_Login: Test Cases/001_Login_Home/002_Login

2019-04-17 14:31:38 - [TEST_STEP][PASSED] - callTestCase: Call Test Case 'Test Cases/001_Login_Home/001_Navigate' successfully

2019-04-17 14:31:38 - [TEST_CASE][PASSED] - Test Cases/001_Login_Home/001_Navigate: Test Cases/001_Login_Home/001_Navigate

2019-04-17 14:31:38 - [TEST_STEP][PASSED] - openBrowser: Browser is opened with url: ''

2019-04-17 14:31:38 - [MESSAGE][WARNING] - A browser is already opened. Closing browser and opening a new one

2019-04-17 14:31:41 - [MESSAGE][PASSED] - Browser is opened with url: ''

2019-04-17 14:31:41 - [TEST_STEP][PASSED] - navigateToUrl: Navigate to 'http://222.180.200.126:9909/PORTALASSETS/login' successfully

2019-04-17 14:31:42 - [MESSAGE][PASSED] - Navigate to 'http://222.180.200.126:9909/PORTALASSETS/login' successfully

2019-04-17 14:31:42 - [TEST_STEP][PASSED] - comment: begin to input one correct account

2019-04-17 14:31:42 - [TEST_STEP][PASSED] - Statement - item = com.kms.katalon.core.webui.keyword.WebUiBuiltInKeywords.verifyElementPresent(com.kms.katalon.core.testobject.ObjectRepository.findTestObject(Login/button_ login), 20, STOP_ON_FAILURE): Object 'Object Repository/Login/button_ login' is present

2019-04-17 14:31:42 - [MESSAGE][PASSED] - Object 'Object Repository/Login/button_ login' is present

2019-04-17 14:31:42 - [TEST_STEP][PASSED] - Statement - If (item == true): Enter this website successful!!

2019-04-17 14:31:42 - [TEST_STEP][PASSED] - comment: Enter this website successful!!

2019-04-17 14:31:42 - [MESSAGE][PASSED] - Call Test Case 'Test Cases/001_Login_Home/001_Navigate' successfully

2019-04-17 14:31:42 - [TEST_STEP][PASSED] - delay: Delayed 1 second(s)

2019-04-17 14:31:43 - [MESSAGE][PASSED] - Delayed 1 second(s)

2019-04-17 14:31:43 - [TEST_STEP][PASSED] - setText: Text 'admin' is set on object 'Object Repository/Login/loginname'

2019-04-17 14:31:43 - [MESSAGE][PASSED] - Text 'admin' is set on object 'Object Repository/Login/loginname'

2019-04-17 14:31:43 - [TEST_STEP][PASSED] - delay: Delayed 1 second(s)

2019-04-17 14:31:44 - [MESSAGE][PASSED] - Delayed 1 second(s)

2019-04-17 14:31:44 - [TEST_STEP][PASSED] - setText: Text '654321' is set on object 'Object Repository/Login/password'

2019-04-17 14:31:44 - [MESSAGE][PASSED] - Text '654321' is set on object 'Object Repository/Login/password'

2019-04-17 14:31:44 - [TEST_STEP][PASSED] - delay: Delayed 1 second(s)

2019-04-17 14:31:45 - [MESSAGE][PASSED] - Delayed 1 second(s)

2019-04-17 14:31:45 - [TEST_STEP][PASSED] - Statement - R = com.kms.katalon.core.webui.keyword.WebUiBuiltInKeywords.verifyElementChecked(com.kms.katalon.core.testobject.ObjectRepository.findTestObject(Login/remember_password), 10): Object 'Object Repository/Login/remember_password' is checked

2019-04-17 14:31:45 - [MESSAGE][PASSED] - Object 'Object Repository/Login/remember_password' is checked

2019-04-17 14:31:45 - [TEST_STEP][PASSED] - Statement - If (R): The remember pwd box is checked!

2019-04-17 14:31:45 - [TEST_STEP][PASSED] - comment: The remember pwd box is checked!

2019-04-17 14:31:45 - [TEST_STEP][PASSED] - click: Object: 'Object Repository/Login/button_ login' is clicked on

2019-04-17 14:31:45 - [MESSAGE][PASSED] - Object: 'Object Repository/Login/button_ login' is clicked on

2019-04-17 14:31:45 - [TEST_STEP][PASSED] - Statement - a = com.kms.katalon.core.webui.keyword.WebUiBuiltInKeywords.verifyElementPresent(com.kms.katalon.core.testobject.ObjectRepository.findTestObject(homepage/a_homepage), 40): Object 'Object Repository/homepage/a_homepage' is present

2019-04-17 14:31:46 - [MESSAGE][PASSED] - Object 'Object Repository/homepage/a_homepage' is present

2019-04-17 14:31:46 - [TEST_STEP][PASSED] - Statement - If (a): Taking screenshot successfully

2019-04-17 14:31:46 - [TEST_STEP][PASSED] - comment: Find the homepag lable,Login successful

2019-04-17 14:31:46 - [TEST_STEP][PASSED] - takeScreenshot: Taking screenshot successfully

2019-04-17 14:31:47 - [MESSAGE][PASSED] - Taking screenshot successfully
[[ATTACHMENT|G:\\Auto_Learning\\katalon\\katalon_project\\katalon_project\\T2M_Manage\\T2M_Manage\\Reports\\User Manage\\002_search\\20190417_143122\\1555482706821.png]]

2019-04-17 14:31:47 - [MESSAGE][PASSED] - Call Test Case 'Test Cases/001_Login_Home/002_Login' successfully

2019-04-17 14:31:47 - [TEST_STEP][PASSED] - delay: Delayed 1 second(s)

2019-04-17 14:31:48 - [MESSAGE][PASSED] - Delayed 1 second(s)

2019-04-17 14:31:48 - [TEST_STEP][PASSED] - click: Object: 'Object Repository/Syetem_settings/User_Manage/a_systemsetings' is clicked on

2019-04-17 14:31:48 - [MESSAGE][PASSED] - Object: 'Object Repository/Syetem_settings/User_Manage/a_systemsetings' is clicked on

2019-04-17 14:31:48 - [TEST_STEP][PASSED] - delay: Delayed 1 second(s)

2019-04-17 14:31:49 - [MESSAGE][PASSED] - Delayed 1 second(s)

2019-04-17 14:31:49 - [TEST_STEP][PASSED] - click: Object: 'Object Repository/Syetem_settings/User_Manage/a_user_manage' is clicked on

2019-04-17 14:31:49 - [MESSAGE][PASSED] - Object: 'Object Repository/Syetem_settings/User_Manage/a_user_manage' is clicked on

2019-04-17 14:31:49 - [TEST_STEP][PASSED] - delay: Delayed 1 second(s)

2019-04-17 14:31:50 - [MESSAGE][PASSED] - Delayed 1 second(s)

2019-04-17 14:31:50 - [TEST_STEP][PASSED] - Statement - verify_user = com.kms.katalon.core.webui.keyword.WebUiBuiltInKeywords.verifyElementPresent(com.kms.katalon.core.testobject.ObjectRepository.findTestObject(Syetem_settings/User_Manage/cite_usertable), 0): Object 'Object Repository/Syetem_settings/User_Manage/cite_usertable' is present

2019-04-17 14:31:50 - [MESSAGE][WARNING] - Timeout '0' is invalid. Using default page load timeout: '30'

2019-04-17 14:31:50 - [MESSAGE][PASSED] - Object 'Object Repository/Syetem_settings/User_Manage/cite_usertable' is present

2019-04-17 14:31:50 - [TEST_STEP][PASSED] - Statement - If (verify_user): Enter the Successfully entered the people management page

2019-04-17 14:31:50 - [TEST_STEP][PASSED] - comment: Enter the Successfully entered the people management page

2019-04-17 14:31:50 - [TEST_STEP][PASSED] - Start listener action : sampleAfterTestCase: Invoke 'com.kms.katalon.core.annotation.AfterTestCase' method: 'NewTestListener.sampleAfterTestCase(...)' completed.

2019-04-17 14:31:50 - [TEST_STEP][PASSED] - Statement - println(testCaseContext.getTestCaseId()): null

2019-04-17 14:31:50 - [TEST_STEP][PASSED] - Statement - println(testCaseContext.getTestCaseStatus()): Invoke 'com.kms.katalon.core.annotation.AfterTestCase' method: 'NewTestListener.sampleAfterTestCase(...)' completed.]]></system-out>
         <system-err><![CDATA[]]></system-err>
      </testcase>
      <testcase name="Test Cases/002_System_,Manage/001_User_Manage/004_Searchbox" classname="Test Cases/002_System_,Manage/001_User_Manage/004_Searchbox" status="FAILED">
         <failure type="FAILED" message="(Stack trace: Assertion failed: 

assert false


	at org.codehaus.groovy.runtime.InvokerHelper.assertFailed(InvokerHelper.java:402)
	at org.codehaus.groovy.runtime.ScriptBytecodeAdapter.assertFailed(ScriptBytecodeAdapter.java:650)
	at Script1555325328891.run(Script1555325328891.groovy:112)
	at com.kms.katalon.core.main.ScriptEngine.run(ScriptEngine.java:183)
	at com.kms.katalon.core.main.ScriptEngine.runScriptAsRawText(ScriptEngine.java:108)
	at com.kms.katalon.core.main.TestCaseExecutor.runScript(TestCaseExecutor.java:294)
	at com.kms.katalon.core.main.TestCaseExecutor.doExecute(TestCaseExecutor.java:285)
	at com.kms.katalon.core.main.TestCaseExecutor.processExecutionPhase(TestCaseExecutor.java:264)
	at com.kms.katalon.core.main.TestCaseExecutor.accessMainPhase(TestCaseExecutor.java:256)
	at com.kms.katalon.core.main.TestCaseExecutor.execute(TestCaseExecutor.java:200)
	at com.kms.katalon.core.main.TestSuiteExecutor.accessTestCaseMainPhase(TestSuiteExecutor.java:129)
	at com.kms.katalon.core.main.TestSuiteExecutor.accessTestSuiteMainPhase(TestSuiteExecutor.java:112)
	at com.kms.katalon.core.main.TestSuiteExecutor.execute(TestSuiteExecutor.java:81)
	at com.kms.katalon.core.main.TestCaseMain.startTestSuite(TestCaseMain.java:142)
	at com.kms.katalon.core.main.TestCaseMain$startTestSuite$0.call(Unknown Source)
	at org.codehaus.groovy.runtime.callsite.CallSiteArray.defaultCall(CallSiteArray.java:48)
	at org.codehaus.groovy.runtime.callsite.AbstractCallSite.call(AbstractCallSite.java:113)
	at org.codehaus.groovy.runtime.callsite.AbstractCallSite.call(AbstractCallSite.java:141)
	at TempTestSuite1555482682959.run(TempTestSuite1555482682959.groovy:36)
	at groovy.lang.GroovyShell.runScriptOrMainOrTestOrRunnable(GroovyShell.java:263)
	at groovy.lang.GroovyShell.run(GroovyShell.java:518)
	at groovy.lang.GroovyShell.run(GroovyShell.java:507)
	at groovy.ui.GroovyMain.processOnce(GroovyMain.java:653)
	at groovy.ui.GroovyMain.run(GroovyMain.java:384)
	at groovy.ui.GroovyMain.process(GroovyMain.java:370)
	at groovy.ui.GroovyMain.processArgs(GroovyMain.java:129)
	at groovy.ui.GroovyMain.main(GroovyMain.java:109)
	at sun.reflect.NativeMethodAccessorImpl.invoke0(Native Method)
	at sun.reflect.NativeMethodAccessorImpl.invoke(NativeMethodAccessorImpl.java:62)
	at sun.reflect.DelegatingMethodAccessorImpl.invoke(DelegatingMethodAccessorImpl.java:43)
	at java.lang.reflect.Method.invoke(Method.java:498)
	at org.codehaus.groovy.tools.GroovyStarter.rootLoader(GroovyStarter.java:109)
	at org.codehaus.groovy.tools.GroovyStarter.main(GroovyStarter.java:131)
)"/>
         <system-out><![CDATA[2019-04-17 14:31:52 - [TEST_CASE][FAILED] - Test Cases/002_System_,Manage/001_User_Manage/004_Searchbox: Test Cases/002_System_,Manage/001_User_Manage/004_Searchbox FAILED because (of) (Stack trace: Assertion failed: 

assert false


	at org.codehaus.groovy.runtime.InvokerHelper.assertFailed(InvokerHelper.java:402)
	at org.codehaus.groovy.runtime.ScriptBytecodeAdapter.assertFailed(ScriptBytecodeAdapter.java:650)
	at Script1555325328891.run(Script1555325328891.groovy:112)
	at com.kms.katalon.core.main.ScriptEngine.run(ScriptEngine.java:183)
	at com.kms.katalon.core.main.ScriptEngine.runScriptAsRawText(ScriptEngine.java:108)
	at com.kms.katalon.core.main.TestCaseExecutor.runScript(TestCaseExecutor.java:294)
	at com.kms.katalon.core.main.TestCaseExecutor.doExecute(TestCaseExecutor.java:285)
	at com.kms.katalon.core.main.TestCaseExecutor.processExecutionPhase(TestCaseExecutor.java:264)
	at com.kms.katalon.core.main.TestCaseExecutor.accessMainPhase(TestCaseExecutor.java:256)
	at com.kms.katalon.core.main.TestCaseExecutor.execute(TestCaseExecutor.java:200)
	at com.kms.katalon.core.main.TestSuiteExecutor.accessTestCaseMainPhase(TestSuiteExecutor.java:129)
	at com.kms.katalon.core.main.TestSuiteExecutor.accessTestSuiteMainPhase(TestSuiteExecutor.java:112)
	at com.kms.katalon.core.main.TestSuiteExecutor.execute(TestSuiteExecutor.java:81)
	at com.kms.katalon.core.main.TestCaseMain.startTestSuite(TestCaseMain.java:142)
	at com.kms.katalon.core.main.TestCaseMain$startTestSuite$0.call(Unknown Source)
	at org.codehaus.groovy.runtime.callsite.CallSiteArray.defaultCall(CallSiteArray.java:48)
	at org.codehaus.groovy.runtime.callsite.AbstractCallSite.call(AbstractCallSite.java:113)
	at org.codehaus.groovy.runtime.callsite.AbstractCallSite.call(AbstractCallSite.java:141)
	at TempTestSuite1555482682959.run(TempTestSuite1555482682959.groovy:36)
	at groovy.lang.GroovyShell.runScriptOrMainOrTestOrRunnable(GroovyShell.java:263)
	at groovy.lang.GroovyShell.run(GroovyShell.java:518)
	at groovy.lang.GroovyShell.run(GroovyShell.java:507)
	at groovy.ui.GroovyMain.processOnce(GroovyMain.java:653)
	at groovy.ui.GroovyMain.run(GroovyMain.java:384)
	at groovy.ui.GroovyMain.process(GroovyMain.java:370)
	at groovy.ui.GroovyMain.processArgs(GroovyMain.java:129)
	at groovy.ui.GroovyMain.main(GroovyMain.java:109)
	at sun.reflect.NativeMethodAccessorImpl.invoke0(Native Method)
	at sun.reflect.NativeMethodAccessorImpl.invoke(NativeMethodAccessorImpl.java:62)
	at sun.reflect.DelegatingMethodAccessorImpl.invoke(DelegatingMethodAccessorImpl.java:43)
	at java.lang.reflect.Method.invoke(Method.java:498)
	at org.codehaus.groovy.tools.GroovyStarter.rootLoader(GroovyStarter.java:109)
	at org.codehaus.groovy.tools.GroovyStarter.main(GroovyStarter.java:131)
)

2019-04-17 14:31:52 - [TEST_STEP][PASSED] - Start listener action : sampleBeforeTestCase: Invoke 'com.kms.katalon.core.annotation.BeforeTestCase' method: 'NewTestListener.sampleBeforeTestCase(...)' completed.

2019-04-17 14:31:52 - [TEST_STEP][PASSED] - Statement - println(testCaseContext.getTestCaseId()): null

2019-04-17 14:31:52 - [TEST_STEP][PASSED] - Statement - println(testCaseContext.getTestCaseVariables()): Invoke 'com.kms.katalon.core.annotation.BeforeTestCase' method: 'NewTestListener.sampleBeforeTestCase(...)' completed.

2019-04-17 14:31:52 - [TEST_STEP][PASSED] - callTestCase: Call Test Case 'Test Cases/002_System_,Manage/001_User_Manage/001_Enter_User' successfully

2019-04-17 14:31:53 - [TEST_CASE][PASSED] - Test Cases/002_System_,Manage/001_User_Manage/001_Enter_User: Test Cases/002_System_,Manage/001_User_Manage/001_Enter_User

2019-04-17 14:31:53 - [TEST_STEP][PASSED] - callTestCase: Call Test Case 'Test Cases/001_Login_Home/002_Login' successfully

2019-04-17 14:31:53 - [TEST_CASE][PASSED] - Test Cases/001_Login_Home/002_Login: Test Cases/001_Login_Home/002_Login

2019-04-17 14:31:53 - [TEST_STEP][PASSED] - callTestCase: Call Test Case 'Test Cases/001_Login_Home/001_Navigate' successfully

2019-04-17 14:31:53 - [TEST_CASE][PASSED] - Test Cases/001_Login_Home/001_Navigate: Test Cases/001_Login_Home/001_Navigate

2019-04-17 14:31:53 - [TEST_STEP][PASSED] - openBrowser: Browser is opened with url: ''

2019-04-17 14:31:53 - [MESSAGE][WARNING] - A browser is already opened. Closing browser and opening a new one

2019-04-17 14:31:56 - [MESSAGE][PASSED] - Browser is opened with url: ''

2019-04-17 14:31:56 - [TEST_STEP][PASSED] - navigateToUrl: Navigate to 'http://222.180.200.126:9909/PORTALASSETS/login' successfully

2019-04-17 14:31:56 - [MESSAGE][PASSED] - Navigate to 'http://222.180.200.126:9909/PORTALASSETS/login' successfully

2019-04-17 14:31:56 - [TEST_STEP][PASSED] - comment: begin to input one correct account

2019-04-17 14:31:56 - [TEST_STEP][PASSED] - Statement - item = com.kms.katalon.core.webui.keyword.WebUiBuiltInKeywords.verifyElementPresent(com.kms.katalon.core.testobject.ObjectRepository.findTestObject(Login/button_ login), 20, STOP_ON_FAILURE): Object 'Object Repository/Login/button_ login' is present

2019-04-17 14:31:56 - [MESSAGE][PASSED] - Object 'Object Repository/Login/button_ login' is present

2019-04-17 14:31:56 - [TEST_STEP][PASSED] - Statement - If (item == true): Enter this website successful!!

2019-04-17 14:31:56 - [TEST_STEP][PASSED] - comment: Enter this website successful!!

2019-04-17 14:31:56 - [MESSAGE][PASSED] - Call Test Case 'Test Cases/001_Login_Home/001_Navigate' successfully

2019-04-17 14:31:56 - [TEST_STEP][PASSED] - delay: Delayed 1 second(s)

2019-04-17 14:31:57 - [MESSAGE][PASSED] - Delayed 1 second(s)

2019-04-17 14:31:57 - [TEST_STEP][PASSED] - setText: Text 'admin' is set on object 'Object Repository/Login/loginname'

2019-04-17 14:31:57 - [MESSAGE][PASSED] - Text 'admin' is set on object 'Object Repository/Login/loginname'

2019-04-17 14:31:57 - [TEST_STEP][PASSED] - delay: Delayed 1 second(s)

2019-04-17 14:31:58 - [MESSAGE][PASSED] - Delayed 1 second(s)

2019-04-17 14:31:58 - [TEST_STEP][PASSED] - setText: Text '654321' is set on object 'Object Repository/Login/password'

2019-04-17 14:31:59 - [MESSAGE][PASSED] - Text '654321' is set on object 'Object Repository/Login/password'

2019-04-17 14:31:59 - [TEST_STEP][PASSED] - delay: Delayed 1 second(s)

2019-04-17 14:32:00 - [MESSAGE][PASSED] - Delayed 1 second(s)

2019-04-17 14:32:00 - [TEST_STEP][PASSED] - Statement - R = com.kms.katalon.core.webui.keyword.WebUiBuiltInKeywords.verifyElementChecked(com.kms.katalon.core.testobject.ObjectRepository.findTestObject(Login/remember_password), 10): Object 'Object Repository/Login/remember_password' is checked

2019-04-17 14:32:00 - [MESSAGE][PASSED] - Object 'Object Repository/Login/remember_password' is checked

2019-04-17 14:32:00 - [TEST_STEP][PASSED] - Statement - If (R): The remember pwd box is checked!

2019-04-17 14:32:00 - [TEST_STEP][PASSED] - comment: The remember pwd box is checked!

2019-04-17 14:32:00 - [TEST_STEP][PASSED] - click: Object: 'Object Repository/Login/button_ login' is clicked on

2019-04-17 14:32:00 - [MESSAGE][PASSED] - Object: 'Object Repository/Login/button_ login' is clicked on

2019-04-17 14:32:00 - [TEST_STEP][PASSED] - Statement - a = com.kms.katalon.core.webui.keyword.WebUiBuiltInKeywords.verifyElementPresent(com.kms.katalon.core.testobject.ObjectRepository.findTestObject(homepage/a_homepage), 40): Object 'Object Repository/homepage/a_homepage' is present

2019-04-17 14:32:01 - [MESSAGE][PASSED] - Object 'Object Repository/homepage/a_homepage' is present

2019-04-17 14:32:01 - [TEST_STEP][PASSED] - Statement - If (a): Taking screenshot successfully

2019-04-17 14:32:01 - [TEST_STEP][PASSED] - comment: Find the homepag lable,Login successful

2019-04-17 14:32:01 - [TEST_STEP][PASSED] - takeScreenshot: Taking screenshot successfully

2019-04-17 14:32:01 - [MESSAGE][PASSED] - Taking screenshot successfully
[[ATTACHMENT|G:\\Auto_Learning\\katalon\\katalon_project\\katalon_project\\T2M_Manage\\T2M_Manage\\Reports\\User Manage\\002_search\\20190417_143122\\1555482721134.png]]

2019-04-17 14:32:01 - [MESSAGE][PASSED] - Call Test Case 'Test Cases/001_Login_Home/002_Login' successfully

2019-04-17 14:32:01 - [TEST_STEP][PASSED] - delay: Delayed 1 second(s)

2019-04-17 14:32:02 - [MESSAGE][PASSED] - Delayed 1 second(s)

2019-04-17 14:32:02 - [TEST_STEP][PASSED] - click: Object: 'Object Repository/Syetem_settings/User_Manage/a_systemsetings' is clicked on

2019-04-17 14:32:02 - [MESSAGE][PASSED] - Object: 'Object Repository/Syetem_settings/User_Manage/a_systemsetings' is clicked on

2019-04-17 14:32:02 - [TEST_STEP][PASSED] - delay: Delayed 1 second(s)

2019-04-17 14:32:03 - [MESSAGE][PASSED] - Delayed 1 second(s)

2019-04-17 14:32:03 - [TEST_STEP][PASSED] - click: Object: 'Object Repository/Syetem_settings/User_Manage/a_user_manage' is clicked on

2019-04-17 14:32:03 - [MESSAGE][PASSED] - Object: 'Object Repository/Syetem_settings/User_Manage/a_user_manage' is clicked on

2019-04-17 14:32:03 - [TEST_STEP][PASSED] - delay: Delayed 1 second(s)

2019-04-17 14:32:04 - [MESSAGE][PASSED] - Delayed 1 second(s)

2019-04-17 14:32:04 - [TEST_STEP][PASSED] - Statement - verify_user = com.kms.katalon.core.webui.keyword.WebUiBuiltInKeywords.verifyElementPresent(com.kms.katalon.core.testobject.ObjectRepository.findTestObject(Syetem_settings/User_Manage/cite_usertable), 0): Object 'Object Repository/Syetem_settings/User_Manage/cite_usertable' is present

2019-04-17 14:32:04 - [MESSAGE][WARNING] - Timeout '0' is invalid. Using default page load timeout: '30'

2019-04-17 14:32:04 - [MESSAGE][PASSED] - Object 'Object Repository/Syetem_settings/User_Manage/cite_usertable' is present

2019-04-17 14:32:04 - [TEST_STEP][PASSED] - Statement - If (verify_user): Enter the Successfully entered the people management page

2019-04-17 14:32:04 - [TEST_STEP][PASSED] - comment: Enter the Successfully entered the people management page

2019-04-17 14:32:04 - [MESSAGE][PASSED] - Call Test Case 'Test Cases/002_System_,Manage/001_User_Manage/001_Enter_User' successfully

2019-04-17 14:32:04 - [TEST_STEP][PASSED] - delay: Delayed 1 second(s)

2019-04-17 14:32:05 - [MESSAGE][PASSED] - Delayed 1 second(s)

2019-04-17 14:32:05 - [TEST_STEP][PASSED] - Statement - Total_First = com.kms.katalon.core.webui.keyword.WebUiBuiltInKeywords.getAttribute(com.kms.katalon.core.testobject.ObjectRepository.findTestObject(Syetem_settings/User_Manage/Search/total_list), "innerText"): Attribute 'innerText' of object 'Object Repository/Syetem_settings/User_Manage/Search/total_list' is: '共 65 条'

2019-04-17 14:32:06 - [MESSAGE][PASSED] - Attribute 'innerText' of object 'Object Repository/Syetem_settings/User_Manage/Search/total_list' is: '共 65 条'

2019-04-17 14:32:06 - [TEST_STEP][PASSED] - Statement - If (Total_First): 共 65 条

2019-04-17 14:32:06 - [TEST_STEP][PASSED] - comment: 共 65 条

2019-04-17 14:32:06 - [TEST_STEP][PASSED] - setText: Text '' is set on object 'Object Repository/test/input__keyword'

2019-04-17 14:32:06 - [MESSAGE][PASSED] - Text '' is set on object 'Object Repository/test/input__keyword'

2019-04-17 14:32:06 - [TEST_STEP][PASSED] - delay: Delayed 1 second(s)

2019-04-17 14:32:07 - [MESSAGE][PASSED] - Delayed 1 second(s)

2019-04-17 14:32:07 - [TEST_STEP][PASSED] - click: Object: 'Object Repository/test/button__layui-btn' is clicked on

2019-04-17 14:32:07 - [MESSAGE][PASSED] - Object: 'Object Repository/test/button__layui-btn' is clicked on

2019-04-17 14:32:07 - [TEST_STEP][PASSED] - delay: Delayed 1 second(s)

2019-04-17 14:32:08 - [MESSAGE][PASSED] - Delayed 1 second(s)

2019-04-17 14:32:08 - [TEST_STEP][PASSED] - Statement - Actual_First = com.kms.katalon.core.webui.keyword.WebUiBuiltInKeywords.getAttribute(com.kms.katalon.core.testobject.ObjectRepository.findTestObject(Syetem_settings/User_Manage/Search/total_list), "innerText"): Attribute 'innerText' of object 'Object Repository/Syetem_settings/User_Manage/Search/total_list' is: '共 65 条'

2019-04-17 14:32:08 - [MESSAGE][PASSED] - Attribute 'innerText' of object 'Object Repository/Syetem_settings/User_Manage/Search/total_list' is: '共 65 条'

2019-04-17 14:32:08 - [TEST_STEP][PASSED] - Statement - If (Total_First == Actual_First): 搜索结果没变，输入的关键字为空

2019-04-17 14:32:08 - [TEST_STEP][PASSED] - comment: 搜索结果没变，输入的关键字为空

2019-04-17 14:32:08 - [TEST_STEP][PASSED] - setText: Text 'ertyuiopfghjjkopjiopo' is set on object 'Object Repository/test/input__keyword'

2019-04-17 14:32:08 - [MESSAGE][PASSED] - Text 'ertyuiopfghjjkopjiopo' is set on object 'Object Repository/test/input__keyword'

2019-04-17 14:32:08 - [TEST_STEP][PASSED] - delay: Delayed 1 second(s)

2019-04-17 14:32:09 - [MESSAGE][PASSED] - Delayed 1 second(s)

2019-04-17 14:32:09 - [TEST_STEP][PASSED] - click: Object: 'Object Repository/test/button__layui-btn' is clicked on

2019-04-17 14:32:09 - [MESSAGE][PASSED] - Object: 'Object Repository/test/button__layui-btn' is clicked on

2019-04-17 14:32:09 - [TEST_STEP][PASSED] - delay: Delayed 1 second(s)

2019-04-17 14:32:10 - [MESSAGE][PASSED] - Delayed 1 second(s)

2019-04-17 14:32:10 - [TEST_STEP][PASSED] - Statement - data = com.kms.katalon.core.webui.keyword.WebUiBuiltInKeywords.getAttribute(com.kms.katalon.core.testobject.ObjectRepository.findTestObject(Syetem_settings/User_Manage/Search/Nodata), "innerText"): Attribute 'innerText' of object 'Object Repository/Syetem_settings/User_Manage/Search/Nodata' is: '无数据'

2019-04-17 14:32:10 - [MESSAGE][PASSED] - Attribute 'innerText' of object 'Object Repository/Syetem_settings/User_Manage/Search/Nodata' is: '无数据'

2019-04-17 14:32:10 - [TEST_STEP][PASSED] - comment: 无数据

2019-04-17 14:32:10 - [TEST_STEP][PASSED] - Statement - If (data == "无数据"): 搜索结果为空，输入的关键字没有匹配的内容

2019-04-17 14:32:10 - [TEST_STEP][PASSED] - comment: 搜索结果为空，输入的关键字没有匹配的内容

2019-04-17 14:32:10 - [TEST_STEP][PASSED] - setText: Text '测试' is set on object 'Object Repository/test/input__keyword'

2019-04-17 14:32:10 - [MESSAGE][PASSED] - Text '测试' is set on object 'Object Repository/test/input__keyword'

2019-04-17 14:32:10 - [TEST_STEP][PASSED] - delay: Delayed 1 second(s)

2019-04-17 14:32:11 - [MESSAGE][PASSED] - Delayed 1 second(s)

2019-04-17 14:32:11 - [TEST_STEP][PASSED] - click: Object: 'Object Repository/test/button__layui-btn' is clicked on

2019-04-17 14:32:11 - [MESSAGE][PASSED] - Object: 'Object Repository/test/button__layui-btn' is clicked on

2019-04-17 14:32:11 - [TEST_STEP][PASSED] - delay: Delayed 1 second(s)

2019-04-17 14:32:12 - [MESSAGE][PASSED] - Delayed 1 second(s)

2019-04-17 14:32:12 - [TEST_STEP][PASSED] - Statement - Normal_result = com.kms.katalon.core.webui.keyword.WebUiBuiltInKeywords.getAttribute(com.kms.katalon.core.testobject.ObjectRepository.findTestObject(Syetem_settings/User_Manage/Search/total_list), "innerText"): Attribute 'innerText' of object 'Object Repository/Syetem_settings/User_Manage/Search/total_list' is: '共 7 条'

2019-04-17 14:32:13 - [MESSAGE][PASSED] - Attribute 'innerText' of object 'Object Repository/Syetem_settings/User_Manage/Search/total_list' is: '共 7 条'

2019-04-17 14:32:13 - [TEST_STEP][PASSED] - Statement - If (Normal_result): 7

2019-04-17 14:32:13 - [TEST_STEP][PASSED] - comment: 搜索结果存在

2019-04-17 14:32:13 - [TEST_STEP][PASSED] - comment: 7

2019-04-17 14:32:13 - [TEST_STEP][PASSED] - verifyElementPresent: Object 'Object Repository/Syetem_settings/User_Manage/Search/table' is present

2019-04-17 14:32:13 - [MESSAGE][PASSED] - Object 'Object Repository/Syetem_settings/User_Manage/Search/table' is present

2019-04-17 14:32:13 - [TEST_STEP][PASSED] - Statement - table = com.kms.katalon.core.testobject.ObjectRepository.findTestObject(Syetem_settings/User_Manage/Search/table): Finding Test Object with id 'Object Repository/Syetem_settings/User_Manage/Search/table'

2019-04-17 14:32:13 - [TEST_STEP][PASSED] - Statement - println(table): null

2019-04-17 14:32:13 - [TEST_STEP][PASSED] - Statement - list = CustomKeywords.custom_keyword.WebUICustomKeywords.getHtmlTableRows(com.kms.katalon.core.testobject.ObjectRepository.findTestObject(Syetem_settings/User_Manage/Search/table), "tbody"): custom_keyword.WebUICustomKeywords.getHtmlTableRows is PASSED

2019-04-17 14:32:13 - [MESSAGE][PASSED] - custom_keyword.WebUICustomKeywords.getHtmlTableRows is PASSED

2019-04-17 14:32:13 - [TEST_STEP][PASSED] - Statement - TableRows_All = list.size(): null

2019-04-17 14:32:13 - [TEST_STEP][PASSED] - Statement - println(TableRows_All): null

2019-04-17 14:32:13 - [TEST_STEP][PASSED] - Statement - b = java.lang.Integer.parseInt(Normal_result[2]): null

2019-04-17 14:32:13 - [TEST_STEP][PASSED] - Statement - If (TableRows_All == b): null

2019-04-17 14:32:13 - [TEST_STEP][PASSED] - Statement - Else: null

2019-04-17 14:32:13 - [TEST_STEP][PASSED] - comment: 搜索结果与列表中存在的数量不一致，请检查

2019-04-17 14:32:13 - [TEST_STEP][PASSED] - Statement - assert false: null

2019-04-17 14:32:13 - [TEST_STEP][PASSED] - Start listener action : sampleAfterTestCase: Invoke 'com.kms.katalon.core.annotation.AfterTestCase' method: 'NewTestListener.sampleAfterTestCase(...)' completed.

2019-04-17 14:32:13 - [TEST_STEP][PASSED] - Statement - println(testCaseContext.getTestCaseId()): null

2019-04-17 14:32:13 - [TEST_STEP][PASSED] - Statement - println(testCaseContext.getTestCaseStatus()): Invoke 'com.kms.katalon.core.annotation.AfterTestCase' method: 'NewTestListener.sampleAfterTestCase(...)' completed.]]></system-out>
         <system-err><![CDATA[2019-04-17 14:31:52 - [TEST_CASE][FAILED] - Test Cases/002_System_,Manage/001_User_Manage/004_Searchbox: Test Cases/002_System_,Manage/001_User_Manage/004_Searchbox FAILED because (of) (Stack trace: Assertion failed: 

assert false


	at org.codehaus.groovy.runtime.InvokerHelper.assertFailed(InvokerHelper.java:402)
	at org.codehaus.groovy.runtime.ScriptBytecodeAdapter.assertFailed(ScriptBytecodeAdapter.java:650)
	at Script1555325328891.run(Script1555325328891.groovy:112)
	at com.kms.katalon.core.main.ScriptEngine.run(ScriptEngine.java:183)
	at com.kms.katalon.core.main.ScriptEngine.runScriptAsRawText(ScriptEngine.java:108)
	at com.kms.katalon.core.main.TestCaseExecutor.runScript(TestCaseExecutor.java:294)
	at com.kms.katalon.core.main.TestCaseExecutor.doExecute(TestCaseExecutor.java:285)
	at com.kms.katalon.core.main.TestCaseExecutor.processExecutionPhase(TestCaseExecutor.java:264)
	at com.kms.katalon.core.main.TestCaseExecutor.accessMainPhase(TestCaseExecutor.java:256)
	at com.kms.katalon.core.main.TestCaseExecutor.execute(TestCaseExecutor.java:200)
	at com.kms.katalon.core.main.TestSuiteExecutor.accessTestCaseMainPhase(TestSuiteExecutor.java:129)
	at com.kms.katalon.core.main.TestSuiteExecutor.accessTestSuiteMainPhase(TestSuiteExecutor.java:112)
	at com.kms.katalon.core.main.TestSuiteExecutor.execute(TestSuiteExecutor.java:81)
	at com.kms.katalon.core.main.TestCaseMain.startTestSuite(TestCaseMain.java:142)
	at com.kms.katalon.core.main.TestCaseMain$startTestSuite$0.call(Unknown Source)
	at org.codehaus.groovy.runtime.callsite.CallSiteArray.defaultCall(CallSiteArray.java:48)
	at org.codehaus.groovy.runtime.callsite.AbstractCallSite.call(AbstractCallSite.java:113)
	at org.codehaus.groovy.runtime.callsite.AbstractCallSite.call(AbstractCallSite.java:141)
	at TempTestSuite1555482682959.run(TempTestSuite1555482682959.groovy:36)
	at groovy.lang.GroovyShell.runScriptOrMainOrTestOrRunnable(GroovyShell.java:263)
	at groovy.lang.GroovyShell.run(GroovyShell.java:518)
	at groovy.lang.GroovyShell.run(GroovyShell.java:507)
	at groovy.ui.GroovyMain.processOnce(GroovyMain.java:653)
	at groovy.ui.GroovyMain.run(GroovyMain.java:384)
	at groovy.ui.GroovyMain.process(GroovyMain.java:370)
	at groovy.ui.GroovyMain.processArgs(GroovyMain.java:129)
	at groovy.ui.GroovyMain.main(GroovyMain.java:109)
	at sun.reflect.NativeMethodAccessorImpl.invoke0(Native Method)
	at sun.reflect.NativeMethodAccessorImpl.invoke(NativeMethodAccessorImpl.java:62)
	at sun.reflect.DelegatingMethodAccessorImpl.invoke(DelegatingMethodAccessorImpl.java:43)
	at java.lang.reflect.Method.invoke(Method.java:498)
	at org.codehaus.groovy.tools.GroovyStarter.rootLoader(GroovyStarter.java:109)
	at org.codehaus.groovy.tools.GroovyStarter.main(GroovyStarter.java:131)
)]]></system-err>
      </testcase>
      <testcase name="Test Cases/002_System_,Manage/001_User_Manage/005_Verify_search_Result" classname="Test Cases/002_System_,Manage/001_User_Manage/005_Verify_search_Result" status="PASSED">
         <system-out><![CDATA[2019-04-17 14:32:15 - [TEST_CASE][PASSED] - Test Cases/002_System_,Manage/001_User_Manage/005_Verify_search_Result: Test Cases/002_System_,Manage/001_User_Manage/005_Verify_search_Result

2019-04-17 14:32:15 - [TEST_STEP][PASSED] - Start listener action : sampleBeforeTestCase: Invoke 'com.kms.katalon.core.annotation.BeforeTestCase' method: 'NewTestListener.sampleBeforeTestCase(...)' completed.

2019-04-17 14:32:15 - [TEST_STEP][PASSED] - Statement - println(testCaseContext.getTestCaseId()): null

2019-04-17 14:32:15 - [TEST_STEP][PASSED] - Statement - println(testCaseContext.getTestCaseVariables()): Invoke 'com.kms.katalon.core.annotation.BeforeTestCase' method: 'NewTestListener.sampleBeforeTestCase(...)' completed.

2019-04-17 14:32:16 - [TEST_STEP][PASSED] - callTestCase: Call Test Case 'Test Cases/002_System_,Manage/001_User_Manage/001_Enter_User' successfully

2019-04-17 14:32:16 - [TEST_CASE][PASSED] - Test Cases/002_System_,Manage/001_User_Manage/001_Enter_User: Test Cases/002_System_,Manage/001_User_Manage/001_Enter_User

2019-04-17 14:32:16 - [TEST_STEP][PASSED] - callTestCase: Call Test Case 'Test Cases/001_Login_Home/002_Login' successfully

2019-04-17 14:32:16 - [TEST_CASE][PASSED] - Test Cases/001_Login_Home/002_Login: Test Cases/001_Login_Home/002_Login

2019-04-17 14:32:16 - [TEST_STEP][PASSED] - callTestCase: Call Test Case 'Test Cases/001_Login_Home/001_Navigate' successfully

2019-04-17 14:32:16 - [TEST_CASE][PASSED] - Test Cases/001_Login_Home/001_Navigate: Test Cases/001_Login_Home/001_Navigate

2019-04-17 14:32:16 - [TEST_STEP][PASSED] - openBrowser: Browser is opened with url: ''

2019-04-17 14:32:16 - [MESSAGE][WARNING] - A browser is already opened. Closing browser and opening a new one

2019-04-17 14:32:19 - [MESSAGE][PASSED] - Browser is opened with url: ''

2019-04-17 14:32:19 - [TEST_STEP][PASSED] - navigateToUrl: Navigate to 'http://222.180.200.126:9909/PORTALASSETS/login' successfully

2019-04-17 14:32:20 - [MESSAGE][PASSED] - Navigate to 'http://222.180.200.126:9909/PORTALASSETS/login' successfully

2019-04-17 14:32:20 - [TEST_STEP][PASSED] - comment: begin to input one correct account

2019-04-17 14:32:20 - [TEST_STEP][PASSED] - Statement - item = com.kms.katalon.core.webui.keyword.WebUiBuiltInKeywords.verifyElementPresent(com.kms.katalon.core.testobject.ObjectRepository.findTestObject(Login/button_ login), 20, STOP_ON_FAILURE): Object 'Object Repository/Login/button_ login' is present

2019-04-17 14:32:20 - [MESSAGE][PASSED] - Object 'Object Repository/Login/button_ login' is present

2019-04-17 14:32:20 - [TEST_STEP][PASSED] - Statement - If (item == true): Enter this website successful!!

2019-04-17 14:32:20 - [TEST_STEP][PASSED] - comment: Enter this website successful!!

2019-04-17 14:32:20 - [MESSAGE][PASSED] - Call Test Case 'Test Cases/001_Login_Home/001_Navigate' successfully

2019-04-17 14:32:20 - [TEST_STEP][PASSED] - delay: Delayed 1 second(s)

2019-04-17 14:32:21 - [MESSAGE][PASSED] - Delayed 1 second(s)

2019-04-17 14:32:21 - [TEST_STEP][PASSED] - setText: Text 'admin' is set on object 'Object Repository/Login/loginname'

2019-04-17 14:32:21 - [MESSAGE][PASSED] - Text 'admin' is set on object 'Object Repository/Login/loginname'

2019-04-17 14:32:21 - [TEST_STEP][PASSED] - delay: Delayed 1 second(s)

2019-04-17 14:32:22 - [MESSAGE][PASSED] - Delayed 1 second(s)

2019-04-17 14:32:22 - [TEST_STEP][PASSED] - setText: Text '654321' is set on object 'Object Repository/Login/password'

2019-04-17 14:32:22 - [MESSAGE][PASSED] - Text '654321' is set on object 'Object Repository/Login/password'

2019-04-17 14:32:22 - [TEST_STEP][PASSED] - delay: Delayed 1 second(s)

2019-04-17 14:32:23 - [MESSAGE][PASSED] - Delayed 1 second(s)

2019-04-17 14:32:23 - [TEST_STEP][PASSED] - Statement - R = com.kms.katalon.core.webui.keyword.WebUiBuiltInKeywords.verifyElementChecked(com.kms.katalon.core.testobject.ObjectRepository.findTestObject(Login/remember_password), 10): Object 'Object Repository/Login/remember_password' is checked

2019-04-17 14:32:23 - [MESSAGE][PASSED] - Object 'Object Repository/Login/remember_password' is checked

2019-04-17 14:32:23 - [TEST_STEP][PASSED] - Statement - If (R): The remember pwd box is checked!

2019-04-17 14:32:23 - [TEST_STEP][PASSED] - comment: The remember pwd box is checked!

2019-04-17 14:32:23 - [TEST_STEP][PASSED] - click: Object: 'Object Repository/Login/button_ login' is clicked on

2019-04-17 14:32:23 - [MESSAGE][PASSED] - Object: 'Object Repository/Login/button_ login' is clicked on

2019-04-17 14:32:23 - [TEST_STEP][PASSED] - Statement - a = com.kms.katalon.core.webui.keyword.WebUiBuiltInKeywords.verifyElementPresent(com.kms.katalon.core.testobject.ObjectRepository.findTestObject(homepage/a_homepage), 40): Object 'Object Repository/homepage/a_homepage' is present

2019-04-17 14:32:24 - [MESSAGE][PASSED] - Object 'Object Repository/homepage/a_homepage' is present

2019-04-17 14:32:24 - [TEST_STEP][PASSED] - Statement - If (a): Taking screenshot successfully

2019-04-17 14:32:24 - [TEST_STEP][PASSED] - comment: Find the homepag lable,Login successful

2019-04-17 14:32:24 - [TEST_STEP][PASSED] - takeScreenshot: Taking screenshot successfully

2019-04-17 14:32:24 - [MESSAGE][PASSED] - Taking screenshot successfully
[[ATTACHMENT|G:\\Auto_Learning\\katalon\\katalon_project\\katalon_project\\T2M_Manage\\T2M_Manage\\Reports\\User Manage\\002_search\\20190417_143122\\1555482744252.png]]

2019-04-17 14:32:24 - [MESSAGE][PASSED] - Call Test Case 'Test Cases/001_Login_Home/002_Login' successfully

2019-04-17 14:32:24 - [TEST_STEP][PASSED] - delay: Delayed 1 second(s)

2019-04-17 14:32:25 - [MESSAGE][PASSED] - Delayed 1 second(s)

2019-04-17 14:32:25 - [TEST_STEP][PASSED] - click: Object: 'Object Repository/Syetem_settings/User_Manage/a_systemsetings' is clicked on

2019-04-17 14:32:25 - [MESSAGE][PASSED] - Object: 'Object Repository/Syetem_settings/User_Manage/a_systemsetings' is clicked on

2019-04-17 14:32:25 - [TEST_STEP][PASSED] - delay: Delayed 1 second(s)

2019-04-17 14:32:26 - [MESSAGE][PASSED] - Delayed 1 second(s)

2019-04-17 14:32:26 - [TEST_STEP][PASSED] - click: Object: 'Object Repository/Syetem_settings/User_Manage/a_user_manage' is clicked on

2019-04-17 14:32:26 - [MESSAGE][PASSED] - Object: 'Object Repository/Syetem_settings/User_Manage/a_user_manage' is clicked on

2019-04-17 14:32:26 - [TEST_STEP][PASSED] - delay: Delayed 1 second(s)

2019-04-17 14:32:27 - [MESSAGE][PASSED] - Delayed 1 second(s)

2019-04-17 14:32:27 - [TEST_STEP][PASSED] - Statement - verify_user = com.kms.katalon.core.webui.keyword.WebUiBuiltInKeywords.verifyElementPresent(com.kms.katalon.core.testobject.ObjectRepository.findTestObject(Syetem_settings/User_Manage/cite_usertable), 0): Object 'Object Repository/Syetem_settings/User_Manage/cite_usertable' is present

2019-04-17 14:32:27 - [MESSAGE][WARNING] - Timeout '0' is invalid. Using default page load timeout: '30'

2019-04-17 14:32:28 - [MESSAGE][PASSED] - Object 'Object Repository/Syetem_settings/User_Manage/cite_usertable' is present

2019-04-17 14:32:28 - [TEST_STEP][PASSED] - Statement - If (verify_user): Enter the Successfully entered the people management page

2019-04-17 14:32:28 - [TEST_STEP][PASSED] - comment: Enter the Successfully entered the people management page

2019-04-17 14:32:28 - [MESSAGE][PASSED] - Call Test Case 'Test Cases/002_System_,Manage/001_User_Manage/001_Enter_User' successfully

2019-04-17 14:32:28 - [TEST_STEP][PASSED] - delay: Delayed 1 second(s)

2019-04-17 14:32:29 - [MESSAGE][PASSED] - Delayed 1 second(s)

2019-04-17 14:32:29 - [TEST_STEP][PASSED] - setText: Text '测试' is set on object 'Object Repository/test/input__keyword'

2019-04-17 14:32:29 - [MESSAGE][PASSED] - Text '测试' is set on object 'Object Repository/test/input__keyword'

2019-04-17 14:32:29 - [TEST_STEP][PASSED] - delay: Delayed 1 second(s)

2019-04-17 14:32:30 - [MESSAGE][PASSED] - Delayed 1 second(s)

2019-04-17 14:32:30 - [TEST_STEP][PASSED] - click: Object: 'Object Repository/test/button__layui-btn' is clicked on

2019-04-17 14:32:30 - [MESSAGE][PASSED] - Object: 'Object Repository/test/button__layui-btn' is clicked on

2019-04-17 14:32:30 - [TEST_STEP][PASSED] - delay: Delayed 1 second(s)

2019-04-17 14:32:31 - [MESSAGE][PASSED] - Delayed 1 second(s)

2019-04-17 14:32:31 - [TEST_STEP][PASSED] - comment: Start checking if the search results are match with the keyword

2019-04-17 14:32:31 - [TEST_STEP][PASSED] - verifyElementPresent: Object 'Object Repository/Syetem_settings/User_Manage/Search/table' is present

2019-04-17 14:32:31 - [MESSAGE][PASSED] - Object 'Object Repository/Syetem_settings/User_Manage/Search/table' is present

2019-04-17 14:32:31 - [TEST_STEP][PASSED] - Statement - table = com.kms.katalon.core.testobject.ObjectRepository.findTestObject(Syetem_settings/User_Manage/Search/table): Finding Test Object with id 'Object Repository/Syetem_settings/User_Manage/Search/table'

2019-04-17 14:32:31 - [TEST_STEP][PASSED] - Statement - println(table): null

2019-04-17 14:32:31 - [TEST_STEP][PASSED] - Statement - TableRows = CustomKeywords.custom_keyword.WebUICustomKeywords.getHtmlTableRows(com.kms.katalon.core.testobject.ObjectRepository.findTestObject(Syetem_settings/User_Manage/Search/table), "tbody"): custom_keyword.WebUICustomKeywords.getHtmlTableRows is PASSED

2019-04-17 14:32:31 - [MESSAGE][PASSED] - custom_keyword.WebUICustomKeywords.getHtmlTableRows is PASSED

2019-04-17 14:32:31 - [TEST_STEP][PASSED] - Statement - TableRows_All = TableRows.size(): null

2019-04-17 14:32:31 - [TEST_STEP][PASSED] - Statement - println(TableRows_All): null

2019-04-17 14:32:31 - [TEST_STEP][PASSED] - Statement - For ([i = 1, i <= TableRows_All, (i++)]): null

2019-04-17 14:32:31 - [TEST_STEP][PASSED] - Statement - println(i): null

2019-04-17 14:32:31 - [TEST_STEP][PASSED] - Statement - println(TableRows_All): null

2019-04-17 14:32:31 - [TEST_STEP][PASSED] - Statement - If (com.kms.katalon.core.webui.keyword.WebUiBuiltInKeywords.verifyElementPresent(com.kms.katalon.core.testobject.ObjectRepository.findTestObject(Syetem_settings/User_Manage/Search/table), 10)): find the table object

2019-04-17 14:32:31 - [MESSAGE][PASSED] - Object 'Object Repository/Syetem_settings/User_Manage/Search/table' is present

2019-04-17 14:32:31 - [TEST_STEP][PASSED] - comment: find the table object

2019-04-17 14:32:31 - [TEST_STEP][PASSED] - Statement - new_btn = com.kms.katalon.core.webui.keyword.WebUiBuiltInKeywords.modifyObjectProperty(com.kms.katalon.core.testobject.ObjectRepository.findTestObject(Syetem_settings/User_Manage/Search/tr_td), "xpath", "equals", "//div[@id="mainContent"]/div[2]/div[2]/div[2]/div[2]/div/div[2]/table/tbody/tr[" + i + "]/td[1]/div/span", true): Modify property of object successfully

2019-04-17 14:32:31 - [MESSAGE][PASSED] - Modify property of object successfully

2019-04-17 14:32:31 - [TEST_STEP][PASSED] - verifyElementPresent: Object 'Object Repository/Syetem_settings/User_Manage/Search/tr_td' is present

2019-04-17 14:32:31 - [MESSAGE][PASSED] - Object 'Object Repository/Syetem_settings/User_Manage/Search/tr_td' is present

2019-04-17 14:32:31 - [TEST_STEP][PASSED] - Statement - content = com.kms.katalon.core.webui.keyword.WebUiBuiltInKeywords.getAttribute(new_btn, "innerText"): Attribute 'innerText' of object 'Object Repository/Syetem_settings/User_Manage/Search/tr_td' is: '测试人员001'

2019-04-17 14:32:31 - [MESSAGE][PASSED] - Attribute 'innerText' of object 'Object Repository/Syetem_settings/User_Manage/Search/tr_td' is: '测试人员001'

2019-04-17 14:32:31 - [TEST_STEP][PASSED] - Statement - If (content.indexOf(username) != -1): null

2019-04-17 14:32:31 - [TEST_STEP][PASSED] - comment: 列表中值为测试人员001,输入的关键词为测试,存在包含关系,搜索结果相匹配

2019-04-17 14:32:31 - [TEST_STEP][PASSED] - Statement - assert true: null

2019-04-17 14:32:31 - [TEST_STEP][PASSED] - Statement - println(i): null

2019-04-17 14:32:31 - [TEST_STEP][PASSED] - Statement - println(TableRows_All): null

2019-04-17 14:32:31 - [TEST_STEP][PASSED] - Statement - If (com.kms.katalon.core.webui.keyword.WebUiBuiltInKeywords.verifyElementPresent(com.kms.katalon.core.testobject.ObjectRepository.findTestObject(Syetem_settings/User_Manage/Search/table), 10)): find the table object

2019-04-17 14:32:32 - [MESSAGE][PASSED] - Object 'Object Repository/Syetem_settings/User_Manage/Search/table' is present

2019-04-17 14:32:32 - [TEST_STEP][PASSED] - comment: find the table object

2019-04-17 14:32:32 - [TEST_STEP][PASSED] - Statement - new_btn = com.kms.katalon.core.webui.keyword.WebUiBuiltInKeywords.modifyObjectProperty(com.kms.katalon.core.testobject.ObjectRepository.findTestObject(Syetem_settings/User_Manage/Search/tr_td), "xpath", "equals", "//div[@id="mainContent"]/div[2]/div[2]/div[2]/div[2]/div/div[2]/table/tbody/tr[" + i + "]/td[1]/div/span", true): Modify property of object successfully

2019-04-17 14:32:32 - [MESSAGE][PASSED] - Modify property of object successfully

2019-04-17 14:32:32 - [TEST_STEP][PASSED] - verifyElementPresent: Object 'Object Repository/Syetem_settings/User_Manage/Search/tr_td' is present

2019-04-17 14:32:32 - [MESSAGE][PASSED] - Object 'Object Repository/Syetem_settings/User_Manage/Search/tr_td' is present

2019-04-17 14:32:32 - [TEST_STEP][PASSED] - Statement - content = com.kms.katalon.core.webui.keyword.WebUiBuiltInKeywords.getAttribute(new_btn, "innerText"): Attribute 'innerText' of object 'Object Repository/Syetem_settings/User_Manage/Search/tr_td' is: '测试人员9'

2019-04-17 14:32:32 - [MESSAGE][PASSED] - Attribute 'innerText' of object 'Object Repository/Syetem_settings/User_Manage/Search/tr_td' is: '测试人员9'

2019-04-17 14:32:32 - [TEST_STEP][PASSED] - Statement - If (content.indexOf(username) != -1): null

2019-04-17 14:32:32 - [TEST_STEP][PASSED] - comment: 列表中值为测试人员9,输入的关键词为测试,存在包含关系,搜索结果相匹配

2019-04-17 14:32:32 - [TEST_STEP][PASSED] - Statement - assert true: null

2019-04-17 14:32:33 - [TEST_STEP][PASSED] - Statement - println(i): null

2019-04-17 14:32:33 - [TEST_STEP][PASSED] - Statement - println(TableRows_All): null

2019-04-17 14:32:33 - [TEST_STEP][PASSED] - Statement - If (com.kms.katalon.core.webui.keyword.WebUiBuiltInKeywords.verifyElementPresent(com.kms.katalon.core.testobject.ObjectRepository.findTestObject(Syetem_settings/User_Manage/Search/table), 10)): find the table object

2019-04-17 14:32:33 - [MESSAGE][PASSED] - Object 'Object Repository/Syetem_settings/User_Manage/Search/table' is present

2019-04-17 14:32:33 - [TEST_STEP][PASSED] - comment: find the table object

2019-04-17 14:32:33 - [TEST_STEP][PASSED] - Statement - new_btn = com.kms.katalon.core.webui.keyword.WebUiBuiltInKeywords.modifyObjectProperty(com.kms.katalon.core.testobject.ObjectRepository.findTestObject(Syetem_settings/User_Manage/Search/tr_td), "xpath", "equals", "//div[@id="mainContent"]/div[2]/div[2]/div[2]/div[2]/div/div[2]/table/tbody/tr[" + i + "]/td[1]/div/span", true): Modify property of object successfully

2019-04-17 14:32:34 - [MESSAGE][PASSED] - Modify property of object successfully

2019-04-17 14:32:34 - [TEST_STEP][PASSED] - verifyElementPresent: Object 'Object Repository/Syetem_settings/User_Manage/Search/tr_td' is present

2019-04-17 14:32:34 - [MESSAGE][PASSED] - Object 'Object Repository/Syetem_settings/User_Manage/Search/tr_td' is present

2019-04-17 14:32:34 - [TEST_STEP][PASSED] - Statement - content = com.kms.katalon.core.webui.keyword.WebUiBuiltInKeywords.getAttribute(new_btn, "innerText"): Attribute 'innerText' of object 'Object Repository/Syetem_settings/User_Manage/Search/tr_td' is: '测试人员1'

2019-04-17 14:32:34 - [MESSAGE][PASSED] - Attribute 'innerText' of object 'Object Repository/Syetem_settings/User_Manage/Search/tr_td' is: '测试人员1'

2019-04-17 14:32:34 - [TEST_STEP][PASSED] - Statement - If (content.indexOf(username) != -1): null

2019-04-17 14:32:34 - [TEST_STEP][PASSED] - comment: 列表中值为测试人员1,输入的关键词为测试,存在包含关系,搜索结果相匹配

2019-04-17 14:32:34 - [TEST_STEP][PASSED] - Statement - assert true: null

2019-04-17 14:32:34 - [TEST_STEP][PASSED] - Statement - For ([i = 1, i <= TableRows_All, (i++)]): null

2019-04-17 14:32:34 - [TEST_STEP][PASSED] - Statement - For ([j = 2, j <= 5, (j++)]): null

2019-04-17 14:32:34 - [TEST_STEP][PASSED] - Statement - n_btn = com.kms.katalon.core.webui.keyword.WebUiBuiltInKeywords.modifyObjectProperty(com.kms.katalon.core.testobject.ObjectRepository.findTestObject(Syetem_settings/User_Manage/Search/tr_td), "xpath", "equals", "//div[@id="mainContent"]/div[2]/div[2]/div[2]/div[2]/div/div[2]/table/tbody/tr[" + i + "]/td[" + j + "]/div", true): Modify property of object successfully

2019-04-17 14:32:35 - [MESSAGE][PASSED] - Modify property of object successfully

2019-04-17 14:32:35 - [TEST_STEP][PASSED] - verifyElementPresent: Object 'Object Repository/Syetem_settings/User_Manage/Search/tr_td' is present

2019-04-17 14:32:35 - [MESSAGE][PASSED] - Object 'Object Repository/Syetem_settings/User_Manage/Search/tr_td' is present

2019-04-17 14:32:35 - [TEST_STEP][PASSED] - Statement - name_content = com.kms.katalon.core.webui.keyword.WebUiBuiltInKeywords.modifyObjectProperty(com.kms.katalon.core.testobject.ObjectRepository.findTestObject(Syetem_settings/User_Manage/Search/tr_td), "xpath", "equals", "//div[@id="mainContent"]/div[2]/div[2]/div[2]/div[2]/div/div[2]/table/tbody/tr[" + i + "]/td[1]/div/span", true): Modify property of object successfully

2019-04-17 14:32:35 - [MESSAGE][PASSED] - Modify property of object successfully

2019-04-17 14:32:35 - [TEST_STEP][PASSED] - verifyElementPresent: Object 'Object Repository/Syetem_settings/User_Manage/Search/tr_td' is present

2019-04-17 14:32:36 - [MESSAGE][PASSED] - Object 'Object Repository/Syetem_settings/User_Manage/Search/tr_td' is present

2019-04-17 14:32:36 - [TEST_STEP][PASSED] - Statement - name = com.kms.katalon.core.webui.keyword.WebUiBuiltInKeywords.getAttribute(name_content, "innerText"): Attribute 'innerText' of object 'Object Repository/Syetem_settings/User_Manage/Search/tr_td' is: '测试人员001'

2019-04-17 14:32:36 - [MESSAGE][PASSED] - Attribute 'innerText' of object 'Object Repository/Syetem_settings/User_Manage/Search/tr_td' is: '测试人员001'

2019-04-17 14:32:36 - [TEST_STEP][PASSED] - Statement - data = com.kms.katalon.core.webui.keyword.WebUiBuiltInKeywords.getAttribute(n_btn, "innerText"): Attribute 'innerText' of object 'Object Repository/Syetem_settings/User_Manage/Search/tr_td' is: '测试岗位1'

2019-04-17 14:32:37 - [MESSAGE][PASSED] - Attribute 'innerText' of object 'Object Repository/Syetem_settings/User_Manage/Search/tr_td' is: '测试岗位1'

2019-04-17 14:32:37 - [TEST_STEP][PASSED] - Statement - If (data == null): null

2019-04-17 14:32:37 - [TEST_STEP][PASSED] - Statement - Else If (data.indexOf(username) != -1): null

2019-04-17 14:32:37 - [TEST_STEP][PASSED] - comment: 列表中值为测试岗位1,输入的关键词为测试,列表中的其他数据与关键字存在包含关系,请继续验证姓名列是否与关键词相匹配

2019-04-17 14:32:37 - [TEST_STEP][PASSED] - Statement - If (name.indexOf(username) != -1): null

2019-04-17 14:32:37 - [TEST_STEP][PASSED] - comment: 姓名为测试人员001,输入的关键词为测试,姓名与关键词存在包含关系,搜索结果相匹配,所以case pass

2019-04-17 14:32:37 - [TEST_STEP][PASSED] - Statement - assert true: null

2019-04-17 14:32:37 - [TEST_STEP][PASSED] - Statement - n_btn = com.kms.katalon.core.webui.keyword.WebUiBuiltInKeywords.modifyObjectProperty(com.kms.katalon.core.testobject.ObjectRepository.findTestObject(Syetem_settings/User_Manage/Search/tr_td), "xpath", "equals", "//div[@id="mainContent"]/div[2]/div[2]/div[2]/div[2]/div/div[2]/table/tbody/tr[" + i + "]/td[" + j + "]/div", true): Modify property of object successfully

2019-04-17 14:32:38 - [MESSAGE][PASSED] - Modify property of object successfully

2019-04-17 14:32:38 - [TEST_STEP][PASSED] - verifyElementPresent: Object 'Object Repository/Syetem_settings/User_Manage/Search/tr_td' is present

2019-04-17 14:32:38 - [MESSAGE][PASSED] - Object 'Object Repository/Syetem_settings/User_Manage/Search/tr_td' is present

2019-04-17 14:32:38 - [TEST_STEP][PASSED] - Statement - name_content = com.kms.katalon.core.webui.keyword.WebUiBuiltInKeywords.modifyObjectProperty(com.kms.katalon.core.testobject.ObjectRepository.findTestObject(Syetem_settings/User_Manage/Search/tr_td), "xpath", "equals", "//div[@id="mainContent"]/div[2]/div[2]/div[2]/div[2]/div/div[2]/table/tbody/tr[" + i + "]/td[1]/div/span", true): Modify property of object successfully

2019-04-17 14:32:38 - [MESSAGE][PASSED] - Modify property of object successfully

2019-04-17 14:32:38 - [TEST_STEP][PASSED] - verifyElementPresent: Object 'Object Repository/Syetem_settings/User_Manage/Search/tr_td' is present

2019-04-17 14:32:38 - [MESSAGE][PASSED] - Object 'Object Repository/Syetem_settings/User_Manage/Search/tr_td' is present

2019-04-17 14:32:38 - [TEST_STEP][PASSED] - Statement - name = com.kms.katalon.core.webui.keyword.WebUiBuiltInKeywords.getAttribute(name_content, "innerText"): Attribute 'innerText' of object 'Object Repository/Syetem_settings/User_Manage/Search/tr_td' is: '测试人员001'

2019-04-17 14:32:38 - [MESSAGE][PASSED] - Attribute 'innerText' of object 'Object Repository/Syetem_settings/User_Manage/Search/tr_td' is: '测试人员001'

2019-04-17 14:32:39 - [TEST_STEP][PASSED] - Statement - data = com.kms.katalon.core.webui.keyword.WebUiBuiltInKeywords.getAttribute(n_btn, "innerText"): Attribute 'innerText' of object 'Object Repository/Syetem_settings/User_Manage/Search/tr_td' is: '7425362@qq.com'

2019-04-17 14:32:39 - [MESSAGE][PASSED] - Attribute 'innerText' of object 'Object Repository/Syetem_settings/User_Manage/Search/tr_td' is: '7425362@qq.com'

2019-04-17 14:32:39 - [TEST_STEP][PASSED] - Statement - If (data == null): null

2019-04-17 14:32:39 - [TEST_STEP][PASSED] - Statement - Else If (data.indexOf(username) != -1): null

2019-04-17 14:32:39 - [TEST_STEP][PASSED] - Statement - Else: null

2019-04-17 14:32:39 - [TEST_STEP][PASSED] - comment: 列表中值为7425362@qq.com,输入的关键词为测试,不存在包含关系,搜索结果不匹配，case pass

2019-04-17 14:32:40 - [TEST_STEP][PASSED] - Statement - assert true: null

2019-04-17 14:32:40 - [TEST_STEP][PASSED] - Statement - n_btn = com.kms.katalon.core.webui.keyword.WebUiBuiltInKeywords.modifyObjectProperty(com.kms.katalon.core.testobject.ObjectRepository.findTestObject(Syetem_settings/User_Manage/Search/tr_td), "xpath", "equals", "//div[@id="mainContent"]/div[2]/div[2]/div[2]/div[2]/div/div[2]/table/tbody/tr[" + i + "]/td[" + j + "]/div", true): Modify property of object successfully

2019-04-17 14:32:40 - [MESSAGE][PASSED] - Modify property of object successfully

2019-04-17 14:32:40 - [TEST_STEP][PASSED] - verifyElementPresent: Object 'Object Repository/Syetem_settings/User_Manage/Search/tr_td' is present

2019-04-17 14:32:40 - [MESSAGE][PASSED] - Object 'Object Repository/Syetem_settings/User_Manage/Search/tr_td' is present

2019-04-17 14:32:40 - [TEST_STEP][PASSED] - Statement - name_content = com.kms.katalon.core.webui.keyword.WebUiBuiltInKeywords.modifyObjectProperty(com.kms.katalon.core.testobject.ObjectRepository.findTestObject(Syetem_settings/User_Manage/Search/tr_td), "xpath", "equals", "//div[@id="mainContent"]/div[2]/div[2]/div[2]/div[2]/div/div[2]/table/tbody/tr[" + i + "]/td[1]/div/span", true): Modify property of object successfully

2019-04-17 14:32:41 - [MESSAGE][PASSED] - Modify property of object successfully

2019-04-17 14:32:41 - [TEST_STEP][PASSED] - verifyElementPresent: Object 'Object Repository/Syetem_settings/User_Manage/Search/tr_td' is present

2019-04-17 14:32:41 - [MESSAGE][PASSED] - Object 'Object Repository/Syetem_settings/User_Manage/Search/tr_td' is present

2019-04-17 14:32:41 - [TEST_STEP][PASSED] - Statement - name = com.kms.katalon.core.webui.keyword.WebUiBuiltInKeywords.getAttribute(name_content, "innerText"): Attribute 'innerText' of object 'Object Repository/Syetem_settings/User_Manage/Search/tr_td' is: '测试人员001'

2019-04-17 14:32:41 - [MESSAGE][PASSED] - Attribute 'innerText' of object 'Object Repository/Syetem_settings/User_Manage/Search/tr_td' is: '测试人员001'

2019-04-17 14:32:41 - [TEST_STEP][PASSED] - Statement - data = com.kms.katalon.core.webui.keyword.WebUiBuiltInKeywords.getAttribute(n_btn, "innerText"): Attribute 'innerText' of object 'Object Repository/Syetem_settings/User_Manage/Search/tr_td' is: '15263625410'

2019-04-17 14:32:41 - [MESSAGE][PASSED] - Attribute 'innerText' of object 'Object Repository/Syetem_settings/User_Manage/Search/tr_td' is: '15263625410'

2019-04-17 14:32:41 - [TEST_STEP][PASSED] - Statement - If (data == null): null

2019-04-17 14:32:41 - [TEST_STEP][PASSED] - Statement - Else If (data.indexOf(username) != -1): null

2019-04-17 14:32:41 - [TEST_STEP][PASSED] - Statement - Else: null

2019-04-17 14:32:41 - [TEST_STEP][PASSED] - comment: 列表中值为15263625410,输入的关键词为测试,不存在包含关系,搜索结果不匹配，case pass

2019-04-17 14:32:42 - [TEST_STEP][PASSED] - Statement - assert true: null

2019-04-17 14:32:42 - [TEST_STEP][PASSED] - Statement - n_btn = com.kms.katalon.core.webui.keyword.WebUiBuiltInKeywords.modifyObjectProperty(com.kms.katalon.core.testobject.ObjectRepository.findTestObject(Syetem_settings/User_Manage/Search/tr_td), "xpath", "equals", "//div[@id="mainContent"]/div[2]/div[2]/div[2]/div[2]/div/div[2]/table/tbody/tr[" + i + "]/td[" + j + "]/div", true): Modify property of object successfully

2019-04-17 14:32:42 - [MESSAGE][PASSED] - Modify property of object successfully

2019-04-17 14:32:42 - [TEST_STEP][PASSED] - verifyElementPresent: Object 'Object Repository/Syetem_settings/User_Manage/Search/tr_td' is present

2019-04-17 14:32:42 - [MESSAGE][PASSED] - Object 'Object Repository/Syetem_settings/User_Manage/Search/tr_td' is present

2019-04-17 14:32:43 - [TEST_STEP][PASSED] - Statement - name_content = com.kms.katalon.core.webui.keyword.WebUiBuiltInKeywords.modifyObjectProperty(com.kms.katalon.core.testobject.ObjectRepository.findTestObject(Syetem_settings/User_Manage/Search/tr_td), "xpath", "equals", "//div[@id="mainContent"]/div[2]/div[2]/div[2]/div[2]/div/div[2]/table/tbody/tr[" + i + "]/td[1]/div/span", true): Modify property of object successfully

2019-04-17 14:32:43 - [MESSAGE][PASSED] - Modify property of object successfully

2019-04-17 14:32:43 - [TEST_STEP][PASSED] - verifyElementPresent: Object 'Object Repository/Syetem_settings/User_Manage/Search/tr_td' is present

2019-04-17 14:32:43 - [MESSAGE][PASSED] - Object 'Object Repository/Syetem_settings/User_Manage/Search/tr_td' is present

2019-04-17 14:32:43 - [TEST_STEP][PASSED] - Statement - name = com.kms.katalon.core.webui.keyword.WebUiBuiltInKeywords.getAttribute(name_content, "innerText"): Attribute 'innerText' of object 'Object Repository/Syetem_settings/User_Manage/Search/tr_td' is: '测试人员001'

2019-04-17 14:32:44 - [MESSAGE][PASSED] - Attribute 'innerText' of object 'Object Repository/Syetem_settings/User_Manage/Search/tr_td' is: '测试人员001'

2019-04-17 14:32:44 - [TEST_STEP][PASSED] - Statement - data = com.kms.katalon.core.webui.keyword.WebUiBuiltInKeywords.getAttribute(n_btn, "innerText"): Attribute 'innerText' of object 'Object Repository/Syetem_settings/User_Manage/Search/tr_td' is: '在职'

2019-04-17 14:32:44 - [MESSAGE][PASSED] - Attribute 'innerText' of object 'Object Repository/Syetem_settings/User_Manage/Search/tr_td' is: '在职'

2019-04-17 14:32:44 - [TEST_STEP][PASSED] - Statement - If (data == null): null

2019-04-17 14:32:44 - [TEST_STEP][PASSED] - Statement - Else If (data.indexOf(username) != -1): null

2019-04-17 14:32:45 - [TEST_STEP][PASSED] - Statement - Else: null

2019-04-17 14:32:45 - [TEST_STEP][PASSED] - comment: 列表中值为在职,输入的关键词为测试,不存在包含关系,搜索结果不匹配，case pass

2019-04-17 14:32:45 - [TEST_STEP][PASSED] - Statement - assert true: null

2019-04-17 14:32:45 - [TEST_STEP][PASSED] - Statement - For ([j = 2, j <= 5, (j++)]): null

2019-04-17 14:32:45 - [TEST_STEP][PASSED] - Statement - n_btn = com.kms.katalon.core.webui.keyword.WebUiBuiltInKeywords.modifyObjectProperty(com.kms.katalon.core.testobject.ObjectRepository.findTestObject(Syetem_settings/User_Manage/Search/tr_td), "xpath", "equals", "//div[@id="mainContent"]/div[2]/div[2]/div[2]/div[2]/div/div[2]/table/tbody/tr[" + i + "]/td[" + j + "]/div", true): Modify property of object successfully

2019-04-17 14:32:45 - [MESSAGE][PASSED] - Modify property of object successfully

2019-04-17 14:32:45 - [TEST_STEP][PASSED] - verifyElementPresent: Object 'Object Repository/Syetem_settings/User_Manage/Search/tr_td' is present

2019-04-17 14:32:45 - [MESSAGE][PASSED] - Object 'Object Repository/Syetem_settings/User_Manage/Search/tr_td' is present

2019-04-17 14:32:45 - [TEST_STEP][PASSED] - Statement - name_content = com.kms.katalon.core.webui.keyword.WebUiBuiltInKeywords.modifyObjectProperty(com.kms.katalon.core.testobject.ObjectRepository.findTestObject(Syetem_settings/User_Manage/Search/tr_td), "xpath", "equals", "//div[@id="mainContent"]/div[2]/div[2]/div[2]/div[2]/div/div[2]/table/tbody/tr[" + i + "]/td[1]/div/span", true): Modify property of object successfully

2019-04-17 14:32:45 - [MESSAGE][PASSED] - Modify property of object successfully

2019-04-17 14:32:45 - [TEST_STEP][PASSED] - verifyElementPresent: Object 'Object Repository/Syetem_settings/User_Manage/Search/tr_td' is present

2019-04-17 14:32:46 - [MESSAGE][PASSED] - Object 'Object Repository/Syetem_settings/User_Manage/Search/tr_td' is present

2019-04-17 14:32:46 - [TEST_STEP][PASSED] - Statement - name = com.kms.katalon.core.webui.keyword.WebUiBuiltInKeywords.getAttribute(name_content, "innerText"): Attribute 'innerText' of object 'Object Repository/Syetem_settings/User_Manage/Search/tr_td' is: '测试人员9'

2019-04-17 14:32:46 - [MESSAGE][PASSED] - Attribute 'innerText' of object 'Object Repository/Syetem_settings/User_Manage/Search/tr_td' is: '测试人员9'

2019-04-17 14:32:46 - [TEST_STEP][PASSED] - Statement - data = com.kms.katalon.core.webui.keyword.WebUiBuiltInKeywords.getAttribute(n_btn, "innerText"): Attribute 'innerText' of object 'Object Repository/Syetem_settings/User_Manage/Search/tr_td' is: '测试岗位9'

2019-04-17 14:32:46 - [MESSAGE][PASSED] - Attribute 'innerText' of object 'Object Repository/Syetem_settings/User_Manage/Search/tr_td' is: '测试岗位9'

2019-04-17 14:32:47 - [TEST_STEP][PASSED] - Statement - If (data == null): null

2019-04-17 14:32:47 - [TEST_STEP][PASSED] - Statement - Else If (data.indexOf(username) != -1): null

2019-04-17 14:32:47 - [TEST_STEP][PASSED] - comment: 列表中值为测试岗位9,输入的关键词为测试,列表中的其他数据与关键字存在包含关系,请继续验证姓名列是否与关键词相匹配

2019-04-17 14:32:47 - [TEST_STEP][PASSED] - Statement - If (name.indexOf(username) != -1): null

2019-04-17 14:32:47 - [TEST_STEP][PASSED] - comment: 姓名为测试人员9,输入的关键词为测试,姓名与关键词存在包含关系,搜索结果相匹配,所以case pass

2019-04-17 14:32:47 - [TEST_STEP][PASSED] - Statement - assert true: null

2019-04-17 14:32:47 - [TEST_STEP][PASSED] - Statement - n_btn = com.kms.katalon.core.webui.keyword.WebUiBuiltInKeywords.modifyObjectProperty(com.kms.katalon.core.testobject.ObjectRepository.findTestObject(Syetem_settings/User_Manage/Search/tr_td), "xpath", "equals", "//div[@id="mainContent"]/div[2]/div[2]/div[2]/div[2]/div/div[2]/table/tbody/tr[" + i + "]/td[" + j + "]/div", true): Modify property of object successfully

2019-04-17 14:32:48 - [MESSAGE][PASSED] - Modify property of object successfully

2019-04-17 14:32:48 - [TEST_STEP][PASSED] - verifyElementPresent: Object 'Object Repository/Syetem_settings/User_Manage/Search/tr_td' is present

2019-04-17 14:32:48 - [MESSAGE][PASSED] - Object 'Object Repository/Syetem_settings/User_Manage/Search/tr_td' is present

2019-04-17 14:32:48 - [TEST_STEP][PASSED] - Statement - name_content = com.kms.katalon.core.webui.keyword.WebUiBuiltInKeywords.modifyObjectProperty(com.kms.katalon.core.testobject.ObjectRepository.findTestObject(Syetem_settings/User_Manage/Search/tr_td), "xpath", "equals", "//div[@id="mainContent"]/div[2]/div[2]/div[2]/div[2]/div/div[2]/table/tbody/tr[" + i + "]/td[1]/div/span", true): Modify property of object successfully

2019-04-17 14:32:48 - [MESSAGE][PASSED] - Modify property of object successfully

2019-04-17 14:32:48 - [TEST_STEP][PASSED] - verifyElementPresent: Object 'Object Repository/Syetem_settings/User_Manage/Search/tr_td' is present

2019-04-17 14:32:48 - [MESSAGE][PASSED] - Object 'Object Repository/Syetem_settings/User_Manage/Search/tr_td' is present

2019-04-17 14:32:48 - [TEST_STEP][PASSED] - Statement - name = com.kms.katalon.core.webui.keyword.WebUiBuiltInKeywords.getAttribute(name_content, "innerText"): Attribute 'innerText' of object 'Object Repository/Syetem_settings/User_Manage/Search/tr_td' is: '测试人员9'

2019-04-17 14:32:48 - [MESSAGE][PASSED] - Attribute 'innerText' of object 'Object Repository/Syetem_settings/User_Manage/Search/tr_td' is: '测试人员9'

2019-04-17 14:32:48 - [TEST_STEP][PASSED] - Statement - data = com.kms.katalon.core.webui.keyword.WebUiBuiltInKeywords.getAttribute(n_btn, "innerText"): Attribute 'innerText' of object 'Object Repository/Syetem_settings/User_Manage/Search/tr_td' is: ''

2019-04-17 14:32:49 - [MESSAGE][PASSED] - Attribute 'innerText' of object 'Object Repository/Syetem_settings/User_Manage/Search/tr_td' is: ''

2019-04-17 14:32:49 - [TEST_STEP][PASSED] - Statement - If (data == null): null

2019-04-17 14:32:49 - [TEST_STEP][PASSED] - Statement - Else If (data.indexOf(username) != -1): null

2019-04-17 14:32:49 - [TEST_STEP][PASSED] - Statement - Else: null

2019-04-17 14:32:49 - [TEST_STEP][PASSED] - comment: 列表中值为,输入的关键词为测试,不存在包含关系,搜索结果不匹配，case pass

2019-04-17 14:32:49 - [TEST_STEP][PASSED] - Statement - assert true: null

2019-04-17 14:32:49 - [TEST_STEP][PASSED] - Statement - n_btn = com.kms.katalon.core.webui.keyword.WebUiBuiltInKeywords.modifyObjectProperty(com.kms.katalon.core.testobject.ObjectRepository.findTestObject(Syetem_settings/User_Manage/Search/tr_td), "xpath", "equals", "//div[@id="mainContent"]/div[2]/div[2]/div[2]/div[2]/div/div[2]/table/tbody/tr[" + i + "]/td[" + j + "]/div", true): Modify property of object successfully

2019-04-17 14:32:50 - [MESSAGE][PASSED] - Modify property of object successfully

2019-04-17 14:32:50 - [TEST_STEP][PASSED] - verifyElementPresent: Object 'Object Repository/Syetem_settings/User_Manage/Search/tr_td' is present

2019-04-17 14:32:50 - [MESSAGE][PASSED] - Object 'Object Repository/Syetem_settings/User_Manage/Search/tr_td' is present

2019-04-17 14:32:50 - [TEST_STEP][PASSED] - Statement - name_content = com.kms.katalon.core.webui.keyword.WebUiBuiltInKeywords.modifyObjectProperty(com.kms.katalon.core.testobject.ObjectRepository.findTestObject(Syetem_settings/User_Manage/Search/tr_td), "xpath", "equals", "//div[@id="mainContent"]/div[2]/div[2]/div[2]/div[2]/div/div[2]/table/tbody/tr[" + i + "]/td[1]/div/span", true): Modify property of object successfully

2019-04-17 14:32:51 - [MESSAGE][PASSED] - Modify property of object successfully

2019-04-17 14:32:51 - [TEST_STEP][PASSED] - verifyElementPresent: Object 'Object Repository/Syetem_settings/User_Manage/Search/tr_td' is present

2019-04-17 14:32:51 - [MESSAGE][PASSED] - Object 'Object Repository/Syetem_settings/User_Manage/Search/tr_td' is present

2019-04-17 14:32:51 - [TEST_STEP][PASSED] - Statement - name = com.kms.katalon.core.webui.keyword.WebUiBuiltInKeywords.getAttribute(name_content, "innerText"): Attribute 'innerText' of object 'Object Repository/Syetem_settings/User_Manage/Search/tr_td' is: '测试人员9'

2019-04-17 14:32:51 - [MESSAGE][PASSED] - Attribute 'innerText' of object 'Object Repository/Syetem_settings/User_Manage/Search/tr_td' is: '测试人员9'

2019-04-17 14:32:51 - [TEST_STEP][PASSED] - Statement - data = com.kms.katalon.core.webui.keyword.WebUiBuiltInKeywords.getAttribute(n_btn, "innerText"): Attribute 'innerText' of object 'Object Repository/Syetem_settings/User_Manage/Search/tr_td' is: '15263625418'

2019-04-17 14:32:51 - [MESSAGE][PASSED] - Attribute 'innerText' of object 'Object Repository/Syetem_settings/User_Manage/Search/tr_td' is: '15263625418'

2019-04-17 14:32:51 - [TEST_STEP][PASSED] - Statement - If (data == null): null

2019-04-17 14:32:51 - [TEST_STEP][PASSED] - Statement - Else If (data.indexOf(username) != -1): null

2019-04-17 14:32:51 - [TEST_STEP][PASSED] - Statement - Else: null

2019-04-17 14:32:51 - [TEST_STEP][PASSED] - comment: 列表中值为15263625418,输入的关键词为测试,不存在包含关系,搜索结果不匹配，case pass

2019-04-17 14:32:51 - [TEST_STEP][PASSED] - Statement - assert true: null

2019-04-17 14:32:52 - [TEST_STEP][PASSED] - Statement - n_btn = com.kms.katalon.core.webui.keyword.WebUiBuiltInKeywords.modifyObjectProperty(com.kms.katalon.core.testobject.ObjectRepository.findTestObject(Syetem_settings/User_Manage/Search/tr_td), "xpath", "equals", "//div[@id="mainContent"]/div[2]/div[2]/div[2]/div[2]/div/div[2]/table/tbody/tr[" + i + "]/td[" + j + "]/div", true): Modify property of object successfully

2019-04-17 14:32:52 - [MESSAGE][PASSED] - Modify property of object successfully

2019-04-17 14:32:52 - [TEST_STEP][PASSED] - verifyElementPresent: Object 'Object Repository/Syetem_settings/User_Manage/Search/tr_td' is present

2019-04-17 14:32:52 - [MESSAGE][PASSED] - Object 'Object Repository/Syetem_settings/User_Manage/Search/tr_td' is present

2019-04-17 14:32:52 - [TEST_STEP][PASSED] - Statement - name_content = com.kms.katalon.core.webui.keyword.WebUiBuiltInKeywords.modifyObjectProperty(com.kms.katalon.core.testobject.ObjectRepository.findTestObject(Syetem_settings/User_Manage/Search/tr_td), "xpath", "equals", "//div[@id="mainContent"]/div[2]/div[2]/div[2]/div[2]/div/div[2]/table/tbody/tr[" + i + "]/td[1]/div/span", true): Modify property of object successfully

2019-04-17 14:32:53 - [MESSAGE][PASSED] - Modify property of object successfully

2019-04-17 14:32:53 - [TEST_STEP][PASSED] - verifyElementPresent: Object 'Object Repository/Syetem_settings/User_Manage/Search/tr_td' is present

2019-04-17 14:32:53 - [MESSAGE][PASSED] - Object 'Object Repository/Syetem_settings/User_Manage/Search/tr_td' is present

2019-04-17 14:32:53 - [TEST_STEP][PASSED] - Statement - name = com.kms.katalon.core.webui.keyword.WebUiBuiltInKeywords.getAttribute(name_content, "innerText"): Attribute 'innerText' of object 'Object Repository/Syetem_settings/User_Manage/Search/tr_td' is: '测试人员9'

2019-04-17 14:32:54 - [MESSAGE][PASSED] - Attribute 'innerText' of object 'Object Repository/Syetem_settings/User_Manage/Search/tr_td' is: '测试人员9'

2019-04-17 14:32:54 - [TEST_STEP][PASSED] - Statement - data = com.kms.katalon.core.webui.keyword.WebUiBuiltInKeywords.getAttribute(n_btn, "innerText"): Attribute 'innerText' of object 'Object Repository/Syetem_settings/User_Manage/Search/tr_td' is: '在职'

2019-04-17 14:32:54 - [MESSAGE][PASSED] - Attribute 'innerText' of object 'Object Repository/Syetem_settings/User_Manage/Search/tr_td' is: '在职'

2019-04-17 14:32:54 - [TEST_STEP][PASSED] - Statement - If (data == null): null

2019-04-17 14:32:54 - [TEST_STEP][PASSED] - Statement - Else If (data.indexOf(username) != -1): null

2019-04-17 14:32:54 - [TEST_STEP][PASSED] - Statement - Else: null

2019-04-17 14:32:54 - [TEST_STEP][PASSED] - comment: 列表中值为在职,输入的关键词为测试,不存在包含关系,搜索结果不匹配，case pass

2019-04-17 14:32:54 - [TEST_STEP][PASSED] - Statement - assert true: null

2019-04-17 14:32:54 - [TEST_STEP][PASSED] - Statement - For ([j = 2, j <= 5, (j++)]): null

2019-04-17 14:32:54 - [TEST_STEP][PASSED] - Statement - n_btn = com.kms.katalon.core.webui.keyword.WebUiBuiltInKeywords.modifyObjectProperty(com.kms.katalon.core.testobject.ObjectRepository.findTestObject(Syetem_settings/User_Manage/Search/tr_td), "xpath", "equals", "//div[@id="mainContent"]/div[2]/div[2]/div[2]/div[2]/div/div[2]/table/tbody/tr[" + i + "]/td[" + j + "]/div", true): Modify property of object successfully

2019-04-17 14:32:54 - [MESSAGE][PASSED] - Modify property of object successfully

2019-04-17 14:32:54 - [TEST_STEP][PASSED] - verifyElementPresent: Object 'Object Repository/Syetem_settings/User_Manage/Search/tr_td' is present

2019-04-17 14:32:55 - [MESSAGE][PASSED] - Object 'Object Repository/Syetem_settings/User_Manage/Search/tr_td' is present

2019-04-17 14:32:55 - [TEST_STEP][PASSED] - Statement - name_content = com.kms.katalon.core.webui.keyword.WebUiBuiltInKeywords.modifyObjectProperty(com.kms.katalon.core.testobject.ObjectRepository.findTestObject(Syetem_settings/User_Manage/Search/tr_td), "xpath", "equals", "//div[@id="mainContent"]/div[2]/div[2]/div[2]/div[2]/div/div[2]/table/tbody/tr[" + i + "]/td[1]/div/span", true): Modify property of object successfully

2019-04-17 14:32:55 - [MESSAGE][PASSED] - Modify property of object successfully

2019-04-17 14:32:55 - [TEST_STEP][PASSED] - verifyElementPresent: Object 'Object Repository/Syetem_settings/User_Manage/Search/tr_td' is present

2019-04-17 14:32:55 - [MESSAGE][PASSED] - Object 'Object Repository/Syetem_settings/User_Manage/Search/tr_td' is present

2019-04-17 14:32:55 - [TEST_STEP][PASSED] - Statement - name = com.kms.katalon.core.webui.keyword.WebUiBuiltInKeywords.getAttribute(name_content, "innerText"): Attribute 'innerText' of object 'Object Repository/Syetem_settings/User_Manage/Search/tr_td' is: '测试人员1'

2019-04-17 14:32:56 - [MESSAGE][PASSED] - Attribute 'innerText' of object 'Object Repository/Syetem_settings/User_Manage/Search/tr_td' is: '测试人员1'

2019-04-17 14:32:56 - [TEST_STEP][PASSED] - Statement - data = com.kms.katalon.core.webui.keyword.WebUiBuiltInKeywords.getAttribute(n_btn, "innerText"): Attribute 'innerText' of object 'Object Repository/Syetem_settings/User_Manage/Search/tr_td' is: '测试岗位1'

2019-04-17 14:32:56 - [MESSAGE][PASSED] - Attribute 'innerText' of object 'Object Repository/Syetem_settings/User_Manage/Search/tr_td' is: '测试岗位1'

2019-04-17 14:32:56 - [TEST_STEP][PASSED] - Statement - If (data == null): null

2019-04-17 14:32:57 - [TEST_STEP][PASSED] - Statement - Else If (data.indexOf(username) != -1): null

2019-04-17 14:32:57 - [TEST_STEP][PASSED] - comment: 列表中值为测试岗位1,输入的关键词为测试,列表中的其他数据与关键字存在包含关系,请继续验证姓名列是否与关键词相匹配

2019-04-17 14:32:57 - [TEST_STEP][PASSED] - Statement - If (name.indexOf(username) != -1): null

2019-04-17 14:32:57 - [TEST_STEP][PASSED] - comment: 姓名为测试人员1,输入的关键词为测试,姓名与关键词存在包含关系,搜索结果相匹配,所以case pass

2019-04-17 14:32:57 - [TEST_STEP][PASSED] - Statement - assert true: null

2019-04-17 14:32:57 - [TEST_STEP][PASSED] - Statement - n_btn = com.kms.katalon.core.webui.keyword.WebUiBuiltInKeywords.modifyObjectProperty(com.kms.katalon.core.testobject.ObjectRepository.findTestObject(Syetem_settings/User_Manage/Search/tr_td), "xpath", "equals", "//div[@id="mainContent"]/div[2]/div[2]/div[2]/div[2]/div/div[2]/table/tbody/tr[" + i + "]/td[" + j + "]/div", true): Modify property of object successfully

2019-04-17 14:32:57 - [MESSAGE][PASSED] - Modify property of object successfully

2019-04-17 14:32:57 - [TEST_STEP][PASSED] - verifyElementPresent: Object 'Object Repository/Syetem_settings/User_Manage/Search/tr_td' is present

2019-04-17 14:32:57 - [MESSAGE][PASSED] - Object 'Object Repository/Syetem_settings/User_Manage/Search/tr_td' is present

2019-04-17 14:32:57 - [TEST_STEP][PASSED] - Statement - name_content = com.kms.katalon.core.webui.keyword.WebUiBuiltInKeywords.modifyObjectProperty(com.kms.katalon.core.testobject.ObjectRepository.findTestObject(Syetem_settings/User_Manage/Search/tr_td), "xpath", "equals", "//div[@id="mainContent"]/div[2]/div[2]/div[2]/div[2]/div/div[2]/table/tbody/tr[" + i + "]/td[1]/div/span", true): Modify property of object successfully

2019-04-17 14:32:57 - [MESSAGE][PASSED] - Modify property of object successfully

2019-04-17 14:32:57 - [TEST_STEP][PASSED] - verifyElementPresent: Object 'Object Repository/Syetem_settings/User_Manage/Search/tr_td' is present

2019-04-17 14:32:58 - [MESSAGE][PASSED] - Object 'Object Repository/Syetem_settings/User_Manage/Search/tr_td' is present

2019-04-17 14:32:58 - [TEST_STEP][PASSED] - Statement - name = com.kms.katalon.core.webui.keyword.WebUiBuiltInKeywords.getAttribute(name_content, "innerText"): Attribute 'innerText' of object 'Object Repository/Syetem_settings/User_Manage/Search/tr_td' is: '测试人员1'

2019-04-17 14:32:58 - [MESSAGE][PASSED] - Attribute 'innerText' of object 'Object Repository/Syetem_settings/User_Manage/Search/tr_td' is: '测试人员1'

2019-04-17 14:32:58 - [TEST_STEP][PASSED] - Statement - data = com.kms.katalon.core.webui.keyword.WebUiBuiltInKeywords.getAttribute(n_btn, "innerText"): Attribute 'innerText' of object 'Object Repository/Syetem_settings/User_Manage/Search/tr_td' is: '7425362@qq.com'

2019-04-17 14:32:59 - [MESSAGE][PASSED] - Attribute 'innerText' of object 'Object Repository/Syetem_settings/User_Manage/Search/tr_td' is: '7425362@qq.com'

2019-04-17 14:32:59 - [TEST_STEP][PASSED] - Statement - If (data == null): null

2019-04-17 14:32:59 - [TEST_STEP][PASSED] - Statement - Else If (data.indexOf(username) != -1): null

2019-04-17 14:32:59 - [TEST_STEP][PASSED] - Statement - Else: null

2019-04-17 14:32:59 - [TEST_STEP][PASSED] - comment: 列表中值为7425362@qq.com,输入的关键词为测试,不存在包含关系,搜索结果不匹配，case pass

2019-04-17 14:32:59 - [TEST_STEP][PASSED] - Statement - assert true: null

2019-04-17 14:32:59 - [TEST_STEP][PASSED] - Statement - n_btn = com.kms.katalon.core.webui.keyword.WebUiBuiltInKeywords.modifyObjectProperty(com.kms.katalon.core.testobject.ObjectRepository.findTestObject(Syetem_settings/User_Manage/Search/tr_td), "xpath", "equals", "//div[@id="mainContent"]/div[2]/div[2]/div[2]/div[2]/div/div[2]/table/tbody/tr[" + i + "]/td[" + j + "]/div", true): Modify property of object successfully

2019-04-17 14:33:00 - [MESSAGE][PASSED] - Modify property of object successfully

2019-04-17 14:33:00 - [TEST_STEP][PASSED] - verifyElementPresent: Object 'Object Repository/Syetem_settings/User_Manage/Search/tr_td' is present

2019-04-17 14:33:00 - [MESSAGE][PASSED] - Object 'Object Repository/Syetem_settings/User_Manage/Search/tr_td' is present

2019-04-17 14:33:00 - [TEST_STEP][PASSED] - Statement - name_content = com.kms.katalon.core.webui.keyword.WebUiBuiltInKeywords.modifyObjectProperty(com.kms.katalon.core.testobject.ObjectRepository.findTestObject(Syetem_settings/User_Manage/Search/tr_td), "xpath", "equals", "//div[@id="mainContent"]/div[2]/div[2]/div[2]/div[2]/div/div[2]/table/tbody/tr[" + i + "]/td[1]/div/span", true): Modify property of object successfully

2019-04-17 14:33:00 - [MESSAGE][PASSED] - Modify property of object successfully

2019-04-17 14:33:00 - [TEST_STEP][PASSED] - verifyElementPresent: Object 'Object Repository/Syetem_settings/User_Manage/Search/tr_td' is present

2019-04-17 14:33:00 - [MESSAGE][PASSED] - Object 'Object Repository/Syetem_settings/User_Manage/Search/tr_td' is present

2019-04-17 14:33:00 - [TEST_STEP][PASSED] - Statement - name = com.kms.katalon.core.webui.keyword.WebUiBuiltInKeywords.getAttribute(name_content, "innerText"): Attribute 'innerText' of object 'Object Repository/Syetem_settings/User_Manage/Search/tr_td' is: '测试人员1'

2019-04-17 14:33:00 - [MESSAGE][PASSED] - Attribute 'innerText' of object 'Object Repository/Syetem_settings/User_Manage/Search/tr_td' is: '测试人员1'

2019-04-17 14:33:00 - [TEST_STEP][PASSED] - Statement - data = com.kms.katalon.core.webui.keyword.WebUiBuiltInKeywords.getAttribute(n_btn, "innerText"): Attribute 'innerText' of object 'Object Repository/Syetem_settings/User_Manage/Search/tr_td' is: '15263625410'

2019-04-17 14:33:01 - [MESSAGE][PASSED] - Attribute 'innerText' of object 'Object Repository/Syetem_settings/User_Manage/Search/tr_td' is: '15263625410'

2019-04-17 14:33:01 - [TEST_STEP][PASSED] - Statement - If (data == null): null

2019-04-17 14:33:01 - [TEST_STEP][PASSED] - Statement - Else If (data.indexOf(username) != -1): null

2019-04-17 14:33:01 - [TEST_STEP][PASSED] - Statement - Else: null

2019-04-17 14:33:01 - [TEST_STEP][PASSED] - comment: 列表中值为15263625410,输入的关键词为测试,不存在包含关系,搜索结果不匹配，case pass

2019-04-17 14:33:01 - [TEST_STEP][PASSED] - Statement - assert true: null

2019-04-17 14:33:01 - [TEST_STEP][PASSED] - Statement - n_btn = com.kms.katalon.core.webui.keyword.WebUiBuiltInKeywords.modifyObjectProperty(com.kms.katalon.core.testobject.ObjectRepository.findTestObject(Syetem_settings/User_Manage/Search/tr_td), "xpath", "equals", "//div[@id="mainContent"]/div[2]/div[2]/div[2]/div[2]/div/div[2]/table/tbody/tr[" + i + "]/td[" + j + "]/div", true): Modify property of object successfully

2019-04-17 14:33:02 - [MESSAGE][PASSED] - Modify property of object successfully

2019-04-17 14:33:02 - [TEST_STEP][PASSED] - verifyElementPresent: Object 'Object Repository/Syetem_settings/User_Manage/Search/tr_td' is present

2019-04-17 14:33:02 - [MESSAGE][PASSED] - Object 'Object Repository/Syetem_settings/User_Manage/Search/tr_td' is present

2019-04-17 14:33:02 - [TEST_STEP][PASSED] - Statement - name_content = com.kms.katalon.core.webui.keyword.WebUiBuiltInKeywords.modifyObjectProperty(com.kms.katalon.core.testobject.ObjectRepository.findTestObject(Syetem_settings/User_Manage/Search/tr_td), "xpath", "equals", "//div[@id="mainContent"]/div[2]/div[2]/div[2]/div[2]/div/div[2]/table/tbody/tr[" + i + "]/td[1]/div/span", true): Modify property of object successfully

2019-04-17 14:33:02 - [MESSAGE][PASSED] - Modify property of object successfully

2019-04-17 14:33:02 - [TEST_STEP][PASSED] - verifyElementPresent: Object 'Object Repository/Syetem_settings/User_Manage/Search/tr_td' is present

2019-04-17 14:33:03 - [MESSAGE][PASSED] - Object 'Object Repository/Syetem_settings/User_Manage/Search/tr_td' is present

2019-04-17 14:33:03 - [TEST_STEP][PASSED] - Statement - name = com.kms.katalon.core.webui.keyword.WebUiBuiltInKeywords.getAttribute(name_content, "innerText"): Attribute 'innerText' of object 'Object Repository/Syetem_settings/User_Manage/Search/tr_td' is: '测试人员1'

2019-04-17 14:33:03 - [MESSAGE][PASSED] - Attribute 'innerText' of object 'Object Repository/Syetem_settings/User_Manage/Search/tr_td' is: '测试人员1'

2019-04-17 14:33:03 - [TEST_STEP][PASSED] - Statement - data = com.kms.katalon.core.webui.keyword.WebUiBuiltInKeywords.getAttribute(n_btn, "innerText"): Attribute 'innerText' of object 'Object Repository/Syetem_settings/User_Manage/Search/tr_td' is: '在职'

2019-04-17 14:33:03 - [MESSAGE][PASSED] - Attribute 'innerText' of object 'Object Repository/Syetem_settings/User_Manage/Search/tr_td' is: '在职'

2019-04-17 14:33:03 - [TEST_STEP][PASSED] - Statement - If (data == null): null

2019-04-17 14:33:03 - [TEST_STEP][PASSED] - Statement - Else If (data.indexOf(username) != -1): null

2019-04-17 14:33:03 - [TEST_STEP][PASSED] - Statement - Else: null

2019-04-17 14:33:03 - [TEST_STEP][PASSED] - comment: 列表中值为在职,输入的关键词为测试,不存在包含关系,搜索结果不匹配，case pass

2019-04-17 14:33:03 - [TEST_STEP][PASSED] - Statement - assert true: null

2019-04-17 14:33:06 - [TEST_STEP][PASSED] - Start listener action : sampleAfterTestCase: Invoke 'com.kms.katalon.core.annotation.AfterTestCase' method: 'NewTestListener.sampleAfterTestCase(...)' completed.

2019-04-17 14:33:06 - [TEST_STEP][PASSED] - Statement - println(testCaseContext.getTestCaseId()): null

2019-04-17 14:33:06 - [TEST_STEP][PASSED] - Statement - println(testCaseContext.getTestCaseStatus()): Invoke 'com.kms.katalon.core.annotation.AfterTestCase' method: 'NewTestListener.sampleAfterTestCase(...)' completed.]]></system-out>
         <system-err><![CDATA[]]></system-err>
      </testcase>
      <testcase name="Test Cases/002_System_,Manage/001_User_Manage/006_paging_verify" classname="Test Cases/002_System_,Manage/001_User_Manage/006_paging_verify" status="FAILED">
         <failure type="FAILED" message="(Stack trace: Assertion failed: 

assert false


	at org.codehaus.groovy.runtime.InvokerHelper.assertFailed(InvokerHelper.java:402)
	at org.codehaus.groovy.runtime.ScriptBytecodeAdapter.assertFailed(ScriptBytecodeAdapter.java:650)
	at Script1555325328899.run(Script1555325328899.groovy:89)
	at com.kms.katalon.core.main.ScriptEngine.run(ScriptEngine.java:183)
	at com.kms.katalon.core.main.ScriptEngine.runScriptAsRawText(ScriptEngine.java:108)
	at com.kms.katalon.core.main.TestCaseExecutor.runScript(TestCaseExecutor.java:294)
	at com.kms.katalon.core.main.TestCaseExecutor.doExecute(TestCaseExecutor.java:285)
	at com.kms.katalon.core.main.TestCaseExecutor.processExecutionPhase(TestCaseExecutor.java:264)
	at com.kms.katalon.core.main.TestCaseExecutor.accessMainPhase(TestCaseExecutor.java:256)
	at com.kms.katalon.core.main.TestCaseExecutor.execute(TestCaseExecutor.java:200)
	at com.kms.katalon.core.main.TestSuiteExecutor.accessTestCaseMainPhase(TestSuiteExecutor.java:129)
	at com.kms.katalon.core.main.TestSuiteExecutor.accessTestSuiteMainPhase(TestSuiteExecutor.java:112)
	at com.kms.katalon.core.main.TestSuiteExecutor.execute(TestSuiteExecutor.java:81)
	at com.kms.katalon.core.main.TestCaseMain.startTestSuite(TestCaseMain.java:142)
	at com.kms.katalon.core.main.TestCaseMain$startTestSuite$0.call(Unknown Source)
	at org.codehaus.groovy.runtime.callsite.CallSiteArray.defaultCall(CallSiteArray.java:48)
	at org.codehaus.groovy.runtime.callsite.AbstractCallSite.call(AbstractCallSite.java:113)
	at org.codehaus.groovy.runtime.callsite.AbstractCallSite.call(AbstractCallSite.java:141)
	at TempTestSuite1555482682959.run(TempTestSuite1555482682959.groovy:36)
	at groovy.lang.GroovyShell.runScriptOrMainOrTestOrRunnable(GroovyShell.java:263)
	at groovy.lang.GroovyShell.run(GroovyShell.java:518)
	at groovy.lang.GroovyShell.run(GroovyShell.java:507)
	at groovy.ui.GroovyMain.processOnce(GroovyMain.java:653)
	at groovy.ui.GroovyMain.run(GroovyMain.java:384)
	at groovy.ui.GroovyMain.process(GroovyMain.java:370)
	at groovy.ui.GroovyMain.processArgs(GroovyMain.java:129)
	at groovy.ui.GroovyMain.main(GroovyMain.java:109)
	at sun.reflect.NativeMethodAccessorImpl.invoke0(Native Method)
	at sun.reflect.NativeMethodAccessorImpl.invoke(NativeMethodAccessorImpl.java:62)
	at sun.reflect.DelegatingMethodAccessorImpl.invoke(DelegatingMethodAccessorImpl.java:43)
	at java.lang.reflect.Method.invoke(Method.java:498)
	at org.codehaus.groovy.tools.GroovyStarter.rootLoader(GroovyStarter.java:109)
	at org.codehaus.groovy.tools.GroovyStarter.main(GroovyStarter.java:131)
)"/>
         <system-out><![CDATA[2019-04-17 14:33:08 - [TEST_CASE][FAILED] - Test Cases/002_System_,Manage/001_User_Manage/006_paging_verify: Test Cases/002_System_,Manage/001_User_Manage/006_paging_verify FAILED because (of) (Stack trace: Assertion failed: 

assert false


	at org.codehaus.groovy.runtime.InvokerHelper.assertFailed(InvokerHelper.java:402)
	at org.codehaus.groovy.runtime.ScriptBytecodeAdapter.assertFailed(ScriptBytecodeAdapter.java:650)
	at Script1555325328899.run(Script1555325328899.groovy:89)
	at com.kms.katalon.core.main.ScriptEngine.run(ScriptEngine.java:183)
	at com.kms.katalon.core.main.ScriptEngine.runScriptAsRawText(ScriptEngine.java:108)
	at com.kms.katalon.core.main.TestCaseExecutor.runScript(TestCaseExecutor.java:294)
	at com.kms.katalon.core.main.TestCaseExecutor.doExecute(TestCaseExecutor.java:285)
	at com.kms.katalon.core.main.TestCaseExecutor.processExecutionPhase(TestCaseExecutor.java:264)
	at com.kms.katalon.core.main.TestCaseExecutor.accessMainPhase(TestCaseExecutor.java:256)
	at com.kms.katalon.core.main.TestCaseExecutor.execute(TestCaseExecutor.java:200)
	at com.kms.katalon.core.main.TestSuiteExecutor.accessTestCaseMainPhase(TestSuiteExecutor.java:129)
	at com.kms.katalon.core.main.TestSuiteExecutor.accessTestSuiteMainPhase(TestSuiteExecutor.java:112)
	at com.kms.katalon.core.main.TestSuiteExecutor.execute(TestSuiteExecutor.java:81)
	at com.kms.katalon.core.main.TestCaseMain.startTestSuite(TestCaseMain.java:142)
	at com.kms.katalon.core.main.TestCaseMain$startTestSuite$0.call(Unknown Source)
	at org.codehaus.groovy.runtime.callsite.CallSiteArray.defaultCall(CallSiteArray.java:48)
	at org.codehaus.groovy.runtime.callsite.AbstractCallSite.call(AbstractCallSite.java:113)
	at org.codehaus.groovy.runtime.callsite.AbstractCallSite.call(AbstractCallSite.java:141)
	at TempTestSuite1555482682959.run(TempTestSuite1555482682959.groovy:36)
	at groovy.lang.GroovyShell.runScriptOrMainOrTestOrRunnable(GroovyShell.java:263)
	at groovy.lang.GroovyShell.run(GroovyShell.java:518)
	at groovy.lang.GroovyShell.run(GroovyShell.java:507)
	at groovy.ui.GroovyMain.processOnce(GroovyMain.java:653)
	at groovy.ui.GroovyMain.run(GroovyMain.java:384)
	at groovy.ui.GroovyMain.process(GroovyMain.java:370)
	at groovy.ui.GroovyMain.processArgs(GroovyMain.java:129)
	at groovy.ui.GroovyMain.main(GroovyMain.java:109)
	at sun.reflect.NativeMethodAccessorImpl.invoke0(Native Method)
	at sun.reflect.NativeMethodAccessorImpl.invoke(NativeMethodAccessorImpl.java:62)
	at sun.reflect.DelegatingMethodAccessorImpl.invoke(DelegatingMethodAccessorImpl.java:43)
	at java.lang.reflect.Method.invoke(Method.java:498)
	at org.codehaus.groovy.tools.GroovyStarter.rootLoader(GroovyStarter.java:109)
	at org.codehaus.groovy.tools.GroovyStarter.main(GroovyStarter.java:131)
)

2019-04-17 14:33:08 - [TEST_STEP][PASSED] - Start listener action : sampleBeforeTestCase: Invoke 'com.kms.katalon.core.annotation.BeforeTestCase' method: 'NewTestListener.sampleBeforeTestCase(...)' completed.

2019-04-17 14:33:08 - [TEST_STEP][PASSED] - Statement - println(testCaseContext.getTestCaseId()): null

2019-04-17 14:33:08 - [TEST_STEP][PASSED] - Statement - println(testCaseContext.getTestCaseVariables()): Invoke 'com.kms.katalon.core.annotation.BeforeTestCase' method: 'NewTestListener.sampleBeforeTestCase(...)' completed.

2019-04-17 14:33:08 - [TEST_STEP][PASSED] - callTestCase: Call Test Case 'Test Cases/002_System_,Manage/001_User_Manage/001_Enter_User' successfully

2019-04-17 14:33:08 - [TEST_CASE][PASSED] - Test Cases/002_System_,Manage/001_User_Manage/001_Enter_User: Test Cases/002_System_,Manage/001_User_Manage/001_Enter_User

2019-04-17 14:33:08 - [TEST_STEP][PASSED] - callTestCase: Call Test Case 'Test Cases/001_Login_Home/002_Login' successfully

2019-04-17 14:33:08 - [TEST_CASE][PASSED] - Test Cases/001_Login_Home/002_Login: Test Cases/001_Login_Home/002_Login

2019-04-17 14:33:08 - [TEST_STEP][PASSED] - callTestCase: Call Test Case 'Test Cases/001_Login_Home/001_Navigate' successfully

2019-04-17 14:33:08 - [TEST_CASE][PASSED] - Test Cases/001_Login_Home/001_Navigate: Test Cases/001_Login_Home/001_Navigate

2019-04-17 14:33:08 - [TEST_STEP][PASSED] - openBrowser: Browser is opened with url: ''

2019-04-17 14:33:08 - [MESSAGE][WARNING] - A browser is already opened. Closing browser and opening a new one

2019-04-17 14:33:11 - [MESSAGE][PASSED] - Browser is opened with url: ''

2019-04-17 14:33:11 - [TEST_STEP][PASSED] - navigateToUrl: Navigate to 'http://222.180.200.126:9909/PORTALASSETS/login' successfully

2019-04-17 14:33:13 - [MESSAGE][PASSED] - Navigate to 'http://222.180.200.126:9909/PORTALASSETS/login' successfully

2019-04-17 14:33:13 - [TEST_STEP][PASSED] - comment: begin to input one correct account

2019-04-17 14:33:13 - [TEST_STEP][PASSED] - Statement - item = com.kms.katalon.core.webui.keyword.WebUiBuiltInKeywords.verifyElementPresent(com.kms.katalon.core.testobject.ObjectRepository.findTestObject(Login/button_ login), 20, STOP_ON_FAILURE): Object 'Object Repository/Login/button_ login' is present

2019-04-17 14:33:13 - [MESSAGE][PASSED] - Object 'Object Repository/Login/button_ login' is present

2019-04-17 14:33:13 - [TEST_STEP][PASSED] - Statement - If (item == true): Enter this website successful!!

2019-04-17 14:33:13 - [TEST_STEP][PASSED] - comment: Enter this website successful!!

2019-04-17 14:33:13 - [MESSAGE][PASSED] - Call Test Case 'Test Cases/001_Login_Home/001_Navigate' successfully

2019-04-17 14:33:13 - [TEST_STEP][PASSED] - delay: Delayed 1 second(s)

2019-04-17 14:33:14 - [MESSAGE][PASSED] - Delayed 1 second(s)

2019-04-17 14:33:14 - [TEST_STEP][PASSED] - setText: Text 'admin' is set on object 'Object Repository/Login/loginname'

2019-04-17 14:33:14 - [MESSAGE][PASSED] - Text 'admin' is set on object 'Object Repository/Login/loginname'

2019-04-17 14:33:14 - [TEST_STEP][PASSED] - delay: Delayed 1 second(s)

2019-04-17 14:33:15 - [MESSAGE][PASSED] - Delayed 1 second(s)

2019-04-17 14:33:15 - [TEST_STEP][PASSED] - setText: Text '654321' is set on object 'Object Repository/Login/password'

2019-04-17 14:33:15 - [MESSAGE][PASSED] - Text '654321' is set on object 'Object Repository/Login/password'

2019-04-17 14:33:15 - [TEST_STEP][PASSED] - delay: Delayed 1 second(s)

2019-04-17 14:33:16 - [MESSAGE][PASSED] - Delayed 1 second(s)

2019-04-17 14:33:16 - [TEST_STEP][PASSED] - Statement - R = com.kms.katalon.core.webui.keyword.WebUiBuiltInKeywords.verifyElementChecked(com.kms.katalon.core.testobject.ObjectRepository.findTestObject(Login/remember_password), 10): Object 'Object Repository/Login/remember_password' is checked

2019-04-17 14:33:16 - [MESSAGE][PASSED] - Object 'Object Repository/Login/remember_password' is checked

2019-04-17 14:33:16 - [TEST_STEP][PASSED] - Statement - If (R): The remember pwd box is checked!

2019-04-17 14:33:16 - [TEST_STEP][PASSED] - comment: The remember pwd box is checked!

2019-04-17 14:33:16 - [TEST_STEP][PASSED] - click: Object: 'Object Repository/Login/button_ login' is clicked on

2019-04-17 14:33:16 - [MESSAGE][PASSED] - Object: 'Object Repository/Login/button_ login' is clicked on

2019-04-17 14:33:16 - [TEST_STEP][PASSED] - Statement - a = com.kms.katalon.core.webui.keyword.WebUiBuiltInKeywords.verifyElementPresent(com.kms.katalon.core.testobject.ObjectRepository.findTestObject(homepage/a_homepage), 40): Object 'Object Repository/homepage/a_homepage' is present

2019-04-17 14:33:17 - [MESSAGE][PASSED] - Object 'Object Repository/homepage/a_homepage' is present

2019-04-17 14:33:17 - [TEST_STEP][PASSED] - Statement - If (a): Taking screenshot successfully

2019-04-17 14:33:17 - [TEST_STEP][PASSED] - comment: Find the homepag lable,Login successful

2019-04-17 14:33:17 - [TEST_STEP][PASSED] - takeScreenshot: Taking screenshot successfully

2019-04-17 14:33:17 - [MESSAGE][PASSED] - Taking screenshot successfully
[[ATTACHMENT|G:\\Auto_Learning\\katalon\\katalon_project\\katalon_project\\T2M_Manage\\T2M_Manage\\Reports\\User Manage\\002_search\\20190417_143122\\1555482797500.png]]

2019-04-17 14:33:17 - [MESSAGE][PASSED] - Call Test Case 'Test Cases/001_Login_Home/002_Login' successfully

2019-04-17 14:33:17 - [TEST_STEP][PASSED] - delay: Delayed 1 second(s)

2019-04-17 14:33:18 - [MESSAGE][PASSED] - Delayed 1 second(s)

2019-04-17 14:33:18 - [TEST_STEP][PASSED] - click: Object: 'Object Repository/Syetem_settings/User_Manage/a_systemsetings' is clicked on

2019-04-17 14:33:18 - [MESSAGE][PASSED] - Object: 'Object Repository/Syetem_settings/User_Manage/a_systemsetings' is clicked on

2019-04-17 14:33:18 - [TEST_STEP][PASSED] - delay: Delayed 1 second(s)

2019-04-17 14:33:19 - [MESSAGE][PASSED] - Delayed 1 second(s)

2019-04-17 14:33:19 - [TEST_STEP][PASSED] - click: Object: 'Object Repository/Syetem_settings/User_Manage/a_user_manage' is clicked on

2019-04-17 14:33:20 - [MESSAGE][PASSED] - Object: 'Object Repository/Syetem_settings/User_Manage/a_user_manage' is clicked on

2019-04-17 14:33:20 - [TEST_STEP][PASSED] - delay: Delayed 1 second(s)

2019-04-17 14:33:21 - [MESSAGE][PASSED] - Delayed 1 second(s)

2019-04-17 14:33:21 - [TEST_STEP][PASSED] - Statement - verify_user = com.kms.katalon.core.webui.keyword.WebUiBuiltInKeywords.verifyElementPresent(com.kms.katalon.core.testobject.ObjectRepository.findTestObject(Syetem_settings/User_Manage/cite_usertable), 0): Object 'Object Repository/Syetem_settings/User_Manage/cite_usertable' is present

2019-04-17 14:33:21 - [MESSAGE][WARNING] - Timeout '0' is invalid. Using default page load timeout: '30'

2019-04-17 14:33:21 - [MESSAGE][PASSED] - Object 'Object Repository/Syetem_settings/User_Manage/cite_usertable' is present

2019-04-17 14:33:21 - [TEST_STEP][PASSED] - Statement - If (verify_user): Enter the Successfully entered the people management page

2019-04-17 14:33:21 - [TEST_STEP][PASSED] - comment: Enter the Successfully entered the people management page

2019-04-17 14:33:21 - [MESSAGE][PASSED] - Call Test Case 'Test Cases/002_System_,Manage/001_User_Manage/001_Enter_User' successfully

2019-04-17 14:33:21 - [TEST_STEP][PASSED] - delay: Delayed 1 second(s)

2019-04-17 14:33:22 - [MESSAGE][PASSED] - Delayed 1 second(s)

2019-04-17 14:33:22 - [TEST_STEP][PASSED] - Statement - value = ["10", "20", "30", "40", "50", "60", "70", "80", "90"]: null

2019-04-17 14:33:22 - [TEST_STEP][PASSED] - Statement - For (def b : value): null

2019-04-17 14:33:22 - [TEST_STEP][PASSED] - Statement - Total_First = com.kms.katalon.core.webui.keyword.WebUiBuiltInKeywords.getAttribute(com.kms.katalon.core.testobject.ObjectRepository.findTestObject(Syetem_settings/User_Manage/Search/total_list_page), "innerText"): Attribute 'innerText' of object 'Object Repository/Syetem_settings/User_Manage/Search/total_list_page' is: '共 65 条'

2019-04-17 14:33:22 - [MESSAGE][PASSED] - Attribute 'innerText' of object 'Object Repository/Syetem_settings/User_Manage/Search/total_list_page' is: '共 65 条'

2019-04-17 14:33:22 - [TEST_STEP][PASSED] - comment: 共 65 条

2019-04-17 14:33:22 - [TEST_STEP][PASSED] - Statement - a = Total_First[(2..3)]: null

2019-04-17 14:33:22 - [TEST_STEP][PASSED] - Statement - total = java.lang.Integer.parseInt(a): null

2019-04-17 14:33:22 - [TEST_STEP][PASSED] - selectOptionByValue: All options with value '10' are selected in object 'Object Repository/Syetem_settings/User_Manage/Search/select_page' 

2019-04-17 14:33:22 - [MESSAGE][PASSED] - All options with value '10' are selected in object 'Object Repository/Syetem_settings/User_Manage/Search/select_page' 

2019-04-17 14:33:22 - [TEST_STEP][PASSED] - Statement - num = java.lang.Integer.parseInt(b): null

2019-04-17 14:33:22 - [TEST_STEP][PASSED] - Statement - c = total / num: null

2019-04-17 14:33:22 - [TEST_STEP][PASSED] - Statement - d = total % num: null

2019-04-17 14:33:22 - [TEST_STEP][PASSED] - Statement - println(a): null

2019-04-17 14:33:22 - [TEST_STEP][PASSED] - Statement - println(c): null

2019-04-17 14:33:22 - [TEST_STEP][PASSED] - Statement - println(num): null

2019-04-17 14:33:22 - [TEST_STEP][PASSED] - Statement - println(d): null

2019-04-17 14:33:22 - [TEST_STEP][PASSED] - Statement - If (c <= 1): null

2019-04-17 14:33:22 - [TEST_STEP][PASSED] - Statement - Else If (c >= 2): null

2019-04-17 14:33:22 - [TEST_STEP][PASSED] - Statement - For ([i = 1, i <= c, (i++)]): Delayed 1 second(s)

2019-04-17 14:33:22 - [TEST_STEP][PASSED] - click: Object: 'Object Repository/Syetem_settings/User_Manage/Search/next_page' is clicked on

2019-04-17 14:33:22 - [MESSAGE][PASSED] - Object: 'Object Repository/Syetem_settings/User_Manage/Search/next_page' is clicked on

2019-04-17 14:33:22 - [TEST_STEP][PASSED] - delay: Delayed 1 second(s)

2019-04-17 14:33:23 - [MESSAGE][PASSED] - Delayed 1 second(s)

2019-04-17 14:33:23 - [TEST_STEP][PASSED] - click: Object: 'Object Repository/Syetem_settings/User_Manage/Search/next_page' is clicked on

2019-04-17 14:33:23 - [MESSAGE][PASSED] - Object: 'Object Repository/Syetem_settings/User_Manage/Search/next_page' is clicked on

2019-04-17 14:33:23 - [TEST_STEP][PASSED] - delay: Delayed 1 second(s)

2019-04-17 14:33:24 - [MESSAGE][PASSED] - Delayed 1 second(s)

2019-04-17 14:33:24 - [TEST_STEP][PASSED] - click: Object: 'Object Repository/Syetem_settings/User_Manage/Search/next_page' is clicked on

2019-04-17 14:33:24 - [MESSAGE][PASSED] - Object: 'Object Repository/Syetem_settings/User_Manage/Search/next_page' is clicked on

2019-04-17 14:33:24 - [TEST_STEP][PASSED] - delay: Delayed 1 second(s)

2019-04-17 14:33:25 - [MESSAGE][PASSED] - Delayed 1 second(s)

2019-04-17 14:33:25 - [TEST_STEP][PASSED] - click: Object: 'Object Repository/Syetem_settings/User_Manage/Search/next_page' is clicked on

2019-04-17 14:33:25 - [MESSAGE][PASSED] - Object: 'Object Repository/Syetem_settings/User_Manage/Search/next_page' is clicked on

2019-04-17 14:33:25 - [TEST_STEP][PASSED] - delay: Delayed 1 second(s)

2019-04-17 14:33:26 - [MESSAGE][PASSED] - Delayed 1 second(s)

2019-04-17 14:33:26 - [TEST_STEP][PASSED] - click: Object: 'Object Repository/Syetem_settings/User_Manage/Search/next_page' is clicked on

2019-04-17 14:33:27 - [MESSAGE][PASSED] - Object: 'Object Repository/Syetem_settings/User_Manage/Search/next_page' is clicked on

2019-04-17 14:33:27 - [TEST_STEP][PASSED] - delay: Delayed 1 second(s)

2019-04-17 14:33:28 - [MESSAGE][PASSED] - Delayed 1 second(s)

2019-04-17 14:33:28 - [TEST_STEP][PASSED] - click: Object: 'Object Repository/Syetem_settings/User_Manage/Search/next_page' is clicked on

2019-04-17 14:33:28 - [MESSAGE][PASSED] - Object: 'Object Repository/Syetem_settings/User_Manage/Search/next_page' is clicked on

2019-04-17 14:33:28 - [TEST_STEP][PASSED] - delay: Delayed 1 second(s)

2019-04-17 14:33:29 - [MESSAGE][PASSED] - Delayed 1 second(s)

2019-04-17 14:33:29 - [TEST_STEP][PASSED] - verifyElementPresent: Object 'Object Repository/Syetem_settings/User_Manage/Search/table' is present

2019-04-17 14:33:29 - [MESSAGE][PASSED] - Object 'Object Repository/Syetem_settings/User_Manage/Search/table' is present

2019-04-17 14:33:29 - [TEST_STEP][PASSED] - Statement - rows = CustomKeywords.custom_keyword.WebUICustomKeywords.getHtmlTableRows(com.kms.katalon.core.testobject.ObjectRepository.findTestObject(Syetem_settings/User_Manage/Search/table), "tbody"): custom_keyword.WebUICustomKeywords.getHtmlTableRows is PASSED

2019-04-17 14:33:29 - [MESSAGE][PASSED] - custom_keyword.WebUICustomKeywords.getHtmlTableRows is PASSED

2019-04-17 14:33:29 - [TEST_STEP][PASSED] - Statement - leave = rows.size(): null

2019-04-17 14:33:29 - [TEST_STEP][PASSED] - Statement - If (leave == d): null

2019-04-17 14:33:29 - [TEST_STEP][PASSED] - Statement - Else: null

2019-04-17 14:33:29 - [TEST_STEP][PASSED] - comment: 最末页的数据与总条数除以每页条数的余数不一致，截屏，请检查，fail

2019-04-17 14:33:29 - [TEST_STEP][PASSED] - takeScreenshot: Taking screenshot successfully

2019-04-17 14:33:29 - [MESSAGE][PASSED] - Taking screenshot successfully
[[ATTACHMENT|\u672B\u9875\u6570\u636E\u4E0D\u4E00\u81F4]]

2019-04-17 14:33:29 - [TEST_STEP][PASSED] - Statement - assert false: null

2019-04-17 14:33:29 - [TEST_STEP][PASSED] - Start listener action : sampleAfterTestCase: Invoke 'com.kms.katalon.core.annotation.AfterTestCase' method: 'NewTestListener.sampleAfterTestCase(...)' completed.

2019-04-17 14:33:29 - [TEST_STEP][PASSED] - Statement - println(testCaseContext.getTestCaseId()): null

2019-04-17 14:33:29 - [TEST_STEP][PASSED] - Statement - println(testCaseContext.getTestCaseStatus()): Invoke 'com.kms.katalon.core.annotation.AfterTestCase' method: 'NewTestListener.sampleAfterTestCase(...)' completed.]]></system-out>
         <system-err><![CDATA[2019-04-17 14:33:08 - [TEST_CASE][FAILED] - Test Cases/002_System_,Manage/001_User_Manage/006_paging_verify: Test Cases/002_System_,Manage/001_User_Manage/006_paging_verify FAILED because (of) (Stack trace: Assertion failed: 

assert false


	at org.codehaus.groovy.runtime.InvokerHelper.assertFailed(InvokerHelper.java:402)
	at org.codehaus.groovy.runtime.ScriptBytecodeAdapter.assertFailed(ScriptBytecodeAdapter.java:650)
	at Script1555325328899.run(Script1555325328899.groovy:89)
	at com.kms.katalon.core.main.ScriptEngine.run(ScriptEngine.java:183)
	at com.kms.katalon.core.main.ScriptEngine.runScriptAsRawText(ScriptEngine.java:108)
	at com.kms.katalon.core.main.TestCaseExecutor.runScript(TestCaseExecutor.java:294)
	at com.kms.katalon.core.main.TestCaseExecutor.doExecute(TestCaseExecutor.java:285)
	at com.kms.katalon.core.main.TestCaseExecutor.processExecutionPhase(TestCaseExecutor.java:264)
	at com.kms.katalon.core.main.TestCaseExecutor.accessMainPhase(TestCaseExecutor.java:256)
	at com.kms.katalon.core.main.TestCaseExecutor.execute(TestCaseExecutor.java:200)
	at com.kms.katalon.core.main.TestSuiteExecutor.accessTestCaseMainPhase(TestSuiteExecutor.java:129)
	at com.kms.katalon.core.main.TestSuiteExecutor.accessTestSuiteMainPhase(TestSuiteExecutor.java:112)
	at com.kms.katalon.core.main.TestSuiteExecutor.execute(TestSuiteExecutor.java:81)
	at com.kms.katalon.core.main.TestCaseMain.startTestSuite(TestCaseMain.java:142)
	at com.kms.katalon.core.main.TestCaseMain$startTestSuite$0.call(Unknown Source)
	at org.codehaus.groovy.runtime.callsite.CallSiteArray.defaultCall(CallSiteArray.java:48)
	at org.codehaus.groovy.runtime.callsite.AbstractCallSite.call(AbstractCallSite.java:113)
	at org.codehaus.groovy.runtime.callsite.AbstractCallSite.call(AbstractCallSite.java:141)
	at TempTestSuite1555482682959.run(TempTestSuite1555482682959.groovy:36)
	at groovy.lang.GroovyShell.runScriptOrMainOrTestOrRunnable(GroovyShell.java:263)
	at groovy.lang.GroovyShell.run(GroovyShell.java:518)
	at groovy.lang.GroovyShell.run(GroovyShell.java:507)
	at groovy.ui.GroovyMain.processOnce(GroovyMain.java:653)
	at groovy.ui.GroovyMain.run(GroovyMain.java:384)
	at groovy.ui.GroovyMain.process(GroovyMain.java:370)
	at groovy.ui.GroovyMain.processArgs(GroovyMain.java:129)
	at groovy.ui.GroovyMain.main(GroovyMain.java:109)
	at sun.reflect.NativeMethodAccessorImpl.invoke0(Native Method)
	at sun.reflect.NativeMethodAccessorImpl.invoke(NativeMethodAccessorImpl.java:62)
	at sun.reflect.DelegatingMethodAccessorImpl.invoke(DelegatingMethodAccessorImpl.java:43)
	at java.lang.reflect.Method.invoke(Method.java:498)
	at org.codehaus.groovy.tools.GroovyStarter.rootLoader(GroovyStarter.java:109)
	at org.codehaus.groovy.tools.GroovyStarter.main(GroovyStarter.java:131)
)]]></system-err>
      </testcase>
      <testcase name="Test Cases/002_System_,Manage/001_User_Manage/007_page_default" classname="Test Cases/002_System_,Manage/001_User_Manage/007_page_default" status="FAILED">
         <failure type="FAILED" message="(Stack trace: com.kms.katalon.core.exception.StepFailedException: Unable to verify option is selected by value '30' on object 'Object Repository/Syetem_settings/User_Manage/Search/select_page'  (Root cause: org.openqa.selenium.StaleElementReferenceException: stale element reference: element is not attached to the page document
  (Session info: headless chrome=73.0.3683.75)
  (Driver info: chromedriver=2.35.528161 (5b82f2d2aae0ca24b877009200ced9065a772e73),platform=Windows NT 6.1.7601 SP1 x86_64) (WARNING: The server did not provide any stacktrace information)
Command duration or timeout: 0 milliseconds
For documentation on this error, please visit: http://seleniumhq.org/exceptions/stale_element_reference.html
Build info: version: '3.7.1', revision: '8a0099a', time: '2017-11-06T21:07:36.161Z'
System info: host: 'BF-20170623WSST', ip: '192.168.10.86', os.name: 'Windows 7', os.arch: 'amd64', os.version: '6.1', java.version: '1.8.0_181'
Driver info: com.kms.katalon.selenium.driver.CChromeDriver
Capabilities {acceptInsecureCerts: false, acceptSslCerts: false, applicationCacheEnabled: false, browserConnectionEnabled: false, browserName: chrome, chrome: {chromedriverVersion: 2.35.528161 (5b82f2d2aae0ca..., userDataDir: C:\Users\ADMINI~1\AppData\L...}, cssSelectorsEnabled: true, databaseEnabled: false, handlesAlerts: true, hasTouchScreen: false, javascriptEnabled: true, locationContextEnabled: true, mobileEmulationEnabled: false, nativeEvents: true, networkConnectionEnabled: false, pageLoadStrategy: normal, platform: XP, platformName: XP, rotatable: false, setWindowRect: true, takesHeapSnapshot: true, takesScreenshot: true, unexpectedAlertBehaviour: , unhandledPromptBehavior: , version: 73.0.3683.75, webStorageEnabled: true}
Session ID: f362b620de72dc67aaaef9a00bdc6182)
	at com.kms.katalon.core.keyword.internal.KeywordMain.stepFailed(KeywordMain.groovy:36)
	at com.kms.katalon.core.webui.keyword.internal.WebUIKeywordMain.stepFailed(WebUIKeywordMain.groovy:65)
	at com.kms.katalon.core.webui.keyword.internal.WebUIKeywordMain.runKeyword(WebUIKeywordMain.groovy:27)
	at com.kms.katalon.core.webui.keyword.builtin.VerifyOptionSelectedByValueKeyword.verifyOptionSelectedByValue(VerifyOptionSelectedByValueKeyword.groovy:106)
	at com.kms.katalon.core.webui.keyword.builtin.VerifyOptionSelectedByValueKeyword.execute(VerifyOptionSelectedByValueKeyword.groovy:70)
	at com.kms.katalon.core.keyword.internal.KeywordExecutor.executeKeywordForPlatform(KeywordExecutor.groovy:53)
	at com.kms.katalon.core.webui.keyword.WebUiBuiltInKeywords.verifyOptionSelectedByValue(WebUiBuiltInKeywords.groovy:2194)
	at com.kms.katalon.core.webui.keyword.WebUiBuiltInKeywords$verifyOptionSelectedByValue$12.call(Unknown Source)
	at Script1555325328905.run(Script1555325328905.groovy:30)
	at com.kms.katalon.core.main.ScriptEngine.run(ScriptEngine.java:183)
	at com.kms.katalon.core.main.ScriptEngine.runScriptAsRawText(ScriptEngine.java:108)
	at com.kms.katalon.core.main.TestCaseExecutor.runScript(TestCaseExecutor.java:294)
	at com.kms.katalon.core.main.TestCaseExecutor.doExecute(TestCaseExecutor.java:285)
	at com.kms.katalon.core.main.TestCaseExecutor.processExecutionPhase(TestCaseExecutor.java:264)
	at com.kms.katalon.core.main.TestCaseExecutor.accessMainPhase(TestCaseExecutor.java:256)
	at com.kms.katalon.core.main.TestCaseExecutor.execute(TestCaseExecutor.java:200)
	at com.kms.katalon.core.main.TestSuiteExecutor.accessTestCaseMainPhase(TestSuiteExecutor.java:129)
	at com.kms.katalon.core.main.TestSuiteExecutor.accessTestSuiteMainPhase(TestSuiteExecutor.java:112)
	at com.kms.katalon.core.main.TestSuiteExecutor.execute(TestSuiteExecutor.java:81)
	at com.kms.katalon.core.main.TestCaseMain.startTestSuite(TestCaseMain.java:142)
	at com.kms.katalon.core.main.TestCaseMain$startTestSuite$0.call(Unknown Source)
	at org.codehaus.groovy.runtime.callsite.CallSiteArray.defaultCall(CallSiteArray.java:48)
	at org.codehaus.groovy.runtime.callsite.AbstractCallSite.call(AbstractCallSite.java:113)
	at org.codehaus.groovy.runtime.callsite.AbstractCallSite.call(AbstractCallSite.java:141)
	at TempTestSuite1555482682959.run(TempTestSuite1555482682959.groovy:36)
	at groovy.lang.GroovyShell.runScriptOrMainOrTestOrRunnable(GroovyShell.java:263)
	at groovy.lang.GroovyShell.run(GroovyShell.java:518)
	at groovy.lang.GroovyShell.run(GroovyShell.java:507)
	at groovy.ui.GroovyMain.processOnce(GroovyMain.java:653)
	at groovy.ui.GroovyMain.run(GroovyMain.java:384)
	at groovy.ui.GroovyMain.process(GroovyMain.java:370)
	at groovy.ui.GroovyMain.processArgs(GroovyMain.java:129)
	at groovy.ui.GroovyMain.main(GroovyMain.java:109)
	at sun.reflect.NativeMethodAccessorImpl.invoke0(Native Method)
	at sun.reflect.NativeMethodAccessorImpl.invoke(NativeMethodAccessorImpl.java:62)
	at sun.reflect.DelegatingMethodAccessorImpl.invoke(DelegatingMethodAccessorImpl.java:43)
	at java.lang.reflect.Method.invoke(Method.java:498)
	at org.codehaus.groovy.tools.GroovyStarter.rootLoader(GroovyStarter.java:109)
	at org.codehaus.groovy.tools.GroovyStarter.main(GroovyStarter.java:131)
)"/>
         <system-out><![CDATA[2019-04-17 14:33:31 - [TEST_CASE][FAILED] - Test Cases/002_System_,Manage/001_User_Manage/007_page_default: Test Cases/002_System_,Manage/001_User_Manage/007_page_default FAILED because (of) (Stack trace: com.kms.katalon.core.exception.StepFailedException: Unable to verify option is selected by value '30' on object 'Object Repository/Syetem_settings/User_Manage/Search/select_page'  (Root cause: org.openqa.selenium.StaleElementReferenceException: stale element reference: element is not attached to the page document
  (Session info: headless chrome=73.0.3683.75)
  (Driver info: chromedriver=2.35.528161 (5b82f2d2aae0ca24b877009200ced9065a772e73),platform=Windows NT 6.1.7601 SP1 x86_64) (WARNING: The server did not provide any stacktrace information)
Command duration or timeout: 0 milliseconds
For documentation on this error, please visit: http://seleniumhq.org/exceptions/stale_element_reference.html
Build info: version: '3.7.1', revision: '8a0099a', time: '2017-11-06T21:07:36.161Z'
System info: host: 'BF-20170623WSST', ip: '192.168.10.86', os.name: 'Windows 7', os.arch: 'amd64', os.version: '6.1', java.version: '1.8.0_181'
Driver info: com.kms.katalon.selenium.driver.CChromeDriver
Capabilities {acceptInsecureCerts: false, acceptSslCerts: false, applicationCacheEnabled: false, browserConnectionEnabled: false, browserName: chrome, chrome: {chromedriverVersion: 2.35.528161 (5b82f2d2aae0ca..., userDataDir: C:\Users\ADMINI~1\AppData\L...}, cssSelectorsEnabled: true, databaseEnabled: false, handlesAlerts: true, hasTouchScreen: false, javascriptEnabled: true, locationContextEnabled: true, mobileEmulationEnabled: false, nativeEvents: true, networkConnectionEnabled: false, pageLoadStrategy: normal, platform: XP, platformName: XP, rotatable: false, setWindowRect: true, takesHeapSnapshot: true, takesScreenshot: true, unexpectedAlertBehaviour: , unhandledPromptBehavior: , version: 73.0.3683.75, webStorageEnabled: true}
Session ID: f362b620de72dc67aaaef9a00bdc6182)
	at com.kms.katalon.core.keyword.internal.KeywordMain.stepFailed(KeywordMain.groovy:36)
	at com.kms.katalon.core.webui.keyword.internal.WebUIKeywordMain.stepFailed(WebUIKeywordMain.groovy:65)
	at com.kms.katalon.core.webui.keyword.internal.WebUIKeywordMain.runKeyword(WebUIKeywordMain.groovy:27)
	at com.kms.katalon.core.webui.keyword.builtin.VerifyOptionSelectedByValueKeyword.verifyOptionSelectedByValue(VerifyOptionSelectedByValueKeyword.groovy:106)
	at com.kms.katalon.core.webui.keyword.builtin.VerifyOptionSelectedByValueKeyword.execute(VerifyOptionSelectedByValueKeyword.groovy:70)
	at com.kms.katalon.core.keyword.internal.KeywordExecutor.executeKeywordForPlatform(KeywordExecutor.groovy:53)
	at com.kms.katalon.core.webui.keyword.WebUiBuiltInKeywords.verifyOptionSelectedByValue(WebUiBuiltInKeywords.groovy:2194)
	at com.kms.katalon.core.webui.keyword.WebUiBuiltInKeywords$verifyOptionSelectedByValue$12.call(Unknown Source)
	at Script1555325328905.run(Script1555325328905.groovy:30)
	at com.kms.katalon.core.main.ScriptEngine.run(ScriptEngine.java:183)
	at com.kms.katalon.core.main.ScriptEngine.runScriptAsRawText(ScriptEngine.java:108)
	at com.kms.katalon.core.main.TestCaseExecutor.runScript(TestCaseExecutor.java:294)
	at com.kms.katalon.core.main.TestCaseExecutor.doExecute(TestCaseExecutor.java:285)
	at com.kms.katalon.core.main.TestCaseExecutor.processExecutionPhase(TestCaseExecutor.java:264)
	at com.kms.katalon.core.main.TestCaseExecutor.accessMainPhase(TestCaseExecutor.java:256)
	at com.kms.katalon.core.main.TestCaseExecutor.execute(TestCaseExecutor.java:200)
	at com.kms.katalon.core.main.TestSuiteExecutor.accessTestCaseMainPhase(TestSuiteExecutor.java:129)
	at com.kms.katalon.core.main.TestSuiteExecutor.accessTestSuiteMainPhase(TestSuiteExecutor.java:112)
	at com.kms.katalon.core.main.TestSuiteExecutor.execute(TestSuiteExecutor.java:81)
	at com.kms.katalon.core.main.TestCaseMain.startTestSuite(TestCaseMain.java:142)
	at com.kms.katalon.core.main.TestCaseMain$startTestSuite$0.call(Unknown Source)
	at org.codehaus.groovy.runtime.callsite.CallSiteArray.defaultCall(CallSiteArray.java:48)
	at org.codehaus.groovy.runtime.callsite.AbstractCallSite.call(AbstractCallSite.java:113)
	at org.codehaus.groovy.runtime.callsite.AbstractCallSite.call(AbstractCallSite.java:141)
	at TempTestSuite1555482682959.run(TempTestSuite1555482682959.groovy:36)
	at groovy.lang.GroovyShell.runScriptOrMainOrTestOrRunnable(GroovyShell.java:263)
	at groovy.lang.GroovyShell.run(GroovyShell.java:518)
	at groovy.lang.GroovyShell.run(GroovyShell.java:507)
	at groovy.ui.GroovyMain.processOnce(GroovyMain.java:653)
	at groovy.ui.GroovyMain.run(GroovyMain.java:384)
	at groovy.ui.GroovyMain.process(GroovyMain.java:370)
	at groovy.ui.GroovyMain.processArgs(GroovyMain.java:129)
	at groovy.ui.GroovyMain.main(GroovyMain.java:109)
	at sun.reflect.NativeMethodAccessorImpl.invoke0(Native Method)
	at sun.reflect.NativeMethodAccessorImpl.invoke(NativeMethodAccessorImpl.java:62)
	at sun.reflect.DelegatingMethodAccessorImpl.invoke(DelegatingMethodAccessorImpl.java:43)
	at java.lang.reflect.Method.invoke(Method.java:498)
	at org.codehaus.groovy.tools.GroovyStarter.rootLoader(GroovyStarter.java:109)
	at org.codehaus.groovy.tools.GroovyStarter.main(GroovyStarter.java:131)
)

2019-04-17 14:33:31 - [TEST_STEP][PASSED] - Start listener action : sampleBeforeTestCase: Invoke 'com.kms.katalon.core.annotation.BeforeTestCase' method: 'NewTestListener.sampleBeforeTestCase(...)' completed.

2019-04-17 14:33:31 - [TEST_STEP][PASSED] - Statement - println(testCaseContext.getTestCaseId()): null

2019-04-17 14:33:31 - [TEST_STEP][PASSED] - Statement - println(testCaseContext.getTestCaseVariables()): Invoke 'com.kms.katalon.core.annotation.BeforeTestCase' method: 'NewTestListener.sampleBeforeTestCase(...)' completed.

2019-04-17 14:33:31 - [TEST_STEP][PASSED] - callTestCase: Call Test Case 'Test Cases/002_System_,Manage/001_User_Manage/001_Enter_User' successfully

2019-04-17 14:33:31 - [TEST_CASE][PASSED] - Test Cases/002_System_,Manage/001_User_Manage/001_Enter_User: Test Cases/002_System_,Manage/001_User_Manage/001_Enter_User

2019-04-17 14:33:31 - [TEST_STEP][PASSED] - callTestCase: Call Test Case 'Test Cases/001_Login_Home/002_Login' successfully

2019-04-17 14:33:31 - [TEST_CASE][PASSED] - Test Cases/001_Login_Home/002_Login: Test Cases/001_Login_Home/002_Login

2019-04-17 14:33:31 - [TEST_STEP][PASSED] - callTestCase: Call Test Case 'Test Cases/001_Login_Home/001_Navigate' successfully

2019-04-17 14:33:31 - [TEST_CASE][PASSED] - Test Cases/001_Login_Home/001_Navigate: Test Cases/001_Login_Home/001_Navigate

2019-04-17 14:33:31 - [TEST_STEP][PASSED] - openBrowser: Browser is opened with url: ''

2019-04-17 14:33:31 - [MESSAGE][WARNING] - A browser is already opened. Closing browser and opening a new one

2019-04-17 14:33:34 - [MESSAGE][PASSED] - Browser is opened with url: ''

2019-04-17 14:33:34 - [TEST_STEP][PASSED] - navigateToUrl: Navigate to 'http://222.180.200.126:9909/PORTALASSETS/login' successfully

2019-04-17 14:33:35 - [MESSAGE][PASSED] - Navigate to 'http://222.180.200.126:9909/PORTALASSETS/login' successfully

2019-04-17 14:33:35 - [TEST_STEP][PASSED] - comment: begin to input one correct account

2019-04-17 14:33:35 - [TEST_STEP][PASSED] - Statement - item = com.kms.katalon.core.webui.keyword.WebUiBuiltInKeywords.verifyElementPresent(com.kms.katalon.core.testobject.ObjectRepository.findTestObject(Login/button_ login), 20, STOP_ON_FAILURE): Object 'Object Repository/Login/button_ login' is present

2019-04-17 14:33:35 - [MESSAGE][PASSED] - Object 'Object Repository/Login/button_ login' is present

2019-04-17 14:33:35 - [TEST_STEP][PASSED] - Statement - If (item == true): Enter this website successful!!

2019-04-17 14:33:35 - [TEST_STEP][PASSED] - comment: Enter this website successful!!

2019-04-17 14:33:35 - [MESSAGE][PASSED] - Call Test Case 'Test Cases/001_Login_Home/001_Navigate' successfully

2019-04-17 14:33:35 - [TEST_STEP][PASSED] - delay: Delayed 1 second(s)

2019-04-17 14:33:36 - [MESSAGE][PASSED] - Delayed 1 second(s)

2019-04-17 14:33:36 - [TEST_STEP][PASSED] - setText: Text 'admin' is set on object 'Object Repository/Login/loginname'

2019-04-17 14:33:36 - [MESSAGE][PASSED] - Text 'admin' is set on object 'Object Repository/Login/loginname'

2019-04-17 14:33:36 - [TEST_STEP][PASSED] - delay: Delayed 1 second(s)

2019-04-17 14:33:37 - [MESSAGE][PASSED] - Delayed 1 second(s)

2019-04-17 14:33:37 - [TEST_STEP][PASSED] - setText: Text '654321' is set on object 'Object Repository/Login/password'

2019-04-17 14:33:37 - [MESSAGE][PASSED] - Text '654321' is set on object 'Object Repository/Login/password'

2019-04-17 14:33:37 - [TEST_STEP][PASSED] - delay: Delayed 1 second(s)

2019-04-17 14:33:38 - [MESSAGE][PASSED] - Delayed 1 second(s)

2019-04-17 14:33:38 - [TEST_STEP][PASSED] - Statement - R = com.kms.katalon.core.webui.keyword.WebUiBuiltInKeywords.verifyElementChecked(com.kms.katalon.core.testobject.ObjectRepository.findTestObject(Login/remember_password), 10): Object 'Object Repository/Login/remember_password' is checked

2019-04-17 14:33:38 - [MESSAGE][PASSED] - Object 'Object Repository/Login/remember_password' is checked

2019-04-17 14:33:38 - [TEST_STEP][PASSED] - Statement - If (R): The remember pwd box is checked!

2019-04-17 14:33:38 - [TEST_STEP][PASSED] - comment: The remember pwd box is checked!

2019-04-17 14:33:38 - [TEST_STEP][PASSED] - click: Object: 'Object Repository/Login/button_ login' is clicked on

2019-04-17 14:33:38 - [MESSAGE][PASSED] - Object: 'Object Repository/Login/button_ login' is clicked on

2019-04-17 14:33:38 - [TEST_STEP][PASSED] - Statement - a = com.kms.katalon.core.webui.keyword.WebUiBuiltInKeywords.verifyElementPresent(com.kms.katalon.core.testobject.ObjectRepository.findTestObject(homepage/a_homepage), 40): Object 'Object Repository/homepage/a_homepage' is present

2019-04-17 14:33:39 - [MESSAGE][PASSED] - Object 'Object Repository/homepage/a_homepage' is present

2019-04-17 14:33:39 - [TEST_STEP][PASSED] - Statement - If (a): Taking screenshot successfully

2019-04-17 14:33:39 - [TEST_STEP][PASSED] - comment: Find the homepag lable,Login successful

2019-04-17 14:33:39 - [TEST_STEP][PASSED] - takeScreenshot: Taking screenshot successfully

2019-04-17 14:33:39 - [MESSAGE][PASSED] - Taking screenshot successfully
[[ATTACHMENT|G:\\Auto_Learning\\katalon\\katalon_project\\katalon_project\\T2M_Manage\\T2M_Manage\\Reports\\User Manage\\002_search\\20190417_143122\\1555482819470.png]]

2019-04-17 14:33:39 - [MESSAGE][PASSED] - Call Test Case 'Test Cases/001_Login_Home/002_Login' successfully

2019-04-17 14:33:39 - [TEST_STEP][PASSED] - delay: Delayed 1 second(s)

2019-04-17 14:33:40 - [MESSAGE][PASSED] - Delayed 1 second(s)

2019-04-17 14:33:40 - [TEST_STEP][PASSED] - click: Object: 'Object Repository/Syetem_settings/User_Manage/a_systemsetings' is clicked on

2019-04-17 14:33:41 - [MESSAGE][PASSED] - Object: 'Object Repository/Syetem_settings/User_Manage/a_systemsetings' is clicked on

2019-04-17 14:33:41 - [TEST_STEP][PASSED] - delay: Delayed 1 second(s)

2019-04-17 14:33:42 - [MESSAGE][PASSED] - Delayed 1 second(s)

2019-04-17 14:33:42 - [TEST_STEP][PASSED] - click: Object: 'Object Repository/Syetem_settings/User_Manage/a_user_manage' is clicked on

2019-04-17 14:33:42 - [MESSAGE][PASSED] - Object: 'Object Repository/Syetem_settings/User_Manage/a_user_manage' is clicked on

2019-04-17 14:33:42 - [TEST_STEP][PASSED] - delay: Delayed 1 second(s)

2019-04-17 14:33:43 - [MESSAGE][PASSED] - Delayed 1 second(s)

2019-04-17 14:33:43 - [TEST_STEP][PASSED] - Statement - verify_user = com.kms.katalon.core.webui.keyword.WebUiBuiltInKeywords.verifyElementPresent(com.kms.katalon.core.testobject.ObjectRepository.findTestObject(Syetem_settings/User_Manage/cite_usertable), 0): Object 'Object Repository/Syetem_settings/User_Manage/cite_usertable' is present

2019-04-17 14:33:43 - [MESSAGE][WARNING] - Timeout '0' is invalid. Using default page load timeout: '30'

2019-04-17 14:33:43 - [MESSAGE][PASSED] - Object 'Object Repository/Syetem_settings/User_Manage/cite_usertable' is present

2019-04-17 14:33:43 - [TEST_STEP][PASSED] - Statement - If (verify_user): Enter the Successfully entered the people management page

2019-04-17 14:33:43 - [TEST_STEP][PASSED] - comment: Enter the Successfully entered the people management page

2019-04-17 14:33:43 - [MESSAGE][PASSED] - Call Test Case 'Test Cases/002_System_,Manage/001_User_Manage/001_Enter_User' successfully

2019-04-17 14:33:43 - [TEST_STEP][PASSED] - verifyOptionSelectedByValue: All options with value '10' are selected in object 'Object Repository/Syetem_settings/User_Manage/Search/select_page' 

2019-04-17 14:33:43 - [MESSAGE][PASSED] - All options with value '10' are selected in object 'Object Repository/Syetem_settings/User_Manage/Search/select_page' 

2019-04-17 14:33:43 - [TEST_STEP][PASSED] - Statement - value = ["10", "20", "30", "40", "50"]: null

2019-04-17 14:33:43 - [TEST_STEP][FAILED] - Statement - For (def b : value): Unable to verify option is selected by value '30' on object 'Object Repository/Syetem_settings/User_Manage/Search/select_page'  (Root cause: org.openqa.selenium.StaleElementReferenceException: stale element reference: element is not attached to the page document
  (Session info: headless chrome=73.0.3683.75)
  (Driver info: chromedriver=2.35.528161 (5b82f2d2aae0ca24b877009200ced9065a772e73),platform=Windows NT 6.1.7601 SP1 x86_64) (WARNING: The server did not provide any stacktrace information)
Command duration or timeout: 0 milliseconds
For documentation on this error, please visit: http://seleniumhq.org/exceptions/stale_element_reference.html
Build info: version: '3.7.1', revision: '8a0099a', time: '2017-11-06T21:07:36.161Z'
System info: host: 'BF-20170623WSST', ip: '192.168.10.86', os.name: 'Windows 7', os.arch: 'amd64', os.version: '6.1', java.version: '1.8.0_181'
Driver info: com.kms.katalon.selenium.driver.CChromeDriver
Capabilities {acceptInsecureCerts: false, acceptSslCerts: false, applicationCacheEnabled: false, browserConnectionEnabled: false, browserName: chrome, chrome: {chromedriverVersion: 2.35.528161 (5b82f2d2aae0ca..., userDataDir: C:\Users\ADMINI~1\AppData\L...}, cssSelectorsEnabled: true, databaseEnabled: false, handlesAlerts: true, hasTouchScreen: false, javascriptEnabled: true, locationContextEnabled: true, mobileEmulationEnabled: false, nativeEvents: true, networkConnectionEnabled: false, pageLoadStrategy: normal, platform: XP, platformName: XP, rotatable: false, setWindowRect: true, takesHeapSnapshot: true, takesScreenshot: true, unexpectedAlertBehaviour: , unhandledPromptBehavior: , version: 73.0.3683.75, webStorageEnabled: true}
Session ID: f362b620de72dc67aaaef9a00bdc6182)

2019-04-17 14:33:43 - [TEST_STEP][PASSED] - delay: Delayed 4 second(s)

2019-04-17 14:33:47 - [MESSAGE][PASSED] - Delayed 4 second(s)

2019-04-17 14:33:47 - [TEST_STEP][PASSED] - selectOptionByValue: All options with value '10' are selected in object 'Object Repository/Syetem_settings/User_Manage/Search/select_page' 

2019-04-17 14:33:47 - [MESSAGE][PASSED] - All options with value '10' are selected in object 'Object Repository/Syetem_settings/User_Manage/Search/select_page' 

2019-04-17 14:33:47 - [TEST_STEP][PASSED] - verifyOptionSelectedByValue: All options with value '10' are selected in object 'Object Repository/Syetem_settings/User_Manage/Search/select_page' 

2019-04-17 14:33:48 - [MESSAGE][PASSED] - All options with value '10' are selected in object 'Object Repository/Syetem_settings/User_Manage/Search/select_page' 

2019-04-17 14:33:48 - [TEST_STEP][PASSED] - click: Object: 'Object Repository/Asset_manage/New_Asset/a_Fixed' is clicked on

2019-04-17 14:33:48 - [MESSAGE][PASSED] - Object: 'Object Repository/Asset_manage/New_Asset/a_Fixed' is clicked on

2019-04-17 14:33:48 - [TEST_STEP][PASSED] - delay: Delayed 5 second(s)

2019-04-17 14:33:53 - [MESSAGE][PASSED] - Delayed 5 second(s)

2019-04-17 14:33:53 - [TEST_STEP][PASSED] - click: Object: 'Object Repository/Syetem_settings/User_Manage/a_systemsetings' is clicked on

2019-04-17 14:33:53 - [MESSAGE][PASSED] - Object: 'Object Repository/Syetem_settings/User_Manage/a_systemsetings' is clicked on

2019-04-17 14:33:53 - [TEST_STEP][PASSED] - delay: Delayed 5 second(s)

2019-04-17 14:33:58 - [MESSAGE][PASSED] - Delayed 5 second(s)

2019-04-17 14:33:58 - [TEST_STEP][PASSED] - click: Object: 'Object Repository/Syetem_settings/User_Manage/a_user_manage' is clicked on

2019-04-17 14:33:59 - [MESSAGE][PASSED] - Object: 'Object Repository/Syetem_settings/User_Manage/a_user_manage' is clicked on

2019-04-17 14:33:59 - [TEST_STEP][PASSED] - delay: Delayed 5 second(s)

2019-04-17 14:34:04 - [MESSAGE][PASSED] - Delayed 5 second(s)

2019-04-17 14:34:04 - [TEST_STEP][PASSED] - Statement - a = com.kms.katalon.core.webui.keyword.WebUiBuiltInKeywords.verifyOptionSelectedByValue(com.kms.katalon.core.testobject.ObjectRepository.findTestObject(Syetem_settings/User_Manage/Search/select_page), "10", false, 10): All options with value '10' are selected in object 'Object Repository/Syetem_settings/User_Manage/Search/select_page' 

2019-04-17 14:34:04 - [MESSAGE][PASSED] - All options with value '10' are selected in object 'Object Repository/Syetem_settings/User_Manage/Search/select_page' 

2019-04-17 14:34:04 - [TEST_STEP][PASSED] - Statement - If (a): 恢复默认，case pass!!

2019-04-17 14:34:04 - [TEST_STEP][PASSED] - comment: 恢复默认，case pass!!

2019-04-17 14:34:04 - [TEST_STEP][PASSED] - delay: Delayed 4 second(s)

2019-04-17 14:34:08 - [MESSAGE][PASSED] - Delayed 4 second(s)

2019-04-17 14:34:08 - [TEST_STEP][PASSED] - selectOptionByValue: All options with value '20' are selected in object 'Object Repository/Syetem_settings/User_Manage/Search/select_page' 

2019-04-17 14:34:08 - [MESSAGE][PASSED] - All options with value '20' are selected in object 'Object Repository/Syetem_settings/User_Manage/Search/select_page' 

2019-04-17 14:34:08 - [TEST_STEP][PASSED] - verifyOptionSelectedByValue: All options with value '20' are selected in object 'Object Repository/Syetem_settings/User_Manage/Search/select_page' 

2019-04-17 14:34:09 - [MESSAGE][PASSED] - All options with value '20' are selected in object 'Object Repository/Syetem_settings/User_Manage/Search/select_page' 

2019-04-17 14:34:09 - [TEST_STEP][PASSED] - click: Object: 'Object Repository/Asset_manage/New_Asset/a_Fixed' is clicked on

2019-04-17 14:34:09 - [MESSAGE][PASSED] - Object: 'Object Repository/Asset_manage/New_Asset/a_Fixed' is clicked on

2019-04-17 14:34:09 - [TEST_STEP][PASSED] - delay: Delayed 5 second(s)

2019-04-17 14:34:14 - [MESSAGE][PASSED] - Delayed 5 second(s)

2019-04-17 14:34:14 - [TEST_STEP][PASSED] - click: Object: 'Object Repository/Syetem_settings/User_Manage/a_systemsetings' is clicked on

2019-04-17 14:34:14 - [MESSAGE][PASSED] - Object: 'Object Repository/Syetem_settings/User_Manage/a_systemsetings' is clicked on

2019-04-17 14:34:14 - [TEST_STEP][PASSED] - delay: Delayed 5 second(s)

2019-04-17 14:34:19 - [MESSAGE][PASSED] - Delayed 5 second(s)

2019-04-17 14:34:19 - [TEST_STEP][PASSED] - click: Object: 'Object Repository/Syetem_settings/User_Manage/a_user_manage' is clicked on

2019-04-17 14:34:20 - [MESSAGE][PASSED] - Object: 'Object Repository/Syetem_settings/User_Manage/a_user_manage' is clicked on

2019-04-17 14:34:20 - [TEST_STEP][PASSED] - delay: Delayed 5 second(s)

2019-04-17 14:34:25 - [MESSAGE][PASSED] - Delayed 5 second(s)

2019-04-17 14:34:25 - [TEST_STEP][PASSED] - Statement - a = com.kms.katalon.core.webui.keyword.WebUiBuiltInKeywords.verifyOptionSelectedByValue(com.kms.katalon.core.testobject.ObjectRepository.findTestObject(Syetem_settings/User_Manage/Search/select_page), "10", false, 10): All options with value '10' are selected in object 'Object Repository/Syetem_settings/User_Manage/Search/select_page' 

2019-04-17 14:34:25 - [MESSAGE][PASSED] - All options with value '10' are selected in object 'Object Repository/Syetem_settings/User_Manage/Search/select_page' 

2019-04-17 14:34:25 - [TEST_STEP][PASSED] - Statement - If (a): 恢复默认，case pass!!

2019-04-17 14:34:25 - [TEST_STEP][PASSED] - comment: 恢复默认，case pass!!

2019-04-17 14:34:25 - [TEST_STEP][PASSED] - delay: Delayed 4 second(s)

2019-04-17 14:34:29 - [MESSAGE][PASSED] - Delayed 4 second(s)

2019-04-17 14:34:29 - [TEST_STEP][PASSED] - selectOptionByValue: All options with value '30' are selected in object 'Object Repository/Syetem_settings/User_Manage/Search/select_page' 

2019-04-17 14:34:29 - [MESSAGE][PASSED] - All options with value '30' are selected in object 'Object Repository/Syetem_settings/User_Manage/Search/select_page' 

2019-04-17 14:34:29 - [TEST_STEP][FAILED] - verifyOptionSelectedByValue: Unable to verify option is selected by value '30' on object 'Object Repository/Syetem_settings/User_Manage/Search/select_page'  (Root cause: org.openqa.selenium.StaleElementReferenceException: stale element reference: element is not attached to the page document
  (Session info: headless chrome=73.0.3683.75)
  (Driver info: chromedriver=2.35.528161 (5b82f2d2aae0ca24b877009200ced9065a772e73),platform=Windows NT 6.1.7601 SP1 x86_64) (WARNING: The server did not provide any stacktrace information)
Command duration or timeout: 0 milliseconds
For documentation on this error, please visit: http://seleniumhq.org/exceptions/stale_element_reference.html
Build info: version: '3.7.1', revision: '8a0099a', time: '2017-11-06T21:07:36.161Z'
System info: host: 'BF-20170623WSST', ip: '192.168.10.86', os.name: 'Windows 7', os.arch: 'amd64', os.version: '6.1', java.version: '1.8.0_181'
Driver info: com.kms.katalon.selenium.driver.CChromeDriver
Capabilities {acceptInsecureCerts: false, acceptSslCerts: false, applicationCacheEnabled: false, browserConnectionEnabled: false, browserName: chrome, chrome: {chromedriverVersion: 2.35.528161 (5b82f2d2aae0ca..., userDataDir: C:\Users\ADMINI~1\AppData\L...}, cssSelectorsEnabled: true, databaseEnabled: false, handlesAlerts: true, hasTouchScreen: false, javascriptEnabled: true, locationContextEnabled: true, mobileEmulationEnabled: false, nativeEvents: true, networkConnectionEnabled: false, pageLoadStrategy: normal, platform: XP, platformName: XP, rotatable: false, setWindowRect: true, takesHeapSnapshot: true, takesScreenshot: true, unexpectedAlertBehaviour: , unhandledPromptBehavior: , version: 73.0.3683.75, webStorageEnabled: true}
Session ID: f362b620de72dc67aaaef9a00bdc6182)

2019-04-17 14:34:30 - [MESSAGE][FAILED] - Unable to verify option is selected by value '30' on object 'Object Repository/Syetem_settings/User_Manage/Search/select_page'  (Root cause: org.openqa.selenium.StaleElementReferenceException: stale element reference: element is not attached to the page document
  (Session info: headless chrome=73.0.3683.75)
  (Driver info: chromedriver=2.35.528161 (5b82f2d2aae0ca24b877009200ced9065a772e73),platform=Windows NT 6.1.7601 SP1 x86_64) (WARNING: The server did not provide any stacktrace information)
Command duration or timeout: 0 milliseconds
For documentation on this error, please visit: http://seleniumhq.org/exceptions/stale_element_reference.html
Build info: version: '3.7.1', revision: '8a0099a', time: '2017-11-06T21:07:36.161Z'
System info: host: 'BF-20170623WSST', ip: '192.168.10.86', os.name: 'Windows 7', os.arch: 'amd64', os.version: '6.1', java.version: '1.8.0_181'
Driver info: com.kms.katalon.selenium.driver.CChromeDriver
Capabilities {acceptInsecureCerts: false, acceptSslCerts: false, applicationCacheEnabled: false, browserConnectionEnabled: false, browserName: chrome, chrome: {chromedriverVersion: 2.35.528161 (5b82f2d2aae0ca..., userDataDir: C:\Users\ADMINI~1\AppData\L...}, cssSelectorsEnabled: true, databaseEnabled: false, handlesAlerts: true, hasTouchScreen: false, javascriptEnabled: true, locationContextEnabled: true, mobileEmulationEnabled: false, nativeEvents: true, networkConnectionEnabled: false, pageLoadStrategy: normal, platform: XP, platformName: XP, rotatable: false, setWindowRect: true, takesHeapSnapshot: true, takesScreenshot: true, unexpectedAlertBehaviour: , unhandledPromptBehavior: , version: 73.0.3683.75, webStorageEnabled: true}
Session ID: f362b620de72dc67aaaef9a00bdc6182)
[[ATTACHMENT|G:\\Auto_Learning\\katalon\\katalon_project\\katalon_project\\T2M_Manage\\T2M_Manage\\Reports\\User Manage\\002_search\\20190417_143122\\1555482869967.png]]

2019-04-17 14:34:30 - [TEST_STEP][PASSED] - Start listener action : sampleAfterTestCase: Invoke 'com.kms.katalon.core.annotation.AfterTestCase' method: 'NewTestListener.sampleAfterTestCase(...)' completed.

2019-04-17 14:34:30 - [TEST_STEP][PASSED] - Statement - println(testCaseContext.getTestCaseId()): null

2019-04-17 14:34:30 - [TEST_STEP][PASSED] - Statement - println(testCaseContext.getTestCaseStatus()): Invoke 'com.kms.katalon.core.annotation.AfterTestCase' method: 'NewTestListener.sampleAfterTestCase(...)' completed.]]></system-out>
         <system-err><![CDATA[2019-04-17 14:33:31 - [TEST_CASE][FAILED] - Test Cases/002_System_,Manage/001_User_Manage/007_page_default: Test Cases/002_System_,Manage/001_User_Manage/007_page_default FAILED because (of) (Stack trace: com.kms.katalon.core.exception.StepFailedException: Unable to verify option is selected by value '30' on object 'Object Repository/Syetem_settings/User_Manage/Search/select_page'  (Root cause: org.openqa.selenium.StaleElementReferenceException: stale element reference: element is not attached to the page document
  (Session info: headless chrome=73.0.3683.75)
  (Driver info: chromedriver=2.35.528161 (5b82f2d2aae0ca24b877009200ced9065a772e73),platform=Windows NT 6.1.7601 SP1 x86_64) (WARNING: The server did not provide any stacktrace information)
Command duration or timeout: 0 milliseconds
For documentation on this error, please visit: http://seleniumhq.org/exceptions/stale_element_reference.html
Build info: version: '3.7.1', revision: '8a0099a', time: '2017-11-06T21:07:36.161Z'
System info: host: 'BF-20170623WSST', ip: '192.168.10.86', os.name: 'Windows 7', os.arch: 'amd64', os.version: '6.1', java.version: '1.8.0_181'
Driver info: com.kms.katalon.selenium.driver.CChromeDriver
Capabilities {acceptInsecureCerts: false, acceptSslCerts: false, applicationCacheEnabled: false, browserConnectionEnabled: false, browserName: chrome, chrome: {chromedriverVersion: 2.35.528161 (5b82f2d2aae0ca..., userDataDir: C:\Users\ADMINI~1\AppData\L...}, cssSelectorsEnabled: true, databaseEnabled: false, handlesAlerts: true, hasTouchScreen: false, javascriptEnabled: true, locationContextEnabled: true, mobileEmulationEnabled: false, nativeEvents: true, networkConnectionEnabled: false, pageLoadStrategy: normal, platform: XP, platformName: XP, rotatable: false, setWindowRect: true, takesHeapSnapshot: true, takesScreenshot: true, unexpectedAlertBehaviour: , unhandledPromptBehavior: , version: 73.0.3683.75, webStorageEnabled: true}
Session ID: f362b620de72dc67aaaef9a00bdc6182)
	at com.kms.katalon.core.keyword.internal.KeywordMain.stepFailed(KeywordMain.groovy:36)
	at com.kms.katalon.core.webui.keyword.internal.WebUIKeywordMain.stepFailed(WebUIKeywordMain.groovy:65)
	at com.kms.katalon.core.webui.keyword.internal.WebUIKeywordMain.runKeyword(WebUIKeywordMain.groovy:27)
	at com.kms.katalon.core.webui.keyword.builtin.VerifyOptionSelectedByValueKeyword.verifyOptionSelectedByValue(VerifyOptionSelectedByValueKeyword.groovy:106)
	at com.kms.katalon.core.webui.keyword.builtin.VerifyOptionSelectedByValueKeyword.execute(VerifyOptionSelectedByValueKeyword.groovy:70)
	at com.kms.katalon.core.keyword.internal.KeywordExecutor.executeKeywordForPlatform(KeywordExecutor.groovy:53)
	at com.kms.katalon.core.webui.keyword.WebUiBuiltInKeywords.verifyOptionSelectedByValue(WebUiBuiltInKeywords.groovy:2194)
	at com.kms.katalon.core.webui.keyword.WebUiBuiltInKeywords$verifyOptionSelectedByValue$12.call(Unknown Source)
	at Script1555325328905.run(Script1555325328905.groovy:30)
	at com.kms.katalon.core.main.ScriptEngine.run(ScriptEngine.java:183)
	at com.kms.katalon.core.main.ScriptEngine.runScriptAsRawText(ScriptEngine.java:108)
	at com.kms.katalon.core.main.TestCaseExecutor.runScript(TestCaseExecutor.java:294)
	at com.kms.katalon.core.main.TestCaseExecutor.doExecute(TestCaseExecutor.java:285)
	at com.kms.katalon.core.main.TestCaseExecutor.processExecutionPhase(TestCaseExecutor.java:264)
	at com.kms.katalon.core.main.TestCaseExecutor.accessMainPhase(TestCaseExecutor.java:256)
	at com.kms.katalon.core.main.TestCaseExecutor.execute(TestCaseExecutor.java:200)
	at com.kms.katalon.core.main.TestSuiteExecutor.accessTestCaseMainPhase(TestSuiteExecutor.java:129)
	at com.kms.katalon.core.main.TestSuiteExecutor.accessTestSuiteMainPhase(TestSuiteExecutor.java:112)
	at com.kms.katalon.core.main.TestSuiteExecutor.execute(TestSuiteExecutor.java:81)
	at com.kms.katalon.core.main.TestCaseMain.startTestSuite(TestCaseMain.java:142)
	at com.kms.katalon.core.main.TestCaseMain$startTestSuite$0.call(Unknown Source)
	at org.codehaus.groovy.runtime.callsite.CallSiteArray.defaultCall(CallSiteArray.java:48)
	at org.codehaus.groovy.runtime.callsite.AbstractCallSite.call(AbstractCallSite.java:113)
	at org.codehaus.groovy.runtime.callsite.AbstractCallSite.call(AbstractCallSite.java:141)
	at TempTestSuite1555482682959.run(TempTestSuite1555482682959.groovy:36)
	at groovy.lang.GroovyShell.runScriptOrMainOrTestOrRunnable(GroovyShell.java:263)
	at groovy.lang.GroovyShell.run(GroovyShell.java:518)
	at groovy.lang.GroovyShell.run(GroovyShell.java:507)
	at groovy.ui.GroovyMain.processOnce(GroovyMain.java:653)
	at groovy.ui.GroovyMain.run(GroovyMain.java:384)
	at groovy.ui.GroovyMain.process(GroovyMain.java:370)
	at groovy.ui.GroovyMain.processArgs(GroovyMain.java:129)
	at groovy.ui.GroovyMain.main(GroovyMain.java:109)
	at sun.reflect.NativeMethodAccessorImpl.invoke0(Native Method)
	at sun.reflect.NativeMethodAccessorImpl.invoke(NativeMethodAccessorImpl.java:62)
	at sun.reflect.DelegatingMethodAccessorImpl.invoke(DelegatingMethodAccessorImpl.java:43)
	at java.lang.reflect.Method.invoke(Method.java:498)
	at org.codehaus.groovy.tools.GroovyStarter.rootLoader(GroovyStarter.java:109)
	at org.codehaus.groovy.tools.GroovyStarter.main(GroovyStarter.java:131)
)]]></system-err>
      </testcase>
      <system-out><![CDATA[2019-04-17 14:31:25 - [TEST_SUITE][FAILED] - 002_search: Test Cases/002_System_,Manage/001_User_Manage/004_Searchbox FAILED because (of) (Stack trace: Assertion failed: 

assert false


	at org.codehaus.groovy.runtime.InvokerHelper.assertFailed(InvokerHelper.java:402)
	at org.codehaus.groovy.runtime.ScriptBytecodeAdapter.assertFailed(ScriptBytecodeAdapter.java:650)
	at Script1555325328891.run(Script1555325328891.groovy:112)
	at com.kms.katalon.core.main.ScriptEngine.run(ScriptEngine.java:183)
	at com.kms.katalon.core.main.ScriptEngine.runScriptAsRawText(ScriptEngine.java:108)
	at com.kms.katalon.core.main.TestCaseExecutor.runScript(TestCaseExecutor.java:294)
	at com.kms.katalon.core.main.TestCaseExecutor.doExecute(TestCaseExecutor.java:285)
	at com.kms.katalon.core.main.TestCaseExecutor.processExecutionPhase(TestCaseExecutor.java:264)
	at com.kms.katalon.core.main.TestCaseExecutor.accessMainPhase(TestCaseExecutor.java:256)
	at com.kms.katalon.core.main.TestCaseExecutor.execute(TestCaseExecutor.java:200)
	at com.kms.katalon.core.main.TestSuiteExecutor.accessTestCaseMainPhase(TestSuiteExecutor.java:129)
	at com.kms.katalon.core.main.TestSuiteExecutor.accessTestSuiteMainPhase(TestSuiteExecutor.java:112)
	at com.kms.katalon.core.main.TestSuiteExecutor.execute(TestSuiteExecutor.java:81)
	at com.kms.katalon.core.main.TestCaseMain.startTestSuite(TestCaseMain.java:142)
	at com.kms.katalon.core.main.TestCaseMain$startTestSuite$0.call(Unknown Source)
	at org.codehaus.groovy.runtime.callsite.CallSiteArray.defaultCall(CallSiteArray.java:48)
	at org.codehaus.groovy.runtime.callsite.AbstractCallSite.call(AbstractCallSite.java:113)
	at org.codehaus.groovy.runtime.callsite.AbstractCallSite.call(AbstractCallSite.java:141)
	at TempTestSuite1555482682959.run(TempTestSuite1555482682959.groovy:36)
	at groovy.lang.GroovyShell.runScriptOrMainOrTestOrRunnable(GroovyShell.java:263)
	at groovy.lang.GroovyShell.run(GroovyShell.java:518)
	at groovy.lang.GroovyShell.run(GroovyShell.java:507)
	at groovy.ui.GroovyMain.processOnce(GroovyMain.java:653)
	at groovy.ui.GroovyMain.run(GroovyMain.java:384)
	at groovy.ui.GroovyMain.process(GroovyMain.java:370)
	at groovy.ui.GroovyMain.processArgs(GroovyMain.java:129)
	at groovy.ui.GroovyMain.main(GroovyMain.java:109)
	at sun.reflect.NativeMethodAccessorImpl.invoke0(Native Method)
	at sun.reflect.NativeMethodAccessorImpl.invoke(NativeMethodAccessorImpl.java:62)
	at sun.reflect.DelegatingMethodAccessorImpl.invoke(DelegatingMethodAccessorImpl.java:43)
	at java.lang.reflect.Method.invoke(Method.java:498)
	at org.codehaus.groovy.tools.GroovyStarter.rootLoader(GroovyStarter.java:109)
	at org.codehaus.groovy.tools.GroovyStarter.main(GroovyStarter.java:131)
)]]></system-out>
      <system-err><![CDATA[2019-04-17 14:31:25 - [TEST_SUITE][FAILED] - 002_search: Test Cases/002_System_,Manage/001_User_Manage/004_Searchbox FAILED because (of) (Stack trace: Assertion failed: 

assert false


	at org.codehaus.groovy.runtime.InvokerHelper.assertFailed(InvokerHelper.java:402)
	at org.codehaus.groovy.runtime.ScriptBytecodeAdapter.assertFailed(ScriptBytecodeAdapter.java:650)
	at Script1555325328891.run(Script1555325328891.groovy:112)
	at com.kms.katalon.core.main.ScriptEngine.run(ScriptEngine.java:183)
	at com.kms.katalon.core.main.ScriptEngine.runScriptAsRawText(ScriptEngine.java:108)
	at com.kms.katalon.core.main.TestCaseExecutor.runScript(TestCaseExecutor.java:294)
	at com.kms.katalon.core.main.TestCaseExecutor.doExecute(TestCaseExecutor.java:285)
	at com.kms.katalon.core.main.TestCaseExecutor.processExecutionPhase(TestCaseExecutor.java:264)
	at com.kms.katalon.core.main.TestCaseExecutor.accessMainPhase(TestCaseExecutor.java:256)
	at com.kms.katalon.core.main.TestCaseExecutor.execute(TestCaseExecutor.java:200)
	at com.kms.katalon.core.main.TestSuiteExecutor.accessTestCaseMainPhase(TestSuiteExecutor.java:129)
	at com.kms.katalon.core.main.TestSuiteExecutor.accessTestSuiteMainPhase(TestSuiteExecutor.java:112)
	at com.kms.katalon.core.main.TestSuiteExecutor.execute(TestSuiteExecutor.java:81)
	at com.kms.katalon.core.main.TestCaseMain.startTestSuite(TestCaseMain.java:142)
	at com.kms.katalon.core.main.TestCaseMain$startTestSuite$0.call(Unknown Source)
	at org.codehaus.groovy.runtime.callsite.CallSiteArray.defaultCall(CallSiteArray.java:48)
	at org.codehaus.groovy.runtime.callsite.AbstractCallSite.call(AbstractCallSite.java:113)
	at org.codehaus.groovy.runtime.callsite.AbstractCallSite.call(AbstractCallSite.java:141)
	at TempTestSuite1555482682959.run(TempTestSuite1555482682959.groovy:36)
	at groovy.lang.GroovyShell.runScriptOrMainOrTestOrRunnable(GroovyShell.java:263)
	at groovy.lang.GroovyShell.run(GroovyShell.java:518)
	at groovy.lang.GroovyShell.run(GroovyShell.java:507)
	at groovy.ui.GroovyMain.processOnce(GroovyMain.java:653)
	at groovy.ui.GroovyMain.run(GroovyMain.java:384)
	at groovy.ui.GroovyMain.process(GroovyMain.java:370)
	at groovy.ui.GroovyMain.processArgs(GroovyMain.java:129)
	at groovy.ui.GroovyMain.main(GroovyMain.java:109)
	at sun.reflect.NativeMethodAccessorImpl.invoke0(Native Method)
	at sun.reflect.NativeMethodAccessorImpl.invoke(NativeMethodAccessorImpl.java:62)
	at sun.reflect.DelegatingMethodAccessorImpl.invoke(DelegatingMethodAccessorImpl.java:43)
	at java.lang.reflect.Method.invoke(Method.java:498)
	at org.codehaus.groovy.tools.GroovyStarter.rootLoader(GroovyStarter.java:109)
	at org.codehaus.groovy.tools.GroovyStarter.main(GroovyStarter.java:131)
)]]></system-err>
   </testsuite>
</testsuites>
