<?xml version="1.0" encoding="UTF-8"?>
<testsuites name="001_add staff" time="346" tests="16" failures="1" errors="0">
   <testsuite name="001_add staff" tests="16" failures="1" errors="0" time="346" timestamp="2019-04-17 14:52:46" hostname="Administrator - BF-20170623WSST" id="Test Suites/User Manage/001_add staff">
      <properties>
         <property name="deviceName" value=""/>
         <property name="devicePlatform" value=""/>
         <property name="logFolder" value="G:\\Auto_Learning\\katalon\\katalon_project\\katalon_project\\T2M_Manage\\T2M_Manage\\Reports\\User Manage\\001_add staff\\20190417_144928"/>
         <property name="logFiles" value="G:\\Auto_Learning\\katalon\\katalon_project\\katalon_project\\T2M_Manage\\T2M_Manage\\Reports\\User Manage\\001_add staff\\20190417_144928\\execution0.log"/>
         <property name="attachments" value="G:\\Auto_Learning\\katalon\\katalon_project\\katalon_project\\T2M_Manage\\T2M_Manage\\Reports\\User Manage\\001_add staff\\20190417_144928\\1555483980091.png, G:\\Auto_Learning\\katalon\\katalon_project\\katalon_project\\T2M_Manage\\T2M_Manage\\Reports\\User Manage\\001_add staff\\20190417_144928\\1555483993489.png, G:\\Auto_Learning\\katalon\\katalon_project\\katalon_project\\T2M_Manage\\T2M_Manage\\Reports\\User Manage\\001_add staff\\20190417_144928\\1555484129952.png"/>
         <property name="hostName" value="Administrator - BF-20170623WSST"/>
         <property name="os" value="Windows 7 64bit"/>
         <property name="katalonVersion" value="5.7.0.1"/>
         <property name="browser" value="Chrome 73.0.3683.75"/>
         <property name="hostAddress" value="192.168.10.86"/>
         <property name="sessionId" value="62ac1ddcbaee71aabd516b4da29a26df"/>
         <property name="seleniumVersion" value="3.7.1"/>
         <property name="proxyInformation" value="ProxyInformation{proxyOption=NO_PROXY, proxyServerType=HTTP, password=, proxyServerAddress=, proxyServerPort=0}"/>
         <property name="platform" value="Windows 7"/>
      </properties>
      <testcase name="Test Cases/001_Login_Home/002_Login" classname="Test Cases/001_Login_Home/002_Login" status="PASSED">
         <system-out><![CDATA[2019-04-17 14:52:47 - [TEST_CASE][PASSED] - Test Cases/001_Login_Home/002_Login: Test Cases/001_Login_Home/002_Login

2019-04-17 14:52:47 - [TEST_STEP][PASSED] - Start listener action : sampleBeforeTestCase: Invoke 'com.kms.katalon.core.annotation.BeforeTestCase' method: 'NewTestListener.sampleBeforeTestCase(...)' completed.

2019-04-17 14:52:47 - [TEST_STEP][PASSED] - Statement - println(testCaseContext.getTestCaseId()): null

2019-04-17 14:52:47 - [TEST_STEP][PASSED] - Statement - println(testCaseContext.getTestCaseVariables()): Invoke 'com.kms.katalon.core.annotation.BeforeTestCase' method: 'NewTestListener.sampleBeforeTestCase(...)' completed.

2019-04-17 14:52:48 - [TEST_STEP][PASSED] - callTestCase: Call Test Case 'Test Cases/001_Login_Home/001_Navigate' successfully

2019-04-17 14:52:48 - [TEST_CASE][PASSED] - Test Cases/001_Login_Home/001_Navigate: Test Cases/001_Login_Home/001_Navigate

2019-04-17 14:52:48 - [TEST_STEP][PASSED] - openBrowser: Browser is opened with url: ''

2019-04-17 14:52:54 - [MESSAGE][PASSED] - Browser is opened with url: ''

2019-04-17 14:52:54 - [TEST_STEP][PASSED] - navigateToUrl: Navigate to 'http://222.180.200.126:9909/PORTALASSETS/login' successfully

2019-04-17 14:52:55 - [MESSAGE][PASSED] - Navigate to 'http://222.180.200.126:9909/PORTALASSETS/login' successfully

2019-04-17 14:52:55 - [TEST_STEP][PASSED] - comment: begin to input one correct account

2019-04-17 14:52:55 - [TEST_STEP][PASSED] - Statement - item = com.kms.katalon.core.webui.keyword.WebUiBuiltInKeywords.verifyElementPresent(com.kms.katalon.core.testobject.ObjectRepository.findTestObject(Login/button_ login), 20, STOP_ON_FAILURE): Object 'Object Repository/Login/button_ login' is present

2019-04-17 14:52:55 - [MESSAGE][PASSED] - Object 'Object Repository/Login/button_ login' is present

2019-04-17 14:52:55 - [TEST_STEP][PASSED] - Statement - If (item == true): Enter this website successful!!

2019-04-17 14:52:55 - [TEST_STEP][PASSED] - comment: Enter this website successful!!

2019-04-17 14:52:55 - [MESSAGE][PASSED] - Call Test Case 'Test Cases/001_Login_Home/001_Navigate' successfully

2019-04-17 14:52:55 - [TEST_STEP][PASSED] - delay: Delayed 1 second(s)

2019-04-17 14:52:56 - [MESSAGE][PASSED] - Delayed 1 second(s)

2019-04-17 14:52:56 - [TEST_STEP][PASSED] - setText: Text 'admin' is set on object 'Object Repository/Login/loginname'

2019-04-17 14:52:57 - [MESSAGE][PASSED] - Text 'admin' is set on object 'Object Repository/Login/loginname'

2019-04-17 14:52:57 - [TEST_STEP][PASSED] - delay: Delayed 1 second(s)

2019-04-17 14:52:58 - [MESSAGE][PASSED] - Delayed 1 second(s)

2019-04-17 14:52:58 - [TEST_STEP][PASSED] - setText: Text '654321' is set on object 'Object Repository/Login/password'

2019-04-17 14:52:58 - [MESSAGE][PASSED] - Text '654321' is set on object 'Object Repository/Login/password'

2019-04-17 14:52:58 - [TEST_STEP][PASSED] - delay: Delayed 1 second(s)

2019-04-17 14:52:59 - [MESSAGE][PASSED] - Delayed 1 second(s)

2019-04-17 14:52:59 - [TEST_STEP][PASSED] - Statement - R = com.kms.katalon.core.webui.keyword.WebUiBuiltInKeywords.verifyElementChecked(com.kms.katalon.core.testobject.ObjectRepository.findTestObject(Login/remember_password), 10): Object 'Object Repository/Login/remember_password' is checked

2019-04-17 14:52:59 - [MESSAGE][PASSED] - Object 'Object Repository/Login/remember_password' is checked

2019-04-17 14:52:59 - [TEST_STEP][PASSED] - Statement - If (R): The remember pwd box is checked!

2019-04-17 14:52:59 - [TEST_STEP][PASSED] - comment: The remember pwd box is checked!

2019-04-17 14:52:59 - [TEST_STEP][PASSED] - click: Object: 'Object Repository/Login/button_ login' is clicked on

2019-04-17 14:52:59 - [MESSAGE][PASSED] - Object: 'Object Repository/Login/button_ login' is clicked on

2019-04-17 14:52:59 - [TEST_STEP][PASSED] - Statement - a = com.kms.katalon.core.webui.keyword.WebUiBuiltInKeywords.verifyElementPresent(com.kms.katalon.core.testobject.ObjectRepository.findTestObject(homepage/a_homepage), 40): Object 'Object Repository/homepage/a_homepage' is present

2019-04-17 14:53:00 - [MESSAGE][PASSED] - Object 'Object Repository/homepage/a_homepage' is present

2019-04-17 14:53:00 - [TEST_STEP][PASSED] - Statement - If (a): Taking screenshot successfully

2019-04-17 14:53:00 - [TEST_STEP][PASSED] - comment: Find the homepag lable,Login successful

2019-04-17 14:53:00 - [TEST_STEP][PASSED] - takeScreenshot: Taking screenshot successfully

2019-04-17 14:53:00 - [MESSAGE][PASSED] - Taking screenshot successfully
[[ATTACHMENT|G:\\Auto_Learning\\katalon\\katalon_project\\katalon_project\\T2M_Manage\\T2M_Manage\\Reports\\User Manage\\001_add staff\\20190417_144928\\1555483980091.png]]

2019-04-17 14:53:00 - [TEST_STEP][PASSED] - Start listener action : sampleAfterTestCase: Invoke 'com.kms.katalon.core.annotation.AfterTestCase' method: 'NewTestListener.sampleAfterTestCase(...)' completed.

2019-04-17 14:53:00 - [TEST_STEP][PASSED] - Statement - println(testCaseContext.getTestCaseId()): null

2019-04-17 14:53:00 - [TEST_STEP][PASSED] - Statement - println(testCaseContext.getTestCaseStatus()): Invoke 'com.kms.katalon.core.annotation.AfterTestCase' method: 'NewTestListener.sampleAfterTestCase(...)' completed.]]></system-out>
         <system-err><![CDATA[]]></system-err>
      </testcase>
      <testcase name="Test Cases/002_System_,Manage/001_User_Manage/001_Enter_User" classname="Test Cases/002_System_,Manage/001_User_Manage/001_Enter_User" status="PASSED">
         <system-out><![CDATA[2019-04-17 14:53:02 - [TEST_CASE][PASSED] - Test Cases/002_System_,Manage/001_User_Manage/001_Enter_User: Test Cases/002_System_,Manage/001_User_Manage/001_Enter_User

2019-04-17 14:53:02 - [TEST_STEP][PASSED] - Start listener action : sampleBeforeTestCase: Invoke 'com.kms.katalon.core.annotation.BeforeTestCase' method: 'NewTestListener.sampleBeforeTestCase(...)' completed.

2019-04-17 14:53:02 - [TEST_STEP][PASSED] - Statement - println(testCaseContext.getTestCaseId()): null

2019-04-17 14:53:02 - [TEST_STEP][PASSED] - Statement - println(testCaseContext.getTestCaseVariables()): Invoke 'com.kms.katalon.core.annotation.BeforeTestCase' method: 'NewTestListener.sampleBeforeTestCase(...)' completed.

2019-04-17 14:53:03 - [TEST_STEP][PASSED] - callTestCase: Call Test Case 'Test Cases/001_Login_Home/002_Login' successfully

2019-04-17 14:53:03 - [TEST_CASE][PASSED] - Test Cases/001_Login_Home/002_Login: Test Cases/001_Login_Home/002_Login

2019-04-17 14:53:03 - [TEST_STEP][PASSED] - callTestCase: Call Test Case 'Test Cases/001_Login_Home/001_Navigate' successfully

2019-04-17 14:53:03 - [TEST_CASE][PASSED] - Test Cases/001_Login_Home/001_Navigate: Test Cases/001_Login_Home/001_Navigate

2019-04-17 14:53:03 - [TEST_STEP][PASSED] - openBrowser: Browser is opened with url: ''

2019-04-17 14:53:03 - [MESSAGE][WARNING] - A browser is already opened. Closing browser and opening a new one

2019-04-17 14:53:07 - [MESSAGE][PASSED] - Browser is opened with url: ''

2019-04-17 14:53:07 - [TEST_STEP][PASSED] - navigateToUrl: Navigate to 'http://222.180.200.126:9909/PORTALASSETS/login' successfully

2019-04-17 14:53:08 - [MESSAGE][PASSED] - Navigate to 'http://222.180.200.126:9909/PORTALASSETS/login' successfully

2019-04-17 14:53:08 - [TEST_STEP][PASSED] - comment: begin to input one correct account

2019-04-17 14:53:08 - [TEST_STEP][PASSED] - Statement - item = com.kms.katalon.core.webui.keyword.WebUiBuiltInKeywords.verifyElementPresent(com.kms.katalon.core.testobject.ObjectRepository.findTestObject(Login/button_ login), 20, STOP_ON_FAILURE): Object 'Object Repository/Login/button_ login' is present

2019-04-17 14:53:08 - [MESSAGE][PASSED] - Object 'Object Repository/Login/button_ login' is present

2019-04-17 14:53:08 - [TEST_STEP][PASSED] - Statement - If (item == true): Enter this website successful!!

2019-04-17 14:53:08 - [TEST_STEP][PASSED] - comment: Enter this website successful!!

2019-04-17 14:53:08 - [MESSAGE][PASSED] - Call Test Case 'Test Cases/001_Login_Home/001_Navigate' successfully

2019-04-17 14:53:08 - [TEST_STEP][PASSED] - delay: Delayed 1 second(s)

2019-04-17 14:53:09 - [MESSAGE][PASSED] - Delayed 1 second(s)

2019-04-17 14:53:09 - [TEST_STEP][PASSED] - setText: Text 'admin' is set on object 'Object Repository/Login/loginname'

2019-04-17 14:53:09 - [MESSAGE][PASSED] - Text 'admin' is set on object 'Object Repository/Login/loginname'

2019-04-17 14:53:09 - [TEST_STEP][PASSED] - delay: Delayed 1 second(s)

2019-04-17 14:53:10 - [MESSAGE][PASSED] - Delayed 1 second(s)

2019-04-17 14:53:10 - [TEST_STEP][PASSED] - setText: Text '654321' is set on object 'Object Repository/Login/password'

2019-04-17 14:53:10 - [MESSAGE][PASSED] - Text '654321' is set on object 'Object Repository/Login/password'

2019-04-17 14:53:10 - [TEST_STEP][PASSED] - delay: Delayed 1 second(s)

2019-04-17 14:53:11 - [MESSAGE][PASSED] - Delayed 1 second(s)

2019-04-17 14:53:11 - [TEST_STEP][PASSED] - Statement - R = com.kms.katalon.core.webui.keyword.WebUiBuiltInKeywords.verifyElementChecked(com.kms.katalon.core.testobject.ObjectRepository.findTestObject(Login/remember_password), 10): Object 'Object Repository/Login/remember_password' is checked

2019-04-17 14:53:11 - [MESSAGE][PASSED] - Object 'Object Repository/Login/remember_password' is checked

2019-04-17 14:53:11 - [TEST_STEP][PASSED] - Statement - If (R): The remember pwd box is checked!

2019-04-17 14:53:11 - [TEST_STEP][PASSED] - comment: The remember pwd box is checked!

2019-04-17 14:53:11 - [TEST_STEP][PASSED] - click: Object: 'Object Repository/Login/button_ login' is clicked on

2019-04-17 14:53:11 - [MESSAGE][PASSED] - Object: 'Object Repository/Login/button_ login' is clicked on

2019-04-17 14:53:11 - [TEST_STEP][PASSED] - Statement - a = com.kms.katalon.core.webui.keyword.WebUiBuiltInKeywords.verifyElementPresent(com.kms.katalon.core.testobject.ObjectRepository.findTestObject(homepage/a_homepage), 40): Object 'Object Repository/homepage/a_homepage' is present

2019-04-17 14:53:13 - [MESSAGE][PASSED] - Object 'Object Repository/homepage/a_homepage' is present

2019-04-17 14:53:13 - [TEST_STEP][PASSED] - Statement - If (a): Taking screenshot successfully

2019-04-17 14:53:13 - [TEST_STEP][PASSED] - comment: Find the homepag lable,Login successful

2019-04-17 14:53:13 - [TEST_STEP][PASSED] - takeScreenshot: Taking screenshot successfully

2019-04-17 14:53:13 - [MESSAGE][PASSED] - Taking screenshot successfully
[[ATTACHMENT|G:\\Auto_Learning\\katalon\\katalon_project\\katalon_project\\T2M_Manage\\T2M_Manage\\Reports\\User Manage\\001_add staff\\20190417_144928\\1555483993489.png]]

2019-04-17 14:53:13 - [MESSAGE][PASSED] - Call Test Case 'Test Cases/001_Login_Home/002_Login' successfully

2019-04-17 14:53:13 - [TEST_STEP][PASSED] - delay: Delayed 1 second(s)

2019-04-17 14:53:15 - [MESSAGE][PASSED] - Delayed 1 second(s)

2019-04-17 14:53:15 - [TEST_STEP][PASSED] - click: Object: 'Object Repository/Syetem_settings/User_Manage/a_systemsetings' is clicked on

2019-04-17 14:53:15 - [MESSAGE][PASSED] - Object: 'Object Repository/Syetem_settings/User_Manage/a_systemsetings' is clicked on

2019-04-17 14:53:15 - [TEST_STEP][PASSED] - delay: Delayed 1 second(s)

2019-04-17 14:53:16 - [MESSAGE][PASSED] - Delayed 1 second(s)

2019-04-17 14:53:16 - [TEST_STEP][PASSED] - click: Object: 'Object Repository/Syetem_settings/User_Manage/a_user_manage' is clicked on

2019-04-17 14:53:16 - [MESSAGE][PASSED] - Object: 'Object Repository/Syetem_settings/User_Manage/a_user_manage' is clicked on

2019-04-17 14:53:16 - [TEST_STEP][PASSED] - delay: Delayed 1 second(s)

2019-04-17 14:53:17 - [MESSAGE][PASSED] - Delayed 1 second(s)

2019-04-17 14:53:17 - [TEST_STEP][PASSED] - Statement - verify_user = com.kms.katalon.core.webui.keyword.WebUiBuiltInKeywords.verifyElementPresent(com.kms.katalon.core.testobject.ObjectRepository.findTestObject(Syetem_settings/User_Manage/cite_usertable), 0): Object 'Object Repository/Syetem_settings/User_Manage/cite_usertable' is present

2019-04-17 14:53:17 - [MESSAGE][WARNING] - Timeout '0' is invalid. Using default page load timeout: '30'

2019-04-17 14:53:17 - [MESSAGE][PASSED] - Object 'Object Repository/Syetem_settings/User_Manage/cite_usertable' is present

2019-04-17 14:53:17 - [TEST_STEP][PASSED] - Statement - If (verify_user): Enter the Successfully entered the people management page

2019-04-17 14:53:17 - [TEST_STEP][PASSED] - comment: Enter the Successfully entered the people management page

2019-04-17 14:53:17 - [TEST_STEP][PASSED] - Start listener action : sampleAfterTestCase: Invoke 'com.kms.katalon.core.annotation.AfterTestCase' method: 'NewTestListener.sampleAfterTestCase(...)' completed.

2019-04-17 14:53:17 - [TEST_STEP][PASSED] - Statement - println(testCaseContext.getTestCaseId()): null

2019-04-17 14:53:17 - [TEST_STEP][PASSED] - Statement - println(testCaseContext.getTestCaseStatus()): Invoke 'com.kms.katalon.core.annotation.AfterTestCase' method: 'NewTestListener.sampleAfterTestCase(...)' completed.]]></system-out>
         <system-err><![CDATA[]]></system-err>
      </testcase>
      <testcase name="Test Cases/002_System_,Manage/001_User_Manage/002_Add_user" classname="Test Cases/002_System_,Manage/001_User_Manage/002_Add_user" status="PASSED">
         <system-out><![CDATA[2019-04-17 14:53:19 - [TEST_CASE][PASSED] - Test Cases/002_System_,Manage/001_User_Manage/002_Add_user: Test Cases/002_System_,Manage/001_User_Manage/002_Add_user

2019-04-17 14:53:19 - [TEST_STEP][PASSED] - Start listener action : sampleBeforeTestCase: Invoke 'com.kms.katalon.core.annotation.BeforeTestCase' method: 'NewTestListener.sampleBeforeTestCase(...)' completed.

2019-04-17 14:53:19 - [TEST_STEP][PASSED] - Statement - println(testCaseContext.getTestCaseId()): null

2019-04-17 14:53:19 - [TEST_STEP][PASSED] - Statement - println(testCaseContext.getTestCaseVariables()): Invoke 'com.kms.katalon.core.annotation.BeforeTestCase' method: 'NewTestListener.sampleBeforeTestCase(...)' completed.

2019-04-17 14:53:19 - [TEST_STEP][NOT_RUN] - callTestCase: NOT_RUN: callTestCase

2019-04-17 14:53:19 - [MESSAGE][NOT_RUN] - NOT_RUN: callTestCase

2019-04-17 14:53:19 - [TEST_STEP][PASSED] - comment: begain to add one new user!

2019-04-17 14:53:19 - [TEST_STEP][PASSED] - click: Object: 'Object Repository/Syetem_settings/User_Manage/a_ new_user' is clicked on

2019-04-17 14:53:20 - [MESSAGE][PASSED] - Object: 'Object Repository/Syetem_settings/User_Manage/a_ new_user' is clicked on

2019-04-17 14:53:20 - [TEST_STEP][PASSED] - delay: Delayed 1 second(s)

2019-04-17 14:53:21 - [MESSAGE][PASSED] - Delayed 1 second(s)

2019-04-17 14:53:21 - [TEST_STEP][PASSED] - delay: Delayed 1 second(s)

2019-04-17 14:53:22 - [MESSAGE][PASSED] - Delayed 1 second(s)

2019-04-17 14:53:22 - [TEST_STEP][PASSED] - click: Object: 'Object Repository/Syetem_settings/User_Manage/user_info/choose_dept' is clicked on

2019-04-17 14:53:22 - [MESSAGE][PASSED] - Object: 'Object Repository/Syetem_settings/User_Manage/user_info/choose_dept' is clicked on

2019-04-17 14:53:22 - [TEST_STEP][PASSED] - delay: Delayed 1 second(s)

2019-04-17 14:53:23 - [MESSAGE][PASSED] - Delayed 1 second(s)

2019-04-17 14:53:23 - [TEST_STEP][PASSED] - click: Object: 'Object Repository/Syetem_settings/User_Manage/user_info/i__TreeNB' is clicked on

2019-04-17 14:53:23 - [MESSAGE][PASSED] - Object: 'Object Repository/Syetem_settings/User_Manage/user_info/i__TreeNB' is clicked on

2019-04-17 14:53:23 - [TEST_STEP][PASSED] - delay: Delayed 1 second(s)

2019-04-17 14:53:24 - [MESSAGE][PASSED] - Delayed 1 second(s)

2019-04-17 14:53:24 - [TEST_STEP][PASSED] - click: Object: 'Object Repository/Syetem_settings/User_Manage/user_info/cite_CQDepart' is clicked on

2019-04-17 14:53:24 - [MESSAGE][PASSED] - Object: 'Object Repository/Syetem_settings/User_Manage/user_info/cite_CQDepart' is clicked on

2019-04-17 14:53:24 - [TEST_STEP][PASSED] - delay: Delayed 1 second(s)

2019-04-17 14:53:25 - [MESSAGE][PASSED] - Delayed 1 second(s)

2019-04-17 14:53:25 - [TEST_STEP][PASSED] - setText: Text '测试人员25' is set on object 'Object Repository/Syetem_settings/User_Manage/user_info/input_ RealName'

2019-04-17 14:53:25 - [MESSAGE][PASSED] - Text '测试人员25' is set on object 'Object Repository/Syetem_settings/User_Manage/user_info/input_ RealName'

2019-04-17 14:53:25 - [TEST_STEP][PASSED] - delay: Delayed 1 second(s)

2019-04-17 14:53:26 - [MESSAGE][PASSED] - Delayed 1 second(s)

2019-04-17 14:53:26 - [TEST_STEP][PASSED] - setText: Text '测试岗位1' is set on object 'Object Repository/Syetem_settings/User_Manage/user_info/input_position'

2019-04-17 14:53:27 - [MESSAGE][PASSED] - Text '测试岗位1' is set on object 'Object Repository/Syetem_settings/User_Manage/user_info/input_position'

2019-04-17 14:53:27 - [TEST_STEP][PASSED] - delay: Delayed 1 second(s)

2019-04-17 14:53:28 - [MESSAGE][PASSED] - Delayed 1 second(s)

2019-04-17 14:53:28 - [TEST_STEP][PASSED] - setText: Text '15263625410' is set on object 'Object Repository/Syetem_settings/User_Manage/user_info/input_mobile'

2019-04-17 14:53:28 - [MESSAGE][PASSED] - Text '15263625410' is set on object 'Object Repository/Syetem_settings/User_Manage/user_info/input_mobile'

2019-04-17 14:53:28 - [TEST_STEP][PASSED] - delay: Delayed 1 second(s)

2019-04-17 14:53:29 - [MESSAGE][PASSED] - Delayed 1 second(s)

2019-04-17 14:53:29 - [TEST_STEP][PASSED] - setText: Text '7425362@qq.com' is set on object 'Object Repository/Syetem_settings/User_Manage/user_info/input_email'

2019-04-17 14:53:29 - [MESSAGE][PASSED] - Text '7425362@qq.com' is set on object 'Object Repository/Syetem_settings/User_Manage/user_info/input_email'

2019-04-17 14:53:29 - [TEST_STEP][PASSED] - delay: Delayed 1 second(s)

2019-04-17 14:53:30 - [MESSAGE][PASSED] - Delayed 1 second(s)

2019-04-17 14:53:30 - [TEST_STEP][PASSED] - click: Object: 'Object Repository/Syetem_settings/User_Manage/user_info/button_ Save' is clicked on

2019-04-17 14:53:30 - [MESSAGE][PASSED] - Object: 'Object Repository/Syetem_settings/User_Manage/user_info/button_ Save' is clicked on

2019-04-17 14:53:30 - [TEST_STEP][PASSED] - delay: Delayed 2 second(s)

2019-04-17 14:53:32 - [MESSAGE][PASSED] - Delayed 2 second(s)

2019-04-17 14:53:32 - [TEST_STEP][PASSED] - setText: Text '测试人员25' is set on object 'Object Repository/test/input__keyword'

2019-04-17 14:53:32 - [MESSAGE][PASSED] - Text '测试人员25' is set on object 'Object Repository/test/input__keyword'

2019-04-17 14:53:32 - [TEST_STEP][PASSED] - delay: Delayed 1 second(s)

2019-04-17 14:53:33 - [MESSAGE][PASSED] - Delayed 1 second(s)

2019-04-17 14:53:33 - [TEST_STEP][PASSED] - click: Object: 'Object Repository/test/button__layui-btn' is clicked on

2019-04-17 14:53:33 - [MESSAGE][PASSED] - Object: 'Object Repository/test/button__layui-btn' is clicked on

2019-04-17 14:53:33 - [TEST_STEP][PASSED] - delay: Delayed 1 second(s)

2019-04-17 14:53:34 - [MESSAGE][PASSED] - Delayed 1 second(s)

2019-04-17 14:53:34 - [TEST_STEP][PASSED] - Statement - Try: 列表中搜索到该用户，人员添加成功

2019-04-17 14:53:35 - [TEST_STEP][PASSED] - Statement - a = com.kms.katalon.core.testobject.ObjectRepository.findTestObject(Syetem_settings/User_Manage/Search/td_number1): Finding Test Object with id 'Object Repository/Syetem_settings/User_Manage/Search/td_number1'

2019-04-17 14:53:35 - [TEST_STEP][PASSED] - Statement - data_content = com.kms.katalon.core.webui.keyword.WebUiBuiltInKeywords.getAttribute(com.kms.katalon.core.testobject.ObjectRepository.findTestObject(Syetem_settings/User_Manage/Search/td_number1), "data-content"): Attribute 'data-content' of object 'Object Repository/Syetem_settings/User_Manage/Search/td_number1' is: '测试人员25'

2019-04-17 14:53:35 - [MESSAGE][PASSED] - Attribute 'data-content' of object 'Object Repository/Syetem_settings/User_Manage/Search/td_number1' is: '测试人员25'

2019-04-17 14:53:35 - [TEST_STEP][PASSED] - comment: 测试人员25

2019-04-17 14:53:35 - [TEST_STEP][PASSED] - Statement - If (data_content == username): 列表中搜索到该用户，人员添加成功

2019-04-17 14:53:35 - [TEST_STEP][PASSED] - comment: 列表中搜索到该用户，人员添加成功

2019-04-17 14:53:35 - [TEST_STEP][PASSED] - Start listener action : sampleAfterTestCase: Invoke 'com.kms.katalon.core.annotation.AfterTestCase' method: 'NewTestListener.sampleAfterTestCase(...)' completed.

2019-04-17 14:53:35 - [TEST_STEP][PASSED] - Statement - println(testCaseContext.getTestCaseId()): null

2019-04-17 14:53:35 - [TEST_STEP][PASSED] - Statement - println(testCaseContext.getTestCaseStatus()): Invoke 'com.kms.katalon.core.annotation.AfterTestCase' method: 'NewTestListener.sampleAfterTestCase(...)' completed.]]></system-out>
         <system-err><![CDATA[]]></system-err>
      </testcase>
      <testcase name="Test Cases/002_System_,Manage/001_User_Manage/002_Add_user" classname="Test Cases/002_System_,Manage/001_User_Manage/002_Add_user" status="PASSED">
         <system-out><![CDATA[2019-04-17 14:53:37 - [TEST_CASE][PASSED] - Test Cases/002_System_,Manage/001_User_Manage/002_Add_user: Test Cases/002_System_,Manage/001_User_Manage/002_Add_user

2019-04-17 14:53:37 - [TEST_STEP][PASSED] - Start listener action : sampleBeforeTestCase: Invoke 'com.kms.katalon.core.annotation.BeforeTestCase' method: 'NewTestListener.sampleBeforeTestCase(...)' completed.

2019-04-17 14:53:37 - [TEST_STEP][PASSED] - Statement - println(testCaseContext.getTestCaseId()): null

2019-04-17 14:53:37 - [TEST_STEP][PASSED] - Statement - println(testCaseContext.getTestCaseVariables()): Invoke 'com.kms.katalon.core.annotation.BeforeTestCase' method: 'NewTestListener.sampleBeforeTestCase(...)' completed.

2019-04-17 14:53:37 - [TEST_STEP][NOT_RUN] - callTestCase: NOT_RUN: callTestCase

2019-04-17 14:53:37 - [MESSAGE][NOT_RUN] - NOT_RUN: callTestCase

2019-04-17 14:53:37 - [TEST_STEP][PASSED] - comment: begain to add one new user!

2019-04-17 14:53:37 - [TEST_STEP][PASSED] - click: Object: 'Object Repository/Syetem_settings/User_Manage/a_ new_user' is clicked on

2019-04-17 14:53:37 - [MESSAGE][PASSED] - Object: 'Object Repository/Syetem_settings/User_Manage/a_ new_user' is clicked on

2019-04-17 14:53:37 - [TEST_STEP][PASSED] - delay: Delayed 1 second(s)

2019-04-17 14:53:38 - [MESSAGE][PASSED] - Delayed 1 second(s)

2019-04-17 14:53:38 - [TEST_STEP][PASSED] - delay: Delayed 1 second(s)

2019-04-17 14:53:39 - [MESSAGE][PASSED] - Delayed 1 second(s)

2019-04-17 14:53:39 - [TEST_STEP][PASSED] - click: Object: 'Object Repository/Syetem_settings/User_Manage/user_info/choose_dept' is clicked on

2019-04-17 14:53:39 - [MESSAGE][PASSED] - Object: 'Object Repository/Syetem_settings/User_Manage/user_info/choose_dept' is clicked on

2019-04-17 14:53:39 - [TEST_STEP][PASSED] - delay: Delayed 1 second(s)

2019-04-17 14:53:40 - [MESSAGE][PASSED] - Delayed 1 second(s)

2019-04-17 14:53:40 - [TEST_STEP][PASSED] - click: Object: 'Object Repository/Syetem_settings/User_Manage/user_info/i__TreeNB' is clicked on

2019-04-17 14:53:40 - [MESSAGE][PASSED] - Object: 'Object Repository/Syetem_settings/User_Manage/user_info/i__TreeNB' is clicked on

2019-04-17 14:53:40 - [TEST_STEP][PASSED] - delay: Delayed 1 second(s)

2019-04-17 14:53:41 - [MESSAGE][PASSED] - Delayed 1 second(s)

2019-04-17 14:53:41 - [TEST_STEP][PASSED] - click: Object: 'Object Repository/Syetem_settings/User_Manage/user_info/cite_CQDepart' is clicked on

2019-04-17 14:53:41 - [MESSAGE][PASSED] - Object: 'Object Repository/Syetem_settings/User_Manage/user_info/cite_CQDepart' is clicked on

2019-04-17 14:53:41 - [TEST_STEP][PASSED] - delay: Delayed 1 second(s)

2019-04-17 14:53:42 - [MESSAGE][PASSED] - Delayed 1 second(s)

2019-04-17 14:53:42 - [TEST_STEP][PASSED] - setText: Text '测试人员发' is set on object 'Object Repository/Syetem_settings/User_Manage/user_info/input_ RealName'

2019-04-17 14:53:42 - [MESSAGE][PASSED] - Text '测试人员发' is set on object 'Object Repository/Syetem_settings/User_Manage/user_info/input_ RealName'

2019-04-17 14:53:42 - [TEST_STEP][PASSED] - delay: Delayed 1 second(s)

2019-04-17 14:53:43 - [MESSAGE][PASSED] - Delayed 1 second(s)

2019-04-17 14:53:43 - [TEST_STEP][PASSED] - setText: Text '测试岗位9' is set on object 'Object Repository/Syetem_settings/User_Manage/user_info/input_position'

2019-04-17 14:53:43 - [MESSAGE][PASSED] - Text '测试岗位9' is set on object 'Object Repository/Syetem_settings/User_Manage/user_info/input_position'

2019-04-17 14:53:43 - [TEST_STEP][PASSED] - delay: Delayed 1 second(s)

2019-04-17 14:53:44 - [MESSAGE][PASSED] - Delayed 1 second(s)

2019-04-17 14:53:44 - [TEST_STEP][PASSED] - setText: Text '15263625418' is set on object 'Object Repository/Syetem_settings/User_Manage/user_info/input_mobile'

2019-04-17 14:53:45 - [MESSAGE][PASSED] - Text '15263625418' is set on object 'Object Repository/Syetem_settings/User_Manage/user_info/input_mobile'

2019-04-17 14:53:45 - [TEST_STEP][PASSED] - delay: Delayed 1 second(s)

2019-04-17 14:53:46 - [MESSAGE][PASSED] - Delayed 1 second(s)

2019-04-17 14:53:46 - [TEST_STEP][PASSED] - setText: Text '' is set on object 'Object Repository/Syetem_settings/User_Manage/user_info/input_email'

2019-04-17 14:53:46 - [MESSAGE][PASSED] - Text '' is set on object 'Object Repository/Syetem_settings/User_Manage/user_info/input_email'

2019-04-17 14:53:46 - [TEST_STEP][PASSED] - delay: Delayed 1 second(s)

2019-04-17 14:53:47 - [MESSAGE][PASSED] - Delayed 1 second(s)

2019-04-17 14:53:47 - [TEST_STEP][PASSED] - click: Object: 'Object Repository/Syetem_settings/User_Manage/user_info/button_ Save' is clicked on

2019-04-17 14:53:47 - [MESSAGE][PASSED] - Object: 'Object Repository/Syetem_settings/User_Manage/user_info/button_ Save' is clicked on

2019-04-17 14:53:47 - [TEST_STEP][PASSED] - delay: Delayed 2 second(s)

2019-04-17 14:53:49 - [MESSAGE][PASSED] - Delayed 2 second(s)

2019-04-17 14:53:49 - [TEST_STEP][PASSED] - setText: Text '测试人员发' is set on object 'Object Repository/test/input__keyword'

2019-04-17 14:53:49 - [MESSAGE][PASSED] - Text '测试人员发' is set on object 'Object Repository/test/input__keyword'

2019-04-17 14:53:49 - [TEST_STEP][PASSED] - delay: Delayed 1 second(s)

2019-04-17 14:53:50 - [MESSAGE][PASSED] - Delayed 1 second(s)

2019-04-17 14:53:50 - [TEST_STEP][PASSED] - click: Object: 'Object Repository/test/button__layui-btn' is clicked on

2019-04-17 14:53:50 - [MESSAGE][PASSED] - Object: 'Object Repository/test/button__layui-btn' is clicked on

2019-04-17 14:53:50 - [TEST_STEP][PASSED] - delay: Delayed 1 second(s)

2019-04-17 14:53:51 - [MESSAGE][PASSED] - Delayed 1 second(s)

2019-04-17 14:53:51 - [TEST_STEP][PASSED] - Statement - Try: 列表中搜索到该用户，人员添加成功

2019-04-17 14:53:51 - [TEST_STEP][PASSED] - Statement - a = com.kms.katalon.core.testobject.ObjectRepository.findTestObject(Syetem_settings/User_Manage/Search/td_number1): Finding Test Object with id 'Object Repository/Syetem_settings/User_Manage/Search/td_number1'

2019-04-17 14:53:51 - [TEST_STEP][PASSED] - Statement - data_content = com.kms.katalon.core.webui.keyword.WebUiBuiltInKeywords.getAttribute(com.kms.katalon.core.testobject.ObjectRepository.findTestObject(Syetem_settings/User_Manage/Search/td_number1), "data-content"): Attribute 'data-content' of object 'Object Repository/Syetem_settings/User_Manage/Search/td_number1' is: '测试人员发'

2019-04-17 14:53:51 - [MESSAGE][PASSED] - Attribute 'data-content' of object 'Object Repository/Syetem_settings/User_Manage/Search/td_number1' is: '测试人员发'

2019-04-17 14:53:51 - [TEST_STEP][PASSED] - comment: 测试人员发

2019-04-17 14:53:51 - [TEST_STEP][PASSED] - Statement - If (data_content == username): 列表中搜索到该用户，人员添加成功

2019-04-17 14:53:51 - [TEST_STEP][PASSED] - comment: 列表中搜索到该用户，人员添加成功

2019-04-17 14:53:51 - [TEST_STEP][PASSED] - Start listener action : sampleAfterTestCase: Invoke 'com.kms.katalon.core.annotation.AfterTestCase' method: 'NewTestListener.sampleAfterTestCase(...)' completed.

2019-04-17 14:53:51 - [TEST_STEP][PASSED] - Statement - println(testCaseContext.getTestCaseId()): null

2019-04-17 14:53:51 - [TEST_STEP][PASSED] - Statement - println(testCaseContext.getTestCaseStatus()): Invoke 'com.kms.katalon.core.annotation.AfterTestCase' method: 'NewTestListener.sampleAfterTestCase(...)' completed.]]></system-out>
         <system-err><![CDATA[]]></system-err>
      </testcase>
      <testcase name="Test Cases/002_System_,Manage/001_User_Manage/002_Add_user" classname="Test Cases/002_System_,Manage/001_User_Manage/002_Add_user" status="PASSED">
         <system-out><![CDATA[2019-04-17 14:53:53 - [TEST_CASE][PASSED] - Test Cases/002_System_,Manage/001_User_Manage/002_Add_user: Test Cases/002_System_,Manage/001_User_Manage/002_Add_user

2019-04-17 14:53:53 - [TEST_STEP][PASSED] - Start listener action : sampleBeforeTestCase: Invoke 'com.kms.katalon.core.annotation.BeforeTestCase' method: 'NewTestListener.sampleBeforeTestCase(...)' completed.

2019-04-17 14:53:53 - [TEST_STEP][PASSED] - Statement - println(testCaseContext.getTestCaseId()): null

2019-04-17 14:53:53 - [TEST_STEP][PASSED] - Statement - println(testCaseContext.getTestCaseVariables()): Invoke 'com.kms.katalon.core.annotation.BeforeTestCase' method: 'NewTestListener.sampleBeforeTestCase(...)' completed.

2019-04-17 14:53:53 - [TEST_STEP][NOT_RUN] - callTestCase: NOT_RUN: callTestCase

2019-04-17 14:53:53 - [MESSAGE][NOT_RUN] - NOT_RUN: callTestCase

2019-04-17 14:53:53 - [TEST_STEP][PASSED] - comment: begain to add one new user!

2019-04-17 14:53:53 - [TEST_STEP][PASSED] - click: Object: 'Object Repository/Syetem_settings/User_Manage/a_ new_user' is clicked on

2019-04-17 14:53:53 - [MESSAGE][PASSED] - Object: 'Object Repository/Syetem_settings/User_Manage/a_ new_user' is clicked on

2019-04-17 14:53:53 - [TEST_STEP][PASSED] - delay: Delayed 1 second(s)

2019-04-17 14:53:54 - [MESSAGE][PASSED] - Delayed 1 second(s)

2019-04-17 14:53:54 - [TEST_STEP][PASSED] - delay: Delayed 1 second(s)

2019-04-17 14:53:55 - [MESSAGE][PASSED] - Delayed 1 second(s)

2019-04-17 14:53:55 - [TEST_STEP][PASSED] - click: Object: 'Object Repository/Syetem_settings/User_Manage/user_info/choose_dept' is clicked on

2019-04-17 14:53:55 - [MESSAGE][PASSED] - Object: 'Object Repository/Syetem_settings/User_Manage/user_info/choose_dept' is clicked on

2019-04-17 14:53:55 - [TEST_STEP][PASSED] - delay: Delayed 1 second(s)

2019-04-17 14:53:56 - [MESSAGE][PASSED] - Delayed 1 second(s)

2019-04-17 14:53:56 - [TEST_STEP][PASSED] - click: Object: 'Object Repository/Syetem_settings/User_Manage/user_info/i__TreeNB' is clicked on

2019-04-17 14:53:56 - [MESSAGE][PASSED] - Object: 'Object Repository/Syetem_settings/User_Manage/user_info/i__TreeNB' is clicked on

2019-04-17 14:53:56 - [TEST_STEP][PASSED] - delay: Delayed 1 second(s)

2019-04-17 14:53:57 - [MESSAGE][PASSED] - Delayed 1 second(s)

2019-04-17 14:53:57 - [TEST_STEP][PASSED] - click: Object: 'Object Repository/Syetem_settings/User_Manage/user_info/cite_CQDepart' is clicked on

2019-04-17 14:53:58 - [MESSAGE][PASSED] - Object: 'Object Repository/Syetem_settings/User_Manage/user_info/cite_CQDepart' is clicked on

2019-04-17 14:53:58 - [TEST_STEP][PASSED] - delay: Delayed 1 second(s)

2019-04-17 14:53:59 - [MESSAGE][PASSED] - Delayed 1 second(s)

2019-04-17 14:53:59 - [TEST_STEP][PASSED] - setText: Text 'tet004' is set on object 'Object Repository/Syetem_settings/User_Manage/user_info/input_ RealName'

2019-04-17 14:53:59 - [MESSAGE][PASSED] - Text 'tet004' is set on object 'Object Repository/Syetem_settings/User_Manage/user_info/input_ RealName'

2019-04-17 14:53:59 - [TEST_STEP][PASSED] - delay: Delayed 1 second(s)

2019-04-17 14:54:00 - [MESSAGE][PASSED] - Delayed 1 second(s)

2019-04-17 14:54:00 - [TEST_STEP][PASSED] - setText: Text 'test' is set on object 'Object Repository/Syetem_settings/User_Manage/user_info/input_position'

2019-04-17 14:54:00 - [MESSAGE][PASSED] - Text 'test' is set on object 'Object Repository/Syetem_settings/User_Manage/user_info/input_position'

2019-04-17 14:54:00 - [TEST_STEP][PASSED] - delay: Delayed 1 second(s)

2019-04-17 14:54:01 - [MESSAGE][PASSED] - Delayed 1 second(s)

2019-04-17 14:54:01 - [TEST_STEP][PASSED] - setText: Text '15263625411' is set on object 'Object Repository/Syetem_settings/User_Manage/user_info/input_mobile'

2019-04-17 14:54:01 - [MESSAGE][PASSED] - Text '15263625411' is set on object 'Object Repository/Syetem_settings/User_Manage/user_info/input_mobile'

2019-04-17 14:54:01 - [TEST_STEP][PASSED] - delay: Delayed 1 second(s)

2019-04-17 14:54:02 - [MESSAGE][PASSED] - Delayed 1 second(s)

2019-04-17 14:54:02 - [TEST_STEP][PASSED] - setText: Text '7425363@qq.com' is set on object 'Object Repository/Syetem_settings/User_Manage/user_info/input_email'

2019-04-17 14:54:02 - [MESSAGE][PASSED] - Text '7425363@qq.com' is set on object 'Object Repository/Syetem_settings/User_Manage/user_info/input_email'

2019-04-17 14:54:02 - [TEST_STEP][PASSED] - delay: Delayed 1 second(s)

2019-04-17 14:54:03 - [MESSAGE][PASSED] - Delayed 1 second(s)

2019-04-17 14:54:03 - [TEST_STEP][PASSED] - click: Object: 'Object Repository/Syetem_settings/User_Manage/user_info/button_ Save' is clicked on

2019-04-17 14:54:03 - [MESSAGE][PASSED] - Object: 'Object Repository/Syetem_settings/User_Manage/user_info/button_ Save' is clicked on

2019-04-17 14:54:03 - [TEST_STEP][PASSED] - delay: Delayed 2 second(s)

2019-04-17 14:54:05 - [MESSAGE][PASSED] - Delayed 2 second(s)

2019-04-17 14:54:05 - [TEST_STEP][PASSED] - setText: Text 'tet004' is set on object 'Object Repository/test/input__keyword'

2019-04-17 14:54:06 - [MESSAGE][PASSED] - Text 'tet004' is set on object 'Object Repository/test/input__keyword'

2019-04-17 14:54:06 - [TEST_STEP][PASSED] - delay: Delayed 1 second(s)

2019-04-17 14:54:07 - [MESSAGE][PASSED] - Delayed 1 second(s)

2019-04-17 14:54:07 - [TEST_STEP][PASSED] - click: Object: 'Object Repository/test/button__layui-btn' is clicked on

2019-04-17 14:54:07 - [MESSAGE][PASSED] - Object: 'Object Repository/test/button__layui-btn' is clicked on

2019-04-17 14:54:07 - [TEST_STEP][PASSED] - delay: Delayed 1 second(s)

2019-04-17 14:54:08 - [MESSAGE][PASSED] - Delayed 1 second(s)

2019-04-17 14:54:08 - [TEST_STEP][PASSED] - Statement - Try: 列表中搜索到该用户，人员添加成功

2019-04-17 14:54:08 - [TEST_STEP][PASSED] - Statement - a = com.kms.katalon.core.testobject.ObjectRepository.findTestObject(Syetem_settings/User_Manage/Search/td_number1): Finding Test Object with id 'Object Repository/Syetem_settings/User_Manage/Search/td_number1'

2019-04-17 14:54:08 - [TEST_STEP][PASSED] - Statement - data_content = com.kms.katalon.core.webui.keyword.WebUiBuiltInKeywords.getAttribute(com.kms.katalon.core.testobject.ObjectRepository.findTestObject(Syetem_settings/User_Manage/Search/td_number1), "data-content"): Attribute 'data-content' of object 'Object Repository/Syetem_settings/User_Manage/Search/td_number1' is: 'tet004'

2019-04-17 14:54:08 - [MESSAGE][PASSED] - Attribute 'data-content' of object 'Object Repository/Syetem_settings/User_Manage/Search/td_number1' is: 'tet004'

2019-04-17 14:54:08 - [TEST_STEP][PASSED] - comment: tet004

2019-04-17 14:54:08 - [TEST_STEP][PASSED] - Statement - If (data_content == username): 列表中搜索到该用户，人员添加成功

2019-04-17 14:54:08 - [TEST_STEP][PASSED] - comment: 列表中搜索到该用户，人员添加成功

2019-04-17 14:54:08 - [TEST_STEP][PASSED] - Start listener action : sampleAfterTestCase: Invoke 'com.kms.katalon.core.annotation.AfterTestCase' method: 'NewTestListener.sampleAfterTestCase(...)' completed.

2019-04-17 14:54:08 - [TEST_STEP][PASSED] - Statement - println(testCaseContext.getTestCaseId()): null

2019-04-17 14:54:08 - [TEST_STEP][PASSED] - Statement - println(testCaseContext.getTestCaseStatus()): Invoke 'com.kms.katalon.core.annotation.AfterTestCase' method: 'NewTestListener.sampleAfterTestCase(...)' completed.]]></system-out>
         <system-err><![CDATA[]]></system-err>
      </testcase>
      <testcase name="Test Cases/002_System_,Manage/001_User_Manage/002_Add_user" classname="Test Cases/002_System_,Manage/001_User_Manage/002_Add_user" status="PASSED">
         <system-out><![CDATA[2019-04-17 14:54:10 - [TEST_CASE][PASSED] - Test Cases/002_System_,Manage/001_User_Manage/002_Add_user: Test Cases/002_System_,Manage/001_User_Manage/002_Add_user

2019-04-17 14:54:10 - [TEST_STEP][PASSED] - Start listener action : sampleBeforeTestCase: Invoke 'com.kms.katalon.core.annotation.BeforeTestCase' method: 'NewTestListener.sampleBeforeTestCase(...)' completed.

2019-04-17 14:54:10 - [TEST_STEP][PASSED] - Statement - println(testCaseContext.getTestCaseId()): null

2019-04-17 14:54:10 - [TEST_STEP][PASSED] - Statement - println(testCaseContext.getTestCaseVariables()): Invoke 'com.kms.katalon.core.annotation.BeforeTestCase' method: 'NewTestListener.sampleBeforeTestCase(...)' completed.

2019-04-17 14:54:10 - [TEST_STEP][NOT_RUN] - callTestCase: NOT_RUN: callTestCase

2019-04-17 14:54:10 - [MESSAGE][NOT_RUN] - NOT_RUN: callTestCase

2019-04-17 14:54:10 - [TEST_STEP][PASSED] - comment: begain to add one new user!

2019-04-17 14:54:10 - [TEST_STEP][PASSED] - click: Object: 'Object Repository/Syetem_settings/User_Manage/a_ new_user' is clicked on

2019-04-17 14:54:10 - [MESSAGE][PASSED] - Object: 'Object Repository/Syetem_settings/User_Manage/a_ new_user' is clicked on

2019-04-17 14:54:10 - [TEST_STEP][PASSED] - delay: Delayed 1 second(s)

2019-04-17 14:54:11 - [MESSAGE][PASSED] - Delayed 1 second(s)

2019-04-17 14:54:11 - [TEST_STEP][PASSED] - delay: Delayed 1 second(s)

2019-04-17 14:54:12 - [MESSAGE][PASSED] - Delayed 1 second(s)

2019-04-17 14:54:12 - [TEST_STEP][PASSED] - click: Object: 'Object Repository/Syetem_settings/User_Manage/user_info/choose_dept' is clicked on

2019-04-17 14:54:12 - [MESSAGE][PASSED] - Object: 'Object Repository/Syetem_settings/User_Manage/user_info/choose_dept' is clicked on

2019-04-17 14:54:12 - [TEST_STEP][PASSED] - delay: Delayed 1 second(s)

2019-04-17 14:54:13 - [MESSAGE][PASSED] - Delayed 1 second(s)

2019-04-17 14:54:13 - [TEST_STEP][PASSED] - click: Object: 'Object Repository/Syetem_settings/User_Manage/user_info/i__TreeNB' is clicked on

2019-04-17 14:54:13 - [MESSAGE][PASSED] - Object: 'Object Repository/Syetem_settings/User_Manage/user_info/i__TreeNB' is clicked on

2019-04-17 14:54:13 - [TEST_STEP][PASSED] - delay: Delayed 1 second(s)

2019-04-17 14:54:14 - [MESSAGE][PASSED] - Delayed 1 second(s)

2019-04-17 14:54:14 - [TEST_STEP][PASSED] - click: Object: 'Object Repository/Syetem_settings/User_Manage/user_info/cite_CQDepart' is clicked on

2019-04-17 14:54:14 - [MESSAGE][PASSED] - Object: 'Object Repository/Syetem_settings/User_Manage/user_info/cite_CQDepart' is clicked on

2019-04-17 14:54:14 - [TEST_STEP][PASSED] - delay: Delayed 1 second(s)

2019-04-17 14:54:15 - [MESSAGE][PASSED] - Delayed 1 second(s)

2019-04-17 14:54:15 - [TEST_STEP][PASSED] - setText: Text '12345604' is set on object 'Object Repository/Syetem_settings/User_Manage/user_info/input_ RealName'

2019-04-17 14:54:15 - [MESSAGE][PASSED] - Text '12345604' is set on object 'Object Repository/Syetem_settings/User_Manage/user_info/input_ RealName'

2019-04-17 14:54:15 - [TEST_STEP][PASSED] - delay: Delayed 1 second(s)

2019-04-17 14:54:16 - [MESSAGE][PASSED] - Delayed 1 second(s)

2019-04-17 14:54:16 - [TEST_STEP][PASSED] - setText: Text '123456789' is set on object 'Object Repository/Syetem_settings/User_Manage/user_info/input_position'

2019-04-17 14:54:17 - [MESSAGE][PASSED] - Text '123456789' is set on object 'Object Repository/Syetem_settings/User_Manage/user_info/input_position'

2019-04-17 14:54:17 - [TEST_STEP][PASSED] - delay: Delayed 1 second(s)

2019-04-17 14:54:18 - [MESSAGE][PASSED] - Delayed 1 second(s)

2019-04-17 14:54:18 - [TEST_STEP][PASSED] - setText: Text '15263625412' is set on object 'Object Repository/Syetem_settings/User_Manage/user_info/input_mobile'

2019-04-17 14:54:18 - [MESSAGE][PASSED] - Text '15263625412' is set on object 'Object Repository/Syetem_settings/User_Manage/user_info/input_mobile'

2019-04-17 14:54:18 - [TEST_STEP][PASSED] - delay: Delayed 1 second(s)

2019-04-17 14:54:19 - [MESSAGE][PASSED] - Delayed 1 second(s)

2019-04-17 14:54:19 - [TEST_STEP][PASSED] - setText: Text '7425364@qq.com' is set on object 'Object Repository/Syetem_settings/User_Manage/user_info/input_email'

2019-04-17 14:54:19 - [MESSAGE][PASSED] - Text '7425364@qq.com' is set on object 'Object Repository/Syetem_settings/User_Manage/user_info/input_email'

2019-04-17 14:54:19 - [TEST_STEP][PASSED] - delay: Delayed 1 second(s)

2019-04-17 14:54:20 - [MESSAGE][PASSED] - Delayed 1 second(s)

2019-04-17 14:54:20 - [TEST_STEP][PASSED] - click: Object: 'Object Repository/Syetem_settings/User_Manage/user_info/button_ Save' is clicked on

2019-04-17 14:54:20 - [MESSAGE][PASSED] - Object: 'Object Repository/Syetem_settings/User_Manage/user_info/button_ Save' is clicked on

2019-04-17 14:54:20 - [TEST_STEP][PASSED] - delay: Delayed 2 second(s)

2019-04-17 14:54:22 - [MESSAGE][PASSED] - Delayed 2 second(s)

2019-04-17 14:54:22 - [TEST_STEP][PASSED] - setText: Text '12345604' is set on object 'Object Repository/test/input__keyword'

2019-04-17 14:54:22 - [MESSAGE][PASSED] - Text '12345604' is set on object 'Object Repository/test/input__keyword'

2019-04-17 14:54:22 - [TEST_STEP][PASSED] - delay: Delayed 1 second(s)

2019-04-17 14:54:23 - [MESSAGE][PASSED] - Delayed 1 second(s)

2019-04-17 14:54:23 - [TEST_STEP][PASSED] - click: Object: 'Object Repository/test/button__layui-btn' is clicked on

2019-04-17 14:54:24 - [MESSAGE][PASSED] - Object: 'Object Repository/test/button__layui-btn' is clicked on

2019-04-17 14:54:24 - [TEST_STEP][PASSED] - delay: Delayed 1 second(s)

2019-04-17 14:54:25 - [MESSAGE][PASSED] - Delayed 1 second(s)

2019-04-17 14:54:25 - [TEST_STEP][PASSED] - Statement - Try: 列表中搜索到该用户，人员添加成功

2019-04-17 14:54:25 - [TEST_STEP][PASSED] - Statement - a = com.kms.katalon.core.testobject.ObjectRepository.findTestObject(Syetem_settings/User_Manage/Search/td_number1): Finding Test Object with id 'Object Repository/Syetem_settings/User_Manage/Search/td_number1'

2019-04-17 14:54:25 - [TEST_STEP][PASSED] - Statement - data_content = com.kms.katalon.core.webui.keyword.WebUiBuiltInKeywords.getAttribute(com.kms.katalon.core.testobject.ObjectRepository.findTestObject(Syetem_settings/User_Manage/Search/td_number1), "data-content"): Attribute 'data-content' of object 'Object Repository/Syetem_settings/User_Manage/Search/td_number1' is: '12345604'

2019-04-17 14:54:25 - [MESSAGE][PASSED] - Attribute 'data-content' of object 'Object Repository/Syetem_settings/User_Manage/Search/td_number1' is: '12345604'

2019-04-17 14:54:25 - [TEST_STEP][PASSED] - comment: 12345604

2019-04-17 14:54:25 - [TEST_STEP][PASSED] - Statement - If (data_content == username): 列表中搜索到该用户，人员添加成功

2019-04-17 14:54:25 - [TEST_STEP][PASSED] - comment: 列表中搜索到该用户，人员添加成功

2019-04-17 14:54:25 - [TEST_STEP][PASSED] - Start listener action : sampleAfterTestCase: Invoke 'com.kms.katalon.core.annotation.AfterTestCase' method: 'NewTestListener.sampleAfterTestCase(...)' completed.

2019-04-17 14:54:25 - [TEST_STEP][PASSED] - Statement - println(testCaseContext.getTestCaseId()): null

2019-04-17 14:54:25 - [TEST_STEP][PASSED] - Statement - println(testCaseContext.getTestCaseStatus()): Invoke 'com.kms.katalon.core.annotation.AfterTestCase' method: 'NewTestListener.sampleAfterTestCase(...)' completed.]]></system-out>
         <system-err><![CDATA[]]></system-err>
      </testcase>
      <testcase name="Test Cases/002_System_,Manage/001_User_Manage/002_Add_user" classname="Test Cases/002_System_,Manage/001_User_Manage/002_Add_user" status="PASSED">
         <system-out><![CDATA[2019-04-17 14:54:27 - [TEST_CASE][PASSED] - Test Cases/002_System_,Manage/001_User_Manage/002_Add_user: Test Cases/002_System_,Manage/001_User_Manage/002_Add_user

2019-04-17 14:54:27 - [TEST_STEP][PASSED] - Start listener action : sampleBeforeTestCase: Invoke 'com.kms.katalon.core.annotation.BeforeTestCase' method: 'NewTestListener.sampleBeforeTestCase(...)' completed.

2019-04-17 14:54:27 - [TEST_STEP][PASSED] - Statement - println(testCaseContext.getTestCaseId()): null

2019-04-17 14:54:27 - [TEST_STEP][PASSED] - Statement - println(testCaseContext.getTestCaseVariables()): Invoke 'com.kms.katalon.core.annotation.BeforeTestCase' method: 'NewTestListener.sampleBeforeTestCase(...)' completed.

2019-04-17 14:54:27 - [TEST_STEP][NOT_RUN] - callTestCase: NOT_RUN: callTestCase

2019-04-17 14:54:27 - [MESSAGE][NOT_RUN] - NOT_RUN: callTestCase

2019-04-17 14:54:27 - [TEST_STEP][PASSED] - comment: begain to add one new user!

2019-04-17 14:54:27 - [TEST_STEP][PASSED] - click: Object: 'Object Repository/Syetem_settings/User_Manage/a_ new_user' is clicked on

2019-04-17 14:54:27 - [MESSAGE][PASSED] - Object: 'Object Repository/Syetem_settings/User_Manage/a_ new_user' is clicked on

2019-04-17 14:54:27 - [TEST_STEP][PASSED] - delay: Delayed 1 second(s)

2019-04-17 14:54:28 - [MESSAGE][PASSED] - Delayed 1 second(s)

2019-04-17 14:54:28 - [TEST_STEP][PASSED] - delay: Delayed 1 second(s)

2019-04-17 14:54:29 - [MESSAGE][PASSED] - Delayed 1 second(s)

2019-04-17 14:54:29 - [TEST_STEP][PASSED] - click: Object: 'Object Repository/Syetem_settings/User_Manage/user_info/choose_dept' is clicked on

2019-04-17 14:54:29 - [MESSAGE][PASSED] - Object: 'Object Repository/Syetem_settings/User_Manage/user_info/choose_dept' is clicked on

2019-04-17 14:54:29 - [TEST_STEP][PASSED] - delay: Delayed 1 second(s)

2019-04-17 14:54:30 - [MESSAGE][PASSED] - Delayed 1 second(s)

2019-04-17 14:54:30 - [TEST_STEP][PASSED] - click: Object: 'Object Repository/Syetem_settings/User_Manage/user_info/i__TreeNB' is clicked on

2019-04-17 14:54:30 - [MESSAGE][PASSED] - Object: 'Object Repository/Syetem_settings/User_Manage/user_info/i__TreeNB' is clicked on

2019-04-17 14:54:30 - [TEST_STEP][PASSED] - delay: Delayed 1 second(s)

2019-04-17 14:54:31 - [MESSAGE][PASSED] - Delayed 1 second(s)

2019-04-17 14:54:31 - [TEST_STEP][PASSED] - click: Object: 'Object Repository/Syetem_settings/User_Manage/user_info/cite_CQDepart' is clicked on

2019-04-17 14:54:31 - [MESSAGE][PASSED] - Object: 'Object Repository/Syetem_settings/User_Manage/user_info/cite_CQDepart' is clicked on

2019-04-17 14:54:31 - [TEST_STEP][PASSED] - delay: Delayed 1 second(s)

2019-04-17 14:54:32 - [MESSAGE][PASSED] - Delayed 1 second(s)

2019-04-17 14:54:32 - [TEST_STEP][PASSED] - setText: Text '长字符验证长字符验证005' is set on object 'Object Repository/Syetem_settings/User_Manage/user_info/input_ RealName'

2019-04-17 14:54:32 - [MESSAGE][PASSED] - Text '长字符验证长字符验证005' is set on object 'Object Repository/Syetem_settings/User_Manage/user_info/input_ RealName'

2019-04-17 14:54:32 - [TEST_STEP][PASSED] - delay: Delayed 1 second(s)

2019-04-17 14:54:33 - [MESSAGE][PASSED] - Delayed 1 second(s)

2019-04-17 14:54:33 - [TEST_STEP][PASSED] - setText: Text '长字符验证长字符验证长字符验证长字符验证' is set on object 'Object Repository/Syetem_settings/User_Manage/user_info/input_position'

2019-04-17 14:54:33 - [MESSAGE][PASSED] - Text '长字符验证长字符验证长字符验证长字符验证' is set on object 'Object Repository/Syetem_settings/User_Manage/user_info/input_position'

2019-04-17 14:54:33 - [TEST_STEP][PASSED] - delay: Delayed 1 second(s)

2019-04-17 14:54:34 - [MESSAGE][PASSED] - Delayed 1 second(s)

2019-04-17 14:54:34 - [TEST_STEP][PASSED] - setText: Text '15263625413' is set on object 'Object Repository/Syetem_settings/User_Manage/user_info/input_mobile'

2019-04-17 14:54:35 - [MESSAGE][PASSED] - Text '15263625413' is set on object 'Object Repository/Syetem_settings/User_Manage/user_info/input_mobile'

2019-04-17 14:54:35 - [TEST_STEP][PASSED] - delay: Delayed 1 second(s)

2019-04-17 14:54:36 - [MESSAGE][PASSED] - Delayed 1 second(s)

2019-04-17 14:54:36 - [TEST_STEP][PASSED] - setText: Text '7425365@qq.com' is set on object 'Object Repository/Syetem_settings/User_Manage/user_info/input_email'

2019-04-17 14:54:36 - [MESSAGE][PASSED] - Text '7425365@qq.com' is set on object 'Object Repository/Syetem_settings/User_Manage/user_info/input_email'

2019-04-17 14:54:36 - [TEST_STEP][PASSED] - delay: Delayed 1 second(s)

2019-04-17 14:54:37 - [MESSAGE][PASSED] - Delayed 1 second(s)

2019-04-17 14:54:37 - [TEST_STEP][PASSED] - click: Object: 'Object Repository/Syetem_settings/User_Manage/user_info/button_ Save' is clicked on

2019-04-17 14:54:37 - [MESSAGE][PASSED] - Object: 'Object Repository/Syetem_settings/User_Manage/user_info/button_ Save' is clicked on

2019-04-17 14:54:37 - [TEST_STEP][PASSED] - delay: Delayed 2 second(s)

2019-04-17 14:54:39 - [MESSAGE][PASSED] - Delayed 2 second(s)

2019-04-17 14:54:39 - [TEST_STEP][PASSED] - setText: Text '长字符验证长字符验证005' is set on object 'Object Repository/test/input__keyword'

2019-04-17 14:54:39 - [MESSAGE][PASSED] - Text '长字符验证长字符验证005' is set on object 'Object Repository/test/input__keyword'

2019-04-17 14:54:39 - [TEST_STEP][PASSED] - delay: Delayed 1 second(s)

2019-04-17 14:54:40 - [MESSAGE][PASSED] - Delayed 1 second(s)

2019-04-17 14:54:40 - [TEST_STEP][PASSED] - click: Object: 'Object Repository/test/button__layui-btn' is clicked on

2019-04-17 14:54:40 - [MESSAGE][PASSED] - Object: 'Object Repository/test/button__layui-btn' is clicked on

2019-04-17 14:54:40 - [TEST_STEP][PASSED] - delay: Delayed 1 second(s)

2019-04-17 14:54:41 - [MESSAGE][PASSED] - Delayed 1 second(s)

2019-04-17 14:54:41 - [TEST_STEP][PASSED] - Statement - Try: 列表中搜索到该用户，人员添加成功

2019-04-17 14:54:41 - [TEST_STEP][PASSED] - Statement - a = com.kms.katalon.core.testobject.ObjectRepository.findTestObject(Syetem_settings/User_Manage/Search/td_number1): Finding Test Object with id 'Object Repository/Syetem_settings/User_Manage/Search/td_number1'

2019-04-17 14:54:41 - [TEST_STEP][PASSED] - Statement - data_content = com.kms.katalon.core.webui.keyword.WebUiBuiltInKeywords.getAttribute(com.kms.katalon.core.testobject.ObjectRepository.findTestObject(Syetem_settings/User_Manage/Search/td_number1), "data-content"): Attribute 'data-content' of object 'Object Repository/Syetem_settings/User_Manage/Search/td_number1' is: '长字符验证长字符验证005'

2019-04-17 14:54:41 - [MESSAGE][PASSED] - Attribute 'data-content' of object 'Object Repository/Syetem_settings/User_Manage/Search/td_number1' is: '长字符验证长字符验证005'

2019-04-17 14:54:41 - [TEST_STEP][PASSED] - comment: 长字符验证长字符验证005

2019-04-17 14:54:41 - [TEST_STEP][PASSED] - Statement - If (data_content == username): 列表中搜索到该用户，人员添加成功

2019-04-17 14:54:41 - [TEST_STEP][PASSED] - comment: 列表中搜索到该用户，人员添加成功

2019-04-17 14:54:41 - [TEST_STEP][PASSED] - Start listener action : sampleAfterTestCase: Invoke 'com.kms.katalon.core.annotation.AfterTestCase' method: 'NewTestListener.sampleAfterTestCase(...)' completed.

2019-04-17 14:54:41 - [TEST_STEP][PASSED] - Statement - println(testCaseContext.getTestCaseId()): null

2019-04-17 14:54:41 - [TEST_STEP][PASSED] - Statement - println(testCaseContext.getTestCaseStatus()): Invoke 'com.kms.katalon.core.annotation.AfterTestCase' method: 'NewTestListener.sampleAfterTestCase(...)' completed.]]></system-out>
         <system-err><![CDATA[]]></system-err>
      </testcase>
      <testcase name="Test Cases/002_System_,Manage/001_User_Manage/002_Add_user" classname="Test Cases/002_System_,Manage/001_User_Manage/002_Add_user" status="FAILED">
         <failure type="FAILED" message="(Stack trace: Assertion failed: 

assert false


	at org.codehaus.groovy.runtime.InvokerHelper.assertFailed(InvokerHelper.java:402)
	at org.codehaus.groovy.runtime.ScriptBytecodeAdapter.assertFailed(ScriptBytecodeAdapter.java:650)
	at Script1555325328880.run(Script1555325328880.groovy:84)
	at com.kms.katalon.core.main.ScriptEngine.run(ScriptEngine.java:183)
	at com.kms.katalon.core.main.ScriptEngine.runScriptAsRawText(ScriptEngine.java:108)
	at com.kms.katalon.core.main.TestCaseExecutor.runScript(TestCaseExecutor.java:294)
	at com.kms.katalon.core.main.TestCaseExecutor.doExecute(TestCaseExecutor.java:285)
	at com.kms.katalon.core.main.TestCaseExecutor.processExecutionPhase(TestCaseExecutor.java:264)
	at com.kms.katalon.core.main.TestCaseExecutor.accessMainPhase(TestCaseExecutor.java:256)
	at com.kms.katalon.core.main.TestCaseExecutor.execute(TestCaseExecutor.java:200)
	at com.kms.katalon.core.main.TestSuiteExecutor.accessTestCaseMainPhase(TestSuiteExecutor.java:129)
	at com.kms.katalon.core.main.TestSuiteExecutor.accessTestSuiteMainPhase(TestSuiteExecutor.java:112)
	at com.kms.katalon.core.main.TestSuiteExecutor.execute(TestSuiteExecutor.java:81)
	at com.kms.katalon.core.main.TestCaseMain.startTestSuite(TestCaseMain.java:142)
	at com.kms.katalon.core.main.TestCaseMain$startTestSuite$0.call(Unknown Source)
	at org.codehaus.groovy.runtime.callsite.CallSiteArray.defaultCall(CallSiteArray.java:48)
	at org.codehaus.groovy.runtime.callsite.AbstractCallSite.call(AbstractCallSite.java:113)
	at org.codehaus.groovy.runtime.callsite.AbstractCallSite.call(AbstractCallSite.java:141)
	at TempTestSuite1555483768349.run(TempTestSuite1555483768349.groovy:36)
	at groovy.lang.GroovyShell.runScriptOrMainOrTestOrRunnable(GroovyShell.java:263)
	at groovy.lang.GroovyShell.run(GroovyShell.java:518)
	at groovy.lang.GroovyShell.run(GroovyShell.java:507)
	at groovy.ui.GroovyMain.processOnce(GroovyMain.java:653)
	at groovy.ui.GroovyMain.run(GroovyMain.java:384)
	at groovy.ui.GroovyMain.process(GroovyMain.java:370)
	at groovy.ui.GroovyMain.processArgs(GroovyMain.java:129)
	at groovy.ui.GroovyMain.main(GroovyMain.java:109)
	at sun.reflect.NativeMethodAccessorImpl.invoke0(Native Method)
	at sun.reflect.NativeMethodAccessorImpl.invoke(NativeMethodAccessorImpl.java:62)
	at sun.reflect.DelegatingMethodAccessorImpl.invoke(DelegatingMethodAccessorImpl.java:43)
	at java.lang.reflect.Method.invoke(Method.java:498)
	at org.codehaus.groovy.tools.GroovyStarter.rootLoader(GroovyStarter.java:109)
	at org.codehaus.groovy.tools.GroovyStarter.main(GroovyStarter.java:131)
)"/>
         <system-out><![CDATA[2019-04-17 14:54:43 - [TEST_CASE][FAILED] - Test Cases/002_System_,Manage/001_User_Manage/002_Add_user: Test Cases/002_System_,Manage/001_User_Manage/002_Add_user FAILED because (of) (Stack trace: Assertion failed: 

assert false


	at org.codehaus.groovy.runtime.InvokerHelper.assertFailed(InvokerHelper.java:402)
	at org.codehaus.groovy.runtime.ScriptBytecodeAdapter.assertFailed(ScriptBytecodeAdapter.java:650)
	at Script1555325328880.run(Script1555325328880.groovy:84)
	at com.kms.katalon.core.main.ScriptEngine.run(ScriptEngine.java:183)
	at com.kms.katalon.core.main.ScriptEngine.runScriptAsRawText(ScriptEngine.java:108)
	at com.kms.katalon.core.main.TestCaseExecutor.runScript(TestCaseExecutor.java:294)
	at com.kms.katalon.core.main.TestCaseExecutor.doExecute(TestCaseExecutor.java:285)
	at com.kms.katalon.core.main.TestCaseExecutor.processExecutionPhase(TestCaseExecutor.java:264)
	at com.kms.katalon.core.main.TestCaseExecutor.accessMainPhase(TestCaseExecutor.java:256)
	at com.kms.katalon.core.main.TestCaseExecutor.execute(TestCaseExecutor.java:200)
	at com.kms.katalon.core.main.TestSuiteExecutor.accessTestCaseMainPhase(TestSuiteExecutor.java:129)
	at com.kms.katalon.core.main.TestSuiteExecutor.accessTestSuiteMainPhase(TestSuiteExecutor.java:112)
	at com.kms.katalon.core.main.TestSuiteExecutor.execute(TestSuiteExecutor.java:81)
	at com.kms.katalon.core.main.TestCaseMain.startTestSuite(TestCaseMain.java:142)
	at com.kms.katalon.core.main.TestCaseMain$startTestSuite$0.call(Unknown Source)
	at org.codehaus.groovy.runtime.callsite.CallSiteArray.defaultCall(CallSiteArray.java:48)
	at org.codehaus.groovy.runtime.callsite.AbstractCallSite.call(AbstractCallSite.java:113)
	at org.codehaus.groovy.runtime.callsite.AbstractCallSite.call(AbstractCallSite.java:141)
	at TempTestSuite1555483768349.run(TempTestSuite1555483768349.groovy:36)
	at groovy.lang.GroovyShell.runScriptOrMainOrTestOrRunnable(GroovyShell.java:263)
	at groovy.lang.GroovyShell.run(GroovyShell.java:518)
	at groovy.lang.GroovyShell.run(GroovyShell.java:507)
	at groovy.ui.GroovyMain.processOnce(GroovyMain.java:653)
	at groovy.ui.GroovyMain.run(GroovyMain.java:384)
	at groovy.ui.GroovyMain.process(GroovyMain.java:370)
	at groovy.ui.GroovyMain.processArgs(GroovyMain.java:129)
	at groovy.ui.GroovyMain.main(GroovyMain.java:109)
	at sun.reflect.NativeMethodAccessorImpl.invoke0(Native Method)
	at sun.reflect.NativeMethodAccessorImpl.invoke(NativeMethodAccessorImpl.java:62)
	at sun.reflect.DelegatingMethodAccessorImpl.invoke(DelegatingMethodAccessorImpl.java:43)
	at java.lang.reflect.Method.invoke(Method.java:498)
	at org.codehaus.groovy.tools.GroovyStarter.rootLoader(GroovyStarter.java:109)
	at org.codehaus.groovy.tools.GroovyStarter.main(GroovyStarter.java:131)
)

2019-04-17 14:54:43 - [TEST_STEP][PASSED] - Start listener action : sampleBeforeTestCase: Invoke 'com.kms.katalon.core.annotation.BeforeTestCase' method: 'NewTestListener.sampleBeforeTestCase(...)' completed.

2019-04-17 14:54:43 - [TEST_STEP][PASSED] - Statement - println(testCaseContext.getTestCaseId()): null

2019-04-17 14:54:43 - [TEST_STEP][PASSED] - Statement - println(testCaseContext.getTestCaseVariables()): Invoke 'com.kms.katalon.core.annotation.BeforeTestCase' method: 'NewTestListener.sampleBeforeTestCase(...)' completed.

2019-04-17 14:54:43 - [TEST_STEP][NOT_RUN] - callTestCase: NOT_RUN: callTestCase

2019-04-17 14:54:43 - [MESSAGE][NOT_RUN] - NOT_RUN: callTestCase

2019-04-17 14:54:43 - [TEST_STEP][PASSED] - comment: begain to add one new user!

2019-04-17 14:54:43 - [TEST_STEP][PASSED] - click: Object: 'Object Repository/Syetem_settings/User_Manage/a_ new_user' is clicked on

2019-04-17 14:54:43 - [MESSAGE][PASSED] - Object: 'Object Repository/Syetem_settings/User_Manage/a_ new_user' is clicked on

2019-04-17 14:54:43 - [TEST_STEP][PASSED] - delay: Delayed 1 second(s)

2019-04-17 14:54:44 - [MESSAGE][PASSED] - Delayed 1 second(s)

2019-04-17 14:54:44 - [TEST_STEP][PASSED] - delay: Delayed 1 second(s)

2019-04-17 14:54:45 - [MESSAGE][PASSED] - Delayed 1 second(s)

2019-04-17 14:54:45 - [TEST_STEP][PASSED] - click: Object: 'Object Repository/Syetem_settings/User_Manage/user_info/choose_dept' is clicked on

2019-04-17 14:54:46 - [MESSAGE][PASSED] - Object: 'Object Repository/Syetem_settings/User_Manage/user_info/choose_dept' is clicked on

2019-04-17 14:54:46 - [TEST_STEP][PASSED] - delay: Delayed 1 second(s)

2019-04-17 14:54:47 - [MESSAGE][PASSED] - Delayed 1 second(s)

2019-04-17 14:54:47 - [TEST_STEP][PASSED] - click: Object: 'Object Repository/Syetem_settings/User_Manage/user_info/i__TreeNB' is clicked on

2019-04-17 14:54:47 - [MESSAGE][PASSED] - Object: 'Object Repository/Syetem_settings/User_Manage/user_info/i__TreeNB' is clicked on

2019-04-17 14:54:47 - [TEST_STEP][PASSED] - delay: Delayed 1 second(s)

2019-04-17 14:54:48 - [MESSAGE][PASSED] - Delayed 1 second(s)

2019-04-17 14:54:48 - [TEST_STEP][PASSED] - click: Object: 'Object Repository/Syetem_settings/User_Manage/user_info/cite_CQDepart' is clicked on

2019-04-17 14:54:48 - [MESSAGE][PASSED] - Object: 'Object Repository/Syetem_settings/User_Manage/user_info/cite_CQDepart' is clicked on

2019-04-17 14:54:48 - [TEST_STEP][PASSED] - delay: Delayed 1 second(s)

2019-04-17 14:54:49 - [MESSAGE][PASSED] - Delayed 1 second(s)

2019-04-17 14:54:49 - [TEST_STEP][PASSED] - setText: Text '测试人员10' is set on object 'Object Repository/Syetem_settings/User_Manage/user_info/input_ RealName'

2019-04-17 14:54:49 - [MESSAGE][PASSED] - Text '测试人员10' is set on object 'Object Repository/Syetem_settings/User_Manage/user_info/input_ RealName'

2019-04-17 14:54:49 - [TEST_STEP][PASSED] - delay: Delayed 1 second(s)

2019-04-17 14:54:50 - [MESSAGE][PASSED] - Delayed 1 second(s)

2019-04-17 14:54:50 - [TEST_STEP][PASSED] - setText: Text '测试岗位1' is set on object 'Object Repository/Syetem_settings/User_Manage/user_info/input_position'

2019-04-17 14:54:50 - [MESSAGE][PASSED] - Text '测试岗位1' is set on object 'Object Repository/Syetem_settings/User_Manage/user_info/input_position'

2019-04-17 14:54:50 - [TEST_STEP][PASSED] - delay: Delayed 1 second(s)

2019-04-17 14:54:51 - [MESSAGE][PASSED] - Delayed 1 second(s)

2019-04-17 14:54:51 - [TEST_STEP][PASSED] - setText: Text '15263625410' is set on object 'Object Repository/Syetem_settings/User_Manage/user_info/input_mobile'

2019-04-17 14:54:51 - [MESSAGE][PASSED] - Text '15263625410' is set on object 'Object Repository/Syetem_settings/User_Manage/user_info/input_mobile'

2019-04-17 14:54:51 - [TEST_STEP][PASSED] - delay: Delayed 1 second(s)

2019-04-17 14:54:52 - [MESSAGE][PASSED] - Delayed 1 second(s)

2019-04-17 14:54:52 - [TEST_STEP][PASSED] - setText: Text '313546465@163.com' is set on object 'Object Repository/Syetem_settings/User_Manage/user_info/input_email'

2019-04-17 14:54:53 - [MESSAGE][PASSED] - Text '313546465@163.com' is set on object 'Object Repository/Syetem_settings/User_Manage/user_info/input_email'

2019-04-17 14:54:53 - [TEST_STEP][PASSED] - delay: Delayed 1 second(s)

2019-04-17 14:54:54 - [MESSAGE][PASSED] - Delayed 1 second(s)

2019-04-17 14:54:54 - [TEST_STEP][PASSED] - click: Object: 'Object Repository/Syetem_settings/User_Manage/user_info/button_ Save' is clicked on

2019-04-17 14:54:54 - [MESSAGE][PASSED] - Object: 'Object Repository/Syetem_settings/User_Manage/user_info/button_ Save' is clicked on

2019-04-17 14:54:54 - [TEST_STEP][PASSED] - delay: Delayed 2 second(s)

2019-04-17 14:54:56 - [MESSAGE][PASSED] - Delayed 2 second(s)

2019-04-17 14:54:56 - [TEST_STEP][PASSED] - setText: Text '测试人员10' is set on object 'Object Repository/test/input__keyword'

2019-04-17 14:54:56 - [MESSAGE][PASSED] - Text '测试人员10' is set on object 'Object Repository/test/input__keyword'

2019-04-17 14:54:56 - [TEST_STEP][PASSED] - delay: Delayed 1 second(s)

2019-04-17 14:54:57 - [MESSAGE][PASSED] - Delayed 1 second(s)

2019-04-17 14:54:57 - [TEST_STEP][PASSED] - click: Object: 'Object Repository/test/button__layui-btn' is clicked on

2019-04-17 14:54:57 - [MESSAGE][PASSED] - Object: 'Object Repository/test/button__layui-btn' is clicked on

2019-04-17 14:54:57 - [TEST_STEP][PASSED] - delay: Delayed 1 second(s)

2019-04-17 14:54:58 - [MESSAGE][PASSED] - Delayed 1 second(s)

2019-04-17 14:54:58 - [TEST_STEP][FAILED] - Statement - Try: Unable to get attribute 'data-content' of object 'Object Repository/Syetem_settings/User_Manage/Search/td_number1' (Root cause: com.kms.katalon.core.webui.exception.WebElementNotFoundException: Web element with id: 'Object Repository/Syetem_settings/User_Manage/Search/td_number1' located by 'By.xpath: //div[@id='mainContent']/div[2]/div[2]/div[2]/div[2]/div/div[2]/table/tbody/tr[1]/td[1]' not found)

2019-04-17 14:54:58 - [TEST_STEP][PASSED] - Statement - a = com.kms.katalon.core.testobject.ObjectRepository.findTestObject(Syetem_settings/User_Manage/Search/td_number1): Finding Test Object with id 'Object Repository/Syetem_settings/User_Manage/Search/td_number1'

2019-04-17 14:54:58 - [TEST_STEP][FAILED] - Statement - data_content = com.kms.katalon.core.webui.keyword.WebUiBuiltInKeywords.getAttribute(com.kms.katalon.core.testobject.ObjectRepository.findTestObject(Syetem_settings/User_Manage/Search/td_number1), "data-content"): Unable to get attribute 'data-content' of object 'Object Repository/Syetem_settings/User_Manage/Search/td_number1' (Root cause: com.kms.katalon.core.webui.exception.WebElementNotFoundException: Web element with id: 'Object Repository/Syetem_settings/User_Manage/Search/td_number1' located by 'By.xpath: //div[@id='mainContent']/div[2]/div[2]/div[2]/div[2]/div/div[2]/table/tbody/tr[1]/td[1]' not found)

2019-04-17 14:55:30 - [MESSAGE][FAILED] - Unable to get attribute 'data-content' of object 'Object Repository/Syetem_settings/User_Manage/Search/td_number1' (Root cause: com.kms.katalon.core.webui.exception.WebElementNotFoundException: Web element with id: 'Object Repository/Syetem_settings/User_Manage/Search/td_number1' located by 'By.xpath: //div[@id='mainContent']/div[2]/div[2]/div[2]/div[2]/div/div[2]/table/tbody/tr[1]/td[1]' not found)
[[ATTACHMENT|G:\\Auto_Learning\\katalon\\katalon_project\\katalon_project\\T2M_Manage\\T2M_Manage\\Reports\\User Manage\\001_add staff\\20190417_144928\\1555484129952.png]]

2019-04-17 14:55:30 - [TEST_STEP][PASSED] - Statement - Catch (Exception NoSuchElementException): null

2019-04-17 14:55:30 - [TEST_STEP][PASSED] - comment: 脚本中添加的人员姓名为测试人员10,人员未添加成功，列表中不存在该元素，请检查！！

2019-04-17 14:55:30 - [TEST_STEP][PASSED] - Statement - assert false: null

2019-04-17 14:55:30 - [TEST_STEP][PASSED] - Start listener action : sampleAfterTestCase: Invoke 'com.kms.katalon.core.annotation.AfterTestCase' method: 'NewTestListener.sampleAfterTestCase(...)' completed.

2019-04-17 14:55:30 - [TEST_STEP][PASSED] - Statement - println(testCaseContext.getTestCaseId()): null

2019-04-17 14:55:30 - [TEST_STEP][PASSED] - Statement - println(testCaseContext.getTestCaseStatus()): Invoke 'com.kms.katalon.core.annotation.AfterTestCase' method: 'NewTestListener.sampleAfterTestCase(...)' completed.]]></system-out>
         <system-err><![CDATA[2019-04-17 14:54:43 - [TEST_CASE][FAILED] - Test Cases/002_System_,Manage/001_User_Manage/002_Add_user: Test Cases/002_System_,Manage/001_User_Manage/002_Add_user FAILED because (of) (Stack trace: Assertion failed: 

assert false


	at org.codehaus.groovy.runtime.InvokerHelper.assertFailed(InvokerHelper.java:402)
	at org.codehaus.groovy.runtime.ScriptBytecodeAdapter.assertFailed(ScriptBytecodeAdapter.java:650)
	at Script1555325328880.run(Script1555325328880.groovy:84)
	at com.kms.katalon.core.main.ScriptEngine.run(ScriptEngine.java:183)
	at com.kms.katalon.core.main.ScriptEngine.runScriptAsRawText(ScriptEngine.java:108)
	at com.kms.katalon.core.main.TestCaseExecutor.runScript(TestCaseExecutor.java:294)
	at com.kms.katalon.core.main.TestCaseExecutor.doExecute(TestCaseExecutor.java:285)
	at com.kms.katalon.core.main.TestCaseExecutor.processExecutionPhase(TestCaseExecutor.java:264)
	at com.kms.katalon.core.main.TestCaseExecutor.accessMainPhase(TestCaseExecutor.java:256)
	at com.kms.katalon.core.main.TestCaseExecutor.execute(TestCaseExecutor.java:200)
	at com.kms.katalon.core.main.TestSuiteExecutor.accessTestCaseMainPhase(TestSuiteExecutor.java:129)
	at com.kms.katalon.core.main.TestSuiteExecutor.accessTestSuiteMainPhase(TestSuiteExecutor.java:112)
	at com.kms.katalon.core.main.TestSuiteExecutor.execute(TestSuiteExecutor.java:81)
	at com.kms.katalon.core.main.TestCaseMain.startTestSuite(TestCaseMain.java:142)
	at com.kms.katalon.core.main.TestCaseMain$startTestSuite$0.call(Unknown Source)
	at org.codehaus.groovy.runtime.callsite.CallSiteArray.defaultCall(CallSiteArray.java:48)
	at org.codehaus.groovy.runtime.callsite.AbstractCallSite.call(AbstractCallSite.java:113)
	at org.codehaus.groovy.runtime.callsite.AbstractCallSite.call(AbstractCallSite.java:141)
	at TempTestSuite1555483768349.run(TempTestSuite1555483768349.groovy:36)
	at groovy.lang.GroovyShell.runScriptOrMainOrTestOrRunnable(GroovyShell.java:263)
	at groovy.lang.GroovyShell.run(GroovyShell.java:518)
	at groovy.lang.GroovyShell.run(GroovyShell.java:507)
	at groovy.ui.GroovyMain.processOnce(GroovyMain.java:653)
	at groovy.ui.GroovyMain.run(GroovyMain.java:384)
	at groovy.ui.GroovyMain.process(GroovyMain.java:370)
	at groovy.ui.GroovyMain.processArgs(GroovyMain.java:129)
	at groovy.ui.GroovyMain.main(GroovyMain.java:109)
	at sun.reflect.NativeMethodAccessorImpl.invoke0(Native Method)
	at sun.reflect.NativeMethodAccessorImpl.invoke(NativeMethodAccessorImpl.java:62)
	at sun.reflect.DelegatingMethodAccessorImpl.invoke(DelegatingMethodAccessorImpl.java:43)
	at java.lang.reflect.Method.invoke(Method.java:498)
	at org.codehaus.groovy.tools.GroovyStarter.rootLoader(GroovyStarter.java:109)
	at org.codehaus.groovy.tools.GroovyStarter.main(GroovyStarter.java:131)
)]]></system-err>
      </testcase>
      <testcase name="Test Cases/002_System_,Manage/001_User_Manage/002_Add_user" classname="Test Cases/002_System_,Manage/001_User_Manage/002_Add_user" status="PASSED">
         <system-out><![CDATA[2019-04-17 14:55:32 - [TEST_CASE][PASSED] - Test Cases/002_System_,Manage/001_User_Manage/002_Add_user: Test Cases/002_System_,Manage/001_User_Manage/002_Add_user

2019-04-17 14:55:32 - [TEST_STEP][PASSED] - Start listener action : sampleBeforeTestCase: Invoke 'com.kms.katalon.core.annotation.BeforeTestCase' method: 'NewTestListener.sampleBeforeTestCase(...)' completed.

2019-04-17 14:55:32 - [TEST_STEP][PASSED] - Statement - println(testCaseContext.getTestCaseId()): null

2019-04-17 14:55:32 - [TEST_STEP][PASSED] - Statement - println(testCaseContext.getTestCaseVariables()): Invoke 'com.kms.katalon.core.annotation.BeforeTestCase' method: 'NewTestListener.sampleBeforeTestCase(...)' completed.

2019-04-17 14:55:32 - [TEST_STEP][NOT_RUN] - callTestCase: NOT_RUN: callTestCase

2019-04-17 14:55:32 - [MESSAGE][NOT_RUN] - NOT_RUN: callTestCase

2019-04-17 14:55:32 - [TEST_STEP][PASSED] - comment: begain to add one new user!

2019-04-17 14:55:32 - [TEST_STEP][PASSED] - click: Object: 'Object Repository/Syetem_settings/User_Manage/a_ new_user' is clicked on

2019-04-17 14:55:32 - [MESSAGE][PASSED] - Object: 'Object Repository/Syetem_settings/User_Manage/a_ new_user' is clicked on

2019-04-17 14:55:32 - [TEST_STEP][PASSED] - delay: Delayed 1 second(s)

2019-04-17 14:55:33 - [MESSAGE][PASSED] - Delayed 1 second(s)

2019-04-17 14:55:33 - [TEST_STEP][PASSED] - delay: Delayed 1 second(s)

2019-04-17 14:55:34 - [MESSAGE][PASSED] - Delayed 1 second(s)

2019-04-17 14:55:34 - [TEST_STEP][PASSED] - click: Object: 'Object Repository/Syetem_settings/User_Manage/user_info/choose_dept' is clicked on

2019-04-17 14:55:34 - [MESSAGE][PASSED] - Object: 'Object Repository/Syetem_settings/User_Manage/user_info/choose_dept' is clicked on

2019-04-17 14:55:34 - [TEST_STEP][PASSED] - delay: Delayed 1 second(s)

2019-04-17 14:55:35 - [MESSAGE][PASSED] - Delayed 1 second(s)

2019-04-17 14:55:35 - [TEST_STEP][PASSED] - click: Object: 'Object Repository/Syetem_settings/User_Manage/user_info/i__TreeNB' is clicked on

2019-04-17 14:55:36 - [MESSAGE][PASSED] - Object: 'Object Repository/Syetem_settings/User_Manage/user_info/i__TreeNB' is clicked on

2019-04-17 14:55:36 - [TEST_STEP][PASSED] - delay: Delayed 1 second(s)

2019-04-17 14:55:37 - [MESSAGE][PASSED] - Delayed 1 second(s)

2019-04-17 14:55:37 - [TEST_STEP][PASSED] - click: Object: 'Object Repository/Syetem_settings/User_Manage/user_info/cite_CQDepart' is clicked on

2019-04-17 14:55:37 - [MESSAGE][PASSED] - Object: 'Object Repository/Syetem_settings/User_Manage/user_info/cite_CQDepart' is clicked on

2019-04-17 14:55:37 - [TEST_STEP][PASSED] - delay: Delayed 1 second(s)

2019-04-17 14:55:38 - [MESSAGE][PASSED] - Delayed 1 second(s)

2019-04-17 14:55:38 - [TEST_STEP][PASSED] - setText: Text '测试人员11' is set on object 'Object Repository/Syetem_settings/User_Manage/user_info/input_ RealName'

2019-04-17 14:55:38 - [MESSAGE][PASSED] - Text '测试人员11' is set on object 'Object Repository/Syetem_settings/User_Manage/user_info/input_ RealName'

2019-04-17 14:55:38 - [TEST_STEP][PASSED] - delay: Delayed 1 second(s)

2019-04-17 14:55:39 - [MESSAGE][PASSED] - Delayed 1 second(s)

2019-04-17 14:55:39 - [TEST_STEP][PASSED] - setText: Text '测试岗位1' is set on object 'Object Repository/Syetem_settings/User_Manage/user_info/input_position'

2019-04-17 14:55:39 - [MESSAGE][PASSED] - Text '测试岗位1' is set on object 'Object Repository/Syetem_settings/User_Manage/user_info/input_position'

2019-04-17 14:55:39 - [TEST_STEP][PASSED] - delay: Delayed 1 second(s)

2019-04-17 14:55:40 - [MESSAGE][PASSED] - Delayed 1 second(s)

2019-04-17 14:55:40 - [TEST_STEP][PASSED] - setText: Text '15263625410' is set on object 'Object Repository/Syetem_settings/User_Manage/user_info/input_mobile'

2019-04-17 14:55:40 - [MESSAGE][PASSED] - Text '15263625410' is set on object 'Object Repository/Syetem_settings/User_Manage/user_info/input_mobile'

2019-04-17 14:55:40 - [TEST_STEP][PASSED] - delay: Delayed 1 second(s)

2019-04-17 14:55:41 - [MESSAGE][PASSED] - Delayed 1 second(s)

2019-04-17 14:55:41 - [TEST_STEP][PASSED] - setText: Text '45456465@qq.com' is set on object 'Object Repository/Syetem_settings/User_Manage/user_info/input_email'

2019-04-17 14:55:41 - [MESSAGE][PASSED] - Text '45456465@qq.com' is set on object 'Object Repository/Syetem_settings/User_Manage/user_info/input_email'

2019-04-17 14:55:41 - [TEST_STEP][PASSED] - delay: Delayed 1 second(s)

2019-04-17 14:55:42 - [MESSAGE][PASSED] - Delayed 1 second(s)

2019-04-17 14:55:42 - [TEST_STEP][PASSED] - click: Object: 'Object Repository/Syetem_settings/User_Manage/user_info/button_ Save' is clicked on

2019-04-17 14:55:42 - [MESSAGE][PASSED] - Object: 'Object Repository/Syetem_settings/User_Manage/user_info/button_ Save' is clicked on

2019-04-17 14:55:42 - [TEST_STEP][PASSED] - delay: Delayed 2 second(s)

2019-04-17 14:55:44 - [MESSAGE][PASSED] - Delayed 2 second(s)

2019-04-17 14:55:44 - [TEST_STEP][PASSED] - setText: Text '测试人员11' is set on object 'Object Repository/test/input__keyword'

2019-04-17 14:55:45 - [MESSAGE][PASSED] - Text '测试人员11' is set on object 'Object Repository/test/input__keyword'

2019-04-17 14:55:45 - [TEST_STEP][PASSED] - delay: Delayed 1 second(s)

2019-04-17 14:55:46 - [MESSAGE][PASSED] - Delayed 1 second(s)

2019-04-17 14:55:46 - [TEST_STEP][PASSED] - click: Object: 'Object Repository/test/button__layui-btn' is clicked on

2019-04-17 14:55:46 - [MESSAGE][PASSED] - Object: 'Object Repository/test/button__layui-btn' is clicked on

2019-04-17 14:55:46 - [TEST_STEP][PASSED] - delay: Delayed 1 second(s)

2019-04-17 14:55:47 - [MESSAGE][PASSED] - Delayed 1 second(s)

2019-04-17 14:55:47 - [TEST_STEP][PASSED] - Statement - Try: 列表中搜索到该用户，人员添加成功

2019-04-17 14:55:47 - [TEST_STEP][PASSED] - Statement - a = com.kms.katalon.core.testobject.ObjectRepository.findTestObject(Syetem_settings/User_Manage/Search/td_number1): Finding Test Object with id 'Object Repository/Syetem_settings/User_Manage/Search/td_number1'

2019-04-17 14:55:47 - [TEST_STEP][PASSED] - Statement - data_content = com.kms.katalon.core.webui.keyword.WebUiBuiltInKeywords.getAttribute(com.kms.katalon.core.testobject.ObjectRepository.findTestObject(Syetem_settings/User_Manage/Search/td_number1), "data-content"): Attribute 'data-content' of object 'Object Repository/Syetem_settings/User_Manage/Search/td_number1' is: '测试人员11'

2019-04-17 14:55:47 - [MESSAGE][PASSED] - Attribute 'data-content' of object 'Object Repository/Syetem_settings/User_Manage/Search/td_number1' is: '测试人员11'

2019-04-17 14:55:47 - [TEST_STEP][PASSED] - comment: 测试人员11

2019-04-17 14:55:47 - [TEST_STEP][PASSED] - Statement - If (data_content == username): 列表中搜索到该用户，人员添加成功

2019-04-17 14:55:47 - [TEST_STEP][PASSED] - comment: 列表中搜索到该用户，人员添加成功

2019-04-17 14:55:47 - [TEST_STEP][PASSED] - Start listener action : sampleAfterTestCase: Invoke 'com.kms.katalon.core.annotation.AfterTestCase' method: 'NewTestListener.sampleAfterTestCase(...)' completed.

2019-04-17 14:55:47 - [TEST_STEP][PASSED] - Statement - println(testCaseContext.getTestCaseId()): null

2019-04-17 14:55:47 - [TEST_STEP][PASSED] - Statement - println(testCaseContext.getTestCaseStatus()): Invoke 'com.kms.katalon.core.annotation.AfterTestCase' method: 'NewTestListener.sampleAfterTestCase(...)' completed.]]></system-out>
         <system-err><![CDATA[]]></system-err>
      </testcase>
      <testcase name="Test Cases/002_System_,Manage/001_User_Manage/002_Add_user" classname="Test Cases/002_System_,Manage/001_User_Manage/002_Add_user" status="PASSED">
         <system-out><![CDATA[2019-04-17 14:55:49 - [TEST_CASE][PASSED] - Test Cases/002_System_,Manage/001_User_Manage/002_Add_user: Test Cases/002_System_,Manage/001_User_Manage/002_Add_user

2019-04-17 14:55:49 - [TEST_STEP][PASSED] - Start listener action : sampleBeforeTestCase: Invoke 'com.kms.katalon.core.annotation.BeforeTestCase' method: 'NewTestListener.sampleBeforeTestCase(...)' completed.

2019-04-17 14:55:49 - [TEST_STEP][PASSED] - Statement - println(testCaseContext.getTestCaseId()): null

2019-04-17 14:55:49 - [TEST_STEP][PASSED] - Statement - println(testCaseContext.getTestCaseVariables()): Invoke 'com.kms.katalon.core.annotation.BeforeTestCase' method: 'NewTestListener.sampleBeforeTestCase(...)' completed.

2019-04-17 14:55:49 - [TEST_STEP][NOT_RUN] - callTestCase: NOT_RUN: callTestCase

2019-04-17 14:55:49 - [MESSAGE][NOT_RUN] - NOT_RUN: callTestCase

2019-04-17 14:55:49 - [TEST_STEP][PASSED] - comment: begain to add one new user!

2019-04-17 14:55:49 - [TEST_STEP][PASSED] - click: Object: 'Object Repository/Syetem_settings/User_Manage/a_ new_user' is clicked on

2019-04-17 14:55:49 - [MESSAGE][PASSED] - Object: 'Object Repository/Syetem_settings/User_Manage/a_ new_user' is clicked on

2019-04-17 14:55:49 - [TEST_STEP][PASSED] - delay: Delayed 1 second(s)

2019-04-17 14:55:50 - [MESSAGE][PASSED] - Delayed 1 second(s)

2019-04-17 14:55:50 - [TEST_STEP][PASSED] - delay: Delayed 1 second(s)

2019-04-17 14:55:51 - [MESSAGE][PASSED] - Delayed 1 second(s)

2019-04-17 14:55:51 - [TEST_STEP][PASSED] - click: Object: 'Object Repository/Syetem_settings/User_Manage/user_info/choose_dept' is clicked on

2019-04-17 14:55:51 - [MESSAGE][PASSED] - Object: 'Object Repository/Syetem_settings/User_Manage/user_info/choose_dept' is clicked on

2019-04-17 14:55:51 - [TEST_STEP][PASSED] - delay: Delayed 1 second(s)

2019-04-17 14:55:52 - [MESSAGE][PASSED] - Delayed 1 second(s)

2019-04-17 14:55:52 - [TEST_STEP][PASSED] - click: Object: 'Object Repository/Syetem_settings/User_Manage/user_info/i__TreeNB' is clicked on

2019-04-17 14:55:52 - [MESSAGE][PASSED] - Object: 'Object Repository/Syetem_settings/User_Manage/user_info/i__TreeNB' is clicked on

2019-04-17 14:55:52 - [TEST_STEP][PASSED] - delay: Delayed 1 second(s)

2019-04-17 14:55:53 - [MESSAGE][PASSED] - Delayed 1 second(s)

2019-04-17 14:55:53 - [TEST_STEP][PASSED] - click: Object: 'Object Repository/Syetem_settings/User_Manage/user_info/cite_CQDepart' is clicked on

2019-04-17 14:55:53 - [MESSAGE][PASSED] - Object: 'Object Repository/Syetem_settings/User_Manage/user_info/cite_CQDepart' is clicked on

2019-04-17 14:55:53 - [TEST_STEP][PASSED] - delay: Delayed 1 second(s)

2019-04-17 14:55:54 - [MESSAGE][PASSED] - Delayed 1 second(s)

2019-04-17 14:55:54 - [TEST_STEP][PASSED] - setText: Text '测试人员12' is set on object 'Object Repository/Syetem_settings/User_Manage/user_info/input_ RealName'

2019-04-17 14:55:54 - [MESSAGE][PASSED] - Text '测试人员12' is set on object 'Object Repository/Syetem_settings/User_Manage/user_info/input_ RealName'

2019-04-17 14:55:54 - [TEST_STEP][PASSED] - delay: Delayed 1 second(s)

2019-04-17 14:55:55 - [MESSAGE][PASSED] - Delayed 1 second(s)

2019-04-17 14:55:55 - [TEST_STEP][PASSED] - setText: Text '测试岗位1' is set on object 'Object Repository/Syetem_settings/User_Manage/user_info/input_position'

2019-04-17 14:55:55 - [MESSAGE][PASSED] - Text '测试岗位1' is set on object 'Object Repository/Syetem_settings/User_Manage/user_info/input_position'

2019-04-17 14:55:55 - [TEST_STEP][PASSED] - delay: Delayed 1 second(s)

2019-04-17 14:55:56 - [MESSAGE][PASSED] - Delayed 1 second(s)

2019-04-17 14:55:56 - [TEST_STEP][PASSED] - setText: Text '15263625410' is set on object 'Object Repository/Syetem_settings/User_Manage/user_info/input_mobile'

2019-04-17 14:55:57 - [MESSAGE][PASSED] - Text '15263625410' is set on object 'Object Repository/Syetem_settings/User_Manage/user_info/input_mobile'

2019-04-17 14:55:57 - [TEST_STEP][PASSED] - delay: Delayed 1 second(s)

2019-04-17 14:55:58 - [MESSAGE][PASSED] - Delayed 1 second(s)

2019-04-17 14:55:58 - [TEST_STEP][PASSED] - setText: Text '24s54255@outlook.com' is set on object 'Object Repository/Syetem_settings/User_Manage/user_info/input_email'

2019-04-17 14:55:58 - [MESSAGE][PASSED] - Text '24s54255@outlook.com' is set on object 'Object Repository/Syetem_settings/User_Manage/user_info/input_email'

2019-04-17 14:55:58 - [TEST_STEP][PASSED] - delay: Delayed 1 second(s)

2019-04-17 14:55:59 - [MESSAGE][PASSED] - Delayed 1 second(s)

2019-04-17 14:55:59 - [TEST_STEP][PASSED] - click: Object: 'Object Repository/Syetem_settings/User_Manage/user_info/button_ Save' is clicked on

2019-04-17 14:55:59 - [MESSAGE][PASSED] - Object: 'Object Repository/Syetem_settings/User_Manage/user_info/button_ Save' is clicked on

2019-04-17 14:55:59 - [TEST_STEP][PASSED] - delay: Delayed 2 second(s)

2019-04-17 14:56:01 - [MESSAGE][PASSED] - Delayed 2 second(s)

2019-04-17 14:56:01 - [TEST_STEP][PASSED] - setText: Text '测试人员12' is set on object 'Object Repository/test/input__keyword'

2019-04-17 14:56:01 - [MESSAGE][PASSED] - Text '测试人员12' is set on object 'Object Repository/test/input__keyword'

2019-04-17 14:56:01 - [TEST_STEP][PASSED] - delay: Delayed 1 second(s)

2019-04-17 14:56:02 - [MESSAGE][PASSED] - Delayed 1 second(s)

2019-04-17 14:56:02 - [TEST_STEP][PASSED] - click: Object: 'Object Repository/test/button__layui-btn' is clicked on

2019-04-17 14:56:02 - [MESSAGE][PASSED] - Object: 'Object Repository/test/button__layui-btn' is clicked on

2019-04-17 14:56:02 - [TEST_STEP][PASSED] - delay: Delayed 1 second(s)

2019-04-17 14:56:03 - [MESSAGE][PASSED] - Delayed 1 second(s)

2019-04-17 14:56:03 - [TEST_STEP][PASSED] - Statement - Try: 列表中搜索到该用户，人员添加成功

2019-04-17 14:56:03 - [TEST_STEP][PASSED] - Statement - a = com.kms.katalon.core.testobject.ObjectRepository.findTestObject(Syetem_settings/User_Manage/Search/td_number1): Finding Test Object with id 'Object Repository/Syetem_settings/User_Manage/Search/td_number1'

2019-04-17 14:56:03 - [TEST_STEP][PASSED] - Statement - data_content = com.kms.katalon.core.webui.keyword.WebUiBuiltInKeywords.getAttribute(com.kms.katalon.core.testobject.ObjectRepository.findTestObject(Syetem_settings/User_Manage/Search/td_number1), "data-content"): Attribute 'data-content' of object 'Object Repository/Syetem_settings/User_Manage/Search/td_number1' is: '测试人员12'

2019-04-17 14:56:03 - [MESSAGE][PASSED] - Attribute 'data-content' of object 'Object Repository/Syetem_settings/User_Manage/Search/td_number1' is: '测试人员12'

2019-04-17 14:56:03 - [TEST_STEP][PASSED] - comment: 测试人员12

2019-04-17 14:56:03 - [TEST_STEP][PASSED] - Statement - If (data_content == username): 列表中搜索到该用户，人员添加成功

2019-04-17 14:56:03 - [TEST_STEP][PASSED] - comment: 列表中搜索到该用户，人员添加成功

2019-04-17 14:56:03 - [TEST_STEP][PASSED] - Start listener action : sampleAfterTestCase: Invoke 'com.kms.katalon.core.annotation.AfterTestCase' method: 'NewTestListener.sampleAfterTestCase(...)' completed.

2019-04-17 14:56:03 - [TEST_STEP][PASSED] - Statement - println(testCaseContext.getTestCaseId()): null

2019-04-17 14:56:03 - [TEST_STEP][PASSED] - Statement - println(testCaseContext.getTestCaseStatus()): Invoke 'com.kms.katalon.core.annotation.AfterTestCase' method: 'NewTestListener.sampleAfterTestCase(...)' completed.]]></system-out>
         <system-err><![CDATA[]]></system-err>
      </testcase>
      <testcase name="Test Cases/002_System_,Manage/001_User_Manage/002_Add_user" classname="Test Cases/002_System_,Manage/001_User_Manage/002_Add_user" status="PASSED">
         <system-out><![CDATA[2019-04-17 14:56:05 - [TEST_CASE][PASSED] - Test Cases/002_System_,Manage/001_User_Manage/002_Add_user: Test Cases/002_System_,Manage/001_User_Manage/002_Add_user

2019-04-17 14:56:05 - [TEST_STEP][PASSED] - Start listener action : sampleBeforeTestCase: Invoke 'com.kms.katalon.core.annotation.BeforeTestCase' method: 'NewTestListener.sampleBeforeTestCase(...)' completed.

2019-04-17 14:56:05 - [TEST_STEP][PASSED] - Statement - println(testCaseContext.getTestCaseId()): null

2019-04-17 14:56:06 - [TEST_STEP][PASSED] - Statement - println(testCaseContext.getTestCaseVariables()): Invoke 'com.kms.katalon.core.annotation.BeforeTestCase' method: 'NewTestListener.sampleBeforeTestCase(...)' completed.

2019-04-17 14:56:06 - [TEST_STEP][NOT_RUN] - callTestCase: NOT_RUN: callTestCase

2019-04-17 14:56:06 - [MESSAGE][NOT_RUN] - NOT_RUN: callTestCase

2019-04-17 14:56:06 - [TEST_STEP][PASSED] - comment: begain to add one new user!

2019-04-17 14:56:06 - [TEST_STEP][PASSED] - click: Object: 'Object Repository/Syetem_settings/User_Manage/a_ new_user' is clicked on

2019-04-17 14:56:06 - [MESSAGE][PASSED] - Object: 'Object Repository/Syetem_settings/User_Manage/a_ new_user' is clicked on

2019-04-17 14:56:06 - [TEST_STEP][PASSED] - delay: Delayed 1 second(s)

2019-04-17 14:56:07 - [MESSAGE][PASSED] - Delayed 1 second(s)

2019-04-17 14:56:07 - [TEST_STEP][PASSED] - delay: Delayed 1 second(s)

2019-04-17 14:56:08 - [MESSAGE][PASSED] - Delayed 1 second(s)

2019-04-17 14:56:08 - [TEST_STEP][PASSED] - click: Object: 'Object Repository/Syetem_settings/User_Manage/user_info/choose_dept' is clicked on

2019-04-17 14:56:08 - [MESSAGE][PASSED] - Object: 'Object Repository/Syetem_settings/User_Manage/user_info/choose_dept' is clicked on

2019-04-17 14:56:08 - [TEST_STEP][PASSED] - delay: Delayed 1 second(s)

2019-04-17 14:56:09 - [MESSAGE][PASSED] - Delayed 1 second(s)

2019-04-17 14:56:09 - [TEST_STEP][PASSED] - click: Object: 'Object Repository/Syetem_settings/User_Manage/user_info/i__TreeNB' is clicked on

2019-04-17 14:56:09 - [MESSAGE][PASSED] - Object: 'Object Repository/Syetem_settings/User_Manage/user_info/i__TreeNB' is clicked on

2019-04-17 14:56:09 - [TEST_STEP][PASSED] - delay: Delayed 1 second(s)

2019-04-17 14:56:10 - [MESSAGE][PASSED] - Delayed 1 second(s)

2019-04-17 14:56:10 - [TEST_STEP][PASSED] - click: Object: 'Object Repository/Syetem_settings/User_Manage/user_info/cite_CQDepart' is clicked on

2019-04-17 14:56:10 - [MESSAGE][PASSED] - Object: 'Object Repository/Syetem_settings/User_Manage/user_info/cite_CQDepart' is clicked on

2019-04-17 14:56:10 - [TEST_STEP][PASSED] - delay: Delayed 1 second(s)

2019-04-17 14:56:11 - [MESSAGE][PASSED] - Delayed 1 second(s)

2019-04-17 14:56:11 - [TEST_STEP][PASSED] - setText: Text '测试人员13' is set on object 'Object Repository/Syetem_settings/User_Manage/user_info/input_ RealName'

2019-04-17 14:56:11 - [MESSAGE][PASSED] - Text '测试人员13' is set on object 'Object Repository/Syetem_settings/User_Manage/user_info/input_ RealName'

2019-04-17 14:56:11 - [TEST_STEP][PASSED] - delay: Delayed 1 second(s)

2019-04-17 14:56:12 - [MESSAGE][PASSED] - Delayed 1 second(s)

2019-04-17 14:56:12 - [TEST_STEP][PASSED] - setText: Text '测试岗位1' is set on object 'Object Repository/Syetem_settings/User_Manage/user_info/input_position'

2019-04-17 14:56:13 - [MESSAGE][PASSED] - Text '测试岗位1' is set on object 'Object Repository/Syetem_settings/User_Manage/user_info/input_position'

2019-04-17 14:56:13 - [TEST_STEP][PASSED] - delay: Delayed 1 second(s)

2019-04-17 14:56:14 - [MESSAGE][PASSED] - Delayed 1 second(s)

2019-04-17 14:56:14 - [TEST_STEP][PASSED] - setText: Text '15263625410' is set on object 'Object Repository/Syetem_settings/User_Manage/user_info/input_mobile'

2019-04-17 14:56:14 - [MESSAGE][PASSED] - Text '15263625410' is set on object 'Object Repository/Syetem_settings/User_Manage/user_info/input_mobile'

2019-04-17 14:56:14 - [TEST_STEP][PASSED] - delay: Delayed 1 second(s)

2019-04-17 14:56:15 - [MESSAGE][PASSED] - Delayed 1 second(s)

2019-04-17 14:56:15 - [TEST_STEP][PASSED] - setText: Text 'f1224359483w90@gamil.com' is set on object 'Object Repository/Syetem_settings/User_Manage/user_info/input_email'

2019-04-17 14:56:15 - [MESSAGE][PASSED] - Text 'f1224359483w90@gamil.com' is set on object 'Object Repository/Syetem_settings/User_Manage/user_info/input_email'

2019-04-17 14:56:15 - [TEST_STEP][PASSED] - delay: Delayed 1 second(s)

2019-04-17 14:56:16 - [MESSAGE][PASSED] - Delayed 1 second(s)

2019-04-17 14:56:16 - [TEST_STEP][PASSED] - click: Object: 'Object Repository/Syetem_settings/User_Manage/user_info/button_ Save' is clicked on

2019-04-17 14:56:16 - [MESSAGE][PASSED] - Object: 'Object Repository/Syetem_settings/User_Manage/user_info/button_ Save' is clicked on

2019-04-17 14:56:16 - [TEST_STEP][PASSED] - delay: Delayed 2 second(s)

2019-04-17 14:56:18 - [MESSAGE][PASSED] - Delayed 2 second(s)

2019-04-17 14:56:18 - [TEST_STEP][PASSED] - setText: Text '测试人员13' is set on object 'Object Repository/test/input__keyword'

2019-04-17 14:56:19 - [MESSAGE][PASSED] - Text '测试人员13' is set on object 'Object Repository/test/input__keyword'

2019-04-17 14:56:19 - [TEST_STEP][PASSED] - delay: Delayed 1 second(s)

2019-04-17 14:56:20 - [MESSAGE][PASSED] - Delayed 1 second(s)

2019-04-17 14:56:20 - [TEST_STEP][PASSED] - click: Object: 'Object Repository/test/button__layui-btn' is clicked on

2019-04-17 14:56:20 - [MESSAGE][PASSED] - Object: 'Object Repository/test/button__layui-btn' is clicked on

2019-04-17 14:56:20 - [TEST_STEP][PASSED] - delay: Delayed 1 second(s)

2019-04-17 14:56:21 - [MESSAGE][PASSED] - Delayed 1 second(s)

2019-04-17 14:56:21 - [TEST_STEP][PASSED] - Statement - Try: 列表中搜索到该用户，人员添加成功

2019-04-17 14:56:21 - [TEST_STEP][PASSED] - Statement - a = com.kms.katalon.core.testobject.ObjectRepository.findTestObject(Syetem_settings/User_Manage/Search/td_number1): Finding Test Object with id 'Object Repository/Syetem_settings/User_Manage/Search/td_number1'

2019-04-17 14:56:21 - [TEST_STEP][PASSED] - Statement - data_content = com.kms.katalon.core.webui.keyword.WebUiBuiltInKeywords.getAttribute(com.kms.katalon.core.testobject.ObjectRepository.findTestObject(Syetem_settings/User_Manage/Search/td_number1), "data-content"): Attribute 'data-content' of object 'Object Repository/Syetem_settings/User_Manage/Search/td_number1' is: '测试人员13'

2019-04-17 14:56:21 - [MESSAGE][PASSED] - Attribute 'data-content' of object 'Object Repository/Syetem_settings/User_Manage/Search/td_number1' is: '测试人员13'

2019-04-17 14:56:21 - [TEST_STEP][PASSED] - comment: 测试人员13

2019-04-17 14:56:21 - [TEST_STEP][PASSED] - Statement - If (data_content == username): 列表中搜索到该用户，人员添加成功

2019-04-17 14:56:21 - [TEST_STEP][PASSED] - comment: 列表中搜索到该用户，人员添加成功

2019-04-17 14:56:21 - [TEST_STEP][PASSED] - Start listener action : sampleAfterTestCase: Invoke 'com.kms.katalon.core.annotation.AfterTestCase' method: 'NewTestListener.sampleAfterTestCase(...)' completed.

2019-04-17 14:56:21 - [TEST_STEP][PASSED] - Statement - println(testCaseContext.getTestCaseId()): null

2019-04-17 14:56:21 - [TEST_STEP][PASSED] - Statement - println(testCaseContext.getTestCaseStatus()): Invoke 'com.kms.katalon.core.annotation.AfterTestCase' method: 'NewTestListener.sampleAfterTestCase(...)' completed.]]></system-out>
         <system-err><![CDATA[]]></system-err>
      </testcase>
      <testcase name="Test Cases/002_System_,Manage/001_User_Manage/002_Add_user" classname="Test Cases/002_System_,Manage/001_User_Manage/002_Add_user" status="PASSED">
         <system-out><![CDATA[2019-04-17 14:56:23 - [TEST_CASE][PASSED] - Test Cases/002_System_,Manage/001_User_Manage/002_Add_user: Test Cases/002_System_,Manage/001_User_Manage/002_Add_user

2019-04-17 14:56:23 - [TEST_STEP][PASSED] - Start listener action : sampleBeforeTestCase: Invoke 'com.kms.katalon.core.annotation.BeforeTestCase' method: 'NewTestListener.sampleBeforeTestCase(...)' completed.

2019-04-17 14:56:23 - [TEST_STEP][PASSED] - Statement - println(testCaseContext.getTestCaseId()): null

2019-04-17 14:56:23 - [TEST_STEP][PASSED] - Statement - println(testCaseContext.getTestCaseVariables()): Invoke 'com.kms.katalon.core.annotation.BeforeTestCase' method: 'NewTestListener.sampleBeforeTestCase(...)' completed.

2019-04-17 14:56:23 - [TEST_STEP][NOT_RUN] - callTestCase: NOT_RUN: callTestCase

2019-04-17 14:56:23 - [MESSAGE][NOT_RUN] - NOT_RUN: callTestCase

2019-04-17 14:56:23 - [TEST_STEP][PASSED] - comment: begain to add one new user!

2019-04-17 14:56:23 - [TEST_STEP][PASSED] - click: Object: 'Object Repository/Syetem_settings/User_Manage/a_ new_user' is clicked on

2019-04-17 14:56:23 - [MESSAGE][PASSED] - Object: 'Object Repository/Syetem_settings/User_Manage/a_ new_user' is clicked on

2019-04-17 14:56:23 - [TEST_STEP][PASSED] - delay: Delayed 1 second(s)

2019-04-17 14:56:24 - [MESSAGE][PASSED] - Delayed 1 second(s)

2019-04-17 14:56:24 - [TEST_STEP][PASSED] - delay: Delayed 1 second(s)

2019-04-17 14:56:25 - [MESSAGE][PASSED] - Delayed 1 second(s)

2019-04-17 14:56:25 - [TEST_STEP][PASSED] - click: Object: 'Object Repository/Syetem_settings/User_Manage/user_info/choose_dept' is clicked on

2019-04-17 14:56:25 - [MESSAGE][PASSED] - Object: 'Object Repository/Syetem_settings/User_Manage/user_info/choose_dept' is clicked on

2019-04-17 14:56:25 - [TEST_STEP][PASSED] - delay: Delayed 1 second(s)

2019-04-17 14:56:26 - [MESSAGE][PASSED] - Delayed 1 second(s)

2019-04-17 14:56:26 - [TEST_STEP][PASSED] - click: Object: 'Object Repository/Syetem_settings/User_Manage/user_info/i__TreeNB' is clicked on

2019-04-17 14:56:26 - [MESSAGE][PASSED] - Object: 'Object Repository/Syetem_settings/User_Manage/user_info/i__TreeNB' is clicked on

2019-04-17 14:56:26 - [TEST_STEP][PASSED] - delay: Delayed 1 second(s)

2019-04-17 14:56:27 - [MESSAGE][PASSED] - Delayed 1 second(s)

2019-04-17 14:56:27 - [TEST_STEP][PASSED] - click: Object: 'Object Repository/Syetem_settings/User_Manage/user_info/cite_CQDepart' is clicked on

2019-04-17 14:56:27 - [MESSAGE][PASSED] - Object: 'Object Repository/Syetem_settings/User_Manage/user_info/cite_CQDepart' is clicked on

2019-04-17 14:56:27 - [TEST_STEP][PASSED] - delay: Delayed 1 second(s)

2019-04-17 14:56:28 - [MESSAGE][PASSED] - Delayed 1 second(s)

2019-04-17 14:56:28 - [TEST_STEP][PASSED] - setText: Text '！@#￥%……09' is set on object 'Object Repository/Syetem_settings/User_Manage/user_info/input_ RealName'

2019-04-17 14:56:28 - [MESSAGE][PASSED] - Text '！@#￥%……09' is set on object 'Object Repository/Syetem_settings/User_Manage/user_info/input_ RealName'

2019-04-17 14:56:28 - [TEST_STEP][PASSED] - delay: Delayed 1 second(s)

2019-04-17 14:56:29 - [MESSAGE][PASSED] - Delayed 1 second(s)

2019-04-17 14:56:29 - [TEST_STEP][PASSED] - setText: Text '！@#￥%……&*' is set on object 'Object Repository/Syetem_settings/User_Manage/user_info/input_position'

2019-04-17 14:56:30 - [MESSAGE][PASSED] - Text '！@#￥%……&*' is set on object 'Object Repository/Syetem_settings/User_Manage/user_info/input_position'

2019-04-17 14:56:30 - [TEST_STEP][PASSED] - delay: Delayed 1 second(s)

2019-04-17 14:56:31 - [MESSAGE][PASSED] - Delayed 1 second(s)

2019-04-17 14:56:31 - [TEST_STEP][PASSED] - setText: Text '152564564868' is set on object 'Object Repository/Syetem_settings/User_Manage/user_info/input_mobile'

2019-04-17 14:56:31 - [MESSAGE][PASSED] - Text '152564564868' is set on object 'Object Repository/Syetem_settings/User_Manage/user_info/input_mobile'

2019-04-17 14:56:31 - [TEST_STEP][PASSED] - delay: Delayed 1 second(s)

2019-04-17 14:56:32 - [MESSAGE][PASSED] - Delayed 1 second(s)

2019-04-17 14:56:32 - [TEST_STEP][PASSED] - setText: Text '7425365@qq.com' is set on object 'Object Repository/Syetem_settings/User_Manage/user_info/input_email'

2019-04-17 14:56:32 - [MESSAGE][PASSED] - Text '7425365@qq.com' is set on object 'Object Repository/Syetem_settings/User_Manage/user_info/input_email'

2019-04-17 14:56:32 - [TEST_STEP][PASSED] - delay: Delayed 1 second(s)

2019-04-17 14:56:33 - [MESSAGE][PASSED] - Delayed 1 second(s)

2019-04-17 14:56:33 - [TEST_STEP][PASSED] - click: Object: 'Object Repository/Syetem_settings/User_Manage/user_info/button_ Save' is clicked on

2019-04-17 14:56:33 - [MESSAGE][PASSED] - Object: 'Object Repository/Syetem_settings/User_Manage/user_info/button_ Save' is clicked on

2019-04-17 14:56:33 - [TEST_STEP][PASSED] - delay: Delayed 2 second(s)

2019-04-17 14:56:35 - [MESSAGE][PASSED] - Delayed 2 second(s)

2019-04-17 14:56:35 - [TEST_STEP][PASSED] - setText: Text '！@#￥%……09' is set on object 'Object Repository/test/input__keyword'

2019-04-17 14:56:35 - [MESSAGE][PASSED] - Text '！@#￥%……09' is set on object 'Object Repository/test/input__keyword'

2019-04-17 14:56:35 - [TEST_STEP][PASSED] - delay: Delayed 1 second(s)

2019-04-17 14:56:36 - [MESSAGE][PASSED] - Delayed 1 second(s)

2019-04-17 14:56:36 - [TEST_STEP][PASSED] - click: Object: 'Object Repository/test/button__layui-btn' is clicked on

2019-04-17 14:56:36 - [MESSAGE][PASSED] - Object: 'Object Repository/test/button__layui-btn' is clicked on

2019-04-17 14:56:36 - [TEST_STEP][PASSED] - delay: Delayed 1 second(s)

2019-04-17 14:56:37 - [MESSAGE][PASSED] - Delayed 1 second(s)

2019-04-17 14:56:38 - [TEST_STEP][PASSED] - Statement - Try: 列表中搜索到该用户，人员添加成功

2019-04-17 14:56:38 - [TEST_STEP][PASSED] - Statement - a = com.kms.katalon.core.testobject.ObjectRepository.findTestObject(Syetem_settings/User_Manage/Search/td_number1): Finding Test Object with id 'Object Repository/Syetem_settings/User_Manage/Search/td_number1'

2019-04-17 14:56:38 - [TEST_STEP][PASSED] - Statement - data_content = com.kms.katalon.core.webui.keyword.WebUiBuiltInKeywords.getAttribute(com.kms.katalon.core.testobject.ObjectRepository.findTestObject(Syetem_settings/User_Manage/Search/td_number1), "data-content"): Attribute 'data-content' of object 'Object Repository/Syetem_settings/User_Manage/Search/td_number1' is: '！@#￥%……09'

2019-04-17 14:56:38 - [MESSAGE][PASSED] - Attribute 'data-content' of object 'Object Repository/Syetem_settings/User_Manage/Search/td_number1' is: '！@#￥%……09'

2019-04-17 14:56:38 - [TEST_STEP][PASSED] - comment: ！@#￥%……09

2019-04-17 14:56:38 - [TEST_STEP][PASSED] - Statement - If (data_content == username): 列表中搜索到该用户，人员添加成功

2019-04-17 14:56:38 - [TEST_STEP][PASSED] - comment: 列表中搜索到该用户，人员添加成功

2019-04-17 14:56:38 - [TEST_STEP][PASSED] - Start listener action : sampleAfterTestCase: Invoke 'com.kms.katalon.core.annotation.AfterTestCase' method: 'NewTestListener.sampleAfterTestCase(...)' completed.

2019-04-17 14:56:38 - [TEST_STEP][PASSED] - Statement - println(testCaseContext.getTestCaseId()): null

2019-04-17 14:56:38 - [TEST_STEP][PASSED] - Statement - println(testCaseContext.getTestCaseStatus()): Invoke 'com.kms.katalon.core.annotation.AfterTestCase' method: 'NewTestListener.sampleAfterTestCase(...)' completed.]]></system-out>
         <system-err><![CDATA[]]></system-err>
      </testcase>
      <testcase name="Test Cases/002_System_,Manage/001_User_Manage/003_Add_user_uique" classname="Test Cases/002_System_,Manage/001_User_Manage/003_Add_user_uique" status="PASSED">
         <system-out><![CDATA[2019-04-17 14:56:40 - [TEST_CASE][PASSED] - Test Cases/002_System_,Manage/001_User_Manage/003_Add_user_uique: Test Cases/002_System_,Manage/001_User_Manage/003_Add_user_uique

2019-04-17 14:56:40 - [TEST_STEP][PASSED] - Start listener action : sampleBeforeTestCase: Invoke 'com.kms.katalon.core.annotation.BeforeTestCase' method: 'NewTestListener.sampleBeforeTestCase(...)' completed.

2019-04-17 14:56:40 - [TEST_STEP][PASSED] - Statement - println(testCaseContext.getTestCaseId()): null

2019-04-17 14:56:40 - [TEST_STEP][PASSED] - Statement - println(testCaseContext.getTestCaseVariables()): Invoke 'com.kms.katalon.core.annotation.BeforeTestCase' method: 'NewTestListener.sampleBeforeTestCase(...)' completed.

2019-04-17 14:56:40 - [TEST_STEP][NOT_RUN] - callTestCase: NOT_RUN: callTestCase

2019-04-17 14:56:40 - [MESSAGE][NOT_RUN] - NOT_RUN: callTestCase

2019-04-17 14:56:40 - [TEST_STEP][PASSED] - comment: begain to add one new user!

2019-04-17 14:56:40 - [TEST_STEP][PASSED] - click: Object: 'Object Repository/Syetem_settings/User_Manage/a_ new_user' is clicked on

2019-04-17 14:56:40 - [MESSAGE][PASSED] - Object: 'Object Repository/Syetem_settings/User_Manage/a_ new_user' is clicked on

2019-04-17 14:56:40 - [TEST_STEP][PASSED] - delay: Delayed 1 second(s)

2019-04-17 14:56:41 - [MESSAGE][PASSED] - Delayed 1 second(s)

2019-04-17 14:56:41 - [TEST_STEP][PASSED] - click: Object: 'Object Repository/Syetem_settings/User_Manage/user_info/choose_dept' is clicked on

2019-04-17 14:56:41 - [MESSAGE][PASSED] - Object: 'Object Repository/Syetem_settings/User_Manage/user_info/choose_dept' is clicked on

2019-04-17 14:56:41 - [TEST_STEP][PASSED] - delay: Delayed 1 second(s)

2019-04-17 14:56:42 - [MESSAGE][PASSED] - Delayed 1 second(s)

2019-04-17 14:56:42 - [TEST_STEP][PASSED] - click: Object: 'Object Repository/Syetem_settings/User_Manage/user_info/i__TreeNB' is clicked on

2019-04-17 14:56:42 - [MESSAGE][PASSED] - Object: 'Object Repository/Syetem_settings/User_Manage/user_info/i__TreeNB' is clicked on

2019-04-17 14:56:42 - [TEST_STEP][PASSED] - delay: Delayed 1 second(s)

2019-04-17 14:56:43 - [MESSAGE][PASSED] - Delayed 1 second(s)

2019-04-17 14:56:43 - [TEST_STEP][PASSED] - click: Object: 'Object Repository/Syetem_settings/User_Manage/user_info/cite_CQDepart' is clicked on

2019-04-17 14:56:43 - [MESSAGE][PASSED] - Object: 'Object Repository/Syetem_settings/User_Manage/user_info/cite_CQDepart' is clicked on

2019-04-17 14:56:43 - [TEST_STEP][PASSED] - delay: Delayed 1 second(s)

2019-04-17 14:56:44 - [MESSAGE][PASSED] - Delayed 1 second(s)

2019-04-17 14:56:44 - [TEST_STEP][PASSED] - setText: Text '！@#￥%……' is set on object 'Object Repository/Syetem_settings/User_Manage/user_info/input_ RealName'

2019-04-17 14:56:44 - [MESSAGE][PASSED] - Text '！@#￥%……' is set on object 'Object Repository/Syetem_settings/User_Manage/user_info/input_ RealName'

2019-04-17 14:56:44 - [TEST_STEP][PASSED] - delay: Delayed 1 second(s)

2019-04-17 14:56:45 - [MESSAGE][PASSED] - Delayed 1 second(s)

2019-04-17 14:56:45 - [TEST_STEP][PASSED] - setText: Text '！@#￥%……&*' is set on object 'Object Repository/Syetem_settings/User_Manage/user_info/input_position'

2019-04-17 14:56:46 - [MESSAGE][PASSED] - Text '！@#￥%……&*' is set on object 'Object Repository/Syetem_settings/User_Manage/user_info/input_position'

2019-04-17 14:56:46 - [TEST_STEP][PASSED] - delay: Delayed 1 second(s)

2019-04-17 14:56:47 - [MESSAGE][PASSED] - Delayed 1 second(s)

2019-04-17 14:56:47 - [TEST_STEP][PASSED] - setText: Text '！@#￥%……&*' is set on object 'Object Repository/Syetem_settings/User_Manage/user_info/input_mobile'

2019-04-17 14:56:47 - [MESSAGE][PASSED] - Text '！@#￥%……&*' is set on object 'Object Repository/Syetem_settings/User_Manage/user_info/input_mobile'

2019-04-17 14:56:47 - [TEST_STEP][PASSED] - delay: Delayed 1 second(s)

2019-04-17 14:56:48 - [MESSAGE][PASSED] - Delayed 1 second(s)

2019-04-17 14:56:48 - [TEST_STEP][PASSED] - setText: Text '7425365@qq.com' is set on object 'Object Repository/Syetem_settings/User_Manage/user_info/input_email'

2019-04-17 14:56:48 - [MESSAGE][PASSED] - Text '7425365@qq.com' is set on object 'Object Repository/Syetem_settings/User_Manage/user_info/input_email'

2019-04-17 14:56:48 - [TEST_STEP][PASSED] - delay: Delayed 1 second(s)

2019-04-17 14:56:49 - [MESSAGE][PASSED] - Delayed 1 second(s)

2019-04-17 14:56:49 - [TEST_STEP][PASSED] - click: Object: 'Object Repository/Syetem_settings/User_Manage/user_info/button_ Save' is clicked on

2019-04-17 14:56:49 - [MESSAGE][PASSED] - Object: 'Object Repository/Syetem_settings/User_Manage/user_info/button_ Save' is clicked on

2019-04-17 14:56:49 - [TEST_STEP][PASSED] - Statement - If (com.kms.katalon.core.webui.keyword.WebUiBuiltInKeywords.verifyElementPresent(com.kms.katalon.core.testobject.ObjectRepository.findTestObject(Syetem_settings/User_Manage/user_info/tips_save), 10)): Object: 'Object Repository/Syetem_settings/User_Manage/user_info/close_user' is clicked on

2019-04-17 14:56:49 - [MESSAGE][PASSED] - Object 'Object Repository/Syetem_settings/User_Manage/user_info/tips_save' is present

2019-04-17 14:56:49 - [TEST_STEP][PASSED] - comment: 发现不能为空的提示

2019-04-17 14:56:49 - [TEST_STEP][PASSED] - delay: Delayed 1 second(s)

2019-04-17 14:56:50 - [MESSAGE][PASSED] - Delayed 1 second(s)

2019-04-17 14:56:50 - [TEST_STEP][PASSED] - click: Object: 'Object Repository/Syetem_settings/User_Manage/user_info/close_user' is clicked on

2019-04-17 14:56:50 - [MESSAGE][PASSED] - Object: 'Object Repository/Syetem_settings/User_Manage/user_info/close_user' is clicked on

2019-04-17 14:56:50 - [TEST_STEP][PASSED] - delay: Delayed 1 second(s)

2019-04-17 14:56:51 - [MESSAGE][PASSED] - Delayed 1 second(s)

2019-04-17 14:56:51 - [TEST_STEP][PASSED] - click: Object: 'Object Repository/Syetem_settings/User_Manage/a_ new_user' is clicked on

2019-04-17 14:56:51 - [MESSAGE][PASSED] - Object: 'Object Repository/Syetem_settings/User_Manage/a_ new_user' is clicked on

2019-04-17 14:56:51 - [TEST_STEP][PASSED] - delay: Delayed 1 second(s)

2019-04-17 14:56:52 - [MESSAGE][PASSED] - Delayed 1 second(s)

2019-04-17 14:56:52 - [TEST_STEP][PASSED] - click: Object: 'Object Repository/Syetem_settings/User_Manage/user_info/choose_dept' is clicked on

2019-04-17 14:56:52 - [MESSAGE][PASSED] - Object: 'Object Repository/Syetem_settings/User_Manage/user_info/choose_dept' is clicked on

2019-04-17 14:56:52 - [TEST_STEP][PASSED] - delay: Delayed 1 second(s)

2019-04-17 14:56:53 - [MESSAGE][PASSED] - Delayed 1 second(s)

2019-04-17 14:56:53 - [TEST_STEP][PASSED] - click: Object: 'Object Repository/Syetem_settings/User_Manage/user_info/i__TreeNB' is clicked on

2019-04-17 14:56:54 - [MESSAGE][PASSED] - Object: 'Object Repository/Syetem_settings/User_Manage/user_info/i__TreeNB' is clicked on

2019-04-17 14:56:54 - [TEST_STEP][PASSED] - delay: Delayed 1 second(s)

2019-04-17 14:56:55 - [MESSAGE][PASSED] - Delayed 1 second(s)

2019-04-17 14:56:55 - [TEST_STEP][PASSED] - click: Object: 'Object Repository/Syetem_settings/User_Manage/user_info/cite_CQDepart' is clicked on

2019-04-17 14:56:55 - [MESSAGE][PASSED] - Object: 'Object Repository/Syetem_settings/User_Manage/user_info/cite_CQDepart' is clicked on

2019-04-17 14:56:55 - [TEST_STEP][PASSED] - delay: Delayed 1 second(s)

2019-04-17 14:56:56 - [MESSAGE][PASSED] - Delayed 1 second(s)

2019-04-17 14:56:56 - [TEST_STEP][PASSED] - setText: Text '验证邮箱格式' is set on object 'Object Repository/Syetem_settings/User_Manage/user_info/input_ RealName'

2019-04-17 14:56:56 - [MESSAGE][PASSED] - Text '验证邮箱格式' is set on object 'Object Repository/Syetem_settings/User_Manage/user_info/input_ RealName'

2019-04-17 14:56:56 - [TEST_STEP][PASSED] - delay: Delayed 1 second(s)

2019-04-17 14:56:57 - [MESSAGE][PASSED] - Delayed 1 second(s)

2019-04-17 14:56:57 - [TEST_STEP][PASSED] - setText: Text '测试' is set on object 'Object Repository/Syetem_settings/User_Manage/user_info/input_position'

2019-04-17 14:56:57 - [MESSAGE][PASSED] - Text '测试' is set on object 'Object Repository/Syetem_settings/User_Manage/user_info/input_position'

2019-04-17 14:56:57 - [TEST_STEP][PASSED] - delay: Delayed 1 second(s)

2019-04-17 14:56:58 - [MESSAGE][PASSED] - Delayed 1 second(s)

2019-04-17 14:56:58 - [TEST_STEP][PASSED] - setText: Text '15263625413' is set on object 'Object Repository/Syetem_settings/User_Manage/user_info/input_mobile'

2019-04-17 14:56:58 - [MESSAGE][PASSED] - Text '15263625413' is set on object 'Object Repository/Syetem_settings/User_Manage/user_info/input_mobile'

2019-04-17 14:56:58 - [TEST_STEP][PASSED] - delay: Delayed 1 second(s)

2019-04-17 14:56:59 - [MESSAGE][PASSED] - Delayed 1 second(s)

2019-04-17 14:56:59 - [TEST_STEP][PASSED] - setText: Text '！#￥%……&*' is set on object 'Object Repository/Syetem_settings/User_Manage/user_info/input_email'

2019-04-17 14:56:59 - [MESSAGE][PASSED] - Text '！#￥%……&*' is set on object 'Object Repository/Syetem_settings/User_Manage/user_info/input_email'

2019-04-17 14:56:59 - [TEST_STEP][PASSED] - click: Object: 'Object Repository/Syetem_settings/User_Manage/user_info/button_ Save' is clicked on

2019-04-17 14:57:00 - [MESSAGE][PASSED] - Object: 'Object Repository/Syetem_settings/User_Manage/user_info/button_ Save' is clicked on

2019-04-17 14:57:00 - [TEST_STEP][PASSED] - Statement - If (com.kms.katalon.core.webui.keyword.WebUiBuiltInKeywords.verifyElementPresent(com.kms.katalon.core.testobject.ObjectRepository.findTestObject(Syetem_settings/User_Manage/user_info/save_email), 10)): Object: 'Object Repository/Syetem_settings/User_Manage/user_info/close_user' is clicked on

2019-04-17 14:57:00 - [MESSAGE][PASSED] - Object 'Object Repository/Syetem_settings/User_Manage/user_info/save_email' is present

2019-04-17 14:57:00 - [TEST_STEP][PASSED] - comment: 发现邮件格式不对的提示

2019-04-17 14:57:00 - [TEST_STEP][PASSED] - delay: Delayed 1 second(s)

2019-04-17 14:57:01 - [MESSAGE][PASSED] - Delayed 1 second(s)

2019-04-17 14:57:01 - [TEST_STEP][PASSED] - click: Object: 'Object Repository/Syetem_settings/User_Manage/user_info/close_user' is clicked on

2019-04-17 14:57:01 - [MESSAGE][PASSED] - Object: 'Object Repository/Syetem_settings/User_Manage/user_info/close_user' is clicked on

2019-04-17 14:57:01 - [TEST_STEP][PASSED] - Start listener action : sampleAfterTestCase: Invoke 'com.kms.katalon.core.annotation.AfterTestCase' method: 'NewTestListener.sampleAfterTestCase(...)' completed.

2019-04-17 14:57:01 - [TEST_STEP][PASSED] - Statement - println(testCaseContext.getTestCaseId()): null

2019-04-17 14:57:01 - [TEST_STEP][PASSED] - Statement - println(testCaseContext.getTestCaseStatus()): Invoke 'com.kms.katalon.core.annotation.AfterTestCase' method: 'NewTestListener.sampleAfterTestCase(...)' completed.]]></system-out>
         <system-err><![CDATA[]]></system-err>
      </testcase>
      <testcase name="Test Cases/002_System_,Manage/001_User_Manage/003_Add_user_uique" classname="Test Cases/002_System_,Manage/001_User_Manage/003_Add_user_uique" status="PASSED">
         <system-out><![CDATA[2019-04-17 14:57:03 - [TEST_CASE][PASSED] - Test Cases/002_System_,Manage/001_User_Manage/003_Add_user_uique: Test Cases/002_System_,Manage/001_User_Manage/003_Add_user_uique

2019-04-17 14:57:03 - [TEST_STEP][PASSED] - Start listener action : sampleBeforeTestCase: Invoke 'com.kms.katalon.core.annotation.BeforeTestCase' method: 'NewTestListener.sampleBeforeTestCase(...)' completed.

2019-04-17 14:57:03 - [TEST_STEP][PASSED] - Statement - println(testCaseContext.getTestCaseId()): null

2019-04-17 14:57:03 - [TEST_STEP][PASSED] - Statement - println(testCaseContext.getTestCaseVariables()): Invoke 'com.kms.katalon.core.annotation.BeforeTestCase' method: 'NewTestListener.sampleBeforeTestCase(...)' completed.

2019-04-17 14:57:03 - [TEST_STEP][NOT_RUN] - callTestCase: NOT_RUN: callTestCase

2019-04-17 14:57:03 - [MESSAGE][NOT_RUN] - NOT_RUN: callTestCase

2019-04-17 14:57:03 - [TEST_STEP][PASSED] - comment: begain to add one new user!

2019-04-17 14:57:03 - [TEST_STEP][PASSED] - click: Object: 'Object Repository/Syetem_settings/User_Manage/a_ new_user' is clicked on

2019-04-17 14:57:03 - [MESSAGE][PASSED] - Object: 'Object Repository/Syetem_settings/User_Manage/a_ new_user' is clicked on

2019-04-17 14:57:03 - [TEST_STEP][PASSED] - delay: Delayed 1 second(s)

2019-04-17 14:57:04 - [MESSAGE][PASSED] - Delayed 1 second(s)

2019-04-17 14:57:04 - [TEST_STEP][PASSED] - click: Object: 'Object Repository/Syetem_settings/User_Manage/user_info/choose_dept' is clicked on

2019-04-17 14:57:04 - [MESSAGE][PASSED] - Object: 'Object Repository/Syetem_settings/User_Manage/user_info/choose_dept' is clicked on

2019-04-17 14:57:04 - [TEST_STEP][PASSED] - delay: Delayed 1 second(s)

2019-04-17 14:57:05 - [MESSAGE][PASSED] - Delayed 1 second(s)

2019-04-17 14:57:05 - [TEST_STEP][PASSED] - click: Object: 'Object Repository/Syetem_settings/User_Manage/user_info/i__TreeNB' is clicked on

2019-04-17 14:57:05 - [MESSAGE][PASSED] - Object: 'Object Repository/Syetem_settings/User_Manage/user_info/i__TreeNB' is clicked on

2019-04-17 14:57:05 - [TEST_STEP][PASSED] - delay: Delayed 1 second(s)

2019-04-17 14:57:06 - [MESSAGE][PASSED] - Delayed 1 second(s)

2019-04-17 14:57:06 - [TEST_STEP][PASSED] - click: Object: 'Object Repository/Syetem_settings/User_Manage/user_info/cite_CQDepart' is clicked on

2019-04-17 14:57:06 - [MESSAGE][PASSED] - Object: 'Object Repository/Syetem_settings/User_Manage/user_info/cite_CQDepart' is clicked on

2019-04-17 14:57:06 - [TEST_STEP][PASSED] - delay: Delayed 1 second(s)

2019-04-17 14:57:07 - [MESSAGE][PASSED] - Delayed 1 second(s)

2019-04-17 14:57:07 - [TEST_STEP][PASSED] - setText: Text '' is set on object 'Object Repository/Syetem_settings/User_Manage/user_info/input_ RealName'

2019-04-17 14:57:07 - [MESSAGE][PASSED] - Text '' is set on object 'Object Repository/Syetem_settings/User_Manage/user_info/input_ RealName'

2019-04-17 14:57:07 - [TEST_STEP][PASSED] - delay: Delayed 1 second(s)

2019-04-17 14:57:08 - [MESSAGE][PASSED] - Delayed 1 second(s)

2019-04-17 14:57:08 - [TEST_STEP][PASSED] - setText: Text '' is set on object 'Object Repository/Syetem_settings/User_Manage/user_info/input_position'

2019-04-17 14:57:08 - [MESSAGE][PASSED] - Text '' is set on object 'Object Repository/Syetem_settings/User_Manage/user_info/input_position'

2019-04-17 14:57:08 - [TEST_STEP][PASSED] - delay: Delayed 1 second(s)

2019-04-17 14:57:09 - [MESSAGE][PASSED] - Delayed 1 second(s)

2019-04-17 14:57:09 - [TEST_STEP][PASSED] - setText: Text '' is set on object 'Object Repository/Syetem_settings/User_Manage/user_info/input_mobile'

2019-04-17 14:57:09 - [MESSAGE][PASSED] - Text '' is set on object 'Object Repository/Syetem_settings/User_Manage/user_info/input_mobile'

2019-04-17 14:57:09 - [TEST_STEP][PASSED] - delay: Delayed 1 second(s)

2019-04-17 14:57:10 - [MESSAGE][PASSED] - Delayed 1 second(s)

2019-04-17 14:57:10 - [TEST_STEP][PASSED] - setText: Text '' is set on object 'Object Repository/Syetem_settings/User_Manage/user_info/input_email'

2019-04-17 14:57:11 - [MESSAGE][PASSED] - Text '' is set on object 'Object Repository/Syetem_settings/User_Manage/user_info/input_email'

2019-04-17 14:57:11 - [TEST_STEP][PASSED] - delay: Delayed 1 second(s)

2019-04-17 14:57:12 - [MESSAGE][PASSED] - Delayed 1 second(s)

2019-04-17 14:57:12 - [TEST_STEP][PASSED] - click: Object: 'Object Repository/Syetem_settings/User_Manage/user_info/button_ Save' is clicked on

2019-04-17 14:57:12 - [MESSAGE][PASSED] - Object: 'Object Repository/Syetem_settings/User_Manage/user_info/button_ Save' is clicked on

2019-04-17 14:57:12 - [TEST_STEP][PASSED] - Statement - If (com.kms.katalon.core.webui.keyword.WebUiBuiltInKeywords.verifyElementPresent(com.kms.katalon.core.testobject.ObjectRepository.findTestObject(Syetem_settings/User_Manage/user_info/tips_save), 10)): Object: 'Object Repository/Syetem_settings/User_Manage/user_info/close_user' is clicked on

2019-04-17 14:57:12 - [MESSAGE][PASSED] - Object 'Object Repository/Syetem_settings/User_Manage/user_info/tips_save' is present

2019-04-17 14:57:12 - [TEST_STEP][PASSED] - comment: 发现不能为空的提示

2019-04-17 14:57:12 - [TEST_STEP][PASSED] - delay: Delayed 1 second(s)

2019-04-17 14:57:13 - [MESSAGE][PASSED] - Delayed 1 second(s)

2019-04-17 14:57:13 - [TEST_STEP][PASSED] - click: Object: 'Object Repository/Syetem_settings/User_Manage/user_info/close_user' is clicked on

2019-04-17 14:57:13 - [MESSAGE][PASSED] - Object: 'Object Repository/Syetem_settings/User_Manage/user_info/close_user' is clicked on

2019-04-17 14:57:13 - [TEST_STEP][PASSED] - delay: Delayed 1 second(s)

2019-04-17 14:57:14 - [MESSAGE][PASSED] - Delayed 1 second(s)

2019-04-17 14:57:14 - [TEST_STEP][PASSED] - click: Object: 'Object Repository/Syetem_settings/User_Manage/a_ new_user' is clicked on

2019-04-17 14:57:14 - [MESSAGE][PASSED] - Object: 'Object Repository/Syetem_settings/User_Manage/a_ new_user' is clicked on

2019-04-17 14:57:14 - [TEST_STEP][PASSED] - delay: Delayed 1 second(s)

2019-04-17 14:57:15 - [MESSAGE][PASSED] - Delayed 1 second(s)

2019-04-17 14:57:15 - [TEST_STEP][PASSED] - click: Object: 'Object Repository/Syetem_settings/User_Manage/user_info/choose_dept' is clicked on

2019-04-17 14:57:15 - [MESSAGE][PASSED] - Object: 'Object Repository/Syetem_settings/User_Manage/user_info/choose_dept' is clicked on

2019-04-17 14:57:15 - [TEST_STEP][PASSED] - delay: Delayed 1 second(s)

2019-04-17 14:57:16 - [MESSAGE][PASSED] - Delayed 1 second(s)

2019-04-17 14:57:16 - [TEST_STEP][PASSED] - click: Object: 'Object Repository/Syetem_settings/User_Manage/user_info/i__TreeNB' is clicked on

2019-04-17 14:57:16 - [MESSAGE][PASSED] - Object: 'Object Repository/Syetem_settings/User_Manage/user_info/i__TreeNB' is clicked on

2019-04-17 14:57:16 - [TEST_STEP][PASSED] - delay: Delayed 1 second(s)

2019-04-17 14:57:17 - [MESSAGE][PASSED] - Delayed 1 second(s)

2019-04-17 14:57:17 - [TEST_STEP][PASSED] - click: Object: 'Object Repository/Syetem_settings/User_Manage/user_info/cite_CQDepart' is clicked on

2019-04-17 14:57:17 - [MESSAGE][PASSED] - Object: 'Object Repository/Syetem_settings/User_Manage/user_info/cite_CQDepart' is clicked on

2019-04-17 14:57:17 - [TEST_STEP][PASSED] - delay: Delayed 1 second(s)

2019-04-17 14:57:18 - [MESSAGE][PASSED] - Delayed 1 second(s)

2019-04-17 14:57:18 - [TEST_STEP][PASSED] - setText: Text '验证邮箱格式' is set on object 'Object Repository/Syetem_settings/User_Manage/user_info/input_ RealName'

2019-04-17 14:57:18 - [MESSAGE][PASSED] - Text '验证邮箱格式' is set on object 'Object Repository/Syetem_settings/User_Manage/user_info/input_ RealName'

2019-04-17 14:57:18 - [TEST_STEP][PASSED] - delay: Delayed 1 second(s)

2019-04-17 14:57:19 - [MESSAGE][PASSED] - Delayed 1 second(s)

2019-04-17 14:57:19 - [TEST_STEP][PASSED] - setText: Text '测试' is set on object 'Object Repository/Syetem_settings/User_Manage/user_info/input_position'

2019-04-17 14:57:19 - [MESSAGE][PASSED] - Text '测试' is set on object 'Object Repository/Syetem_settings/User_Manage/user_info/input_position'

2019-04-17 14:57:19 - [TEST_STEP][PASSED] - delay: Delayed 1 second(s)

2019-04-17 14:57:20 - [MESSAGE][PASSED] - Delayed 1 second(s)

2019-04-17 14:57:20 - [TEST_STEP][PASSED] - setText: Text '15263625413' is set on object 'Object Repository/Syetem_settings/User_Manage/user_info/input_mobile'

2019-04-17 14:57:21 - [MESSAGE][PASSED] - Text '15263625413' is set on object 'Object Repository/Syetem_settings/User_Manage/user_info/input_mobile'

2019-04-17 14:57:21 - [TEST_STEP][PASSED] - delay: Delayed 1 second(s)

2019-04-17 14:57:22 - [MESSAGE][PASSED] - Delayed 1 second(s)

2019-04-17 14:57:22 - [TEST_STEP][PASSED] - setText: Text '12434365' is set on object 'Object Repository/Syetem_settings/User_Manage/user_info/input_email'

2019-04-17 14:57:22 - [MESSAGE][PASSED] - Text '12434365' is set on object 'Object Repository/Syetem_settings/User_Manage/user_info/input_email'

2019-04-17 14:57:22 - [TEST_STEP][PASSED] - click: Object: 'Object Repository/Syetem_settings/User_Manage/user_info/button_ Save' is clicked on

2019-04-17 14:57:22 - [MESSAGE][PASSED] - Object: 'Object Repository/Syetem_settings/User_Manage/user_info/button_ Save' is clicked on

2019-04-17 14:57:22 - [TEST_STEP][PASSED] - Statement - If (com.kms.katalon.core.webui.keyword.WebUiBuiltInKeywords.verifyElementPresent(com.kms.katalon.core.testobject.ObjectRepository.findTestObject(Syetem_settings/User_Manage/user_info/save_email), 10)): Object: 'Object Repository/Syetem_settings/User_Manage/user_info/close_user' is clicked on

2019-04-17 14:57:22 - [MESSAGE][PASSED] - Object 'Object Repository/Syetem_settings/User_Manage/user_info/save_email' is present

2019-04-17 14:57:22 - [TEST_STEP][PASSED] - comment: 发现邮件格式不对的提示

2019-04-17 14:57:22 - [TEST_STEP][PASSED] - delay: Delayed 1 second(s)

2019-04-17 14:57:23 - [MESSAGE][PASSED] - Delayed 1 second(s)

2019-04-17 14:57:23 - [TEST_STEP][PASSED] - click: Object: 'Object Repository/Syetem_settings/User_Manage/user_info/close_user' is clicked on

2019-04-17 14:57:23 - [MESSAGE][PASSED] - Object: 'Object Repository/Syetem_settings/User_Manage/user_info/close_user' is clicked on

2019-04-17 14:57:23 - [TEST_STEP][PASSED] - Start listener action : sampleAfterTestCase: Invoke 'com.kms.katalon.core.annotation.AfterTestCase' method: 'NewTestListener.sampleAfterTestCase(...)' completed.

2019-04-17 14:57:23 - [TEST_STEP][PASSED] - Statement - println(testCaseContext.getTestCaseId()): null

2019-04-17 14:57:23 - [TEST_STEP][PASSED] - Statement - println(testCaseContext.getTestCaseStatus()): Invoke 'com.kms.katalon.core.annotation.AfterTestCase' method: 'NewTestListener.sampleAfterTestCase(...)' completed.]]></system-out>
         <system-err><![CDATA[]]></system-err>
      </testcase>
      <testcase name="Test Cases/002_System_,Manage/001_User_Manage/003_Add_user_uique" classname="Test Cases/002_System_,Manage/001_User_Manage/003_Add_user_uique" status="PASSED">
         <system-out><![CDATA[2019-04-17 14:57:25 - [TEST_CASE][PASSED] - Test Cases/002_System_,Manage/001_User_Manage/003_Add_user_uique: Test Cases/002_System_,Manage/001_User_Manage/003_Add_user_uique

2019-04-17 14:57:25 - [TEST_STEP][PASSED] - Start listener action : sampleBeforeTestCase: Invoke 'com.kms.katalon.core.annotation.BeforeTestCase' method: 'NewTestListener.sampleBeforeTestCase(...)' completed.

2019-04-17 14:57:25 - [TEST_STEP][PASSED] - Statement - println(testCaseContext.getTestCaseId()): null

2019-04-17 14:57:25 - [TEST_STEP][PASSED] - Statement - println(testCaseContext.getTestCaseVariables()): Invoke 'com.kms.katalon.core.annotation.BeforeTestCase' method: 'NewTestListener.sampleBeforeTestCase(...)' completed.

2019-04-17 14:57:25 - [TEST_STEP][NOT_RUN] - callTestCase: NOT_RUN: callTestCase

2019-04-17 14:57:25 - [MESSAGE][NOT_RUN] - NOT_RUN: callTestCase

2019-04-17 14:57:25 - [TEST_STEP][PASSED] - comment: begain to add one new user!

2019-04-17 14:57:25 - [TEST_STEP][PASSED] - click: Object: 'Object Repository/Syetem_settings/User_Manage/a_ new_user' is clicked on

2019-04-17 14:57:25 - [MESSAGE][PASSED] - Object: 'Object Repository/Syetem_settings/User_Manage/a_ new_user' is clicked on

2019-04-17 14:57:25 - [TEST_STEP][PASSED] - delay: Delayed 1 second(s)

2019-04-17 14:57:26 - [MESSAGE][PASSED] - Delayed 1 second(s)

2019-04-17 14:57:26 - [TEST_STEP][PASSED] - click: Object: 'Object Repository/Syetem_settings/User_Manage/user_info/choose_dept' is clicked on

2019-04-17 14:57:27 - [MESSAGE][PASSED] - Object: 'Object Repository/Syetem_settings/User_Manage/user_info/choose_dept' is clicked on

2019-04-17 14:57:27 - [TEST_STEP][PASSED] - delay: Delayed 1 second(s)

2019-04-17 14:57:28 - [MESSAGE][PASSED] - Delayed 1 second(s)

2019-04-17 14:57:28 - [TEST_STEP][PASSED] - click: Object: 'Object Repository/Syetem_settings/User_Manage/user_info/i__TreeNB' is clicked on

2019-04-17 14:57:28 - [MESSAGE][PASSED] - Object: 'Object Repository/Syetem_settings/User_Manage/user_info/i__TreeNB' is clicked on

2019-04-17 14:57:28 - [TEST_STEP][PASSED] - delay: Delayed 1 second(s)

2019-04-17 14:57:29 - [MESSAGE][PASSED] - Delayed 1 second(s)

2019-04-17 14:57:29 - [TEST_STEP][PASSED] - click: Object: 'Object Repository/Syetem_settings/User_Manage/user_info/cite_CQDepart' is clicked on

2019-04-17 14:57:29 - [MESSAGE][PASSED] - Object: 'Object Repository/Syetem_settings/User_Manage/user_info/cite_CQDepart' is clicked on

2019-04-17 14:57:29 - [TEST_STEP][PASSED] - delay: Delayed 1 second(s)

2019-04-17 14:57:30 - [MESSAGE][PASSED] - Delayed 1 second(s)

2019-04-17 14:57:30 - [TEST_STEP][PASSED] - setText: Text '' is set on object 'Object Repository/Syetem_settings/User_Manage/user_info/input_ RealName'

2019-04-17 14:57:30 - [MESSAGE][PASSED] - Text '' is set on object 'Object Repository/Syetem_settings/User_Manage/user_info/input_ RealName'

2019-04-17 14:57:30 - [TEST_STEP][PASSED] - delay: Delayed 1 second(s)

2019-04-17 14:57:31 - [MESSAGE][PASSED] - Delayed 1 second(s)

2019-04-17 14:57:31 - [TEST_STEP][PASSED] - setText: Text '测试岗位6' is set on object 'Object Repository/Syetem_settings/User_Manage/user_info/input_position'

2019-04-17 14:57:31 - [MESSAGE][PASSED] - Text '测试岗位6' is set on object 'Object Repository/Syetem_settings/User_Manage/user_info/input_position'

2019-04-17 14:57:31 - [TEST_STEP][PASSED] - delay: Delayed 1 second(s)

2019-04-17 14:57:32 - [MESSAGE][PASSED] - Delayed 1 second(s)

2019-04-17 14:57:32 - [TEST_STEP][PASSED] - setText: Text '15263625415' is set on object 'Object Repository/Syetem_settings/User_Manage/user_info/input_mobile'

2019-04-17 14:57:32 - [MESSAGE][PASSED] - Text '15263625415' is set on object 'Object Repository/Syetem_settings/User_Manage/user_info/input_mobile'

2019-04-17 14:57:32 - [TEST_STEP][PASSED] - delay: Delayed 1 second(s)

2019-04-17 14:57:33 - [MESSAGE][PASSED] - Delayed 1 second(s)

2019-04-17 14:57:33 - [TEST_STEP][PASSED] - setText: Text '7425365@qq.com' is set on object 'Object Repository/Syetem_settings/User_Manage/user_info/input_email'

2019-04-17 14:57:33 - [MESSAGE][PASSED] - Text '7425365@qq.com' is set on object 'Object Repository/Syetem_settings/User_Manage/user_info/input_email'

2019-04-17 14:57:33 - [TEST_STEP][PASSED] - delay: Delayed 1 second(s)

2019-04-17 14:57:34 - [MESSAGE][PASSED] - Delayed 1 second(s)

2019-04-17 14:57:34 - [TEST_STEP][PASSED] - click: Object: 'Object Repository/Syetem_settings/User_Manage/user_info/button_ Save' is clicked on

2019-04-17 14:57:34 - [MESSAGE][PASSED] - Object: 'Object Repository/Syetem_settings/User_Manage/user_info/button_ Save' is clicked on

2019-04-17 14:57:34 - [TEST_STEP][PASSED] - Statement - If (com.kms.katalon.core.webui.keyword.WebUiBuiltInKeywords.verifyElementPresent(com.kms.katalon.core.testobject.ObjectRepository.findTestObject(Syetem_settings/User_Manage/user_info/tips_save), 10)): Object: 'Object Repository/Syetem_settings/User_Manage/user_info/close_user' is clicked on

2019-04-17 14:57:34 - [MESSAGE][PASSED] - Object 'Object Repository/Syetem_settings/User_Manage/user_info/tips_save' is present

2019-04-17 14:57:34 - [TEST_STEP][PASSED] - comment: 发现不能为空的提示

2019-04-17 14:57:34 - [TEST_STEP][PASSED] - delay: Delayed 1 second(s)

2019-04-17 14:57:35 - [MESSAGE][PASSED] - Delayed 1 second(s)

2019-04-17 14:57:35 - [TEST_STEP][PASSED] - click: Object: 'Object Repository/Syetem_settings/User_Manage/user_info/close_user' is clicked on

2019-04-17 14:57:36 - [MESSAGE][PASSED] - Object: 'Object Repository/Syetem_settings/User_Manage/user_info/close_user' is clicked on

2019-04-17 14:57:36 - [TEST_STEP][PASSED] - delay: Delayed 1 second(s)

2019-04-17 14:57:37 - [MESSAGE][PASSED] - Delayed 1 second(s)

2019-04-17 14:57:37 - [TEST_STEP][PASSED] - click: Object: 'Object Repository/Syetem_settings/User_Manage/a_ new_user' is clicked on

2019-04-17 14:57:37 - [MESSAGE][PASSED] - Object: 'Object Repository/Syetem_settings/User_Manage/a_ new_user' is clicked on

2019-04-17 14:57:37 - [TEST_STEP][PASSED] - delay: Delayed 1 second(s)

2019-04-17 14:57:38 - [MESSAGE][PASSED] - Delayed 1 second(s)

2019-04-17 14:57:38 - [TEST_STEP][PASSED] - click: Object: 'Object Repository/Syetem_settings/User_Manage/user_info/choose_dept' is clicked on

2019-04-17 14:57:38 - [MESSAGE][PASSED] - Object: 'Object Repository/Syetem_settings/User_Manage/user_info/choose_dept' is clicked on

2019-04-17 14:57:38 - [TEST_STEP][PASSED] - delay: Delayed 1 second(s)

2019-04-17 14:57:39 - [MESSAGE][PASSED] - Delayed 1 second(s)

2019-04-17 14:57:39 - [TEST_STEP][PASSED] - click: Object: 'Object Repository/Syetem_settings/User_Manage/user_info/i__TreeNB' is clicked on

2019-04-17 14:57:39 - [MESSAGE][PASSED] - Object: 'Object Repository/Syetem_settings/User_Manage/user_info/i__TreeNB' is clicked on

2019-04-17 14:57:39 - [TEST_STEP][PASSED] - delay: Delayed 1 second(s)

2019-04-17 14:57:40 - [MESSAGE][PASSED] - Delayed 1 second(s)

2019-04-17 14:57:40 - [TEST_STEP][PASSED] - click: Object: 'Object Repository/Syetem_settings/User_Manage/user_info/cite_CQDepart' is clicked on

2019-04-17 14:57:40 - [MESSAGE][PASSED] - Object: 'Object Repository/Syetem_settings/User_Manage/user_info/cite_CQDepart' is clicked on

2019-04-17 14:57:40 - [TEST_STEP][PASSED] - delay: Delayed 1 second(s)

2019-04-17 14:57:41 - [MESSAGE][PASSED] - Delayed 1 second(s)

2019-04-17 14:57:41 - [TEST_STEP][PASSED] - setText: Text '验证邮箱格式' is set on object 'Object Repository/Syetem_settings/User_Manage/user_info/input_ RealName'

2019-04-17 14:57:41 - [MESSAGE][PASSED] - Text '验证邮箱格式' is set on object 'Object Repository/Syetem_settings/User_Manage/user_info/input_ RealName'

2019-04-17 14:57:41 - [TEST_STEP][PASSED] - delay: Delayed 1 second(s)

2019-04-17 14:57:42 - [MESSAGE][PASSED] - Delayed 1 second(s)

2019-04-17 14:57:42 - [TEST_STEP][PASSED] - setText: Text '测试' is set on object 'Object Repository/Syetem_settings/User_Manage/user_info/input_position'

2019-04-17 14:57:42 - [MESSAGE][PASSED] - Text '测试' is set on object 'Object Repository/Syetem_settings/User_Manage/user_info/input_position'

2019-04-17 14:57:42 - [TEST_STEP][PASSED] - delay: Delayed 1 second(s)

2019-04-17 14:57:43 - [MESSAGE][PASSED] - Delayed 1 second(s)

2019-04-17 14:57:43 - [TEST_STEP][PASSED] - setText: Text '15263625413' is set on object 'Object Repository/Syetem_settings/User_Manage/user_info/input_mobile'

2019-04-17 14:57:43 - [MESSAGE][PASSED] - Text '15263625413' is set on object 'Object Repository/Syetem_settings/User_Manage/user_info/input_mobile'

2019-04-17 14:57:43 - [TEST_STEP][PASSED] - delay: Delayed 1 second(s)

2019-04-17 14:57:44 - [MESSAGE][PASSED] - Delayed 1 second(s)

2019-04-17 14:57:44 - [TEST_STEP][PASSED] - setText: Text '3214243@' is set on object 'Object Repository/Syetem_settings/User_Manage/user_info/input_email'

2019-04-17 14:57:45 - [MESSAGE][PASSED] - Text '3214243@' is set on object 'Object Repository/Syetem_settings/User_Manage/user_info/input_email'

2019-04-17 14:57:45 - [TEST_STEP][PASSED] - click: Object: 'Object Repository/Syetem_settings/User_Manage/user_info/button_ Save' is clicked on

2019-04-17 14:57:45 - [MESSAGE][PASSED] - Object: 'Object Repository/Syetem_settings/User_Manage/user_info/button_ Save' is clicked on

2019-04-17 14:57:45 - [TEST_STEP][PASSED] - Statement - If (com.kms.katalon.core.webui.keyword.WebUiBuiltInKeywords.verifyElementPresent(com.kms.katalon.core.testobject.ObjectRepository.findTestObject(Syetem_settings/User_Manage/user_info/save_email), 10)): Object: 'Object Repository/Syetem_settings/User_Manage/user_info/close_user' is clicked on

2019-04-17 14:57:45 - [MESSAGE][PASSED] - Object 'Object Repository/Syetem_settings/User_Manage/user_info/save_email' is present

2019-04-17 14:57:45 - [TEST_STEP][PASSED] - comment: 发现邮件格式不对的提示

2019-04-17 14:57:45 - [TEST_STEP][PASSED] - delay: Delayed 1 second(s)

2019-04-17 14:57:46 - [MESSAGE][PASSED] - Delayed 1 second(s)

2019-04-17 14:57:46 - [TEST_STEP][PASSED] - click: Object: 'Object Repository/Syetem_settings/User_Manage/user_info/close_user' is clicked on

2019-04-17 14:57:46 - [MESSAGE][PASSED] - Object: 'Object Repository/Syetem_settings/User_Manage/user_info/close_user' is clicked on

2019-04-17 14:57:46 - [TEST_STEP][PASSED] - Start listener action : sampleAfterTestCase: Invoke 'com.kms.katalon.core.annotation.AfterTestCase' method: 'NewTestListener.sampleAfterTestCase(...)' completed.

2019-04-17 14:57:46 - [TEST_STEP][PASSED] - Statement - println(testCaseContext.getTestCaseId()): null

2019-04-17 14:57:46 - [TEST_STEP][PASSED] - Statement - println(testCaseContext.getTestCaseStatus()): Invoke 'com.kms.katalon.core.annotation.AfterTestCase' method: 'NewTestListener.sampleAfterTestCase(...)' completed.]]></system-out>
         <system-err><![CDATA[]]></system-err>
      </testcase>
      <testcase name="Test Cases/002_System_,Manage/001_User_Manage/003_Add_user_uique" classname="Test Cases/002_System_,Manage/001_User_Manage/003_Add_user_uique" status="PASSED">
         <system-out><![CDATA[2019-04-17 14:57:48 - [TEST_CASE][PASSED] - Test Cases/002_System_,Manage/001_User_Manage/003_Add_user_uique: Test Cases/002_System_,Manage/001_User_Manage/003_Add_user_uique

2019-04-17 14:57:48 - [TEST_STEP][PASSED] - Start listener action : sampleBeforeTestCase: Invoke 'com.kms.katalon.core.annotation.BeforeTestCase' method: 'NewTestListener.sampleBeforeTestCase(...)' completed.

2019-04-17 14:57:48 - [TEST_STEP][PASSED] - Statement - println(testCaseContext.getTestCaseId()): null

2019-04-17 14:57:48 - [TEST_STEP][PASSED] - Statement - println(testCaseContext.getTestCaseVariables()): Invoke 'com.kms.katalon.core.annotation.BeforeTestCase' method: 'NewTestListener.sampleBeforeTestCase(...)' completed.

2019-04-17 14:57:48 - [TEST_STEP][NOT_RUN] - callTestCase: NOT_RUN: callTestCase

2019-04-17 14:57:48 - [MESSAGE][NOT_RUN] - NOT_RUN: callTestCase

2019-04-17 14:57:48 - [TEST_STEP][PASSED] - comment: begain to add one new user!

2019-04-17 14:57:48 - [TEST_STEP][PASSED] - click: Object: 'Object Repository/Syetem_settings/User_Manage/a_ new_user' is clicked on

2019-04-17 14:57:48 - [MESSAGE][PASSED] - Object: 'Object Repository/Syetem_settings/User_Manage/a_ new_user' is clicked on

2019-04-17 14:57:48 - [TEST_STEP][PASSED] - delay: Delayed 1 second(s)

2019-04-17 14:57:49 - [MESSAGE][PASSED] - Delayed 1 second(s)

2019-04-17 14:57:49 - [TEST_STEP][PASSED] - click: Object: 'Object Repository/Syetem_settings/User_Manage/user_info/choose_dept' is clicked on

2019-04-17 14:57:49 - [MESSAGE][PASSED] - Object: 'Object Repository/Syetem_settings/User_Manage/user_info/choose_dept' is clicked on

2019-04-17 14:57:49 - [TEST_STEP][PASSED] - delay: Delayed 1 second(s)

2019-04-17 14:57:50 - [MESSAGE][PASSED] - Delayed 1 second(s)

2019-04-17 14:57:50 - [TEST_STEP][PASSED] - click: Object: 'Object Repository/Syetem_settings/User_Manage/user_info/i__TreeNB' is clicked on

2019-04-17 14:57:50 - [MESSAGE][PASSED] - Object: 'Object Repository/Syetem_settings/User_Manage/user_info/i__TreeNB' is clicked on

2019-04-17 14:57:50 - [TEST_STEP][PASSED] - delay: Delayed 1 second(s)

2019-04-17 14:57:51 - [MESSAGE][PASSED] - Delayed 1 second(s)

2019-04-17 14:57:51 - [TEST_STEP][PASSED] - click: Object: 'Object Repository/Syetem_settings/User_Manage/user_info/cite_CQDepart' is clicked on

2019-04-17 14:57:51 - [MESSAGE][PASSED] - Object: 'Object Repository/Syetem_settings/User_Manage/user_info/cite_CQDepart' is clicked on

2019-04-17 14:57:51 - [TEST_STEP][PASSED] - delay: Delayed 1 second(s)

2019-04-17 14:57:52 - [MESSAGE][PASSED] - Delayed 1 second(s)

2019-04-17 14:57:52 - [TEST_STEP][PASSED] - setText: Text '测试人员7' is set on object 'Object Repository/Syetem_settings/User_Manage/user_info/input_ RealName'

2019-04-17 14:57:52 - [MESSAGE][PASSED] - Text '测试人员7' is set on object 'Object Repository/Syetem_settings/User_Manage/user_info/input_ RealName'

2019-04-17 14:57:52 - [TEST_STEP][PASSED] - delay: Delayed 1 second(s)

2019-04-17 14:57:53 - [MESSAGE][PASSED] - Delayed 1 second(s)

2019-04-17 14:57:53 - [TEST_STEP][PASSED] - setText: Text '' is set on object 'Object Repository/Syetem_settings/User_Manage/user_info/input_position'

2019-04-17 14:57:53 - [MESSAGE][PASSED] - Text '' is set on object 'Object Repository/Syetem_settings/User_Manage/user_info/input_position'

2019-04-17 14:57:53 - [TEST_STEP][PASSED] - delay: Delayed 1 second(s)

2019-04-17 14:57:54 - [MESSAGE][PASSED] - Delayed 1 second(s)

2019-04-17 14:57:54 - [TEST_STEP][PASSED] - setText: Text '15263625416' is set on object 'Object Repository/Syetem_settings/User_Manage/user_info/input_mobile'

2019-04-17 14:57:55 - [MESSAGE][PASSED] - Text '15263625416' is set on object 'Object Repository/Syetem_settings/User_Manage/user_info/input_mobile'

2019-04-17 14:57:55 - [TEST_STEP][PASSED] - delay: Delayed 1 second(s)

2019-04-17 14:57:56 - [MESSAGE][PASSED] - Delayed 1 second(s)

2019-04-17 14:57:56 - [TEST_STEP][PASSED] - setText: Text '7425368@qq.com' is set on object 'Object Repository/Syetem_settings/User_Manage/user_info/input_email'

2019-04-17 14:57:56 - [MESSAGE][PASSED] - Text '7425368@qq.com' is set on object 'Object Repository/Syetem_settings/User_Manage/user_info/input_email'

2019-04-17 14:57:56 - [TEST_STEP][PASSED] - delay: Delayed 1 second(s)

2019-04-17 14:57:57 - [MESSAGE][PASSED] - Delayed 1 second(s)

2019-04-17 14:57:57 - [TEST_STEP][PASSED] - click: Object: 'Object Repository/Syetem_settings/User_Manage/user_info/button_ Save' is clicked on

2019-04-17 14:57:57 - [MESSAGE][PASSED] - Object: 'Object Repository/Syetem_settings/User_Manage/user_info/button_ Save' is clicked on

2019-04-17 14:57:57 - [TEST_STEP][PASSED] - Statement - If (com.kms.katalon.core.webui.keyword.WebUiBuiltInKeywords.verifyElementPresent(com.kms.katalon.core.testobject.ObjectRepository.findTestObject(Syetem_settings/User_Manage/user_info/tips_save), 10)): Object: 'Object Repository/Syetem_settings/User_Manage/user_info/close_user' is clicked on

2019-04-17 14:57:57 - [MESSAGE][PASSED] - Object 'Object Repository/Syetem_settings/User_Manage/user_info/tips_save' is present

2019-04-17 14:57:57 - [TEST_STEP][PASSED] - comment: 发现不能为空的提示

2019-04-17 14:57:57 - [TEST_STEP][PASSED] - delay: Delayed 1 second(s)

2019-04-17 14:57:58 - [MESSAGE][PASSED] - Delayed 1 second(s)

2019-04-17 14:57:58 - [TEST_STEP][PASSED] - click: Object: 'Object Repository/Syetem_settings/User_Manage/user_info/close_user' is clicked on

2019-04-17 14:57:58 - [MESSAGE][PASSED] - Object: 'Object Repository/Syetem_settings/User_Manage/user_info/close_user' is clicked on

2019-04-17 14:57:58 - [TEST_STEP][PASSED] - delay: Delayed 1 second(s)

2019-04-17 14:57:59 - [MESSAGE][PASSED] - Delayed 1 second(s)

2019-04-17 14:57:59 - [TEST_STEP][PASSED] - click: Object: 'Object Repository/Syetem_settings/User_Manage/a_ new_user' is clicked on

2019-04-17 14:57:59 - [MESSAGE][PASSED] - Object: 'Object Repository/Syetem_settings/User_Manage/a_ new_user' is clicked on

2019-04-17 14:57:59 - [TEST_STEP][PASSED] - delay: Delayed 1 second(s)

2019-04-17 14:58:00 - [MESSAGE][PASSED] - Delayed 1 second(s)

2019-04-17 14:58:00 - [TEST_STEP][PASSED] - click: Object: 'Object Repository/Syetem_settings/User_Manage/user_info/choose_dept' is clicked on

2019-04-17 14:58:00 - [MESSAGE][PASSED] - Object: 'Object Repository/Syetem_settings/User_Manage/user_info/choose_dept' is clicked on

2019-04-17 14:58:00 - [TEST_STEP][PASSED] - delay: Delayed 1 second(s)

2019-04-17 14:58:01 - [MESSAGE][PASSED] - Delayed 1 second(s)

2019-04-17 14:58:01 - [TEST_STEP][PASSED] - click: Object: 'Object Repository/Syetem_settings/User_Manage/user_info/i__TreeNB' is clicked on

2019-04-17 14:58:01 - [MESSAGE][PASSED] - Object: 'Object Repository/Syetem_settings/User_Manage/user_info/i__TreeNB' is clicked on

2019-04-17 14:58:01 - [TEST_STEP][PASSED] - delay: Delayed 1 second(s)

2019-04-17 14:58:02 - [MESSAGE][PASSED] - Delayed 1 second(s)

2019-04-17 14:58:02 - [TEST_STEP][PASSED] - click: Object: 'Object Repository/Syetem_settings/User_Manage/user_info/cite_CQDepart' is clicked on

2019-04-17 14:58:02 - [MESSAGE][PASSED] - Object: 'Object Repository/Syetem_settings/User_Manage/user_info/cite_CQDepart' is clicked on

2019-04-17 14:58:02 - [TEST_STEP][PASSED] - delay: Delayed 1 second(s)

2019-04-17 14:58:03 - [MESSAGE][PASSED] - Delayed 1 second(s)

2019-04-17 14:58:03 - [TEST_STEP][PASSED] - setText: Text '验证邮箱格式' is set on object 'Object Repository/Syetem_settings/User_Manage/user_info/input_ RealName'

2019-04-17 14:58:03 - [MESSAGE][PASSED] - Text '验证邮箱格式' is set on object 'Object Repository/Syetem_settings/User_Manage/user_info/input_ RealName'

2019-04-17 14:58:03 - [TEST_STEP][PASSED] - delay: Delayed 1 second(s)

2019-04-17 14:58:04 - [MESSAGE][PASSED] - Delayed 1 second(s)

2019-04-17 14:58:04 - [TEST_STEP][PASSED] - setText: Text '测试' is set on object 'Object Repository/Syetem_settings/User_Manage/user_info/input_position'

2019-04-17 14:58:05 - [MESSAGE][PASSED] - Text '测试' is set on object 'Object Repository/Syetem_settings/User_Manage/user_info/input_position'

2019-04-17 14:58:05 - [TEST_STEP][PASSED] - delay: Delayed 1 second(s)

2019-04-17 14:58:06 - [MESSAGE][PASSED] - Delayed 1 second(s)

2019-04-17 14:58:06 - [TEST_STEP][PASSED] - setText: Text '15263625413' is set on object 'Object Repository/Syetem_settings/User_Manage/user_info/input_mobile'

2019-04-17 14:58:06 - [MESSAGE][PASSED] - Text '15263625413' is set on object 'Object Repository/Syetem_settings/User_Manage/user_info/input_mobile'

2019-04-17 14:58:06 - [TEST_STEP][PASSED] - delay: Delayed 1 second(s)

2019-04-17 14:58:07 - [MESSAGE][PASSED] - Delayed 1 second(s)

2019-04-17 14:58:07 - [TEST_STEP][PASSED] - setText: Text '@fststgrst' is set on object 'Object Repository/Syetem_settings/User_Manage/user_info/input_email'

2019-04-17 14:58:07 - [MESSAGE][PASSED] - Text '@fststgrst' is set on object 'Object Repository/Syetem_settings/User_Manage/user_info/input_email'

2019-04-17 14:58:07 - [TEST_STEP][PASSED] - click: Object: 'Object Repository/Syetem_settings/User_Manage/user_info/button_ Save' is clicked on

2019-04-17 14:58:07 - [MESSAGE][PASSED] - Object: 'Object Repository/Syetem_settings/User_Manage/user_info/button_ Save' is clicked on

2019-04-17 14:58:07 - [TEST_STEP][PASSED] - Statement - If (com.kms.katalon.core.webui.keyword.WebUiBuiltInKeywords.verifyElementPresent(com.kms.katalon.core.testobject.ObjectRepository.findTestObject(Syetem_settings/User_Manage/user_info/save_email), 10)): Object: 'Object Repository/Syetem_settings/User_Manage/user_info/close_user' is clicked on

2019-04-17 14:58:07 - [MESSAGE][PASSED] - Object 'Object Repository/Syetem_settings/User_Manage/user_info/save_email' is present

2019-04-17 14:58:07 - [TEST_STEP][PASSED] - comment: 发现邮件格式不对的提示

2019-04-17 14:58:07 - [TEST_STEP][PASSED] - delay: Delayed 1 second(s)

2019-04-17 14:58:08 - [MESSAGE][PASSED] - Delayed 1 second(s)

2019-04-17 14:58:08 - [TEST_STEP][PASSED] - click: Object: 'Object Repository/Syetem_settings/User_Manage/user_info/close_user' is clicked on

2019-04-17 14:58:08 - [MESSAGE][PASSED] - Object: 'Object Repository/Syetem_settings/User_Manage/user_info/close_user' is clicked on

2019-04-17 14:58:08 - [TEST_STEP][PASSED] - Start listener action : sampleAfterTestCase: Invoke 'com.kms.katalon.core.annotation.AfterTestCase' method: 'NewTestListener.sampleAfterTestCase(...)' completed.

2019-04-17 14:58:08 - [TEST_STEP][PASSED] - Statement - println(testCaseContext.getTestCaseId()): null

2019-04-17 14:58:08 - [TEST_STEP][PASSED] - Statement - println(testCaseContext.getTestCaseStatus()): Invoke 'com.kms.katalon.core.annotation.AfterTestCase' method: 'NewTestListener.sampleAfterTestCase(...)' completed.]]></system-out>
         <system-err><![CDATA[]]></system-err>
      </testcase>
      <testcase name="Test Cases/002_System_,Manage/001_User_Manage/003_Add_user_uique" classname="Test Cases/002_System_,Manage/001_User_Manage/003_Add_user_uique" status="PASSED">
         <system-out><![CDATA[2019-04-17 14:58:10 - [TEST_CASE][PASSED] - Test Cases/002_System_,Manage/001_User_Manage/003_Add_user_uique: Test Cases/002_System_,Manage/001_User_Manage/003_Add_user_uique

2019-04-17 14:58:10 - [TEST_STEP][PASSED] - Start listener action : sampleBeforeTestCase: Invoke 'com.kms.katalon.core.annotation.BeforeTestCase' method: 'NewTestListener.sampleBeforeTestCase(...)' completed.

2019-04-17 14:58:10 - [TEST_STEP][PASSED] - Statement - println(testCaseContext.getTestCaseId()): null

2019-04-17 14:58:10 - [TEST_STEP][PASSED] - Statement - println(testCaseContext.getTestCaseVariables()): Invoke 'com.kms.katalon.core.annotation.BeforeTestCase' method: 'NewTestListener.sampleBeforeTestCase(...)' completed.

2019-04-17 14:58:10 - [TEST_STEP][NOT_RUN] - callTestCase: NOT_RUN: callTestCase

2019-04-17 14:58:10 - [MESSAGE][NOT_RUN] - NOT_RUN: callTestCase

2019-04-17 14:58:10 - [TEST_STEP][PASSED] - comment: begain to add one new user!

2019-04-17 14:58:10 - [TEST_STEP][PASSED] - click: Object: 'Object Repository/Syetem_settings/User_Manage/a_ new_user' is clicked on

2019-04-17 14:58:10 - [MESSAGE][PASSED] - Object: 'Object Repository/Syetem_settings/User_Manage/a_ new_user' is clicked on

2019-04-17 14:58:10 - [TEST_STEP][PASSED] - delay: Delayed 1 second(s)

2019-04-17 14:58:11 - [MESSAGE][PASSED] - Delayed 1 second(s)

2019-04-17 14:58:11 - [TEST_STEP][PASSED] - click: Object: 'Object Repository/Syetem_settings/User_Manage/user_info/choose_dept' is clicked on

2019-04-17 14:58:11 - [MESSAGE][PASSED] - Object: 'Object Repository/Syetem_settings/User_Manage/user_info/choose_dept' is clicked on

2019-04-17 14:58:11 - [TEST_STEP][PASSED] - delay: Delayed 1 second(s)

2019-04-17 14:58:12 - [MESSAGE][PASSED] - Delayed 1 second(s)

2019-04-17 14:58:12 - [TEST_STEP][PASSED] - click: Object: 'Object Repository/Syetem_settings/User_Manage/user_info/i__TreeNB' is clicked on

2019-04-17 14:58:12 - [MESSAGE][PASSED] - Object: 'Object Repository/Syetem_settings/User_Manage/user_info/i__TreeNB' is clicked on

2019-04-17 14:58:12 - [TEST_STEP][PASSED] - delay: Delayed 1 second(s)

2019-04-17 14:58:13 - [MESSAGE][PASSED] - Delayed 1 second(s)

2019-04-17 14:58:13 - [TEST_STEP][PASSED] - click: Object: 'Object Repository/Syetem_settings/User_Manage/user_info/cite_CQDepart' is clicked on

2019-04-17 14:58:14 - [MESSAGE][PASSED] - Object: 'Object Repository/Syetem_settings/User_Manage/user_info/cite_CQDepart' is clicked on

2019-04-17 14:58:14 - [TEST_STEP][PASSED] - delay: Delayed 1 second(s)

2019-04-17 14:58:15 - [MESSAGE][PASSED] - Delayed 1 second(s)

2019-04-17 14:58:15 - [TEST_STEP][PASSED] - setText: Text '测试人员8' is set on object 'Object Repository/Syetem_settings/User_Manage/user_info/input_ RealName'

2019-04-17 14:58:15 - [MESSAGE][PASSED] - Text '测试人员8' is set on object 'Object Repository/Syetem_settings/User_Manage/user_info/input_ RealName'

2019-04-17 14:58:15 - [TEST_STEP][PASSED] - delay: Delayed 1 second(s)

2019-04-17 14:58:16 - [MESSAGE][PASSED] - Delayed 1 second(s)

2019-04-17 14:58:16 - [TEST_STEP][PASSED] - setText: Text '测试岗位8' is set on object 'Object Repository/Syetem_settings/User_Manage/user_info/input_position'

2019-04-17 14:58:16 - [MESSAGE][PASSED] - Text '测试岗位8' is set on object 'Object Repository/Syetem_settings/User_Manage/user_info/input_position'

2019-04-17 14:58:16 - [TEST_STEP][PASSED] - delay: Delayed 1 second(s)

2019-04-17 14:58:17 - [MESSAGE][PASSED] - Delayed 1 second(s)

2019-04-17 14:58:17 - [TEST_STEP][PASSED] - setText: Text '' is set on object 'Object Repository/Syetem_settings/User_Manage/user_info/input_mobile'

2019-04-17 14:58:17 - [MESSAGE][PASSED] - Text '' is set on object 'Object Repository/Syetem_settings/User_Manage/user_info/input_mobile'

2019-04-17 14:58:17 - [TEST_STEP][PASSED] - delay: Delayed 1 second(s)

2019-04-17 14:58:18 - [MESSAGE][PASSED] - Delayed 1 second(s)

2019-04-17 14:58:18 - [TEST_STEP][PASSED] - setText: Text '7425368@qq.com' is set on object 'Object Repository/Syetem_settings/User_Manage/user_info/input_email'

2019-04-17 14:58:18 - [MESSAGE][PASSED] - Text '7425368@qq.com' is set on object 'Object Repository/Syetem_settings/User_Manage/user_info/input_email'

2019-04-17 14:58:18 - [TEST_STEP][PASSED] - delay: Delayed 1 second(s)

2019-04-17 14:58:19 - [MESSAGE][PASSED] - Delayed 1 second(s)

2019-04-17 14:58:19 - [TEST_STEP][PASSED] - click: Object: 'Object Repository/Syetem_settings/User_Manage/user_info/button_ Save' is clicked on

2019-04-17 14:58:19 - [MESSAGE][PASSED] - Object: 'Object Repository/Syetem_settings/User_Manage/user_info/button_ Save' is clicked on

2019-04-17 14:58:19 - [TEST_STEP][PASSED] - Statement - If (com.kms.katalon.core.webui.keyword.WebUiBuiltInKeywords.verifyElementPresent(com.kms.katalon.core.testobject.ObjectRepository.findTestObject(Syetem_settings/User_Manage/user_info/tips_save), 10)): Object: 'Object Repository/Syetem_settings/User_Manage/user_info/close_user' is clicked on

2019-04-17 14:58:19 - [MESSAGE][PASSED] - Object 'Object Repository/Syetem_settings/User_Manage/user_info/tips_save' is present

2019-04-17 14:58:19 - [TEST_STEP][PASSED] - comment: 发现不能为空的提示

2019-04-17 14:58:19 - [TEST_STEP][PASSED] - delay: Delayed 1 second(s)

2019-04-17 14:58:20 - [MESSAGE][PASSED] - Delayed 1 second(s)

2019-04-17 14:58:20 - [TEST_STEP][PASSED] - click: Object: 'Object Repository/Syetem_settings/User_Manage/user_info/close_user' is clicked on

2019-04-17 14:58:20 - [MESSAGE][PASSED] - Object: 'Object Repository/Syetem_settings/User_Manage/user_info/close_user' is clicked on

2019-04-17 14:58:20 - [TEST_STEP][PASSED] - delay: Delayed 1 second(s)

2019-04-17 14:58:21 - [MESSAGE][PASSED] - Delayed 1 second(s)

2019-04-17 14:58:21 - [TEST_STEP][PASSED] - click: Object: 'Object Repository/Syetem_settings/User_Manage/a_ new_user' is clicked on

2019-04-17 14:58:21 - [MESSAGE][PASSED] - Object: 'Object Repository/Syetem_settings/User_Manage/a_ new_user' is clicked on

2019-04-17 14:58:21 - [TEST_STEP][PASSED] - delay: Delayed 1 second(s)

2019-04-17 14:58:22 - [MESSAGE][PASSED] - Delayed 1 second(s)

2019-04-17 14:58:22 - [TEST_STEP][PASSED] - click: Object: 'Object Repository/Syetem_settings/User_Manage/user_info/choose_dept' is clicked on

2019-04-17 14:58:22 - [MESSAGE][PASSED] - Object: 'Object Repository/Syetem_settings/User_Manage/user_info/choose_dept' is clicked on

2019-04-17 14:58:22 - [TEST_STEP][PASSED] - delay: Delayed 1 second(s)

2019-04-17 14:58:23 - [MESSAGE][PASSED] - Delayed 1 second(s)

2019-04-17 14:58:23 - [TEST_STEP][PASSED] - click: Object: 'Object Repository/Syetem_settings/User_Manage/user_info/i__TreeNB' is clicked on

2019-04-17 14:58:24 - [MESSAGE][PASSED] - Object: 'Object Repository/Syetem_settings/User_Manage/user_info/i__TreeNB' is clicked on

2019-04-17 14:58:24 - [TEST_STEP][PASSED] - delay: Delayed 1 second(s)

2019-04-17 14:58:25 - [MESSAGE][PASSED] - Delayed 1 second(s)

2019-04-17 14:58:25 - [TEST_STEP][PASSED] - click: Object: 'Object Repository/Syetem_settings/User_Manage/user_info/cite_CQDepart' is clicked on

2019-04-17 14:58:25 - [MESSAGE][PASSED] - Object: 'Object Repository/Syetem_settings/User_Manage/user_info/cite_CQDepart' is clicked on

2019-04-17 14:58:25 - [TEST_STEP][PASSED] - delay: Delayed 1 second(s)

2019-04-17 14:58:26 - [MESSAGE][PASSED] - Delayed 1 second(s)

2019-04-17 14:58:26 - [TEST_STEP][PASSED] - setText: Text '验证邮箱格式' is set on object 'Object Repository/Syetem_settings/User_Manage/user_info/input_ RealName'

2019-04-17 14:58:26 - [MESSAGE][PASSED] - Text '验证邮箱格式' is set on object 'Object Repository/Syetem_settings/User_Manage/user_info/input_ RealName'

2019-04-17 14:58:26 - [TEST_STEP][PASSED] - delay: Delayed 1 second(s)

2019-04-17 14:58:27 - [MESSAGE][PASSED] - Delayed 1 second(s)

2019-04-17 14:58:27 - [TEST_STEP][PASSED] - setText: Text '测试' is set on object 'Object Repository/Syetem_settings/User_Manage/user_info/input_position'

2019-04-17 14:58:27 - [MESSAGE][PASSED] - Text '测试' is set on object 'Object Repository/Syetem_settings/User_Manage/user_info/input_position'

2019-04-17 14:58:27 - [TEST_STEP][PASSED] - delay: Delayed 1 second(s)

2019-04-17 14:58:28 - [MESSAGE][PASSED] - Delayed 1 second(s)

2019-04-17 14:58:28 - [TEST_STEP][PASSED] - setText: Text '15263625413' is set on object 'Object Repository/Syetem_settings/User_Manage/user_info/input_mobile'

2019-04-17 14:58:28 - [MESSAGE][PASSED] - Text '15263625413' is set on object 'Object Repository/Syetem_settings/User_Manage/user_info/input_mobile'

2019-04-17 14:58:28 - [TEST_STEP][PASSED] - delay: Delayed 1 second(s)

2019-04-17 14:58:29 - [MESSAGE][PASSED] - Delayed 1 second(s)

2019-04-17 14:58:29 - [TEST_STEP][PASSED] - setText: Text '@163.com' is set on object 'Object Repository/Syetem_settings/User_Manage/user_info/input_email'

2019-04-17 14:58:29 - [MESSAGE][PASSED] - Text '@163.com' is set on object 'Object Repository/Syetem_settings/User_Manage/user_info/input_email'

2019-04-17 14:58:29 - [TEST_STEP][PASSED] - click: Object: 'Object Repository/Syetem_settings/User_Manage/user_info/button_ Save' is clicked on

2019-04-17 14:58:30 - [MESSAGE][PASSED] - Object: 'Object Repository/Syetem_settings/User_Manage/user_info/button_ Save' is clicked on

2019-04-17 14:58:30 - [TEST_STEP][PASSED] - Statement - If (com.kms.katalon.core.webui.keyword.WebUiBuiltInKeywords.verifyElementPresent(com.kms.katalon.core.testobject.ObjectRepository.findTestObject(Syetem_settings/User_Manage/user_info/save_email), 10)): Object: 'Object Repository/Syetem_settings/User_Manage/user_info/close_user' is clicked on

2019-04-17 14:58:30 - [MESSAGE][PASSED] - Object 'Object Repository/Syetem_settings/User_Manage/user_info/save_email' is present

2019-04-17 14:58:30 - [TEST_STEP][PASSED] - comment: 发现邮件格式不对的提示

2019-04-17 14:58:30 - [TEST_STEP][PASSED] - delay: Delayed 1 second(s)

2019-04-17 14:58:31 - [MESSAGE][PASSED] - Delayed 1 second(s)

2019-04-17 14:58:31 - [TEST_STEP][PASSED] - click: Object: 'Object Repository/Syetem_settings/User_Manage/user_info/close_user' is clicked on

2019-04-17 14:58:31 - [MESSAGE][PASSED] - Object: 'Object Repository/Syetem_settings/User_Manage/user_info/close_user' is clicked on

2019-04-17 14:58:31 - [TEST_STEP][PASSED] - Start listener action : sampleAfterTestCase: Invoke 'com.kms.katalon.core.annotation.AfterTestCase' method: 'NewTestListener.sampleAfterTestCase(...)' completed.

2019-04-17 14:58:31 - [TEST_STEP][PASSED] - Statement - println(testCaseContext.getTestCaseId()): null

2019-04-17 14:58:31 - [TEST_STEP][PASSED] - Statement - println(testCaseContext.getTestCaseStatus()): Invoke 'com.kms.katalon.core.annotation.AfterTestCase' method: 'NewTestListener.sampleAfterTestCase(...)' completed.]]></system-out>
         <system-err><![CDATA[]]></system-err>
      </testcase>
      <system-out><![CDATA[2019-04-17 14:52:46 - [TEST_SUITE][FAILED] - 001_add staff: Test Cases/002_System_,Manage/001_User_Manage/002_Add_user FAILED because (of) (Stack trace: Assertion failed: 

assert false


	at org.codehaus.groovy.runtime.InvokerHelper.assertFailed(InvokerHelper.java:402)
	at org.codehaus.groovy.runtime.ScriptBytecodeAdapter.assertFailed(ScriptBytecodeAdapter.java:650)
	at Script1555325328880.run(Script1555325328880.groovy:84)
	at com.kms.katalon.core.main.ScriptEngine.run(ScriptEngine.java:183)
	at com.kms.katalon.core.main.ScriptEngine.runScriptAsRawText(ScriptEngine.java:108)
	at com.kms.katalon.core.main.TestCaseExecutor.runScript(TestCaseExecutor.java:294)
	at com.kms.katalon.core.main.TestCaseExecutor.doExecute(TestCaseExecutor.java:285)
	at com.kms.katalon.core.main.TestCaseExecutor.processExecutionPhase(TestCaseExecutor.java:264)
	at com.kms.katalon.core.main.TestCaseExecutor.accessMainPhase(TestCaseExecutor.java:256)
	at com.kms.katalon.core.main.TestCaseExecutor.execute(TestCaseExecutor.java:200)
	at com.kms.katalon.core.main.TestSuiteExecutor.accessTestCaseMainPhase(TestSuiteExecutor.java:129)
	at com.kms.katalon.core.main.TestSuiteExecutor.accessTestSuiteMainPhase(TestSuiteExecutor.java:112)
	at com.kms.katalon.core.main.TestSuiteExecutor.execute(TestSuiteExecutor.java:81)
	at com.kms.katalon.core.main.TestCaseMain.startTestSuite(TestCaseMain.java:142)
	at com.kms.katalon.core.main.TestCaseMain$startTestSuite$0.call(Unknown Source)
	at org.codehaus.groovy.runtime.callsite.CallSiteArray.defaultCall(CallSiteArray.java:48)
	at org.codehaus.groovy.runtime.callsite.AbstractCallSite.call(AbstractCallSite.java:113)
	at org.codehaus.groovy.runtime.callsite.AbstractCallSite.call(AbstractCallSite.java:141)
	at TempTestSuite1555483768349.run(TempTestSuite1555483768349.groovy:36)
	at groovy.lang.GroovyShell.runScriptOrMainOrTestOrRunnable(GroovyShell.java:263)
	at groovy.lang.GroovyShell.run(GroovyShell.java:518)
	at groovy.lang.GroovyShell.run(GroovyShell.java:507)
	at groovy.ui.GroovyMain.processOnce(GroovyMain.java:653)
	at groovy.ui.GroovyMain.run(GroovyMain.java:384)
	at groovy.ui.GroovyMain.process(GroovyMain.java:370)
	at groovy.ui.GroovyMain.processArgs(GroovyMain.java:129)
	at groovy.ui.GroovyMain.main(GroovyMain.java:109)
	at sun.reflect.NativeMethodAccessorImpl.invoke0(Native Method)
	at sun.reflect.NativeMethodAccessorImpl.invoke(NativeMethodAccessorImpl.java:62)
	at sun.reflect.DelegatingMethodAccessorImpl.invoke(DelegatingMethodAccessorImpl.java:43)
	at java.lang.reflect.Method.invoke(Method.java:498)
	at org.codehaus.groovy.tools.GroovyStarter.rootLoader(GroovyStarter.java:109)
	at org.codehaus.groovy.tools.GroovyStarter.main(GroovyStarter.java:131)
)]]></system-out>
      <system-err><![CDATA[2019-04-17 14:52:46 - [TEST_SUITE][FAILED] - 001_add staff: Test Cases/002_System_,Manage/001_User_Manage/002_Add_user FAILED because (of) (Stack trace: Assertion failed: 

assert false


	at org.codehaus.groovy.runtime.InvokerHelper.assertFailed(InvokerHelper.java:402)
	at org.codehaus.groovy.runtime.ScriptBytecodeAdapter.assertFailed(ScriptBytecodeAdapter.java:650)
	at Script1555325328880.run(Script1555325328880.groovy:84)
	at com.kms.katalon.core.main.ScriptEngine.run(ScriptEngine.java:183)
	at com.kms.katalon.core.main.ScriptEngine.runScriptAsRawText(ScriptEngine.java:108)
	at com.kms.katalon.core.main.TestCaseExecutor.runScript(TestCaseExecutor.java:294)
	at com.kms.katalon.core.main.TestCaseExecutor.doExecute(TestCaseExecutor.java:285)
	at com.kms.katalon.core.main.TestCaseExecutor.processExecutionPhase(TestCaseExecutor.java:264)
	at com.kms.katalon.core.main.TestCaseExecutor.accessMainPhase(TestCaseExecutor.java:256)
	at com.kms.katalon.core.main.TestCaseExecutor.execute(TestCaseExecutor.java:200)
	at com.kms.katalon.core.main.TestSuiteExecutor.accessTestCaseMainPhase(TestSuiteExecutor.java:129)
	at com.kms.katalon.core.main.TestSuiteExecutor.accessTestSuiteMainPhase(TestSuiteExecutor.java:112)
	at com.kms.katalon.core.main.TestSuiteExecutor.execute(TestSuiteExecutor.java:81)
	at com.kms.katalon.core.main.TestCaseMain.startTestSuite(TestCaseMain.java:142)
	at com.kms.katalon.core.main.TestCaseMain$startTestSuite$0.call(Unknown Source)
	at org.codehaus.groovy.runtime.callsite.CallSiteArray.defaultCall(CallSiteArray.java:48)
	at org.codehaus.groovy.runtime.callsite.AbstractCallSite.call(AbstractCallSite.java:113)
	at org.codehaus.groovy.runtime.callsite.AbstractCallSite.call(AbstractCallSite.java:141)
	at TempTestSuite1555483768349.run(TempTestSuite1555483768349.groovy:36)
	at groovy.lang.GroovyShell.runScriptOrMainOrTestOrRunnable(GroovyShell.java:263)
	at groovy.lang.GroovyShell.run(GroovyShell.java:518)
	at groovy.lang.GroovyShell.run(GroovyShell.java:507)
	at groovy.ui.GroovyMain.processOnce(GroovyMain.java:653)
	at groovy.ui.GroovyMain.run(GroovyMain.java:384)
	at groovy.ui.GroovyMain.process(GroovyMain.java:370)
	at groovy.ui.GroovyMain.processArgs(GroovyMain.java:129)
	at groovy.ui.GroovyMain.main(GroovyMain.java:109)
	at sun.reflect.NativeMethodAccessorImpl.invoke0(Native Method)
	at sun.reflect.NativeMethodAccessorImpl.invoke(NativeMethodAccessorImpl.java:62)
	at sun.reflect.DelegatingMethodAccessorImpl.invoke(DelegatingMethodAccessorImpl.java:43)
	at java.lang.reflect.Method.invoke(Method.java:498)
	at org.codehaus.groovy.tools.GroovyStarter.rootLoader(GroovyStarter.java:109)
	at org.codehaus.groovy.tools.GroovyStarter.main(GroovyStarter.java:131)
)]]></system-err>
   </testsuite>
</testsuites>
