<?xml version="1.0" encoding="UTF-8"?>
<testsuites name="005_delete" time="98" tests="0" failures="2" errors="0">
   <testsuite name="005_delete" tests="0" failures="2" errors="0" time="98" timestamp="2019-04-17 15:09:21" hostname="Administrator - BF-20170623WSST" id="Test Suites/User Manage/005_delete">
      <properties>
         <property name="deviceName" value=""/>
         <property name="devicePlatform" value=""/>
         <property name="logFolder" value="G:\\Auto_Learning\\katalon\\katalon_project\\katalon_project\\T2M_Manage\\T2M_Manage\\Reports\\User Manage\\005_delete\\20190417_144928"/>
         <property name="logFiles" value="G:\\Auto_Learning\\katalon\\katalon_project\\katalon_project\\T2M_Manage\\T2M_Manage\\Reports\\User Manage\\005_delete\\20190417_144928\\execution0.log"/>
         <property name="attachments" value="G:\\Auto_Learning\\katalon\\katalon_project\\katalon_project\\T2M_Manage\\T2M_Manage\\Reports\\User Manage\\005_delete\\20190417_144928\\1555484974139.png, G:\\Auto_Learning\\katalon\\katalon_project\\katalon_project\\T2M_Manage\\T2M_Manage\\Reports\\User Manage\\005_delete\\20190417_144928\\1555485025886.png, G:\\Auto_Learning\\katalon\\katalon_project\\katalon_project\\T2M_Manage\\T2M_Manage\\Reports\\User Manage\\005_delete\\20190417_144928\\1555485040915.png"/>
         <property name="hostName" value="Administrator - BF-20170623WSST"/>
         <property name="os" value="Windows 7 64bit"/>
         <property name="katalonVersion" value="5.7.0.1"/>
         <property name="browser" value="Chrome 73.0.3683.75"/>
         <property name="hostAddress" value="192.168.10.86"/>
         <property name="sessionId" value="134c8bc513c443ca06e2532b5af429d1"/>
         <property name="seleniumVersion" value="3.7.1"/>
         <property name="proxyInformation" value="ProxyInformation{proxyOption=NO_PROXY, proxyServerType=HTTP, password=, proxyServerAddress=, proxyServerPort=0}"/>
         <property name="platform" value="Windows 7"/>
      </properties>
      <testcase name="Test Cases/002_System_,Manage/001_User_Manage/012_Delete_User" classname="Test Cases/002_System_,Manage/001_User_Manage/012_Delete_User" status="FAILED">
         <failure type="FAILED" message="(Stack trace: Assertion failed: 

assert false


	at org.codehaus.groovy.runtime.InvokerHelper.assertFailed(InvokerHelper.java:402)
	at org.codehaus.groovy.runtime.ScriptBytecodeAdapter.assertFailed(ScriptBytecodeAdapter.java:650)
	at Script1555410956897.run(Script1555410956897.groovy:130)
	at com.kms.katalon.core.main.ScriptEngine.run(ScriptEngine.java:183)
	at com.kms.katalon.core.main.ScriptEngine.runScriptAsRawText(ScriptEngine.java:108)
	at com.kms.katalon.core.main.TestCaseExecutor.runScript(TestCaseExecutor.java:294)
	at com.kms.katalon.core.main.TestCaseExecutor.doExecute(TestCaseExecutor.java:285)
	at com.kms.katalon.core.main.TestCaseExecutor.processExecutionPhase(TestCaseExecutor.java:264)
	at com.kms.katalon.core.main.TestCaseExecutor.accessMainPhase(TestCaseExecutor.java:256)
	at com.kms.katalon.core.main.TestCaseExecutor.execute(TestCaseExecutor.java:200)
	at com.kms.katalon.core.main.TestSuiteExecutor.accessTestCaseMainPhase(TestSuiteExecutor.java:129)
	at com.kms.katalon.core.main.TestSuiteExecutor.accessTestSuiteMainPhase(TestSuiteExecutor.java:112)
	at com.kms.katalon.core.main.TestSuiteExecutor.execute(TestSuiteExecutor.java:81)
	at com.kms.katalon.core.main.TestCaseMain.startTestSuite(TestCaseMain.java:142)
	at com.kms.katalon.core.main.TestCaseMain$startTestSuite$0.call(Unknown Source)
	at org.codehaus.groovy.runtime.callsite.CallSiteArray.defaultCall(CallSiteArray.java:48)
	at org.codehaus.groovy.runtime.callsite.AbstractCallSite.call(AbstractCallSite.java:113)
	at org.codehaus.groovy.runtime.callsite.AbstractCallSite.call(AbstractCallSite.java:141)
	at TempTestSuite1555483768579.run(TempTestSuite1555483768579.groovy:36)
	at groovy.lang.GroovyShell.runScriptOrMainOrTestOrRunnable(GroovyShell.java:263)
	at groovy.lang.GroovyShell.run(GroovyShell.java:518)
	at groovy.lang.GroovyShell.run(GroovyShell.java:507)
	at groovy.ui.GroovyMain.processOnce(GroovyMain.java:653)
	at groovy.ui.GroovyMain.run(GroovyMain.java:384)
	at groovy.ui.GroovyMain.process(GroovyMain.java:370)
	at groovy.ui.GroovyMain.processArgs(GroovyMain.java:129)
	at groovy.ui.GroovyMain.main(GroovyMain.java:109)
	at sun.reflect.NativeMethodAccessorImpl.invoke0(Native Method)
	at sun.reflect.NativeMethodAccessorImpl.invoke(NativeMethodAccessorImpl.java:62)
	at sun.reflect.DelegatingMethodAccessorImpl.invoke(DelegatingMethodAccessorImpl.java:43)
	at java.lang.reflect.Method.invoke(Method.java:498)
	at org.codehaus.groovy.tools.GroovyStarter.rootLoader(GroovyStarter.java:109)
	at org.codehaus.groovy.tools.GroovyStarter.main(GroovyStarter.java:131)
)"/>
         <system-out><![CDATA[2019-04-17 15:09:22 - [TEST_CASE][FAILED] - Test Cases/002_System_,Manage/001_User_Manage/012_Delete_User: Test Cases/002_System_,Manage/001_User_Manage/012_Delete_User FAILED because (of) (Stack trace: Assertion failed: 

assert false


	at org.codehaus.groovy.runtime.InvokerHelper.assertFailed(InvokerHelper.java:402)
	at org.codehaus.groovy.runtime.ScriptBytecodeAdapter.assertFailed(ScriptBytecodeAdapter.java:650)
	at Script1555410956897.run(Script1555410956897.groovy:130)
	at com.kms.katalon.core.main.ScriptEngine.run(ScriptEngine.java:183)
	at com.kms.katalon.core.main.ScriptEngine.runScriptAsRawText(ScriptEngine.java:108)
	at com.kms.katalon.core.main.TestCaseExecutor.runScript(TestCaseExecutor.java:294)
	at com.kms.katalon.core.main.TestCaseExecutor.doExecute(TestCaseExecutor.java:285)
	at com.kms.katalon.core.main.TestCaseExecutor.processExecutionPhase(TestCaseExecutor.java:264)
	at com.kms.katalon.core.main.TestCaseExecutor.accessMainPhase(TestCaseExecutor.java:256)
	at com.kms.katalon.core.main.TestCaseExecutor.execute(TestCaseExecutor.java:200)
	at com.kms.katalon.core.main.TestSuiteExecutor.accessTestCaseMainPhase(TestSuiteExecutor.java:129)
	at com.kms.katalon.core.main.TestSuiteExecutor.accessTestSuiteMainPhase(TestSuiteExecutor.java:112)
	at com.kms.katalon.core.main.TestSuiteExecutor.execute(TestSuiteExecutor.java:81)
	at com.kms.katalon.core.main.TestCaseMain.startTestSuite(TestCaseMain.java:142)
	at com.kms.katalon.core.main.TestCaseMain$startTestSuite$0.call(Unknown Source)
	at org.codehaus.groovy.runtime.callsite.CallSiteArray.defaultCall(CallSiteArray.java:48)
	at org.codehaus.groovy.runtime.callsite.AbstractCallSite.call(AbstractCallSite.java:113)
	at org.codehaus.groovy.runtime.callsite.AbstractCallSite.call(AbstractCallSite.java:141)
	at TempTestSuite1555483768579.run(TempTestSuite1555483768579.groovy:36)
	at groovy.lang.GroovyShell.runScriptOrMainOrTestOrRunnable(GroovyShell.java:263)
	at groovy.lang.GroovyShell.run(GroovyShell.java:518)
	at groovy.lang.GroovyShell.run(GroovyShell.java:507)
	at groovy.ui.GroovyMain.processOnce(GroovyMain.java:653)
	at groovy.ui.GroovyMain.run(GroovyMain.java:384)
	at groovy.ui.GroovyMain.process(GroovyMain.java:370)
	at groovy.ui.GroovyMain.processArgs(GroovyMain.java:129)
	at groovy.ui.GroovyMain.main(GroovyMain.java:109)
	at sun.reflect.NativeMethodAccessorImpl.invoke0(Native Method)
	at sun.reflect.NativeMethodAccessorImpl.invoke(NativeMethodAccessorImpl.java:62)
	at sun.reflect.DelegatingMethodAccessorImpl.invoke(DelegatingMethodAccessorImpl.java:43)
	at java.lang.reflect.Method.invoke(Method.java:498)
	at org.codehaus.groovy.tools.GroovyStarter.rootLoader(GroovyStarter.java:109)
	at org.codehaus.groovy.tools.GroovyStarter.main(GroovyStarter.java:131)
)

2019-04-17 15:09:22 - [TEST_STEP][PASSED] - Start listener action : sampleBeforeTestCase: Invoke 'com.kms.katalon.core.annotation.BeforeTestCase' method: 'NewTestListener.sampleBeforeTestCase(...)' completed.

2019-04-17 15:09:22 - [TEST_STEP][PASSED] - Statement - println(testCaseContext.getTestCaseId()): null

2019-04-17 15:09:22 - [TEST_STEP][PASSED] - Statement - println(testCaseContext.getTestCaseVariables()): Invoke 'com.kms.katalon.core.annotation.BeforeTestCase' method: 'NewTestListener.sampleBeforeTestCase(...)' completed.

2019-04-17 15:09:23 - [TEST_STEP][PASSED] - callTestCase: Call Test Case 'Test Cases/002_System_,Manage/001_User_Manage/001_Enter_User' successfully

2019-04-17 15:09:23 - [TEST_CASE][PASSED] - Test Cases/002_System_,Manage/001_User_Manage/001_Enter_User: Test Cases/002_System_,Manage/001_User_Manage/001_Enter_User

2019-04-17 15:09:23 - [TEST_STEP][PASSED] - callTestCase: Call Test Case 'Test Cases/001_Login_Home/002_Login' successfully

2019-04-17 15:09:23 - [TEST_CASE][PASSED] - Test Cases/001_Login_Home/002_Login: Test Cases/001_Login_Home/002_Login

2019-04-17 15:09:23 - [TEST_STEP][PASSED] - callTestCase: Call Test Case 'Test Cases/001_Login_Home/001_Navigate' successfully

2019-04-17 15:09:23 - [TEST_CASE][PASSED] - Test Cases/001_Login_Home/001_Navigate: Test Cases/001_Login_Home/001_Navigate

2019-04-17 15:09:23 - [TEST_STEP][PASSED] - openBrowser: Browser is opened with url: ''

2019-04-17 15:09:29 - [MESSAGE][PASSED] - Browser is opened with url: ''

2019-04-17 15:09:29 - [TEST_STEP][PASSED] - navigateToUrl: Navigate to 'http://222.180.200.126:9909/PORTALASSETS/login' successfully

2019-04-17 15:09:29 - [MESSAGE][PASSED] - Navigate to 'http://222.180.200.126:9909/PORTALASSETS/login' successfully

2019-04-17 15:09:29 - [TEST_STEP][PASSED] - comment: begin to input one correct account

2019-04-17 15:09:29 - [TEST_STEP][PASSED] - Statement - item = com.kms.katalon.core.webui.keyword.WebUiBuiltInKeywords.verifyElementPresent(com.kms.katalon.core.testobject.ObjectRepository.findTestObject(Login/button_ login), 20, STOP_ON_FAILURE): Object 'Object Repository/Login/button_ login' is present

2019-04-17 15:09:29 - [MESSAGE][PASSED] - Object 'Object Repository/Login/button_ login' is present

2019-04-17 15:09:29 - [TEST_STEP][PASSED] - Statement - If (item == true): Enter this website successful!!

2019-04-17 15:09:29 - [TEST_STEP][PASSED] - comment: Enter this website successful!!

2019-04-17 15:09:30 - [MESSAGE][PASSED] - Call Test Case 'Test Cases/001_Login_Home/001_Navigate' successfully

2019-04-17 15:09:30 - [TEST_STEP][PASSED] - delay: Delayed 1 second(s)

2019-04-17 15:09:31 - [MESSAGE][PASSED] - Delayed 1 second(s)

2019-04-17 15:09:31 - [TEST_STEP][PASSED] - setText: Text 'admin' is set on object 'Object Repository/Login/loginname'

2019-04-17 15:09:31 - [MESSAGE][PASSED] - Text 'admin' is set on object 'Object Repository/Login/loginname'

2019-04-17 15:09:31 - [TEST_STEP][PASSED] - delay: Delayed 1 second(s)

2019-04-17 15:09:32 - [MESSAGE][PASSED] - Delayed 1 second(s)

2019-04-17 15:09:32 - [TEST_STEP][PASSED] - setText: Text '654321' is set on object 'Object Repository/Login/password'

2019-04-17 15:09:32 - [MESSAGE][PASSED] - Text '654321' is set on object 'Object Repository/Login/password'

2019-04-17 15:09:32 - [TEST_STEP][PASSED] - delay: Delayed 1 second(s)

2019-04-17 15:09:33 - [MESSAGE][PASSED] - Delayed 1 second(s)

2019-04-17 15:09:33 - [TEST_STEP][PASSED] - Statement - R = com.kms.katalon.core.webui.keyword.WebUiBuiltInKeywords.verifyElementChecked(com.kms.katalon.core.testobject.ObjectRepository.findTestObject(Login/remember_password), 10): Object 'Object Repository/Login/remember_password' is checked

2019-04-17 15:09:33 - [MESSAGE][PASSED] - Object 'Object Repository/Login/remember_password' is checked

2019-04-17 15:09:33 - [TEST_STEP][PASSED] - Statement - If (R): The remember pwd box is checked!

2019-04-17 15:09:33 - [TEST_STEP][PASSED] - comment: The remember pwd box is checked!

2019-04-17 15:09:33 - [TEST_STEP][PASSED] - click: Object: 'Object Repository/Login/button_ login' is clicked on

2019-04-17 15:09:33 - [MESSAGE][PASSED] - Object: 'Object Repository/Login/button_ login' is clicked on

2019-04-17 15:09:33 - [TEST_STEP][PASSED] - Statement - a = com.kms.katalon.core.webui.keyword.WebUiBuiltInKeywords.verifyElementPresent(com.kms.katalon.core.testobject.ObjectRepository.findTestObject(homepage/a_homepage), 40): Object 'Object Repository/homepage/a_homepage' is present

2019-04-17 15:09:34 - [MESSAGE][PASSED] - Object 'Object Repository/homepage/a_homepage' is present

2019-04-17 15:09:34 - [TEST_STEP][PASSED] - Statement - If (a): Taking screenshot successfully

2019-04-17 15:09:34 - [TEST_STEP][PASSED] - comment: Find the homepag lable,Login successful

2019-04-17 15:09:34 - [TEST_STEP][PASSED] - takeScreenshot: Taking screenshot successfully

2019-04-17 15:09:34 - [MESSAGE][PASSED] - Taking screenshot successfully
[[ATTACHMENT|G:\\Auto_Learning\\katalon\\katalon_project\\katalon_project\\T2M_Manage\\T2M_Manage\\Reports\\User Manage\\005_delete\\20190417_144928\\1555484974139.png]]

2019-04-17 15:09:34 - [MESSAGE][PASSED] - Call Test Case 'Test Cases/001_Login_Home/002_Login' successfully

2019-04-17 15:09:34 - [TEST_STEP][PASSED] - delay: Delayed 1 second(s)

2019-04-17 15:09:35 - [MESSAGE][PASSED] - Delayed 1 second(s)

2019-04-17 15:09:35 - [TEST_STEP][PASSED] - click: Object: 'Object Repository/Syetem_settings/User_Manage/a_systemsetings' is clicked on

2019-04-17 15:09:35 - [MESSAGE][PASSED] - Object: 'Object Repository/Syetem_settings/User_Manage/a_systemsetings' is clicked on

2019-04-17 15:09:35 - [TEST_STEP][PASSED] - delay: Delayed 1 second(s)

2019-04-17 15:09:36 - [MESSAGE][PASSED] - Delayed 1 second(s)

2019-04-17 15:09:36 - [TEST_STEP][PASSED] - click: Object: 'Object Repository/Syetem_settings/User_Manage/a_user_manage' is clicked on

2019-04-17 15:09:36 - [MESSAGE][PASSED] - Object: 'Object Repository/Syetem_settings/User_Manage/a_user_manage' is clicked on

2019-04-17 15:09:36 - [TEST_STEP][PASSED] - delay: Delayed 1 second(s)

2019-04-17 15:09:37 - [MESSAGE][PASSED] - Delayed 1 second(s)

2019-04-17 15:09:37 - [TEST_STEP][PASSED] - Statement - verify_user = com.kms.katalon.core.webui.keyword.WebUiBuiltInKeywords.verifyElementPresent(com.kms.katalon.core.testobject.ObjectRepository.findTestObject(Syetem_settings/User_Manage/cite_usertable), 0): Object 'Object Repository/Syetem_settings/User_Manage/cite_usertable' is present

2019-04-17 15:09:37 - [MESSAGE][WARNING] - Timeout '0' is invalid. Using default page load timeout: '30'

2019-04-17 15:09:37 - [MESSAGE][PASSED] - Object 'Object Repository/Syetem_settings/User_Manage/cite_usertable' is present

2019-04-17 15:09:37 - [TEST_STEP][PASSED] - Statement - If (verify_user): Enter the Successfully entered the people management page

2019-04-17 15:09:37 - [TEST_STEP][PASSED] - comment: Enter the Successfully entered the people management page

2019-04-17 15:09:37 - [MESSAGE][PASSED] - Call Test Case 'Test Cases/002_System_,Manage/001_User_Manage/001_Enter_User' successfully

2019-04-17 15:09:37 - [TEST_STEP][PASSED] - maximizeWindow: Current window maximized

2019-04-17 15:09:38 - [MESSAGE][PASSED] - Current window maximized

2019-04-17 15:09:38 - [TEST_STEP][PASSED] - Statement - Total_First1 = com.kms.katalon.core.webui.keyword.WebUiBuiltInKeywords.getAttribute(com.kms.katalon.core.testobject.ObjectRepository.findTestObject(Syetem_settings/User_Manage/Search/total_list), "innerText"): Attribute 'innerText' of object 'Object Repository/Syetem_settings/User_Manage/Search/total_list' is: '共 73 条'

2019-04-17 15:09:39 - [MESSAGE][PASSED] - Attribute 'innerText' of object 'Object Repository/Syetem_settings/User_Manage/Search/total_list' is: '共 73 条'

2019-04-17 15:09:39 - [TEST_STEP][PASSED] - setText: Text '测试' is set on object 'Object Repository/test/input__keyword'

2019-04-17 15:09:39 - [MESSAGE][PASSED] - Text '测试' is set on object 'Object Repository/test/input__keyword'

2019-04-17 15:09:39 - [TEST_STEP][PASSED] - delay: Delayed 1 second(s)

2019-04-17 15:09:40 - [MESSAGE][PASSED] - Delayed 1 second(s)

2019-04-17 15:09:40 - [TEST_STEP][PASSED] - click: Object: 'Object Repository/test/button__layui-btn' is clicked on

2019-04-17 15:09:40 - [MESSAGE][PASSED] - Object: 'Object Repository/test/button__layui-btn' is clicked on

2019-04-17 15:09:40 - [TEST_STEP][PASSED] - delay: Delayed 1 second(s)

2019-04-17 15:09:41 - [MESSAGE][PASSED] - Delayed 1 second(s)

2019-04-17 15:09:41 - [TEST_STEP][PASSED] - Statement - For ([i = 1, i <= 1, (i++)]): Attribute 'innerText' of object 'Object Repository/Syetem_settings/User_Manage/Search/tr_td' is: '测试人员12'

2019-04-17 15:09:41 - [TEST_STEP][PASSED] - Statement - first_btn = com.kms.katalon.core.webui.keyword.WebUiBuiltInKeywords.modifyObjectProperty(com.kms.katalon.core.testobject.ObjectRepository.findTestObject(Syetem_settings/User_Manage/Search/tr_td), "xpath", "equals", "//div[@id="mainContent"]/div[2]/div[2]/div[2]/div[2]/div/div[2]/table/tbody/tr[" + i + "]/td[1]/div/span", true): Modify property of object successfully

2019-04-17 15:09:41 - [MESSAGE][PASSED] - Modify property of object successfully

2019-04-17 15:09:41 - [TEST_STEP][PASSED] - Statement - data1 = com.kms.katalon.core.webui.keyword.WebUiBuiltInKeywords.getAttribute(first_btn, "innerText"): Attribute 'innerText' of object 'Object Repository/Syetem_settings/User_Manage/Search/tr_td' is: '测试人员12'

2019-04-17 15:09:41 - [MESSAGE][PASSED] - Attribute 'innerText' of object 'Object Repository/Syetem_settings/User_Manage/Search/tr_td' is: '测试人员12'

2019-04-17 15:09:41 - [TEST_STEP][PASSED] - delay: Delayed 5 second(s)

2019-04-17 15:09:46 - [MESSAGE][PASSED] - Delayed 5 second(s)

2019-04-17 15:09:46 - [TEST_STEP][PASSED] - click: Object: 'Object Repository/Syetem_settings/User_Manage/Edit_user_info/Btn_Delete' is clicked on

2019-04-17 15:09:46 - [MESSAGE][PASSED] - Object: 'Object Repository/Syetem_settings/User_Manage/Edit_user_info/Btn_Delete' is clicked on

2019-04-17 15:09:46 - [TEST_STEP][PASSED] - delay: Delayed 1 second(s)

2019-04-17 15:09:47 - [MESSAGE][PASSED] - Delayed 1 second(s)

2019-04-17 15:09:47 - [TEST_STEP][PASSED] - click: Object: 'Object Repository/Syetem_settings/User_Manage/Delete_user/Btn_Sure' is clicked on

2019-04-17 15:09:47 - [MESSAGE][PASSED] - Object: 'Object Repository/Syetem_settings/User_Manage/Delete_user/Btn_Sure' is clicked on

2019-04-17 15:09:47 - [TEST_STEP][PASSED] - Statement - tips = com.kms.katalon.core.webui.keyword.WebUiBuiltInKeywords.verifyElementPresent(com.kms.katalon.core.testobject.ObjectRepository.findTestObject(Syetem_settings/User_Manage/Delete_user/Delete_successful), 10, STOP_ON_FAILURE): Object 'Object Repository/Syetem_settings/User_Manage/Delete_user/Delete_successful' is present

2019-04-17 15:09:47 - [MESSAGE][PASSED] - Object 'Object Repository/Syetem_settings/User_Manage/Delete_user/Delete_successful' is present

2019-04-17 15:09:47 - [TEST_STEP][PASSED] - Statement - If (tips): find the delete successfully Btn!

2019-04-17 15:09:47 - [TEST_STEP][PASSED] - comment: find the delete successfully Btn!

2019-04-17 15:09:47 - [TEST_STEP][PASSED] - delay: Delayed 3 second(s)

2019-04-17 15:09:50 - [MESSAGE][PASSED] - Delayed 3 second(s)

2019-04-17 15:09:50 - [TEST_STEP][PASSED] - setText: Text '测试' is set on object 'Object Repository/test/input__keyword'

2019-04-17 15:09:50 - [MESSAGE][PASSED] - Text '测试' is set on object 'Object Repository/test/input__keyword'

2019-04-17 15:09:50 - [TEST_STEP][PASSED] - delay: Delayed 1 second(s)

2019-04-17 15:09:51 - [MESSAGE][PASSED] - Delayed 1 second(s)

2019-04-17 15:09:51 - [TEST_STEP][PASSED] - click: Object: 'Object Repository/test/button__layui-btn' is clicked on

2019-04-17 15:09:51 - [MESSAGE][PASSED] - Object: 'Object Repository/test/button__layui-btn' is clicked on

2019-04-17 15:09:51 - [TEST_STEP][PASSED] - delay: Delayed 1 second(s)

2019-04-17 15:09:52 - [MESSAGE][PASSED] - Delayed 1 second(s)

2019-04-17 15:09:52 - [TEST_STEP][FAILED] - Statement - Try: Unable to get attribute 'innerText' of object 'Object Repository/Syetem_settings/User_Manage/Search/Nodata' (Root cause: com.kms.katalon.core.webui.exception.WebElementNotFoundException: Web element with id: 'Object Repository/Syetem_settings/User_Manage/Search/Nodata' located by 'By.xpath: //div[@class = 'layui-none' and (text() = '无数据' or . = '无数据')]' not found)

2019-04-17 15:09:52 - [TEST_STEP][FAILED] - Statement - data = com.kms.katalon.core.webui.keyword.WebUiBuiltInKeywords.getAttribute(com.kms.katalon.core.testobject.ObjectRepository.findTestObject(Syetem_settings/User_Manage/Search/Nodata), "innerText"): Unable to get attribute 'innerText' of object 'Object Repository/Syetem_settings/User_Manage/Search/Nodata' (Root cause: com.kms.katalon.core.webui.exception.WebElementNotFoundException: Web element with id: 'Object Repository/Syetem_settings/User_Manage/Search/Nodata' located by 'By.xpath: //div[@class = 'layui-none' and (text() = '无数据' or . = '无数据')]' not found)

2019-04-17 15:10:26 - [MESSAGE][FAILED] - Unable to get attribute 'innerText' of object 'Object Repository/Syetem_settings/User_Manage/Search/Nodata' (Root cause: com.kms.katalon.core.webui.exception.WebElementNotFoundException: Web element with id: 'Object Repository/Syetem_settings/User_Manage/Search/Nodata' located by 'By.xpath: //div[@class = 'layui-none' and (text() = '无数据' or . = '无数据')]' not found)
[[ATTACHMENT|G:\\Auto_Learning\\katalon\\katalon_project\\katalon_project\\T2M_Manage\\T2M_Manage\\Reports\\User Manage\\005_delete\\20190417_144928\\1555485025886.png]]

2019-04-17 15:10:26 - [TEST_STEP][PASSED] - Statement - Catch (Exception NoSuchElementException): 用户已经成功删除

2019-04-17 15:10:26 - [TEST_STEP][PASSED] - verifyElementPresent: Object 'Object Repository/Syetem_settings/User_Manage/Search/table' is present

2019-04-17 15:10:26 - [MESSAGE][PASSED] - Object 'Object Repository/Syetem_settings/User_Manage/Search/table' is present

2019-04-17 15:10:26 - [TEST_STEP][PASSED] - Statement - table = com.kms.katalon.core.testobject.ObjectRepository.findTestObject(Syetem_settings/User_Manage/Search/table): Finding Test Object with id 'Object Repository/Syetem_settings/User_Manage/Search/table'

2019-04-17 15:10:26 - [TEST_STEP][PASSED] - Statement - println(table): null

2019-04-17 15:10:26 - [TEST_STEP][PASSED] - Statement - TableRows = CustomKeywords.custom_keyword.WebUICustomKeywords.getHtmlTableRows(com.kms.katalon.core.testobject.ObjectRepository.findTestObject(Syetem_settings/User_Manage/Search/table), "tbody"): custom_keyword.WebUICustomKeywords.getHtmlTableRows is PASSED

2019-04-17 15:10:26 - [MESSAGE][PASSED] - custom_keyword.WebUICustomKeywords.getHtmlTableRows is PASSED

2019-04-17 15:10:26 - [TEST_STEP][PASSED] - Statement - TableRows_All = TableRows.size(): null

2019-04-17 15:10:26 - [TEST_STEP][PASSED] - Statement - println(TableRows_All): null

2019-04-17 15:10:26 - [TEST_STEP][PASSED] - Statement - For ([i = 1, i <= TableRows_All, (i++)]): 用户已经成功删除

2019-04-17 15:10:26 - [TEST_STEP][PASSED] - Statement - println(i): null

2019-04-17 15:10:26 - [TEST_STEP][PASSED] - Statement - println(TableRows_All): null

2019-04-17 15:10:26 - [TEST_STEP][PASSED] - Statement - If (com.kms.katalon.core.webui.keyword.WebUiBuiltInKeywords.verifyElementPresent(com.kms.katalon.core.testobject.ObjectRepository.findTestObject(Syetem_settings/User_Manage/Search/table), 10)): find the table object

2019-04-17 15:10:26 - [MESSAGE][PASSED] - Object 'Object Repository/Syetem_settings/User_Manage/Search/table' is present

2019-04-17 15:10:26 - [TEST_STEP][PASSED] - comment: find the table object

2019-04-17 15:10:26 - [TEST_STEP][PASSED] - Statement - new_btn = com.kms.katalon.core.webui.keyword.WebUiBuiltInKeywords.modifyObjectProperty(com.kms.katalon.core.testobject.ObjectRepository.findTestObject(Syetem_settings/User_Manage/Search/tr_td), "xpath", "equals", "//div[@id="mainContent"]/div[2]/div[2]/div[2]/div[2]/div/div[2]/table/tbody/tr[" + i + "]/td[1]/div/span", true): Modify property of object successfully

2019-04-17 15:10:26 - [MESSAGE][PASSED] - Modify property of object successfully

2019-04-17 15:10:26 - [TEST_STEP][PASSED] - verifyElementPresent: Object 'Object Repository/Syetem_settings/User_Manage/Search/tr_td' is present

2019-04-17 15:10:26 - [MESSAGE][PASSED] - Object 'Object Repository/Syetem_settings/User_Manage/Search/tr_td' is present

2019-04-17 15:10:26 - [TEST_STEP][PASSED] - Statement - content = com.kms.katalon.core.webui.keyword.WebUiBuiltInKeywords.getAttribute(new_btn, "innerText"): Attribute 'innerText' of object 'Object Repository/Syetem_settings/User_Manage/Search/tr_td' is: '测试人员11'

2019-04-17 15:10:26 - [MESSAGE][PASSED] - Attribute 'innerText' of object 'Object Repository/Syetem_settings/User_Manage/Search/tr_td' is: '测试人员11'

2019-04-17 15:10:26 - [TEST_STEP][PASSED] - Statement - If (content != data1): 用户已经成功删除

2019-04-17 15:10:26 - [TEST_STEP][PASSED] - comment: 用户已经成功删除

2019-04-17 15:10:26 - [TEST_STEP][PASSED] - Statement - println(i): null

2019-04-17 15:10:26 - [TEST_STEP][PASSED] - Statement - println(TableRows_All): null

2019-04-17 15:10:26 - [TEST_STEP][PASSED] - Statement - If (com.kms.katalon.core.webui.keyword.WebUiBuiltInKeywords.verifyElementPresent(com.kms.katalon.core.testobject.ObjectRepository.findTestObject(Syetem_settings/User_Manage/Search/table), 10)): find the table object

2019-04-17 15:10:26 - [MESSAGE][PASSED] - Object 'Object Repository/Syetem_settings/User_Manage/Search/table' is present

2019-04-17 15:10:26 - [TEST_STEP][PASSED] - comment: find the table object

2019-04-17 15:10:26 - [TEST_STEP][PASSED] - Statement - new_btn = com.kms.katalon.core.webui.keyword.WebUiBuiltInKeywords.modifyObjectProperty(com.kms.katalon.core.testobject.ObjectRepository.findTestObject(Syetem_settings/User_Manage/Search/tr_td), "xpath", "equals", "//div[@id="mainContent"]/div[2]/div[2]/div[2]/div[2]/div/div[2]/table/tbody/tr[" + i + "]/td[1]/div/span", true): Modify property of object successfully

2019-04-17 15:10:26 - [MESSAGE][PASSED] - Modify property of object successfully

2019-04-17 15:10:26 - [TEST_STEP][PASSED] - verifyElementPresent: Object 'Object Repository/Syetem_settings/User_Manage/Search/tr_td' is present

2019-04-17 15:10:26 - [MESSAGE][PASSED] - Object 'Object Repository/Syetem_settings/User_Manage/Search/tr_td' is present

2019-04-17 15:10:26 - [TEST_STEP][PASSED] - Statement - content = com.kms.katalon.core.webui.keyword.WebUiBuiltInKeywords.getAttribute(new_btn, "innerText"): Attribute 'innerText' of object 'Object Repository/Syetem_settings/User_Manage/Search/tr_td' is: '测试人员发'

2019-04-17 15:10:26 - [MESSAGE][PASSED] - Attribute 'innerText' of object 'Object Repository/Syetem_settings/User_Manage/Search/tr_td' is: '测试人员发'

2019-04-17 15:10:26 - [TEST_STEP][PASSED] - Statement - If (content != data1): 用户已经成功删除

2019-04-17 15:10:26 - [TEST_STEP][PASSED] - comment: 用户已经成功删除

2019-04-17 15:10:26 - [TEST_STEP][PASSED] - Statement - println(i): null

2019-04-17 15:10:26 - [TEST_STEP][PASSED] - Statement - println(TableRows_All): null

2019-04-17 15:10:26 - [TEST_STEP][PASSED] - Statement - If (com.kms.katalon.core.webui.keyword.WebUiBuiltInKeywords.verifyElementPresent(com.kms.katalon.core.testobject.ObjectRepository.findTestObject(Syetem_settings/User_Manage/Search/table), 10)): find the table object

2019-04-17 15:10:26 - [MESSAGE][PASSED] - Object 'Object Repository/Syetem_settings/User_Manage/Search/table' is present

2019-04-17 15:10:26 - [TEST_STEP][PASSED] - comment: find the table object

2019-04-17 15:10:26 - [TEST_STEP][PASSED] - Statement - new_btn = com.kms.katalon.core.webui.keyword.WebUiBuiltInKeywords.modifyObjectProperty(com.kms.katalon.core.testobject.ObjectRepository.findTestObject(Syetem_settings/User_Manage/Search/tr_td), "xpath", "equals", "//div[@id="mainContent"]/div[2]/div[2]/div[2]/div[2]/div/div[2]/table/tbody/tr[" + i + "]/td[1]/div/span", true): Modify property of object successfully

2019-04-17 15:10:26 - [MESSAGE][PASSED] - Modify property of object successfully

2019-04-17 15:10:26 - [TEST_STEP][PASSED] - verifyElementPresent: Object 'Object Repository/Syetem_settings/User_Manage/Search/tr_td' is present

2019-04-17 15:10:26 - [MESSAGE][PASSED] - Object 'Object Repository/Syetem_settings/User_Manage/Search/tr_td' is present

2019-04-17 15:10:26 - [TEST_STEP][PASSED] - Statement - content = com.kms.katalon.core.webui.keyword.WebUiBuiltInKeywords.getAttribute(new_btn, "innerText"): Attribute 'innerText' of object 'Object Repository/Syetem_settings/User_Manage/Search/tr_td' is: '测试人员25'

2019-04-17 15:10:26 - [MESSAGE][PASSED] - Attribute 'innerText' of object 'Object Repository/Syetem_settings/User_Manage/Search/tr_td' is: '测试人员25'

2019-04-17 15:10:26 - [TEST_STEP][PASSED] - Statement - If (content != data1): 用户已经成功删除

2019-04-17 15:10:26 - [TEST_STEP][PASSED] - comment: 用户已经成功删除

2019-04-17 15:10:26 - [TEST_STEP][PASSED] - Statement - println(i): null

2019-04-17 15:10:26 - [TEST_STEP][PASSED] - Statement - println(TableRows_All): null

2019-04-17 15:10:26 - [TEST_STEP][PASSED] - Statement - If (com.kms.katalon.core.webui.keyword.WebUiBuiltInKeywords.verifyElementPresent(com.kms.katalon.core.testobject.ObjectRepository.findTestObject(Syetem_settings/User_Manage/Search/table), 10)): find the table object

2019-04-17 15:10:26 - [MESSAGE][PASSED] - Object 'Object Repository/Syetem_settings/User_Manage/Search/table' is present

2019-04-17 15:10:26 - [TEST_STEP][PASSED] - comment: find the table object

2019-04-17 15:10:26 - [TEST_STEP][PASSED] - Statement - new_btn = com.kms.katalon.core.webui.keyword.WebUiBuiltInKeywords.modifyObjectProperty(com.kms.katalon.core.testobject.ObjectRepository.findTestObject(Syetem_settings/User_Manage/Search/tr_td), "xpath", "equals", "//div[@id="mainContent"]/div[2]/div[2]/div[2]/div[2]/div/div[2]/table/tbody/tr[" + i + "]/td[1]/div/span", true): Modify property of object successfully

2019-04-17 15:10:26 - [MESSAGE][PASSED] - Modify property of object successfully

2019-04-17 15:10:26 - [TEST_STEP][PASSED] - verifyElementPresent: Object 'Object Repository/Syetem_settings/User_Manage/Search/tr_td' is present

2019-04-17 15:10:26 - [MESSAGE][PASSED] - Object 'Object Repository/Syetem_settings/User_Manage/Search/tr_td' is present

2019-04-17 15:10:26 - [TEST_STEP][PASSED] - Statement - content = com.kms.katalon.core.webui.keyword.WebUiBuiltInKeywords.getAttribute(new_btn, "innerText"): Attribute 'innerText' of object 'Object Repository/Syetem_settings/User_Manage/Search/tr_td' is: '测试人员9'

2019-04-17 15:10:26 - [MESSAGE][PASSED] - Attribute 'innerText' of object 'Object Repository/Syetem_settings/User_Manage/Search/tr_td' is: '测试人员9'

2019-04-17 15:10:26 - [TEST_STEP][PASSED] - Statement - If (content != data1): 用户已经成功删除

2019-04-17 15:10:26 - [TEST_STEP][PASSED] - comment: 用户已经成功删除

2019-04-17 15:10:26 - [TEST_STEP][PASSED] - Statement - println(i): null

2019-04-17 15:10:26 - [TEST_STEP][PASSED] - Statement - println(TableRows_All): null

2019-04-17 15:10:26 - [TEST_STEP][PASSED] - Statement - If (com.kms.katalon.core.webui.keyword.WebUiBuiltInKeywords.verifyElementPresent(com.kms.katalon.core.testobject.ObjectRepository.findTestObject(Syetem_settings/User_Manage/Search/table), 10)): find the table object

2019-04-17 15:10:26 - [MESSAGE][PASSED] - Object 'Object Repository/Syetem_settings/User_Manage/Search/table' is present

2019-04-17 15:10:26 - [TEST_STEP][PASSED] - comment: find the table object

2019-04-17 15:10:26 - [TEST_STEP][PASSED] - Statement - new_btn = com.kms.katalon.core.webui.keyword.WebUiBuiltInKeywords.modifyObjectProperty(com.kms.katalon.core.testobject.ObjectRepository.findTestObject(Syetem_settings/User_Manage/Search/tr_td), "xpath", "equals", "//div[@id="mainContent"]/div[2]/div[2]/div[2]/div[2]/div/div[2]/table/tbody/tr[" + i + "]/td[1]/div/span", true): Modify property of object successfully

2019-04-17 15:10:26 - [MESSAGE][PASSED] - Modify property of object successfully

2019-04-17 15:10:26 - [TEST_STEP][PASSED] - verifyElementPresent: Object 'Object Repository/Syetem_settings/User_Manage/Search/tr_td' is present

2019-04-17 15:10:26 - [MESSAGE][PASSED] - Object 'Object Repository/Syetem_settings/User_Manage/Search/tr_td' is present

2019-04-17 15:10:26 - [TEST_STEP][PASSED] - Statement - content = com.kms.katalon.core.webui.keyword.WebUiBuiltInKeywords.getAttribute(new_btn, "innerText"): Attribute 'innerText' of object 'Object Repository/Syetem_settings/User_Manage/Search/tr_td' is: '测试人员1'

2019-04-17 15:10:26 - [MESSAGE][PASSED] - Attribute 'innerText' of object 'Object Repository/Syetem_settings/User_Manage/Search/tr_td' is: '测试人员1'

2019-04-17 15:10:26 - [TEST_STEP][PASSED] - Statement - If (content != data1): 用户已经成功删除

2019-04-17 15:10:26 - [TEST_STEP][PASSED] - comment: 用户已经成功删除

2019-04-17 15:10:26 - [TEST_STEP][PASSED] - delay: Delayed 1 second(s)

2019-04-17 15:10:27 - [MESSAGE][PASSED] - Delayed 1 second(s)

2019-04-17 15:10:27 - [TEST_STEP][PASSED] - click: Object: 'Object Repository/Syetem_settings/User_Manage/a_user_manage' is clicked on

2019-04-17 15:10:28 - [MESSAGE][PASSED] - Object: 'Object Repository/Syetem_settings/User_Manage/a_user_manage' is clicked on

2019-04-17 15:10:28 - [TEST_STEP][PASSED] - Statement - Total_First2 = com.kms.katalon.core.webui.keyword.WebUiBuiltInKeywords.getAttribute(com.kms.katalon.core.testobject.ObjectRepository.findTestObject(Syetem_settings/User_Manage/Search/total_list), "innerText"): Attribute 'innerText' of object 'Object Repository/Syetem_settings/User_Manage/Search/total_list' is: '共 73 条'

2019-04-17 15:10:28 - [MESSAGE][PASSED] - Attribute 'innerText' of object 'Object Repository/Syetem_settings/User_Manage/Search/total_list' is: '共 73 条'

2019-04-17 15:10:28 - [TEST_STEP][PASSED] - Statement - a = java.lang.Integer.parseInt(Total_First1[(2..3)]): null

2019-04-17 15:10:28 - [TEST_STEP][PASSED] - Statement - b = java.lang.Integer.parseInt(Total_First2[(2..3)]): null

2019-04-17 15:10:28 - [TEST_STEP][PASSED] - Statement - If (a == b + 1): null

2019-04-17 15:10:28 - [TEST_STEP][PASSED] - Statement - Else: null

2019-04-17 15:10:28 - [TEST_STEP][PASSED] - comment: 删除前的数据是73，删除后的数据是73,请核对删除后列表数据是否减少

2019-04-17 15:10:28 - [TEST_STEP][PASSED] - Statement - assert false: null

2019-04-17 15:10:28 - [TEST_STEP][PASSED] - Start listener action : sampleAfterTestCase: Invoke 'com.kms.katalon.core.annotation.AfterTestCase' method: 'NewTestListener.sampleAfterTestCase(...)' completed.

2019-04-17 15:10:28 - [TEST_STEP][PASSED] - Statement - println(testCaseContext.getTestCaseId()): null

2019-04-17 15:10:28 - [TEST_STEP][PASSED] - Statement - println(testCaseContext.getTestCaseStatus()): Invoke 'com.kms.katalon.core.annotation.AfterTestCase' method: 'NewTestListener.sampleAfterTestCase(...)' completed.]]></system-out>
         <system-err><![CDATA[2019-04-17 15:09:22 - [TEST_CASE][FAILED] - Test Cases/002_System_,Manage/001_User_Manage/012_Delete_User: Test Cases/002_System_,Manage/001_User_Manage/012_Delete_User FAILED because (of) (Stack trace: Assertion failed: 

assert false


	at org.codehaus.groovy.runtime.InvokerHelper.assertFailed(InvokerHelper.java:402)
	at org.codehaus.groovy.runtime.ScriptBytecodeAdapter.assertFailed(ScriptBytecodeAdapter.java:650)
	at Script1555410956897.run(Script1555410956897.groovy:130)
	at com.kms.katalon.core.main.ScriptEngine.run(ScriptEngine.java:183)
	at com.kms.katalon.core.main.ScriptEngine.runScriptAsRawText(ScriptEngine.java:108)
	at com.kms.katalon.core.main.TestCaseExecutor.runScript(TestCaseExecutor.java:294)
	at com.kms.katalon.core.main.TestCaseExecutor.doExecute(TestCaseExecutor.java:285)
	at com.kms.katalon.core.main.TestCaseExecutor.processExecutionPhase(TestCaseExecutor.java:264)
	at com.kms.katalon.core.main.TestCaseExecutor.accessMainPhase(TestCaseExecutor.java:256)
	at com.kms.katalon.core.main.TestCaseExecutor.execute(TestCaseExecutor.java:200)
	at com.kms.katalon.core.main.TestSuiteExecutor.accessTestCaseMainPhase(TestSuiteExecutor.java:129)
	at com.kms.katalon.core.main.TestSuiteExecutor.accessTestSuiteMainPhase(TestSuiteExecutor.java:112)
	at com.kms.katalon.core.main.TestSuiteExecutor.execute(TestSuiteExecutor.java:81)
	at com.kms.katalon.core.main.TestCaseMain.startTestSuite(TestCaseMain.java:142)
	at com.kms.katalon.core.main.TestCaseMain$startTestSuite$0.call(Unknown Source)
	at org.codehaus.groovy.runtime.callsite.CallSiteArray.defaultCall(CallSiteArray.java:48)
	at org.codehaus.groovy.runtime.callsite.AbstractCallSite.call(AbstractCallSite.java:113)
	at org.codehaus.groovy.runtime.callsite.AbstractCallSite.call(AbstractCallSite.java:141)
	at TempTestSuite1555483768579.run(TempTestSuite1555483768579.groovy:36)
	at groovy.lang.GroovyShell.runScriptOrMainOrTestOrRunnable(GroovyShell.java:263)
	at groovy.lang.GroovyShell.run(GroovyShell.java:518)
	at groovy.lang.GroovyShell.run(GroovyShell.java:507)
	at groovy.ui.GroovyMain.processOnce(GroovyMain.java:653)
	at groovy.ui.GroovyMain.run(GroovyMain.java:384)
	at groovy.ui.GroovyMain.process(GroovyMain.java:370)
	at groovy.ui.GroovyMain.processArgs(GroovyMain.java:129)
	at groovy.ui.GroovyMain.main(GroovyMain.java:109)
	at sun.reflect.NativeMethodAccessorImpl.invoke0(Native Method)
	at sun.reflect.NativeMethodAccessorImpl.invoke(NativeMethodAccessorImpl.java:62)
	at sun.reflect.DelegatingMethodAccessorImpl.invoke(DelegatingMethodAccessorImpl.java:43)
	at java.lang.reflect.Method.invoke(Method.java:498)
	at org.codehaus.groovy.tools.GroovyStarter.rootLoader(GroovyStarter.java:109)
	at org.codehaus.groovy.tools.GroovyStarter.main(GroovyStarter.java:131)
)]]></system-err>
      </testcase>
      <testcase name="Test Cases/002_System_,Manage/001_User_Manage/013_cancel_delete" classname="Test Cases/002_System_,Manage/001_User_Manage/013_cancel_delete" status="FAILED">
         <failure type="FAILED" message="(Stack trace: Assertion failed: 

assert false


	at org.codehaus.groovy.runtime.InvokerHelper.assertFailed(InvokerHelper.java:402)
	at org.codehaus.groovy.runtime.ScriptBytecodeAdapter.assertFailed(ScriptBytecodeAdapter.java:650)
	at Script1555411806796.run(Script1555411806796.groovy:88)
	at com.kms.katalon.core.main.ScriptEngine.run(ScriptEngine.java:183)
	at com.kms.katalon.core.main.ScriptEngine.runScriptAsRawText(ScriptEngine.java:108)
	at com.kms.katalon.core.main.TestCaseExecutor.runScript(TestCaseExecutor.java:294)
	at com.kms.katalon.core.main.TestCaseExecutor.doExecute(TestCaseExecutor.java:285)
	at com.kms.katalon.core.main.TestCaseExecutor.processExecutionPhase(TestCaseExecutor.java:264)
	at com.kms.katalon.core.main.TestCaseExecutor.accessMainPhase(TestCaseExecutor.java:256)
	at com.kms.katalon.core.main.TestCaseExecutor.execute(TestCaseExecutor.java:200)
	at com.kms.katalon.core.main.TestSuiteExecutor.accessTestCaseMainPhase(TestSuiteExecutor.java:129)
	at com.kms.katalon.core.main.TestSuiteExecutor.accessTestSuiteMainPhase(TestSuiteExecutor.java:112)
	at com.kms.katalon.core.main.TestSuiteExecutor.execute(TestSuiteExecutor.java:81)
	at com.kms.katalon.core.main.TestCaseMain.startTestSuite(TestCaseMain.java:142)
	at com.kms.katalon.core.main.TestCaseMain$startTestSuite$0.call(Unknown Source)
	at org.codehaus.groovy.runtime.callsite.CallSiteArray.defaultCall(CallSiteArray.java:48)
	at org.codehaus.groovy.runtime.callsite.AbstractCallSite.call(AbstractCallSite.java:113)
	at org.codehaus.groovy.runtime.callsite.AbstractCallSite.call(AbstractCallSite.java:141)
	at TempTestSuite1555483768579.run(TempTestSuite1555483768579.groovy:36)
	at groovy.lang.GroovyShell.runScriptOrMainOrTestOrRunnable(GroovyShell.java:263)
	at groovy.lang.GroovyShell.run(GroovyShell.java:518)
	at groovy.lang.GroovyShell.run(GroovyShell.java:507)
	at groovy.ui.GroovyMain.processOnce(GroovyMain.java:653)
	at groovy.ui.GroovyMain.run(GroovyMain.java:384)
	at groovy.ui.GroovyMain.process(GroovyMain.java:370)
	at groovy.ui.GroovyMain.processArgs(GroovyMain.java:129)
	at groovy.ui.GroovyMain.main(GroovyMain.java:109)
	at sun.reflect.NativeMethodAccessorImpl.invoke0(Native Method)
	at sun.reflect.NativeMethodAccessorImpl.invoke(NativeMethodAccessorImpl.java:62)
	at sun.reflect.DelegatingMethodAccessorImpl.invoke(DelegatingMethodAccessorImpl.java:43)
	at java.lang.reflect.Method.invoke(Method.java:498)
	at org.codehaus.groovy.tools.GroovyStarter.rootLoader(GroovyStarter.java:109)
	at org.codehaus.groovy.tools.GroovyStarter.main(GroovyStarter.java:131)
)"/>
         <system-out><![CDATA[2019-04-17 15:10:30 - [TEST_CASE][FAILED] - Test Cases/002_System_,Manage/001_User_Manage/013_cancel_delete: Test Cases/002_System_,Manage/001_User_Manage/013_cancel_delete FAILED because (of) (Stack trace: Assertion failed: 

assert false


	at org.codehaus.groovy.runtime.InvokerHelper.assertFailed(InvokerHelper.java:402)
	at org.codehaus.groovy.runtime.ScriptBytecodeAdapter.assertFailed(ScriptBytecodeAdapter.java:650)
	at Script1555411806796.run(Script1555411806796.groovy:88)
	at com.kms.katalon.core.main.ScriptEngine.run(ScriptEngine.java:183)
	at com.kms.katalon.core.main.ScriptEngine.runScriptAsRawText(ScriptEngine.java:108)
	at com.kms.katalon.core.main.TestCaseExecutor.runScript(TestCaseExecutor.java:294)
	at com.kms.katalon.core.main.TestCaseExecutor.doExecute(TestCaseExecutor.java:285)
	at com.kms.katalon.core.main.TestCaseExecutor.processExecutionPhase(TestCaseExecutor.java:264)
	at com.kms.katalon.core.main.TestCaseExecutor.accessMainPhase(TestCaseExecutor.java:256)
	at com.kms.katalon.core.main.TestCaseExecutor.execute(TestCaseExecutor.java:200)
	at com.kms.katalon.core.main.TestSuiteExecutor.accessTestCaseMainPhase(TestSuiteExecutor.java:129)
	at com.kms.katalon.core.main.TestSuiteExecutor.accessTestSuiteMainPhase(TestSuiteExecutor.java:112)
	at com.kms.katalon.core.main.TestSuiteExecutor.execute(TestSuiteExecutor.java:81)
	at com.kms.katalon.core.main.TestCaseMain.startTestSuite(TestCaseMain.java:142)
	at com.kms.katalon.core.main.TestCaseMain$startTestSuite$0.call(Unknown Source)
	at org.codehaus.groovy.runtime.callsite.CallSiteArray.defaultCall(CallSiteArray.java:48)
	at org.codehaus.groovy.runtime.callsite.AbstractCallSite.call(AbstractCallSite.java:113)
	at org.codehaus.groovy.runtime.callsite.AbstractCallSite.call(AbstractCallSite.java:141)
	at TempTestSuite1555483768579.run(TempTestSuite1555483768579.groovy:36)
	at groovy.lang.GroovyShell.runScriptOrMainOrTestOrRunnable(GroovyShell.java:263)
	at groovy.lang.GroovyShell.run(GroovyShell.java:518)
	at groovy.lang.GroovyShell.run(GroovyShell.java:507)
	at groovy.ui.GroovyMain.processOnce(GroovyMain.java:653)
	at groovy.ui.GroovyMain.run(GroovyMain.java:384)
	at groovy.ui.GroovyMain.process(GroovyMain.java:370)
	at groovy.ui.GroovyMain.processArgs(GroovyMain.java:129)
	at groovy.ui.GroovyMain.main(GroovyMain.java:109)
	at sun.reflect.NativeMethodAccessorImpl.invoke0(Native Method)
	at sun.reflect.NativeMethodAccessorImpl.invoke(NativeMethodAccessorImpl.java:62)
	at sun.reflect.DelegatingMethodAccessorImpl.invoke(DelegatingMethodAccessorImpl.java:43)
	at java.lang.reflect.Method.invoke(Method.java:498)
	at org.codehaus.groovy.tools.GroovyStarter.rootLoader(GroovyStarter.java:109)
	at org.codehaus.groovy.tools.GroovyStarter.main(GroovyStarter.java:131)
)

2019-04-17 15:10:30 - [TEST_STEP][PASSED] - Start listener action : sampleBeforeTestCase: Invoke 'com.kms.katalon.core.annotation.BeforeTestCase' method: 'NewTestListener.sampleBeforeTestCase(...)' completed.

2019-04-17 15:10:30 - [TEST_STEP][PASSED] - Statement - println(testCaseContext.getTestCaseId()): null

2019-04-17 15:10:30 - [TEST_STEP][PASSED] - Statement - println(testCaseContext.getTestCaseVariables()): Invoke 'com.kms.katalon.core.annotation.BeforeTestCase' method: 'NewTestListener.sampleBeforeTestCase(...)' completed.

2019-04-17 15:10:31 - [TEST_STEP][PASSED] - callTestCase: Call Test Case 'Test Cases/002_System_,Manage/001_User_Manage/001_Enter_User' successfully

2019-04-17 15:10:31 - [TEST_CASE][PASSED] - Test Cases/002_System_,Manage/001_User_Manage/001_Enter_User: Test Cases/002_System_,Manage/001_User_Manage/001_Enter_User

2019-04-17 15:10:31 - [TEST_STEP][PASSED] - callTestCase: Call Test Case 'Test Cases/001_Login_Home/002_Login' successfully

2019-04-17 15:10:31 - [TEST_CASE][PASSED] - Test Cases/001_Login_Home/002_Login: Test Cases/001_Login_Home/002_Login

2019-04-17 15:10:31 - [TEST_STEP][PASSED] - callTestCase: Call Test Case 'Test Cases/001_Login_Home/001_Navigate' successfully

2019-04-17 15:10:31 - [TEST_CASE][PASSED] - Test Cases/001_Login_Home/001_Navigate: Test Cases/001_Login_Home/001_Navigate

2019-04-17 15:10:31 - [TEST_STEP][PASSED] - openBrowser: Browser is opened with url: ''

2019-04-17 15:10:31 - [MESSAGE][WARNING] - A browser is already opened. Closing browser and opening a new one

2019-04-17 15:10:34 - [MESSAGE][PASSED] - Browser is opened with url: ''

2019-04-17 15:10:34 - [TEST_STEP][PASSED] - navigateToUrl: Navigate to 'http://222.180.200.126:9909/PORTALASSETS/login' successfully

2019-04-17 15:10:35 - [MESSAGE][PASSED] - Navigate to 'http://222.180.200.126:9909/PORTALASSETS/login' successfully

2019-04-17 15:10:35 - [TEST_STEP][PASSED] - comment: begin to input one correct account

2019-04-17 15:10:35 - [TEST_STEP][PASSED] - Statement - item = com.kms.katalon.core.webui.keyword.WebUiBuiltInKeywords.verifyElementPresent(com.kms.katalon.core.testobject.ObjectRepository.findTestObject(Login/button_ login), 20, STOP_ON_FAILURE): Object 'Object Repository/Login/button_ login' is present

2019-04-17 15:10:35 - [MESSAGE][PASSED] - Object 'Object Repository/Login/button_ login' is present

2019-04-17 15:10:35 - [TEST_STEP][PASSED] - Statement - If (item == true): Enter this website successful!!

2019-04-17 15:10:35 - [TEST_STEP][PASSED] - comment: Enter this website successful!!

2019-04-17 15:10:35 - [MESSAGE][PASSED] - Call Test Case 'Test Cases/001_Login_Home/001_Navigate' successfully

2019-04-17 15:10:35 - [TEST_STEP][PASSED] - delay: Delayed 1 second(s)

2019-04-17 15:10:36 - [MESSAGE][PASSED] - Delayed 1 second(s)

2019-04-17 15:10:36 - [TEST_STEP][PASSED] - setText: Text 'admin' is set on object 'Object Repository/Login/loginname'

2019-04-17 15:10:36 - [MESSAGE][PASSED] - Text 'admin' is set on object 'Object Repository/Login/loginname'

2019-04-17 15:10:36 - [TEST_STEP][PASSED] - delay: Delayed 1 second(s)

2019-04-17 15:10:37 - [MESSAGE][PASSED] - Delayed 1 second(s)

2019-04-17 15:10:37 - [TEST_STEP][PASSED] - setText: Text '654321' is set on object 'Object Repository/Login/password'

2019-04-17 15:10:38 - [MESSAGE][PASSED] - Text '654321' is set on object 'Object Repository/Login/password'

2019-04-17 15:10:38 - [TEST_STEP][PASSED] - delay: Delayed 1 second(s)

2019-04-17 15:10:39 - [MESSAGE][PASSED] - Delayed 1 second(s)

2019-04-17 15:10:39 - [TEST_STEP][PASSED] - Statement - R = com.kms.katalon.core.webui.keyword.WebUiBuiltInKeywords.verifyElementChecked(com.kms.katalon.core.testobject.ObjectRepository.findTestObject(Login/remember_password), 10): Object 'Object Repository/Login/remember_password' is checked

2019-04-17 15:10:39 - [MESSAGE][PASSED] - Object 'Object Repository/Login/remember_password' is checked

2019-04-17 15:10:39 - [TEST_STEP][PASSED] - Statement - If (R): The remember pwd box is checked!

2019-04-17 15:10:39 - [TEST_STEP][PASSED] - comment: The remember pwd box is checked!

2019-04-17 15:10:39 - [TEST_STEP][PASSED] - click: Object: 'Object Repository/Login/button_ login' is clicked on

2019-04-17 15:10:39 - [MESSAGE][PASSED] - Object: 'Object Repository/Login/button_ login' is clicked on

2019-04-17 15:10:39 - [TEST_STEP][PASSED] - Statement - a = com.kms.katalon.core.webui.keyword.WebUiBuiltInKeywords.verifyElementPresent(com.kms.katalon.core.testobject.ObjectRepository.findTestObject(homepage/a_homepage), 40): Object 'Object Repository/homepage/a_homepage' is present

2019-04-17 15:10:40 - [MESSAGE][PASSED] - Object 'Object Repository/homepage/a_homepage' is present

2019-04-17 15:10:40 - [TEST_STEP][PASSED] - Statement - If (a): Taking screenshot successfully

2019-04-17 15:10:40 - [TEST_STEP][PASSED] - comment: Find the homepag lable,Login successful

2019-04-17 15:10:40 - [TEST_STEP][PASSED] - takeScreenshot: Taking screenshot successfully

2019-04-17 15:10:41 - [MESSAGE][PASSED] - Taking screenshot successfully
[[ATTACHMENT|G:\\Auto_Learning\\katalon\\katalon_project\\katalon_project\\T2M_Manage\\T2M_Manage\\Reports\\User Manage\\005_delete\\20190417_144928\\1555485040915.png]]

2019-04-17 15:10:41 - [MESSAGE][PASSED] - Call Test Case 'Test Cases/001_Login_Home/002_Login' successfully

2019-04-17 15:10:41 - [TEST_STEP][PASSED] - delay: Delayed 1 second(s)

2019-04-17 15:10:42 - [MESSAGE][PASSED] - Delayed 1 second(s)

2019-04-17 15:10:42 - [TEST_STEP][PASSED] - click: Object: 'Object Repository/Syetem_settings/User_Manage/a_systemsetings' is clicked on

2019-04-17 15:10:42 - [MESSAGE][PASSED] - Object: 'Object Repository/Syetem_settings/User_Manage/a_systemsetings' is clicked on

2019-04-17 15:10:42 - [TEST_STEP][PASSED] - delay: Delayed 1 second(s)

2019-04-17 15:10:43 - [MESSAGE][PASSED] - Delayed 1 second(s)

2019-04-17 15:10:43 - [TEST_STEP][PASSED] - click: Object: 'Object Repository/Syetem_settings/User_Manage/a_user_manage' is clicked on

2019-04-17 15:10:43 - [MESSAGE][PASSED] - Object: 'Object Repository/Syetem_settings/User_Manage/a_user_manage' is clicked on

2019-04-17 15:10:43 - [TEST_STEP][PASSED] - delay: Delayed 1 second(s)

2019-04-17 15:10:44 - [MESSAGE][PASSED] - Delayed 1 second(s)

2019-04-17 15:10:44 - [TEST_STEP][PASSED] - Statement - verify_user = com.kms.katalon.core.webui.keyword.WebUiBuiltInKeywords.verifyElementPresent(com.kms.katalon.core.testobject.ObjectRepository.findTestObject(Syetem_settings/User_Manage/cite_usertable), 0): Object 'Object Repository/Syetem_settings/User_Manage/cite_usertable' is present

2019-04-17 15:10:44 - [MESSAGE][WARNING] - Timeout '0' is invalid. Using default page load timeout: '30'

2019-04-17 15:10:44 - [MESSAGE][PASSED] - Object 'Object Repository/Syetem_settings/User_Manage/cite_usertable' is present

2019-04-17 15:10:44 - [TEST_STEP][PASSED] - Statement - If (verify_user): Enter the Successfully entered the people management page

2019-04-17 15:10:44 - [TEST_STEP][PASSED] - comment: Enter the Successfully entered the people management page

2019-04-17 15:10:44 - [MESSAGE][PASSED] - Call Test Case 'Test Cases/002_System_,Manage/001_User_Manage/001_Enter_User' successfully

2019-04-17 15:10:44 - [TEST_STEP][PASSED] - maximizeWindow: Current window maximized

2019-04-17 15:10:45 - [MESSAGE][PASSED] - Current window maximized

2019-04-17 15:10:45 - [TEST_STEP][PASSED] - setText: Text '测试' is set on object 'Object Repository/test/input__keyword'

2019-04-17 15:10:46 - [MESSAGE][PASSED] - Text '测试' is set on object 'Object Repository/test/input__keyword'

2019-04-17 15:10:46 - [TEST_STEP][PASSED] - delay: Delayed 1 second(s)

2019-04-17 15:10:47 - [MESSAGE][PASSED] - Delayed 1 second(s)

2019-04-17 15:10:47 - [TEST_STEP][PASSED] - click: Object: 'Object Repository/test/button__layui-btn' is clicked on

2019-04-17 15:10:47 - [MESSAGE][PASSED] - Object: 'Object Repository/test/button__layui-btn' is clicked on

2019-04-17 15:10:47 - [TEST_STEP][PASSED] - delay: Delayed 1 second(s)

2019-04-17 15:10:48 - [MESSAGE][PASSED] - Delayed 1 second(s)

2019-04-17 15:10:48 - [TEST_STEP][PASSED] - Statement - For ([i = 1, i <= 1, (i++)]): Attribute 'innerText' of object 'Object Repository/Syetem_settings/User_Manage/Search/tr_td' is: '测试人员11'

2019-04-17 15:10:48 - [TEST_STEP][PASSED] - Statement - first_btn = com.kms.katalon.core.webui.keyword.WebUiBuiltInKeywords.modifyObjectProperty(com.kms.katalon.core.testobject.ObjectRepository.findTestObject(Syetem_settings/User_Manage/Search/tr_td), "xpath", "equals", "//div[@id="mainContent"]/div[2]/div[2]/div[2]/div[2]/div/div[2]/table/tbody/tr[" + i + "]/td[1]/div/span", true): Modify property of object successfully

2019-04-17 15:10:48 - [MESSAGE][PASSED] - Modify property of object successfully

2019-04-17 15:10:48 - [TEST_STEP][PASSED] - Statement - data1 = com.kms.katalon.core.webui.keyword.WebUiBuiltInKeywords.getAttribute(first_btn, "innerText"): Attribute 'innerText' of object 'Object Repository/Syetem_settings/User_Manage/Search/tr_td' is: '测试人员11'

2019-04-17 15:10:48 - [MESSAGE][PASSED] - Attribute 'innerText' of object 'Object Repository/Syetem_settings/User_Manage/Search/tr_td' is: '测试人员11'

2019-04-17 15:10:48 - [TEST_STEP][PASSED] - delay: Delayed 5 second(s)

2019-04-17 15:10:53 - [MESSAGE][PASSED] - Delayed 5 second(s)

2019-04-17 15:10:53 - [TEST_STEP][PASSED] - click: Object: 'Object Repository/Syetem_settings/User_Manage/Edit_user_info/Btn_Delete' is clicked on

2019-04-17 15:10:53 - [MESSAGE][PASSED] - Object: 'Object Repository/Syetem_settings/User_Manage/Edit_user_info/Btn_Delete' is clicked on

2019-04-17 15:10:53 - [TEST_STEP][PASSED] - delay: Delayed 1 second(s)

2019-04-17 15:10:54 - [MESSAGE][PASSED] - Delayed 1 second(s)

2019-04-17 15:10:54 - [TEST_STEP][PASSED] - click: Object: 'Object Repository/Syetem_settings/User_Manage/Delete_user/Btn_Cancel' is clicked on

2019-04-17 15:10:54 - [MESSAGE][PASSED] - Object: 'Object Repository/Syetem_settings/User_Manage/Delete_user/Btn_Cancel' is clicked on

2019-04-17 15:10:54 - [TEST_STEP][PASSED] - delay: Delayed 1 second(s)

2019-04-17 15:10:55 - [MESSAGE][PASSED] - Delayed 1 second(s)

2019-04-17 15:10:55 - [TEST_STEP][PASSED] - setText: Text '测试' is set on object 'Object Repository/test/input__keyword'

2019-04-17 15:10:55 - [MESSAGE][PASSED] - Text '测试' is set on object 'Object Repository/test/input__keyword'

2019-04-17 15:10:55 - [TEST_STEP][PASSED] - delay: Delayed 1 second(s)

2019-04-17 15:10:56 - [MESSAGE][PASSED] - Delayed 1 second(s)

2019-04-17 15:10:56 - [TEST_STEP][PASSED] - click: Object: 'Object Repository/test/button__layui-btn' is clicked on

2019-04-17 15:10:56 - [MESSAGE][PASSED] - Object: 'Object Repository/test/button__layui-btn' is clicked on

2019-04-17 15:10:56 - [TEST_STEP][PASSED] - delay: Delayed 1 second(s)

2019-04-17 15:10:57 - [MESSAGE][PASSED] - Delayed 1 second(s)

2019-04-17 15:10:57 - [TEST_STEP][PASSED] - verifyElementPresent: Object 'Object Repository/Syetem_settings/User_Manage/Search/table' is present

2019-04-17 15:10:57 - [MESSAGE][PASSED] - Object 'Object Repository/Syetem_settings/User_Manage/Search/table' is present

2019-04-17 15:10:57 - [TEST_STEP][PASSED] - Statement - table = com.kms.katalon.core.testobject.ObjectRepository.findTestObject(Syetem_settings/User_Manage/Search/table): Finding Test Object with id 'Object Repository/Syetem_settings/User_Manage/Search/table'

2019-04-17 15:10:57 - [TEST_STEP][PASSED] - Statement - println(table): null

2019-04-17 15:10:57 - [TEST_STEP][PASSED] - Statement - TableRows = CustomKeywords.custom_keyword.WebUICustomKeywords.getHtmlTableRows(com.kms.katalon.core.testobject.ObjectRepository.findTestObject(Syetem_settings/User_Manage/Search/table), "tbody"): custom_keyword.WebUICustomKeywords.getHtmlTableRows is PASSED

2019-04-17 15:10:57 - [MESSAGE][PASSED] - custom_keyword.WebUICustomKeywords.getHtmlTableRows is PASSED

2019-04-17 15:10:57 - [TEST_STEP][PASSED] - Statement - TableRows_All = TableRows.size(): null

2019-04-17 15:10:57 - [TEST_STEP][PASSED] - Statement - println(TableRows_All): null

2019-04-17 15:10:57 - [TEST_STEP][PASSED] - Statement - For ([i = 1, i <= TableRows_All, (i++)]): null

2019-04-17 15:10:57 - [TEST_STEP][PASSED] - Statement - println(i): null

2019-04-17 15:10:57 - [TEST_STEP][PASSED] - Statement - println(TableRows_All): null

2019-04-17 15:10:57 - [TEST_STEP][PASSED] - Statement - If (com.kms.katalon.core.webui.keyword.WebUiBuiltInKeywords.verifyElementPresent(com.kms.katalon.core.testobject.ObjectRepository.findTestObject(Syetem_settings/User_Manage/Search/table), 10)): find the table object

2019-04-17 15:10:57 - [MESSAGE][PASSED] - Object 'Object Repository/Syetem_settings/User_Manage/Search/table' is present

2019-04-17 15:10:57 - [TEST_STEP][PASSED] - comment: find the table object

2019-04-17 15:10:57 - [TEST_STEP][PASSED] - Statement - new_btn = com.kms.katalon.core.webui.keyword.WebUiBuiltInKeywords.modifyObjectProperty(com.kms.katalon.core.testobject.ObjectRepository.findTestObject(Syetem_settings/User_Manage/Search/tr_td), "xpath", "equals", "//div[@id="mainContent"]/div[2]/div[2]/div[2]/div[2]/div/div[2]/table/tbody/tr[" + i + "]/td[1]/div/span", true): Modify property of object successfully

2019-04-17 15:10:57 - [MESSAGE][PASSED] - Modify property of object successfully

2019-04-17 15:10:57 - [TEST_STEP][PASSED] - verifyElementPresent: Object 'Object Repository/Syetem_settings/User_Manage/Search/tr_td' is present

2019-04-17 15:10:57 - [MESSAGE][PASSED] - Object 'Object Repository/Syetem_settings/User_Manage/Search/tr_td' is present

2019-04-17 15:10:57 - [TEST_STEP][PASSED] - Statement - content = com.kms.katalon.core.webui.keyword.WebUiBuiltInKeywords.getAttribute(new_btn, "innerText"): Attribute 'innerText' of object 'Object Repository/Syetem_settings/User_Manage/Search/tr_td' is: '测试人员11'

2019-04-17 15:10:57 - [MESSAGE][PASSED] - Attribute 'innerText' of object 'Object Repository/Syetem_settings/User_Manage/Search/tr_td' is: '测试人员11'

2019-04-17 15:10:57 - [TEST_STEP][PASSED] - Statement - If (content == data1): 取消删除的用户没有被删除

2019-04-17 15:10:57 - [TEST_STEP][PASSED] - comment: 取消删除的用户没有被删除

2019-04-17 15:10:57 - [TEST_STEP][PASSED] - Statement - println(i): null

2019-04-17 15:10:57 - [TEST_STEP][PASSED] - Statement - println(TableRows_All): null

2019-04-17 15:10:57 - [TEST_STEP][PASSED] - Statement - If (com.kms.katalon.core.webui.keyword.WebUiBuiltInKeywords.verifyElementPresent(com.kms.katalon.core.testobject.ObjectRepository.findTestObject(Syetem_settings/User_Manage/Search/table), 10)): find the table object

2019-04-17 15:10:57 - [MESSAGE][PASSED] - Object 'Object Repository/Syetem_settings/User_Manage/Search/table' is present

2019-04-17 15:10:57 - [TEST_STEP][PASSED] - comment: find the table object

2019-04-17 15:10:57 - [TEST_STEP][PASSED] - Statement - new_btn = com.kms.katalon.core.webui.keyword.WebUiBuiltInKeywords.modifyObjectProperty(com.kms.katalon.core.testobject.ObjectRepository.findTestObject(Syetem_settings/User_Manage/Search/tr_td), "xpath", "equals", "//div[@id="mainContent"]/div[2]/div[2]/div[2]/div[2]/div/div[2]/table/tbody/tr[" + i + "]/td[1]/div/span", true): Modify property of object successfully

2019-04-17 15:10:57 - [MESSAGE][PASSED] - Modify property of object successfully

2019-04-17 15:10:57 - [TEST_STEP][PASSED] - verifyElementPresent: Object 'Object Repository/Syetem_settings/User_Manage/Search/tr_td' is present

2019-04-17 15:10:57 - [MESSAGE][PASSED] - Object 'Object Repository/Syetem_settings/User_Manage/Search/tr_td' is present

2019-04-17 15:10:57 - [TEST_STEP][PASSED] - Statement - content = com.kms.katalon.core.webui.keyword.WebUiBuiltInKeywords.getAttribute(new_btn, "innerText"): Attribute 'innerText' of object 'Object Repository/Syetem_settings/User_Manage/Search/tr_td' is: '测试人员发'

2019-04-17 15:10:57 - [MESSAGE][PASSED] - Attribute 'innerText' of object 'Object Repository/Syetem_settings/User_Manage/Search/tr_td' is: '测试人员发'

2019-04-17 15:10:57 - [TEST_STEP][PASSED] - Statement - If (content == data1): null

2019-04-17 15:10:57 - [TEST_STEP][PASSED] - Statement - Else: null

2019-04-17 15:10:57 - [TEST_STEP][PASSED] - comment: 取消删除用户已经删除，请检查！！！

2019-04-17 15:10:57 - [TEST_STEP][PASSED] - Statement - assert false: null

2019-04-17 15:10:57 - [TEST_STEP][PASSED] - Start listener action : sampleAfterTestCase: Invoke 'com.kms.katalon.core.annotation.AfterTestCase' method: 'NewTestListener.sampleAfterTestCase(...)' completed.

2019-04-17 15:10:57 - [TEST_STEP][PASSED] - Statement - println(testCaseContext.getTestCaseId()): null

2019-04-17 15:10:57 - [TEST_STEP][PASSED] - Statement - println(testCaseContext.getTestCaseStatus()): Invoke 'com.kms.katalon.core.annotation.AfterTestCase' method: 'NewTestListener.sampleAfterTestCase(...)' completed.]]></system-out>
         <system-err><![CDATA[2019-04-17 15:10:30 - [TEST_CASE][FAILED] - Test Cases/002_System_,Manage/001_User_Manage/013_cancel_delete: Test Cases/002_System_,Manage/001_User_Manage/013_cancel_delete FAILED because (of) (Stack trace: Assertion failed: 

assert false


	at org.codehaus.groovy.runtime.InvokerHelper.assertFailed(InvokerHelper.java:402)
	at org.codehaus.groovy.runtime.ScriptBytecodeAdapter.assertFailed(ScriptBytecodeAdapter.java:650)
	at Script1555411806796.run(Script1555411806796.groovy:88)
	at com.kms.katalon.core.main.ScriptEngine.run(ScriptEngine.java:183)
	at com.kms.katalon.core.main.ScriptEngine.runScriptAsRawText(ScriptEngine.java:108)
	at com.kms.katalon.core.main.TestCaseExecutor.runScript(TestCaseExecutor.java:294)
	at com.kms.katalon.core.main.TestCaseExecutor.doExecute(TestCaseExecutor.java:285)
	at com.kms.katalon.core.main.TestCaseExecutor.processExecutionPhase(TestCaseExecutor.java:264)
	at com.kms.katalon.core.main.TestCaseExecutor.accessMainPhase(TestCaseExecutor.java:256)
	at com.kms.katalon.core.main.TestCaseExecutor.execute(TestCaseExecutor.java:200)
	at com.kms.katalon.core.main.TestSuiteExecutor.accessTestCaseMainPhase(TestSuiteExecutor.java:129)
	at com.kms.katalon.core.main.TestSuiteExecutor.accessTestSuiteMainPhase(TestSuiteExecutor.java:112)
	at com.kms.katalon.core.main.TestSuiteExecutor.execute(TestSuiteExecutor.java:81)
	at com.kms.katalon.core.main.TestCaseMain.startTestSuite(TestCaseMain.java:142)
	at com.kms.katalon.core.main.TestCaseMain$startTestSuite$0.call(Unknown Source)
	at org.codehaus.groovy.runtime.callsite.CallSiteArray.defaultCall(CallSiteArray.java:48)
	at org.codehaus.groovy.runtime.callsite.AbstractCallSite.call(AbstractCallSite.java:113)
	at org.codehaus.groovy.runtime.callsite.AbstractCallSite.call(AbstractCallSite.java:141)
	at TempTestSuite1555483768579.run(TempTestSuite1555483768579.groovy:36)
	at groovy.lang.GroovyShell.runScriptOrMainOrTestOrRunnable(GroovyShell.java:263)
	at groovy.lang.GroovyShell.run(GroovyShell.java:518)
	at groovy.lang.GroovyShell.run(GroovyShell.java:507)
	at groovy.ui.GroovyMain.processOnce(GroovyMain.java:653)
	at groovy.ui.GroovyMain.run(GroovyMain.java:384)
	at groovy.ui.GroovyMain.process(GroovyMain.java:370)
	at groovy.ui.GroovyMain.processArgs(GroovyMain.java:129)
	at groovy.ui.GroovyMain.main(GroovyMain.java:109)
	at sun.reflect.NativeMethodAccessorImpl.invoke0(Native Method)
	at sun.reflect.NativeMethodAccessorImpl.invoke(NativeMethodAccessorImpl.java:62)
	at sun.reflect.DelegatingMethodAccessorImpl.invoke(DelegatingMethodAccessorImpl.java:43)
	at java.lang.reflect.Method.invoke(Method.java:498)
	at org.codehaus.groovy.tools.GroovyStarter.rootLoader(GroovyStarter.java:109)
	at org.codehaus.groovy.tools.GroovyStarter.main(GroovyStarter.java:131)
)]]></system-err>
      </testcase>
      <system-out><![CDATA[2019-04-17 15:09:21 - [TEST_SUITE][FAILED] - 005_delete: Test Cases/002_System_,Manage/001_User_Manage/012_Delete_User FAILED because (of) (Stack trace: Assertion failed: 

assert false


	at org.codehaus.groovy.runtime.InvokerHelper.assertFailed(InvokerHelper.java:402)
	at org.codehaus.groovy.runtime.ScriptBytecodeAdapter.assertFailed(ScriptBytecodeAdapter.java:650)
	at Script1555410956897.run(Script1555410956897.groovy:130)
	at com.kms.katalon.core.main.ScriptEngine.run(ScriptEngine.java:183)
	at com.kms.katalon.core.main.ScriptEngine.runScriptAsRawText(ScriptEngine.java:108)
	at com.kms.katalon.core.main.TestCaseExecutor.runScript(TestCaseExecutor.java:294)
	at com.kms.katalon.core.main.TestCaseExecutor.doExecute(TestCaseExecutor.java:285)
	at com.kms.katalon.core.main.TestCaseExecutor.processExecutionPhase(TestCaseExecutor.java:264)
	at com.kms.katalon.core.main.TestCaseExecutor.accessMainPhase(TestCaseExecutor.java:256)
	at com.kms.katalon.core.main.TestCaseExecutor.execute(TestCaseExecutor.java:200)
	at com.kms.katalon.core.main.TestSuiteExecutor.accessTestCaseMainPhase(TestSuiteExecutor.java:129)
	at com.kms.katalon.core.main.TestSuiteExecutor.accessTestSuiteMainPhase(TestSuiteExecutor.java:112)
	at com.kms.katalon.core.main.TestSuiteExecutor.execute(TestSuiteExecutor.java:81)
	at com.kms.katalon.core.main.TestCaseMain.startTestSuite(TestCaseMain.java:142)
	at com.kms.katalon.core.main.TestCaseMain$startTestSuite$0.call(Unknown Source)
	at org.codehaus.groovy.runtime.callsite.CallSiteArray.defaultCall(CallSiteArray.java:48)
	at org.codehaus.groovy.runtime.callsite.AbstractCallSite.call(AbstractCallSite.java:113)
	at org.codehaus.groovy.runtime.callsite.AbstractCallSite.call(AbstractCallSite.java:141)
	at TempTestSuite1555483768579.run(TempTestSuite1555483768579.groovy:36)
	at groovy.lang.GroovyShell.runScriptOrMainOrTestOrRunnable(GroovyShell.java:263)
	at groovy.lang.GroovyShell.run(GroovyShell.java:518)
	at groovy.lang.GroovyShell.run(GroovyShell.java:507)
	at groovy.ui.GroovyMain.processOnce(GroovyMain.java:653)
	at groovy.ui.GroovyMain.run(GroovyMain.java:384)
	at groovy.ui.GroovyMain.process(GroovyMain.java:370)
	at groovy.ui.GroovyMain.processArgs(GroovyMain.java:129)
	at groovy.ui.GroovyMain.main(GroovyMain.java:109)
	at sun.reflect.NativeMethodAccessorImpl.invoke0(Native Method)
	at sun.reflect.NativeMethodAccessorImpl.invoke(NativeMethodAccessorImpl.java:62)
	at sun.reflect.DelegatingMethodAccessorImpl.invoke(DelegatingMethodAccessorImpl.java:43)
	at java.lang.reflect.Method.invoke(Method.java:498)
	at org.codehaus.groovy.tools.GroovyStarter.rootLoader(GroovyStarter.java:109)
	at org.codehaus.groovy.tools.GroovyStarter.main(GroovyStarter.java:131)
)]]></system-out>
      <system-err><![CDATA[2019-04-17 15:09:21 - [TEST_SUITE][FAILED] - 005_delete: Test Cases/002_System_,Manage/001_User_Manage/012_Delete_User FAILED because (of) (Stack trace: Assertion failed: 

assert false


	at org.codehaus.groovy.runtime.InvokerHelper.assertFailed(InvokerHelper.java:402)
	at org.codehaus.groovy.runtime.ScriptBytecodeAdapter.assertFailed(ScriptBytecodeAdapter.java:650)
	at Script1555410956897.run(Script1555410956897.groovy:130)
	at com.kms.katalon.core.main.ScriptEngine.run(ScriptEngine.java:183)
	at com.kms.katalon.core.main.ScriptEngine.runScriptAsRawText(ScriptEngine.java:108)
	at com.kms.katalon.core.main.TestCaseExecutor.runScript(TestCaseExecutor.java:294)
	at com.kms.katalon.core.main.TestCaseExecutor.doExecute(TestCaseExecutor.java:285)
	at com.kms.katalon.core.main.TestCaseExecutor.processExecutionPhase(TestCaseExecutor.java:264)
	at com.kms.katalon.core.main.TestCaseExecutor.accessMainPhase(TestCaseExecutor.java:256)
	at com.kms.katalon.core.main.TestCaseExecutor.execute(TestCaseExecutor.java:200)
	at com.kms.katalon.core.main.TestSuiteExecutor.accessTestCaseMainPhase(TestSuiteExecutor.java:129)
	at com.kms.katalon.core.main.TestSuiteExecutor.accessTestSuiteMainPhase(TestSuiteExecutor.java:112)
	at com.kms.katalon.core.main.TestSuiteExecutor.execute(TestSuiteExecutor.java:81)
	at com.kms.katalon.core.main.TestCaseMain.startTestSuite(TestCaseMain.java:142)
	at com.kms.katalon.core.main.TestCaseMain$startTestSuite$0.call(Unknown Source)
	at org.codehaus.groovy.runtime.callsite.CallSiteArray.defaultCall(CallSiteArray.java:48)
	at org.codehaus.groovy.runtime.callsite.AbstractCallSite.call(AbstractCallSite.java:113)
	at org.codehaus.groovy.runtime.callsite.AbstractCallSite.call(AbstractCallSite.java:141)
	at TempTestSuite1555483768579.run(TempTestSuite1555483768579.groovy:36)
	at groovy.lang.GroovyShell.runScriptOrMainOrTestOrRunnable(GroovyShell.java:263)
	at groovy.lang.GroovyShell.run(GroovyShell.java:518)
	at groovy.lang.GroovyShell.run(GroovyShell.java:507)
	at groovy.ui.GroovyMain.processOnce(GroovyMain.java:653)
	at groovy.ui.GroovyMain.run(GroovyMain.java:384)
	at groovy.ui.GroovyMain.process(GroovyMain.java:370)
	at groovy.ui.GroovyMain.processArgs(GroovyMain.java:129)
	at groovy.ui.GroovyMain.main(GroovyMain.java:109)
	at sun.reflect.NativeMethodAccessorImpl.invoke0(Native Method)
	at sun.reflect.NativeMethodAccessorImpl.invoke(NativeMethodAccessorImpl.java:62)
	at sun.reflect.DelegatingMethodAccessorImpl.invoke(DelegatingMethodAccessorImpl.java:43)
	at java.lang.reflect.Method.invoke(Method.java:498)
	at org.codehaus.groovy.tools.GroovyStarter.rootLoader(GroovyStarter.java:109)
	at org.codehaus.groovy.tools.GroovyStarter.main(GroovyStarter.java:131)
)]]></system-err>
   </testsuite>
</testsuites>
