<?xml version="1.0" encoding="UTF-8"?>
<testsuites name="Login_Home" time="70" tests="1" failures="0" errors="0">
   <testsuite name="Login_Home" tests="1" failures="0" errors="0" time="70" timestamp="2019-04-18 09:53:27" hostname="Administrator - BF-20170623WSST" id="Test Suites/Login/Login_Home">
      <properties>
         <property name="deviceName" value=""/>
         <property name="devicePlatform" value=""/>
         <property name="logFolder" value="G:\\Auto_Learning\\katalon\\katalon_project\\katalon_project\\T2M_Manage\\T2M_Manage\\Reports\\Login\\Login_Home\\20190418_095325"/>
         <property name="logFiles" value="G:\\Auto_Learning\\katalon\\katalon_project\\katalon_project\\T2M_Manage\\T2M_Manage\\Reports\\Login\\Login_Home\\20190418_095325\\execution0.log"/>
         <property name="attachments" value="G:\\Auto_Learning\\katalon\\katalon_project\\katalon_project\\T2M_Manage\\T2M_Manage\\Reports\\Login\\Login_Home\\20190418_095325\\1555552451198.png, G:\\Auto_Learning\\katalon\\katalon_project\\katalon_project\\T2M_Manage\\T2M_Manage\\Reports\\Login\\Login_Home\\20190418_095325\\1555552455039.png, G:\\Auto_Learning\\katalon\\katalon_project\\katalon_project\\T2M_Manage\\T2M_Manage\\Reports\\Login\\Login_Home\\20190418_095325\\1555552472267.png"/>
         <property name="hostName" value="Administrator - BF-20170623WSST"/>
         <property name="os" value="Windows 7 64bit"/>
         <property name="katalonVersion" value="5.7.0.1"/>
         <property name="browser" value="Chrome 73.0.3683.75"/>
         <property name="hostAddress" value="172.31.12.190"/>
         <property name="sessionId" value="16f3bc87a95d896133bc9b4e8b87902e"/>
         <property name="seleniumVersion" value="3.7.1"/>
         <property name="proxyInformation" value="ProxyInformation{proxyOption=NO_PROXY, proxyServerType=HTTP, password=, proxyServerAddress=, proxyServerPort=0}"/>
         <property name="platform" value="Windows 7"/>
      </properties>
      <testcase name="Test Cases/001_Login_Home/004_Forget_Login" classname="Test Cases/001_Login_Home/004_Forget_Login" status="PASSED">
         <system-out><![CDATA[2019-04-18 09:53:32 - [TEST_CASE][PASSED] - Test Cases/001_Login_Home/004_Forget_Login: Test Cases/001_Login_Home/004_Forget_Login

2019-04-18 09:53:32 - [TEST_STEP][PASSED] - Start listener action : sampleBeforeTestCase: Invoke 'com.kms.katalon.core.annotation.BeforeTestCase' method: 'NewTestListener.sampleBeforeTestCase(...)' completed.

2019-04-18 09:53:32 - [TEST_STEP][PASSED] - Statement - println(testCaseContext.getTestCaseId()): null

2019-04-18 09:53:32 - [TEST_STEP][PASSED] - Statement - println(testCaseContext.getTestCaseVariables()): Invoke 'com.kms.katalon.core.annotation.BeforeTestCase' method: 'NewTestListener.sampleBeforeTestCase(...)' completed.

2019-04-18 09:53:32 - [TEST_STEP][PASSED] - callTestCase: Call Test Case 'Test Cases/001_Login_Home/002_Login' successfully

2019-04-18 09:53:33 - [TEST_CASE][PASSED] - Test Cases/001_Login_Home/002_Login: Test Cases/001_Login_Home/002_Login

2019-04-18 09:53:33 - [TEST_STEP][PASSED] - callTestCase: Call Test Case 'Test Cases/001_Login_Home/001_Navigate' successfully

2019-04-18 09:53:33 - [TEST_CASE][PASSED] - Test Cases/001_Login_Home/001_Navigate: Test Cases/001_Login_Home/001_Navigate

2019-04-18 09:53:33 - [TEST_STEP][PASSED] - openBrowser: Browser is opened with url: ''

2019-04-18 09:53:33 - [MESSAGE][WARNING] - A browser is already opened. Closing browser and opening a new one

2019-04-18 09:53:36 - [MESSAGE][PASSED] - Browser is opened with url: ''

2019-04-18 09:53:36 - [TEST_STEP][PASSED] - navigateToUrl: Navigate to 'http://222.180.200.126:9909/PORTALASSETS/login' successfully

2019-04-18 09:53:37 - [MESSAGE][PASSED] - Navigate to 'http://222.180.200.126:9909/PORTALASSETS/login' successfully

2019-04-18 09:53:37 - [TEST_STEP][PASSED] - comment: begin to input one correct account

2019-04-18 09:53:37 - [TEST_STEP][PASSED] - Statement - item = com.kms.katalon.core.webui.keyword.WebUiBuiltInKeywords.verifyElementPresent(com.kms.katalon.core.testobject.ObjectRepository.findTestObject(Login/button_ login), 20, STOP_ON_FAILURE): Object 'Object Repository/Login/button_ login' is present

2019-04-18 09:53:37 - [MESSAGE][PASSED] - Object 'Object Repository/Login/button_ login' is present

2019-04-18 09:53:37 - [TEST_STEP][PASSED] - Statement - If (item == true): Enter this website successful!!

2019-04-18 09:53:37 - [TEST_STEP][PASSED] - comment: Enter this website successful!!

2019-04-18 09:53:37 - [MESSAGE][PASSED] - Call Test Case 'Test Cases/001_Login_Home/001_Navigate' successfully

2019-04-18 09:53:37 - [TEST_STEP][PASSED] - delay: Delayed 1 second(s)

2019-04-18 09:53:38 - [MESSAGE][PASSED] - Delayed 1 second(s)

2019-04-18 09:53:38 - [TEST_STEP][PASSED] - setText: Text 'admin' is set on object 'Object Repository/Login/loginname'

2019-04-18 09:53:38 - [MESSAGE][PASSED] - Text 'admin' is set on object 'Object Repository/Login/loginname'

2019-04-18 09:53:38 - [TEST_STEP][PASSED] - delay: Delayed 1 second(s)

2019-04-18 09:53:39 - [MESSAGE][PASSED] - Delayed 1 second(s)

2019-04-18 09:53:39 - [TEST_STEP][PASSED] - setText: Text '654321' is set on object 'Object Repository/Login/password'

2019-04-18 09:53:39 - [MESSAGE][PASSED] - Text '654321' is set on object 'Object Repository/Login/password'

2019-04-18 09:53:39 - [TEST_STEP][PASSED] - delay: Delayed 1 second(s)

2019-04-18 09:53:40 - [MESSAGE][PASSED] - Delayed 1 second(s)

2019-04-18 09:53:40 - [TEST_STEP][PASSED] - Statement - R = com.kms.katalon.core.webui.keyword.WebUiBuiltInKeywords.verifyElementChecked(com.kms.katalon.core.testobject.ObjectRepository.findTestObject(Login/remember_password), 10): Object 'Object Repository/Login/remember_password' is checked

2019-04-18 09:53:40 - [MESSAGE][PASSED] - Object 'Object Repository/Login/remember_password' is checked

2019-04-18 09:53:40 - [TEST_STEP][PASSED] - Statement - If (R): The remember pwd box is checked!

2019-04-18 09:53:40 - [TEST_STEP][PASSED] - comment: The remember pwd box is checked!

2019-04-18 09:53:40 - [TEST_STEP][PASSED] - click: Object: 'Object Repository/Login/button_ login' is clicked on

2019-04-18 09:53:40 - [MESSAGE][PASSED] - Object: 'Object Repository/Login/button_ login' is clicked on

2019-04-18 09:53:40 - [TEST_STEP][PASSED] - Statement - a = com.kms.katalon.core.webui.keyword.WebUiBuiltInKeywords.verifyElementPresent(com.kms.katalon.core.testobject.ObjectRepository.findTestObject(homepage/a_homepage), 40): Object 'Object Repository/homepage/a_homepage' is present

2019-04-18 09:54:11 - [MESSAGE][PASSED] - Object 'Object Repository/homepage/a_homepage' is present

2019-04-18 09:54:11 - [TEST_STEP][PASSED] - Statement - If (a): Taking screenshot successfully

2019-04-18 09:54:11 - [TEST_STEP][PASSED] - comment: Find the homepag lable,Login successful

2019-04-18 09:54:11 - [TEST_STEP][PASSED] - takeScreenshot: Taking screenshot successfully

2019-04-18 09:54:12 - [MESSAGE][PASSED] - Taking screenshot successfully
[[ATTACHMENT|G:\\Auto_Learning\\katalon\\katalon_project\\katalon_project\\T2M_Manage\\T2M_Manage\\Reports\\Login\\Login_Home\\20190418_095325\\1555552451198.png]]

2019-04-18 09:54:12 - [MESSAGE][PASSED] - Call Test Case 'Test Cases/001_Login_Home/002_Login' successfully

2019-04-18 09:54:12 - [TEST_STEP][PASSED] - click: Object: 'Object Repository/Login/a_Loginout' is clicked on

2019-04-18 09:54:12 - [MESSAGE][PASSED] - Object: 'Object Repository/Login/a_Loginout' is clicked on

2019-04-18 09:54:12 - [TEST_STEP][PASSED] - delay: Delayed 1 second(s)

2019-04-18 09:54:13 - [MESSAGE][PASSED] - Delayed 1 second(s)

2019-04-18 09:54:13 - [TEST_STEP][PASSED] - Statement - R = com.kms.katalon.core.webui.keyword.WebUiBuiltInKeywords.verifyElementChecked(com.kms.katalon.core.testobject.ObjectRepository.findTestObject(Login/remember_password), 3): Object 'Object Repository/Login/remember_password' is checked

2019-04-18 09:54:13 - [MESSAGE][PASSED] - Object 'Object Repository/Login/remember_password' is checked

2019-04-18 09:54:13 - [TEST_STEP][PASSED] - Statement - If (R): check the remember pwd box!

2019-04-18 09:54:13 - [TEST_STEP][PASSED] - comment: check the remember pwd box!

2019-04-18 09:54:13 - [TEST_STEP][PASSED] - click: Object: 'Object Repository/Login/button_ login' is clicked on

2019-04-18 09:54:14 - [MESSAGE][PASSED] - Object: 'Object Repository/Login/button_ login' is clicked on

2019-04-18 09:54:14 - [TEST_STEP][PASSED] - Statement - a = com.kms.katalon.core.webui.keyword.WebUiBuiltInKeywords.verifyElementPresent(com.kms.katalon.core.testobject.ObjectRepository.findTestObject(homepage/a_homepage), 40, CONTINUE_ON_FAILURE): Object 'Object Repository/homepage/a_homepage' is present

2019-04-18 09:54:14 - [MESSAGE][PASSED] - Object 'Object Repository/homepage/a_homepage' is present

2019-04-18 09:54:14 - [TEST_STEP][PASSED] - Statement - If (a): null

2019-04-18 09:54:14 - [TEST_STEP][PASSED] - comment: Find the homepag lable,Login successfulï¼Œthe pwd not clear

2019-04-18 09:54:15 - [TEST_STEP][PASSED] - takeScreenshot: Taking screenshot successfully

2019-04-18 09:54:15 - [MESSAGE][PASSED] - Taking screenshot successfully
[[ATTACHMENT|G:\\Auto_Learning\\katalon\\katalon_project\\katalon_project\\T2M_Manage\\T2M_Manage\\Reports\\Login\\Login_Home\\20190418_095325\\1555552455039.png]]

2019-04-18 09:54:15 - [TEST_STEP][PASSED] - Statement - assert true: null

2019-04-18 09:54:15 - [TEST_STEP][PASSED] - callTestCase: Call Test Case 'Test Cases/001_Login_Home/003_Login' successfully

2019-04-18 09:54:15 - [TEST_CASE][PASSED] - Test Cases/001_Login_Home/003_Login: Test Cases/001_Login_Home/003_Login

2019-04-18 09:54:18 - [TEST_STEP][PASSED] - callTestCase: Call Test Case 'Test Cases/001_Login_Home/001_Navigate' successfully

2019-04-18 09:54:18 - [TEST_CASE][PASSED] - Test Cases/001_Login_Home/001_Navigate: Test Cases/001_Login_Home/001_Navigate

2019-04-18 09:54:18 - [TEST_STEP][PASSED] - openBrowser: Browser is opened with url: ''

2019-04-18 09:54:18 - [MESSAGE][WARNING] - A browser is already opened. Closing browser and opening a new one

2019-04-18 09:54:23 - [MESSAGE][PASSED] - Browser is opened with url: ''

2019-04-18 09:54:23 - [TEST_STEP][PASSED] - navigateToUrl: Navigate to 'http://222.180.200.126:9909/PORTALASSETS/login' successfully

2019-04-18 09:54:24 - [MESSAGE][PASSED] - Navigate to 'http://222.180.200.126:9909/PORTALASSETS/login' successfully

2019-04-18 09:54:24 - [TEST_STEP][PASSED] - comment: begin to input one correct account

2019-04-18 09:54:24 - [TEST_STEP][PASSED] - Statement - item = com.kms.katalon.core.webui.keyword.WebUiBuiltInKeywords.verifyElementPresent(com.kms.katalon.core.testobject.ObjectRepository.findTestObject(Login/button_ login), 20, STOP_ON_FAILURE): Object 'Object Repository/Login/button_ login' is present

2019-04-18 09:54:25 - [MESSAGE][PASSED] - Object 'Object Repository/Login/button_ login' is present

2019-04-18 09:54:25 - [TEST_STEP][PASSED] - Statement - If (item == true): Enter this website successful!!

2019-04-18 09:54:25 - [TEST_STEP][PASSED] - comment: Enter this website successful!!

2019-04-18 09:54:25 - [MESSAGE][PASSED] - Call Test Case 'Test Cases/001_Login_Home/001_Navigate' successfully

2019-04-18 09:54:25 - [TEST_STEP][PASSED] - delay: Delayed 1 second(s)

2019-04-18 09:54:26 - [MESSAGE][PASSED] - Delayed 1 second(s)

2019-04-18 09:54:26 - [TEST_STEP][PASSED] - setText: Text 'admin' is set on object 'Object Repository/Login/loginname'

2019-04-18 09:54:27 - [MESSAGE][PASSED] - Text 'admin' is set on object 'Object Repository/Login/loginname'

2019-04-18 09:54:27 - [TEST_STEP][PASSED] - delay: Delayed 1 second(s)

2019-04-18 09:54:28 - [MESSAGE][PASSED] - Delayed 1 second(s)

2019-04-18 09:54:28 - [TEST_STEP][PASSED] - setText: Text '654321' is set on object 'Object Repository/Login/password'

2019-04-18 09:54:29 - [MESSAGE][PASSED] - Text '654321' is set on object 'Object Repository/Login/password'

2019-04-18 09:54:29 - [TEST_STEP][PASSED] - delay: Delayed 1 second(s)

2019-04-18 09:54:30 - [MESSAGE][PASSED] - Delayed 1 second(s)

2019-04-18 09:54:30 - [TEST_STEP][PASSED] - click: Object: 'Object Repository/Login/remember_password' is clicked on

2019-04-18 09:54:30 - [MESSAGE][PASSED] - Object: 'Object Repository/Login/remember_password' is clicked on

2019-04-18 09:54:30 - [TEST_STEP][PASSED] - delay: Delayed 1 second(s)

2019-04-18 09:54:31 - [MESSAGE][PASSED] - Delayed 1 second(s)

2019-04-18 09:54:31 - [TEST_STEP][PASSED] - Statement - R = com.kms.katalon.core.webui.keyword.WebUiBuiltInKeywords.verifyElementNotChecked(com.kms.katalon.core.testobject.ObjectRepository.findTestObject(Login/remember_password), 10): Object 'Object Repository/Login/remember_password' is not checked

2019-04-18 09:54:31 - [MESSAGE][PASSED] - Object 'Object Repository/Login/remember_password' is not checked

2019-04-18 09:54:31 - [TEST_STEP][PASSED] - Statement - If (R): The remember pwd box no checked

2019-04-18 09:54:31 - [TEST_STEP][PASSED] - comment: The remember pwd box no checked

2019-04-18 09:54:31 - [TEST_STEP][PASSED] - click: Object: 'Object Repository/Login/button_ login' is clicked on

2019-04-18 09:54:31 - [MESSAGE][PASSED] - Object: 'Object Repository/Login/button_ login' is clicked on

2019-04-18 09:54:31 - [TEST_STEP][PASSED] - Statement - a = com.kms.katalon.core.webui.keyword.WebUiBuiltInKeywords.verifyElementPresent(com.kms.katalon.core.testobject.ObjectRepository.findTestObject(homepage/a_homepage), 40): Object 'Object Repository/homepage/a_homepage' is present

2019-04-18 09:54:32 - [MESSAGE][PASSED] - Object 'Object Repository/homepage/a_homepage' is present

2019-04-18 09:54:32 - [TEST_STEP][PASSED] - Statement - If (a): Taking screenshot successfully

2019-04-18 09:54:32 - [TEST_STEP][PASSED] - comment: Find the homepag lable,Login successful

2019-04-18 09:54:32 - [TEST_STEP][PASSED] - takeScreenshot: Taking screenshot successfully

2019-04-18 09:54:33 - [MESSAGE][PASSED] - Taking screenshot successfully
[[ATTACHMENT|G:\\Auto_Learning\\katalon\\katalon_project\\katalon_project\\T2M_Manage\\T2M_Manage\\Reports\\Login\\Login_Home\\20190418_095325\\1555552472267.png]]

2019-04-18 09:54:33 - [MESSAGE][PASSED] - Call Test Case 'Test Cases/001_Login_Home/003_Login' successfully

2019-04-18 09:54:33 - [TEST_STEP][PASSED] - click: Object: 'Object Repository/Login/a_Loginout' is clicked on

2019-04-18 09:54:34 - [MESSAGE][PASSED] - Object: 'Object Repository/Login/a_Loginout' is clicked on

2019-04-18 09:54:34 - [TEST_STEP][PASSED] - delay: Delayed 1 second(s)

2019-04-18 09:54:35 - [MESSAGE][PASSED] - Delayed 1 second(s)

2019-04-18 09:54:35 - [TEST_STEP][PASSED] - Statement - R = com.kms.katalon.core.webui.keyword.WebUiBuiltInKeywords.verifyElementChecked(com.kms.katalon.core.testobject.ObjectRepository.findTestObject(Login/remember_password), 10): Object 'Object Repository/Login/remember_password' is checked

2019-04-18 09:54:35 - [MESSAGE][PASSED] - Object 'Object Repository/Login/remember_password' is checked

2019-04-18 09:54:35 - [TEST_STEP][PASSED] - Statement - If (R): check the remember pwd box!

2019-04-18 09:54:35 - [TEST_STEP][PASSED] - comment: check the remember pwd box!

2019-04-18 09:54:35 - [TEST_STEP][PASSED] - click: Object: 'Object Repository/Login/button_ login' is clicked on

2019-04-18 09:54:35 - [MESSAGE][PASSED] - Object: 'Object Repository/Login/button_ login' is clicked on

2019-04-18 09:54:35 - [TEST_STEP][PASSED] - Statement - a = com.kms.katalon.core.webui.keyword.WebUiBuiltInKeywords.verifyElementPresent(com.kms.katalon.core.testobject.ObjectRepository.findTestObject(Login/label_incorrect), 30, CONTINUE_ON_FAILURE): Object 'Object Repository/Login/label_incorrect' is present

2019-04-18 09:54:35 - [MESSAGE][PASSED] - Object 'Object Repository/Login/label_incorrect' is present

2019-04-18 09:54:35 - [TEST_STEP][PASSED] - Statement - If (a): null

2019-04-18 09:54:35 - [TEST_STEP][PASSED] - comment: The account and pwd have cleared

2019-04-18 09:54:35 - [TEST_STEP][PASSED] - Statement - assert true: null

2019-04-18 09:54:35 - [TEST_STEP][PASSED] - Start listener action : sampleAfterTestCase: Invoke 'com.kms.katalon.core.annotation.AfterTestCase' method: 'NewTestListener.sampleAfterTestCase(...)' completed.

2019-04-18 09:54:35 - [TEST_STEP][PASSED] - Statement - println(testCaseContext.getTestCaseId()): null

2019-04-18 09:54:35 - [TEST_STEP][PASSED] - Statement - println(testCaseContext.getTestCaseStatus()): Invoke 'com.kms.katalon.core.annotation.AfterTestCase' method: 'NewTestListener.sampleAfterTestCase(...)' completed.]]></system-out>
         <system-err><![CDATA[]]></system-err>
      </testcase>
      <system-out><![CDATA[2019-04-18 09:53:27 - [TEST_SUITE][PASSED] - Login_Home: Test Cases/001_Login_Home/004_Forget_Login]]></system-out>
      <system-err><![CDATA[]]></system-err>
   </testsuite>
</testsuites>
