<?xml version="1.0" encoding="UTF-8"?>
<testsuites name="new user" time="370" tests="15" failures="2" errors="0">
   <testsuite name="new user" tests="15" failures="2" errors="0" time="370" timestamp="2019-04-17 10:50:17" hostname="Administrator - BF-20170623WSST" id="Test Suites/User Manage/new user">
      <properties>
         <property name="deviceName" value=""/>
         <property name="devicePlatform" value=""/>
         <property name="logFolder" value="G:\\Auto_Learning\\katalon\\katalon_project\\katalon_project\\T2M_Manage\\T2M_Manage\\Reports\\User Manage\\new user\\20190417_105015"/>
         <property name="logFiles" value="G:\\Auto_Learning\\katalon\\katalon_project\\katalon_project\\T2M_Manage\\T2M_Manage\\Reports\\User Manage\\new user\\20190417_105015\\execution0.log"/>
         <property name="attachments" value="G:\\Auto_Learning\\katalon\\katalon_project\\katalon_project\\T2M_Manage\\T2M_Manage\\Reports\\User Manage\\new user\\20190417_105015\\1555469435063.png, G:\\Auto_Learning\\katalon\\katalon_project\\katalon_project\\T2M_Manage\\T2M_Manage\\Reports\\User Manage\\new user\\20190417_105015\\1555469558927.png, G:\\Auto_Learning\\katalon\\katalon_project\\katalon_project\\T2M_Manage\\T2M_Manage\\Reports\\User Manage\\new user\\20190417_105015\\1555469672667.png"/>
         <property name="hostName" value="Administrator - BF-20170623WSST"/>
         <property name="os" value="Windows 7 64bit"/>
         <property name="katalonVersion" value="5.7.0.1"/>
         <property name="browser" value="Chrome 73.0.3683.75"/>
         <property name="hostAddress" value="192.168.10.86"/>
         <property name="sessionId" value="43ae126d0f2d6469add65422a9828e0e"/>
         <property name="seleniumVersion" value="3.7.1"/>
         <property name="proxyInformation" value="ProxyInformation{proxyOption=NO_PROXY, proxyServerType=HTTP, password=, proxyServerAddress=, proxyServerPort=0}"/>
         <property name="platform" value="Windows 7"/>
      </properties>
      <testcase name="Test Cases/001_Login_Home/002_Login" classname="Test Cases/001_Login_Home/002_Login" status="PASSED">
         <system-out><![CDATA[2019-04-17 10:50:18 - [TEST_CASE][PASSED] - Test Cases/001_Login_Home/002_Login: Test Cases/001_Login_Home/002_Login

2019-04-17 10:50:18 - [TEST_STEP][PASSED] - Start listener action : sampleBeforeTestCase: Invoke 'com.kms.katalon.core.annotation.BeforeTestCase' method: 'NewTestListener.sampleBeforeTestCase(...)' completed.

2019-04-17 10:50:18 - [TEST_STEP][PASSED] - Statement - println(testCaseContext.getTestCaseId()): null

2019-04-17 10:50:18 - [TEST_STEP][PASSED] - Statement - println(testCaseContext.getTestCaseVariables()): Invoke 'com.kms.katalon.core.annotation.BeforeTestCase' method: 'NewTestListener.sampleBeforeTestCase(...)' completed.

2019-04-17 10:50:18 - [TEST_STEP][PASSED] - callTestCase: Call Test Case 'Test Cases/001_Login_Home/001_Navigate' successfully

2019-04-17 10:50:18 - [TEST_CASE][PASSED] - Test Cases/001_Login_Home/001_Navigate: Test Cases/001_Login_Home/001_Navigate

2019-04-17 10:50:19 - [TEST_STEP][PASSED] - openBrowser: Browser is opened with url: ''

2019-04-17 10:50:26 - [MESSAGE][PASSED] - Browser is opened with url: ''

2019-04-17 10:50:26 - [TEST_STEP][PASSED] - navigateToUrl: Navigate to 'http://222.180.200.126:9909/PORTALASSETS/login' successfully

2019-04-17 10:50:29 - [MESSAGE][PASSED] - Navigate to 'http://222.180.200.126:9909/PORTALASSETS/login' successfully

2019-04-17 10:50:29 - [TEST_STEP][PASSED] - comment: begin to input one correct account

2019-04-17 10:50:29 - [TEST_STEP][PASSED] - Statement - item = com.kms.katalon.core.webui.keyword.WebUiBuiltInKeywords.verifyElementPresent(com.kms.katalon.core.testobject.ObjectRepository.findTestObject(Login/button_ login), 20, STOP_ON_FAILURE): Object 'Object Repository/Login/button_ login' is present

2019-04-17 10:50:29 - [MESSAGE][PASSED] - Object 'Object Repository/Login/button_ login' is present

2019-04-17 10:50:29 - [TEST_STEP][PASSED] - Statement - If (item == true): Enter this website successful!!

2019-04-17 10:50:29 - [TEST_STEP][PASSED] - comment: Enter this website successful!!

2019-04-17 10:50:29 - [MESSAGE][PASSED] - Call Test Case 'Test Cases/001_Login_Home/001_Navigate' successfully

2019-04-17 10:50:29 - [TEST_STEP][PASSED] - delay: Delayed 1 second(s)

2019-04-17 10:50:30 - [MESSAGE][PASSED] - Delayed 1 second(s)

2019-04-17 10:50:30 - [TEST_STEP][PASSED] - setText: Text 'admin' is set on object 'Object Repository/Login/loginname'

2019-04-17 10:50:31 - [MESSAGE][PASSED] - Text 'admin' is set on object 'Object Repository/Login/loginname'

2019-04-17 10:50:31 - [TEST_STEP][PASSED] - delay: Delayed 1 second(s)

2019-04-17 10:50:32 - [MESSAGE][PASSED] - Delayed 1 second(s)

2019-04-17 10:50:32 - [TEST_STEP][PASSED] - setText: Text '654321' is set on object 'Object Repository/Login/password'

2019-04-17 10:50:32 - [MESSAGE][PASSED] - Text '654321' is set on object 'Object Repository/Login/password'

2019-04-17 10:50:32 - [TEST_STEP][PASSED] - delay: Delayed 1 second(s)

2019-04-17 10:50:33 - [MESSAGE][PASSED] - Delayed 1 second(s)

2019-04-17 10:50:33 - [TEST_STEP][PASSED] - Statement - R = com.kms.katalon.core.webui.keyword.WebUiBuiltInKeywords.verifyElementChecked(com.kms.katalon.core.testobject.ObjectRepository.findTestObject(Login/remember_password), 10): Object 'Object Repository/Login/remember_password' is checked

2019-04-17 10:50:33 - [MESSAGE][PASSED] - Object 'Object Repository/Login/remember_password' is checked

2019-04-17 10:50:33 - [TEST_STEP][PASSED] - Statement - If (R): The remember pwd box is checked!

2019-04-17 10:50:33 - [TEST_STEP][PASSED] - comment: The remember pwd box is checked!

2019-04-17 10:50:33 - [TEST_STEP][PASSED] - click: Object: 'Object Repository/Login/button_ login' is clicked on

2019-04-17 10:50:33 - [MESSAGE][PASSED] - Object: 'Object Repository/Login/button_ login' is clicked on

2019-04-17 10:50:33 - [TEST_STEP][PASSED] - Statement - a = com.kms.katalon.core.webui.keyword.WebUiBuiltInKeywords.verifyElementPresent(com.kms.katalon.core.testobject.ObjectRepository.findTestObject(homepage/a_homepage), 40): Object 'Object Repository/homepage/a_homepage' is present

2019-04-17 10:50:35 - [MESSAGE][PASSED] - Object 'Object Repository/homepage/a_homepage' is present

2019-04-17 10:50:35 - [TEST_STEP][PASSED] - Statement - If (a): Taking screenshot successfully

2019-04-17 10:50:35 - [TEST_STEP][PASSED] - comment: Find the homepag lable,Login successful

2019-04-17 10:50:35 - [TEST_STEP][PASSED] - takeScreenshot: Taking screenshot successfully

2019-04-17 10:50:35 - [MESSAGE][PASSED] - Taking screenshot successfully
[[ATTACHMENT|G:\\Auto_Learning\\katalon\\katalon_project\\katalon_project\\T2M_Manage\\T2M_Manage\\Reports\\User Manage\\new user\\20190417_105015\\1555469435063.png]]

2019-04-17 10:50:35 - [TEST_STEP][PASSED] - Start listener action : sampleAfterTestCase: Invoke 'com.kms.katalon.core.annotation.AfterTestCase' method: 'NewTestListener.sampleAfterTestCase(...)' completed.

2019-04-17 10:50:35 - [TEST_STEP][PASSED] - Statement - println(testCaseContext.getTestCaseId()): null

2019-04-17 10:50:35 - [TEST_STEP][PASSED] - Statement - println(testCaseContext.getTestCaseStatus()): Invoke 'com.kms.katalon.core.annotation.AfterTestCase' method: 'NewTestListener.sampleAfterTestCase(...)' completed.]]></system-out>
         <system-err><![CDATA[]]></system-err>
      </testcase>
      <testcase name="Test Cases/002_System_,Manage/001_User_Manage/001_Enter_User" classname="Test Cases/002_System_,Manage/001_User_Manage/001_Enter_User" status="PASSED">
         <system-out><![CDATA[2019-04-17 10:50:37 - [TEST_CASE][PASSED] - Test Cases/002_System_,Manage/001_User_Manage/001_Enter_User: Test Cases/002_System_,Manage/001_User_Manage/001_Enter_User

2019-04-17 10:50:38 - [TEST_STEP][PASSED] - Start listener action : sampleBeforeTestCase: Invoke 'com.kms.katalon.core.annotation.BeforeTestCase' method: 'NewTestListener.sampleBeforeTestCase(...)' completed.

2019-04-17 10:50:38 - [TEST_STEP][PASSED] - Statement - println(testCaseContext.getTestCaseId()): null

2019-04-17 10:50:38 - [TEST_STEP][PASSED] - Statement - println(testCaseContext.getTestCaseVariables()): Invoke 'com.kms.katalon.core.annotation.BeforeTestCase' method: 'NewTestListener.sampleBeforeTestCase(...)' completed.

2019-04-17 10:50:38 - [TEST_STEP][NOT_RUN] - callTestCase: NOT_RUN: callTestCase

2019-04-17 10:50:38 - [MESSAGE][NOT_RUN] - NOT_RUN: callTestCase

2019-04-17 10:50:38 - [TEST_STEP][PASSED] - delay: Delayed 1 second(s)

2019-04-17 10:50:39 - [MESSAGE][PASSED] - Delayed 1 second(s)

2019-04-17 10:50:39 - [TEST_STEP][PASSED] - click: Object: 'Object Repository/Syetem_settings/User_Manage/a_systemsetings' is clicked on

2019-04-17 10:50:39 - [MESSAGE][PASSED] - Object: 'Object Repository/Syetem_settings/User_Manage/a_systemsetings' is clicked on

2019-04-17 10:50:39 - [TEST_STEP][PASSED] - delay: Delayed 1 second(s)

2019-04-17 10:50:40 - [MESSAGE][PASSED] - Delayed 1 second(s)

2019-04-17 10:50:40 - [TEST_STEP][PASSED] - click: Object: 'Object Repository/Syetem_settings/User_Manage/a_user_manage' is clicked on

2019-04-17 10:50:40 - [MESSAGE][PASSED] - Object: 'Object Repository/Syetem_settings/User_Manage/a_user_manage' is clicked on

2019-04-17 10:50:40 - [TEST_STEP][PASSED] - delay: Delayed 1 second(s)

2019-04-17 10:50:41 - [MESSAGE][PASSED] - Delayed 1 second(s)

2019-04-17 10:50:41 - [TEST_STEP][PASSED] - Statement - verify_user = com.kms.katalon.core.webui.keyword.WebUiBuiltInKeywords.verifyElementPresent(com.kms.katalon.core.testobject.ObjectRepository.findTestObject(Syetem_settings/User_Manage/cite_usertable), 0): Object 'Object Repository/Syetem_settings/User_Manage/cite_usertable' is present

2019-04-17 10:50:41 - [MESSAGE][WARNING] - Timeout '0' is invalid. Using default page load timeout: '30'

2019-04-17 10:50:41 - [MESSAGE][PASSED] - Object 'Object Repository/Syetem_settings/User_Manage/cite_usertable' is present

2019-04-17 10:50:41 - [TEST_STEP][PASSED] - Statement - If (verify_user): Enter the Successfully entered the people management page

2019-04-17 10:50:41 - [TEST_STEP][PASSED] - comment: Enter the Successfully entered the people management page

2019-04-17 10:50:41 - [TEST_STEP][PASSED] - Start listener action : sampleAfterTestCase: Invoke 'com.kms.katalon.core.annotation.AfterTestCase' method: 'NewTestListener.sampleAfterTestCase(...)' completed.

2019-04-17 10:50:41 - [TEST_STEP][PASSED] - Statement - println(testCaseContext.getTestCaseId()): null

2019-04-17 10:50:41 - [TEST_STEP][PASSED] - Statement - println(testCaseContext.getTestCaseStatus()): Invoke 'com.kms.katalon.core.annotation.AfterTestCase' method: 'NewTestListener.sampleAfterTestCase(...)' completed.]]></system-out>
         <system-err><![CDATA[]]></system-err>
      </testcase>
      <testcase name="Test Cases/002_System_,Manage/001_User_Manage/002_Add_user" classname="Test Cases/002_System_,Manage/001_User_Manage/002_Add_user" status="PASSED">
         <system-out><![CDATA[2019-04-17 10:50:43 - [TEST_CASE][PASSED] - Test Cases/002_System_,Manage/001_User_Manage/002_Add_user: Test Cases/002_System_,Manage/001_User_Manage/002_Add_user

2019-04-17 10:50:43 - [TEST_STEP][PASSED] - Start listener action : sampleBeforeTestCase: Invoke 'com.kms.katalon.core.annotation.BeforeTestCase' method: 'NewTestListener.sampleBeforeTestCase(...)' completed.

2019-04-17 10:50:43 - [TEST_STEP][PASSED] - Statement - println(testCaseContext.getTestCaseId()): null

2019-04-17 10:50:43 - [TEST_STEP][PASSED] - Statement - println(testCaseContext.getTestCaseVariables()): Invoke 'com.kms.katalon.core.annotation.BeforeTestCase' method: 'NewTestListener.sampleBeforeTestCase(...)' completed.

2019-04-17 10:50:44 - [TEST_STEP][NOT_RUN] - callTestCase: NOT_RUN: callTestCase

2019-04-17 10:50:44 - [MESSAGE][NOT_RUN] - NOT_RUN: callTestCase

2019-04-17 10:50:44 - [TEST_STEP][PASSED] - comment: begain to add one new user!

2019-04-17 10:50:44 - [TEST_STEP][PASSED] - click: Object: 'Object Repository/Syetem_settings/User_Manage/a_ new_user' is clicked on

2019-04-17 10:50:44 - [MESSAGE][PASSED] - Object: 'Object Repository/Syetem_settings/User_Manage/a_ new_user' is clicked on

2019-04-17 10:50:44 - [TEST_STEP][PASSED] - delay: Delayed 1 second(s)

2019-04-17 10:50:45 - [MESSAGE][PASSED] - Delayed 1 second(s)

2019-04-17 10:50:45 - [TEST_STEP][PASSED] - delay: Delayed 1 second(s)

2019-04-17 10:50:46 - [MESSAGE][PASSED] - Delayed 1 second(s)

2019-04-17 10:50:46 - [TEST_STEP][PASSED] - click: Object: 'Object Repository/Syetem_settings/User_Manage/user_info/choose_dept' is clicked on

2019-04-17 10:50:46 - [MESSAGE][PASSED] - Object: 'Object Repository/Syetem_settings/User_Manage/user_info/choose_dept' is clicked on

2019-04-17 10:50:46 - [TEST_STEP][PASSED] - delay: Delayed 1 second(s)

2019-04-17 10:50:47 - [MESSAGE][PASSED] - Delayed 1 second(s)

2019-04-17 10:50:47 - [TEST_STEP][PASSED] - click: Object: 'Object Repository/Syetem_settings/User_Manage/user_info/i__TreeNB' is clicked on

2019-04-17 10:50:47 - [MESSAGE][PASSED] - Object: 'Object Repository/Syetem_settings/User_Manage/user_info/i__TreeNB' is clicked on

2019-04-17 10:50:47 - [TEST_STEP][PASSED] - delay: Delayed 1 second(s)

2019-04-17 10:50:48 - [MESSAGE][PASSED] - Delayed 1 second(s)

2019-04-17 10:50:48 - [TEST_STEP][PASSED] - click: Object: 'Object Repository/Syetem_settings/User_Manage/user_info/cite_CQDepart' is clicked on

2019-04-17 10:50:48 - [MESSAGE][PASSED] - Object: 'Object Repository/Syetem_settings/User_Manage/user_info/cite_CQDepart' is clicked on

2019-04-17 10:50:48 - [TEST_STEP][PASSED] - delay: Delayed 1 second(s)

2019-04-17 10:50:49 - [MESSAGE][PASSED] - Delayed 1 second(s)

2019-04-17 10:50:49 - [TEST_STEP][PASSED] - setText: Text '测试人员1' is set on object 'Object Repository/Syetem_settings/User_Manage/user_info/input_ RealName'

2019-04-17 10:50:49 - [MESSAGE][PASSED] - Text '测试人员1' is set on object 'Object Repository/Syetem_settings/User_Manage/user_info/input_ RealName'

2019-04-17 10:50:49 - [TEST_STEP][PASSED] - delay: Delayed 1 second(s)

2019-04-17 10:50:50 - [MESSAGE][PASSED] - Delayed 1 second(s)

2019-04-17 10:50:50 - [TEST_STEP][PASSED] - setText: Text '测试岗位1' is set on object 'Object Repository/Syetem_settings/User_Manage/user_info/input_position'

2019-04-17 10:50:51 - [MESSAGE][PASSED] - Text '测试岗位1' is set on object 'Object Repository/Syetem_settings/User_Manage/user_info/input_position'

2019-04-17 10:50:51 - [TEST_STEP][PASSED] - delay: Delayed 1 second(s)

2019-04-17 10:50:52 - [MESSAGE][PASSED] - Delayed 1 second(s)

2019-04-17 10:50:52 - [TEST_STEP][PASSED] - setText: Text '15263625410' is set on object 'Object Repository/Syetem_settings/User_Manage/user_info/input_mobile'

2019-04-17 10:50:52 - [MESSAGE][PASSED] - Text '15263625410' is set on object 'Object Repository/Syetem_settings/User_Manage/user_info/input_mobile'

2019-04-17 10:50:52 - [TEST_STEP][PASSED] - delay: Delayed 1 second(s)

2019-04-17 10:50:53 - [MESSAGE][PASSED] - Delayed 1 second(s)

2019-04-17 10:50:53 - [TEST_STEP][PASSED] - setText: Text '7425362@qq.com' is set on object 'Object Repository/Syetem_settings/User_Manage/user_info/input_email'

2019-04-17 10:50:53 - [MESSAGE][PASSED] - Text '7425362@qq.com' is set on object 'Object Repository/Syetem_settings/User_Manage/user_info/input_email'

2019-04-17 10:50:53 - [TEST_STEP][PASSED] - delay: Delayed 1 second(s)

2019-04-17 10:50:54 - [MESSAGE][PASSED] - Delayed 1 second(s)

2019-04-17 10:50:54 - [TEST_STEP][PASSED] - click: Object: 'Object Repository/Syetem_settings/User_Manage/user_info/button_ Save' is clicked on

2019-04-17 10:50:54 - [MESSAGE][PASSED] - Object: 'Object Repository/Syetem_settings/User_Manage/user_info/button_ Save' is clicked on

2019-04-17 10:50:54 - [TEST_STEP][PASSED] - delay: Delayed 2 second(s)

2019-04-17 10:50:56 - [MESSAGE][PASSED] - Delayed 2 second(s)

2019-04-17 10:50:56 - [TEST_STEP][PASSED] - setText: Text '测试人员1' is set on object 'Object Repository/test/input__keyword'

2019-04-17 10:50:56 - [MESSAGE][PASSED] - Text '测试人员1' is set on object 'Object Repository/test/input__keyword'

2019-04-17 10:50:56 - [TEST_STEP][PASSED] - delay: Delayed 1 second(s)

2019-04-17 10:50:57 - [MESSAGE][PASSED] - Delayed 1 second(s)

2019-04-17 10:50:57 - [TEST_STEP][PASSED] - click: Object: 'Object Repository/test/button__layui-btn' is clicked on

2019-04-17 10:50:58 - [MESSAGE][PASSED] - Object: 'Object Repository/test/button__layui-btn' is clicked on

2019-04-17 10:50:58 - [TEST_STEP][PASSED] - delay: Delayed 1 second(s)

2019-04-17 10:50:59 - [MESSAGE][PASSED] - Delayed 1 second(s)

2019-04-17 10:50:59 - [TEST_STEP][PASSED] - Statement - Try: 列表中搜索到该用户，人员添加成功

2019-04-17 10:50:59 - [TEST_STEP][PASSED] - Statement - a = com.kms.katalon.core.testobject.ObjectRepository.findTestObject(Syetem_settings/User_Manage/Search/td_number1): Finding Test Object with id 'Object Repository/Syetem_settings/User_Manage/Search/td_number1'

2019-04-17 10:50:59 - [TEST_STEP][PASSED] - Statement - data_content = com.kms.katalon.core.webui.keyword.WebUiBuiltInKeywords.getAttribute(com.kms.katalon.core.testobject.ObjectRepository.findTestObject(Syetem_settings/User_Manage/Search/td_number1), "data-content"): Attribute 'data-content' of object 'Object Repository/Syetem_settings/User_Manage/Search/td_number1' is: '测试人员1'

2019-04-17 10:50:59 - [MESSAGE][PASSED] - Attribute 'data-content' of object 'Object Repository/Syetem_settings/User_Manage/Search/td_number1' is: '测试人员1'

2019-04-17 10:50:59 - [TEST_STEP][PASSED] - comment: 测试人员1

2019-04-17 10:50:59 - [TEST_STEP][PASSED] - Statement - If (data_content == username): 列表中搜索到该用户，人员添加成功

2019-04-17 10:50:59 - [TEST_STEP][PASSED] - comment: 列表中搜索到该用户，人员添加成功

2019-04-17 10:50:59 - [TEST_STEP][PASSED] - Start listener action : sampleAfterTestCase: Invoke 'com.kms.katalon.core.annotation.AfterTestCase' method: 'NewTestListener.sampleAfterTestCase(...)' completed.

2019-04-17 10:50:59 - [TEST_STEP][PASSED] - Statement - println(testCaseContext.getTestCaseId()): null

2019-04-17 10:50:59 - [TEST_STEP][PASSED] - Statement - println(testCaseContext.getTestCaseStatus()): Invoke 'com.kms.katalon.core.annotation.AfterTestCase' method: 'NewTestListener.sampleAfterTestCase(...)' completed.]]></system-out>
         <system-err><![CDATA[]]></system-err>
      </testcase>
      <testcase name="Test Cases/002_System_,Manage/001_User_Manage/002_Add_user" classname="Test Cases/002_System_,Manage/001_User_Manage/002_Add_user" status="PASSED">
         <system-out><![CDATA[2019-04-17 10:51:01 - [TEST_CASE][PASSED] - Test Cases/002_System_,Manage/001_User_Manage/002_Add_user: Test Cases/002_System_,Manage/001_User_Manage/002_Add_user

2019-04-17 10:51:01 - [TEST_STEP][PASSED] - Start listener action : sampleBeforeTestCase: Invoke 'com.kms.katalon.core.annotation.BeforeTestCase' method: 'NewTestListener.sampleBeforeTestCase(...)' completed.

2019-04-17 10:51:01 - [TEST_STEP][PASSED] - Statement - println(testCaseContext.getTestCaseId()): null

2019-04-17 10:51:01 - [TEST_STEP][PASSED] - Statement - println(testCaseContext.getTestCaseVariables()): Invoke 'com.kms.katalon.core.annotation.BeforeTestCase' method: 'NewTestListener.sampleBeforeTestCase(...)' completed.

2019-04-17 10:51:01 - [TEST_STEP][NOT_RUN] - callTestCase: NOT_RUN: callTestCase

2019-04-17 10:51:01 - [MESSAGE][NOT_RUN] - NOT_RUN: callTestCase

2019-04-17 10:51:01 - [TEST_STEP][PASSED] - comment: begain to add one new user!

2019-04-17 10:51:01 - [TEST_STEP][PASSED] - click: Object: 'Object Repository/Syetem_settings/User_Manage/a_ new_user' is clicked on

2019-04-17 10:51:01 - [MESSAGE][PASSED] - Object: 'Object Repository/Syetem_settings/User_Manage/a_ new_user' is clicked on

2019-04-17 10:51:01 - [TEST_STEP][PASSED] - delay: Delayed 1 second(s)

2019-04-17 10:51:02 - [MESSAGE][PASSED] - Delayed 1 second(s)

2019-04-17 10:51:02 - [TEST_STEP][PASSED] - delay: Delayed 1 second(s)

2019-04-17 10:51:03 - [MESSAGE][PASSED] - Delayed 1 second(s)

2019-04-17 10:51:03 - [TEST_STEP][PASSED] - click: Object: 'Object Repository/Syetem_settings/User_Manage/user_info/choose_dept' is clicked on

2019-04-17 10:51:03 - [MESSAGE][PASSED] - Object: 'Object Repository/Syetem_settings/User_Manage/user_info/choose_dept' is clicked on

2019-04-17 10:51:03 - [TEST_STEP][PASSED] - delay: Delayed 1 second(s)

2019-04-17 10:51:04 - [MESSAGE][PASSED] - Delayed 1 second(s)

2019-04-17 10:51:04 - [TEST_STEP][PASSED] - click: Object: 'Object Repository/Syetem_settings/User_Manage/user_info/i__TreeNB' is clicked on

2019-04-17 10:51:04 - [MESSAGE][PASSED] - Object: 'Object Repository/Syetem_settings/User_Manage/user_info/i__TreeNB' is clicked on

2019-04-17 10:51:04 - [TEST_STEP][PASSED] - delay: Delayed 1 second(s)

2019-04-17 10:51:06 - [MESSAGE][PASSED] - Delayed 1 second(s)

2019-04-17 10:51:06 - [TEST_STEP][PASSED] - click: Object: 'Object Repository/Syetem_settings/User_Manage/user_info/cite_CQDepart' is clicked on

2019-04-17 10:51:06 - [MESSAGE][PASSED] - Object: 'Object Repository/Syetem_settings/User_Manage/user_info/cite_CQDepart' is clicked on

2019-04-17 10:51:06 - [TEST_STEP][PASSED] - delay: Delayed 1 second(s)

2019-04-17 10:51:07 - [MESSAGE][PASSED] - Delayed 1 second(s)

2019-04-17 10:51:07 - [TEST_STEP][PASSED] - setText: Text '测试人员9' is set on object 'Object Repository/Syetem_settings/User_Manage/user_info/input_ RealName'

2019-04-17 10:51:07 - [MESSAGE][PASSED] - Text '测试人员9' is set on object 'Object Repository/Syetem_settings/User_Manage/user_info/input_ RealName'

2019-04-17 10:51:07 - [TEST_STEP][PASSED] - delay: Delayed 1 second(s)

2019-04-17 10:51:08 - [MESSAGE][PASSED] - Delayed 1 second(s)

2019-04-17 10:51:08 - [TEST_STEP][PASSED] - setText: Text '测试岗位9' is set on object 'Object Repository/Syetem_settings/User_Manage/user_info/input_position'

2019-04-17 10:51:08 - [MESSAGE][PASSED] - Text '测试岗位9' is set on object 'Object Repository/Syetem_settings/User_Manage/user_info/input_position'

2019-04-17 10:51:08 - [TEST_STEP][PASSED] - delay: Delayed 1 second(s)

2019-04-17 10:51:09 - [MESSAGE][PASSED] - Delayed 1 second(s)

2019-04-17 10:51:09 - [TEST_STEP][PASSED] - setText: Text '15263625418' is set on object 'Object Repository/Syetem_settings/User_Manage/user_info/input_mobile'

2019-04-17 10:51:10 - [MESSAGE][PASSED] - Text '15263625418' is set on object 'Object Repository/Syetem_settings/User_Manage/user_info/input_mobile'

2019-04-17 10:51:10 - [TEST_STEP][PASSED] - delay: Delayed 1 second(s)

2019-04-17 10:51:11 - [MESSAGE][PASSED] - Delayed 1 second(s)

2019-04-17 10:51:11 - [TEST_STEP][PASSED] - setText: Text '' is set on object 'Object Repository/Syetem_settings/User_Manage/user_info/input_email'

2019-04-17 10:51:11 - [MESSAGE][PASSED] - Text '' is set on object 'Object Repository/Syetem_settings/User_Manage/user_info/input_email'

2019-04-17 10:51:11 - [TEST_STEP][PASSED] - delay: Delayed 1 second(s)

2019-04-17 10:51:12 - [MESSAGE][PASSED] - Delayed 1 second(s)

2019-04-17 10:51:12 - [TEST_STEP][PASSED] - click: Object: 'Object Repository/Syetem_settings/User_Manage/user_info/button_ Save' is clicked on

2019-04-17 10:51:13 - [MESSAGE][PASSED] - Object: 'Object Repository/Syetem_settings/User_Manage/user_info/button_ Save' is clicked on

2019-04-17 10:51:13 - [TEST_STEP][PASSED] - delay: Delayed 2 second(s)

2019-04-17 10:51:15 - [MESSAGE][PASSED] - Delayed 2 second(s)

2019-04-17 10:51:15 - [TEST_STEP][PASSED] - setText: Text '测试人员9' is set on object 'Object Repository/test/input__keyword'

2019-04-17 10:51:15 - [MESSAGE][PASSED] - Text '测试人员9' is set on object 'Object Repository/test/input__keyword'

2019-04-17 10:51:15 - [TEST_STEP][PASSED] - delay: Delayed 1 second(s)

2019-04-17 10:51:16 - [MESSAGE][PASSED] - Delayed 1 second(s)

2019-04-17 10:51:16 - [TEST_STEP][PASSED] - click: Object: 'Object Repository/test/button__layui-btn' is clicked on

2019-04-17 10:51:16 - [MESSAGE][PASSED] - Object: 'Object Repository/test/button__layui-btn' is clicked on

2019-04-17 10:51:16 - [TEST_STEP][PASSED] - delay: Delayed 1 second(s)

2019-04-17 10:51:17 - [MESSAGE][PASSED] - Delayed 1 second(s)

2019-04-17 10:51:17 - [TEST_STEP][PASSED] - Statement - Try: 列表中搜索到该用户，人员添加成功

2019-04-17 10:51:17 - [TEST_STEP][PASSED] - Statement - a = com.kms.katalon.core.testobject.ObjectRepository.findTestObject(Syetem_settings/User_Manage/Search/td_number1): Finding Test Object with id 'Object Repository/Syetem_settings/User_Manage/Search/td_number1'

2019-04-17 10:51:17 - [TEST_STEP][PASSED] - Statement - data_content = com.kms.katalon.core.webui.keyword.WebUiBuiltInKeywords.getAttribute(com.kms.katalon.core.testobject.ObjectRepository.findTestObject(Syetem_settings/User_Manage/Search/td_number1), "data-content"): Attribute 'data-content' of object 'Object Repository/Syetem_settings/User_Manage/Search/td_number1' is: '测试人员9'

2019-04-17 10:51:17 - [MESSAGE][PASSED] - Attribute 'data-content' of object 'Object Repository/Syetem_settings/User_Manage/Search/td_number1' is: '测试人员9'

2019-04-17 10:51:17 - [TEST_STEP][PASSED] - comment: 测试人员9

2019-04-17 10:51:17 - [TEST_STEP][PASSED] - Statement - If (data_content == username): 列表中搜索到该用户，人员添加成功

2019-04-17 10:51:17 - [TEST_STEP][PASSED] - comment: 列表中搜索到该用户，人员添加成功

2019-04-17 10:51:17 - [TEST_STEP][PASSED] - Start listener action : sampleAfterTestCase: Invoke 'com.kms.katalon.core.annotation.AfterTestCase' method: 'NewTestListener.sampleAfterTestCase(...)' completed.

2019-04-17 10:51:17 - [TEST_STEP][PASSED] - Statement - println(testCaseContext.getTestCaseId()): null

2019-04-17 10:51:17 - [TEST_STEP][PASSED] - Statement - println(testCaseContext.getTestCaseStatus()): Invoke 'com.kms.katalon.core.annotation.AfterTestCase' method: 'NewTestListener.sampleAfterTestCase(...)' completed.]]></system-out>
         <system-err><![CDATA[]]></system-err>
      </testcase>
      <testcase name="Test Cases/002_System_,Manage/001_User_Manage/002_Add_user" classname="Test Cases/002_System_,Manage/001_User_Manage/002_Add_user" status="PASSED">
         <system-out><![CDATA[2019-04-17 10:51:19 - [TEST_CASE][PASSED] - Test Cases/002_System_,Manage/001_User_Manage/002_Add_user: Test Cases/002_System_,Manage/001_User_Manage/002_Add_user

2019-04-17 10:51:19 - [TEST_STEP][PASSED] - Start listener action : sampleBeforeTestCase: Invoke 'com.kms.katalon.core.annotation.BeforeTestCase' method: 'NewTestListener.sampleBeforeTestCase(...)' completed.

2019-04-17 10:51:19 - [TEST_STEP][PASSED] - Statement - println(testCaseContext.getTestCaseId()): null

2019-04-17 10:51:19 - [TEST_STEP][PASSED] - Statement - println(testCaseContext.getTestCaseVariables()): Invoke 'com.kms.katalon.core.annotation.BeforeTestCase' method: 'NewTestListener.sampleBeforeTestCase(...)' completed.

2019-04-17 10:51:19 - [TEST_STEP][NOT_RUN] - callTestCase: NOT_RUN: callTestCase

2019-04-17 10:51:19 - [MESSAGE][NOT_RUN] - NOT_RUN: callTestCase

2019-04-17 10:51:19 - [TEST_STEP][PASSED] - comment: begain to add one new user!

2019-04-17 10:51:19 - [TEST_STEP][PASSED] - click: Object: 'Object Repository/Syetem_settings/User_Manage/a_ new_user' is clicked on

2019-04-17 10:51:19 - [MESSAGE][PASSED] - Object: 'Object Repository/Syetem_settings/User_Manage/a_ new_user' is clicked on

2019-04-17 10:51:19 - [TEST_STEP][PASSED] - delay: Delayed 1 second(s)

2019-04-17 10:51:20 - [MESSAGE][PASSED] - Delayed 1 second(s)

2019-04-17 10:51:20 - [TEST_STEP][PASSED] - delay: Delayed 1 second(s)

2019-04-17 10:51:21 - [MESSAGE][PASSED] - Delayed 1 second(s)

2019-04-17 10:51:21 - [TEST_STEP][PASSED] - click: Object: 'Object Repository/Syetem_settings/User_Manage/user_info/choose_dept' is clicked on

2019-04-17 10:51:21 - [MESSAGE][PASSED] - Object: 'Object Repository/Syetem_settings/User_Manage/user_info/choose_dept' is clicked on

2019-04-17 10:51:21 - [TEST_STEP][PASSED] - delay: Delayed 1 second(s)

2019-04-17 10:51:22 - [MESSAGE][PASSED] - Delayed 1 second(s)

2019-04-17 10:51:22 - [TEST_STEP][PASSED] - click: Object: 'Object Repository/Syetem_settings/User_Manage/user_info/i__TreeNB' is clicked on

2019-04-17 10:51:22 - [MESSAGE][PASSED] - Object: 'Object Repository/Syetem_settings/User_Manage/user_info/i__TreeNB' is clicked on

2019-04-17 10:51:22 - [TEST_STEP][PASSED] - delay: Delayed 1 second(s)

2019-04-17 10:51:23 - [MESSAGE][PASSED] - Delayed 1 second(s)

2019-04-17 10:51:23 - [TEST_STEP][PASSED] - click: Object: 'Object Repository/Syetem_settings/User_Manage/user_info/cite_CQDepart' is clicked on

2019-04-17 10:51:23 - [MESSAGE][PASSED] - Object: 'Object Repository/Syetem_settings/User_Manage/user_info/cite_CQDepart' is clicked on

2019-04-17 10:51:23 - [TEST_STEP][PASSED] - delay: Delayed 1 second(s)

2019-04-17 10:51:24 - [MESSAGE][PASSED] - Delayed 1 second(s)

2019-04-17 10:51:24 - [TEST_STEP][PASSED] - setText: Text 'test' is set on object 'Object Repository/Syetem_settings/User_Manage/user_info/input_ RealName'

2019-04-17 10:51:24 - [MESSAGE][PASSED] - Text 'test' is set on object 'Object Repository/Syetem_settings/User_Manage/user_info/input_ RealName'

2019-04-17 10:51:24 - [TEST_STEP][PASSED] - delay: Delayed 1 second(s)

2019-04-17 10:51:25 - [MESSAGE][PASSED] - Delayed 1 second(s)

2019-04-17 10:51:25 - [TEST_STEP][PASSED] - setText: Text 'test' is set on object 'Object Repository/Syetem_settings/User_Manage/user_info/input_position'

2019-04-17 10:51:26 - [MESSAGE][PASSED] - Text 'test' is set on object 'Object Repository/Syetem_settings/User_Manage/user_info/input_position'

2019-04-17 10:51:26 - [TEST_STEP][PASSED] - delay: Delayed 1 second(s)

2019-04-17 10:51:27 - [MESSAGE][PASSED] - Delayed 1 second(s)

2019-04-17 10:51:27 - [TEST_STEP][PASSED] - setText: Text '15263625411' is set on object 'Object Repository/Syetem_settings/User_Manage/user_info/input_mobile'

2019-04-17 10:51:27 - [MESSAGE][PASSED] - Text '15263625411' is set on object 'Object Repository/Syetem_settings/User_Manage/user_info/input_mobile'

2019-04-17 10:51:27 - [TEST_STEP][PASSED] - delay: Delayed 1 second(s)

2019-04-17 10:51:28 - [MESSAGE][PASSED] - Delayed 1 second(s)

2019-04-17 10:51:28 - [TEST_STEP][PASSED] - setText: Text '7425363@qq.com' is set on object 'Object Repository/Syetem_settings/User_Manage/user_info/input_email'

2019-04-17 10:51:28 - [MESSAGE][PASSED] - Text '7425363@qq.com' is set on object 'Object Repository/Syetem_settings/User_Manage/user_info/input_email'

2019-04-17 10:51:28 - [TEST_STEP][PASSED] - delay: Delayed 1 second(s)

2019-04-17 10:51:29 - [MESSAGE][PASSED] - Delayed 1 second(s)

2019-04-17 10:51:29 - [TEST_STEP][PASSED] - click: Object: 'Object Repository/Syetem_settings/User_Manage/user_info/button_ Save' is clicked on

2019-04-17 10:51:29 - [MESSAGE][PASSED] - Object: 'Object Repository/Syetem_settings/User_Manage/user_info/button_ Save' is clicked on

2019-04-17 10:51:29 - [TEST_STEP][PASSED] - delay: Delayed 2 second(s)

2019-04-17 10:51:31 - [MESSAGE][PASSED] - Delayed 2 second(s)

2019-04-17 10:51:31 - [TEST_STEP][PASSED] - setText: Text 'test' is set on object 'Object Repository/test/input__keyword'

2019-04-17 10:51:31 - [MESSAGE][PASSED] - Text 'test' is set on object 'Object Repository/test/input__keyword'

2019-04-17 10:51:31 - [TEST_STEP][PASSED] - delay: Delayed 1 second(s)

2019-04-17 10:51:32 - [MESSAGE][PASSED] - Delayed 1 second(s)

2019-04-17 10:51:32 - [TEST_STEP][PASSED] - click: Object: 'Object Repository/test/button__layui-btn' is clicked on

2019-04-17 10:51:32 - [MESSAGE][PASSED] - Object: 'Object Repository/test/button__layui-btn' is clicked on

2019-04-17 10:51:32 - [TEST_STEP][PASSED] - delay: Delayed 1 second(s)

2019-04-17 10:51:33 - [MESSAGE][PASSED] - Delayed 1 second(s)

2019-04-17 10:51:33 - [TEST_STEP][PASSED] - Statement - Try: 列表中搜索到该用户，人员添加成功

2019-04-17 10:51:33 - [TEST_STEP][PASSED] - Statement - a = com.kms.katalon.core.testobject.ObjectRepository.findTestObject(Syetem_settings/User_Manage/Search/td_number1): Finding Test Object with id 'Object Repository/Syetem_settings/User_Manage/Search/td_number1'

2019-04-17 10:51:33 - [TEST_STEP][PASSED] - Statement - data_content = com.kms.katalon.core.webui.keyword.WebUiBuiltInKeywords.getAttribute(com.kms.katalon.core.testobject.ObjectRepository.findTestObject(Syetem_settings/User_Manage/Search/td_number1), "data-content"): Attribute 'data-content' of object 'Object Repository/Syetem_settings/User_Manage/Search/td_number1' is: 'test'

2019-04-17 10:51:33 - [MESSAGE][PASSED] - Attribute 'data-content' of object 'Object Repository/Syetem_settings/User_Manage/Search/td_number1' is: 'test'

2019-04-17 10:51:33 - [TEST_STEP][PASSED] - comment: test

2019-04-17 10:51:33 - [TEST_STEP][PASSED] - Statement - If (data_content == username): 列表中搜索到该用户，人员添加成功

2019-04-17 10:51:33 - [TEST_STEP][PASSED] - comment: 列表中搜索到该用户，人员添加成功

2019-04-17 10:51:33 - [TEST_STEP][PASSED] - Start listener action : sampleAfterTestCase: Invoke 'com.kms.katalon.core.annotation.AfterTestCase' method: 'NewTestListener.sampleAfterTestCase(...)' completed.

2019-04-17 10:51:33 - [TEST_STEP][PASSED] - Statement - println(testCaseContext.getTestCaseId()): null

2019-04-17 10:51:33 - [TEST_STEP][PASSED] - Statement - println(testCaseContext.getTestCaseStatus()): Invoke 'com.kms.katalon.core.annotation.AfterTestCase' method: 'NewTestListener.sampleAfterTestCase(...)' completed.]]></system-out>
         <system-err><![CDATA[]]></system-err>
      </testcase>
      <testcase name="Test Cases/002_System_,Manage/001_User_Manage/002_Add_user" classname="Test Cases/002_System_,Manage/001_User_Manage/002_Add_user" status="PASSED">
         <system-out><![CDATA[2019-04-17 10:51:36 - [TEST_CASE][PASSED] - Test Cases/002_System_,Manage/001_User_Manage/002_Add_user: Test Cases/002_System_,Manage/001_User_Manage/002_Add_user

2019-04-17 10:51:36 - [TEST_STEP][PASSED] - Start listener action : sampleBeforeTestCase: Invoke 'com.kms.katalon.core.annotation.BeforeTestCase' method: 'NewTestListener.sampleBeforeTestCase(...)' completed.

2019-04-17 10:51:36 - [TEST_STEP][PASSED] - Statement - println(testCaseContext.getTestCaseId()): null

2019-04-17 10:51:36 - [TEST_STEP][PASSED] - Statement - println(testCaseContext.getTestCaseVariables()): Invoke 'com.kms.katalon.core.annotation.BeforeTestCase' method: 'NewTestListener.sampleBeforeTestCase(...)' completed.

2019-04-17 10:51:36 - [TEST_STEP][NOT_RUN] - callTestCase: NOT_RUN: callTestCase

2019-04-17 10:51:36 - [MESSAGE][NOT_RUN] - NOT_RUN: callTestCase

2019-04-17 10:51:36 - [TEST_STEP][PASSED] - comment: begain to add one new user!

2019-04-17 10:51:36 - [TEST_STEP][PASSED] - click: Object: 'Object Repository/Syetem_settings/User_Manage/a_ new_user' is clicked on

2019-04-17 10:51:36 - [MESSAGE][PASSED] - Object: 'Object Repository/Syetem_settings/User_Manage/a_ new_user' is clicked on

2019-04-17 10:51:36 - [TEST_STEP][PASSED] - delay: Delayed 1 second(s)

2019-04-17 10:51:37 - [MESSAGE][PASSED] - Delayed 1 second(s)

2019-04-17 10:51:37 - [TEST_STEP][PASSED] - delay: Delayed 1 second(s)

2019-04-17 10:51:38 - [MESSAGE][PASSED] - Delayed 1 second(s)

2019-04-17 10:51:38 - [TEST_STEP][PASSED] - click: Object: 'Object Repository/Syetem_settings/User_Manage/user_info/choose_dept' is clicked on

2019-04-17 10:51:38 - [MESSAGE][PASSED] - Object: 'Object Repository/Syetem_settings/User_Manage/user_info/choose_dept' is clicked on

2019-04-17 10:51:38 - [TEST_STEP][PASSED] - delay: Delayed 1 second(s)

2019-04-17 10:51:39 - [MESSAGE][PASSED] - Delayed 1 second(s)

2019-04-17 10:51:39 - [TEST_STEP][PASSED] - click: Object: 'Object Repository/Syetem_settings/User_Manage/user_info/i__TreeNB' is clicked on

2019-04-17 10:51:39 - [MESSAGE][PASSED] - Object: 'Object Repository/Syetem_settings/User_Manage/user_info/i__TreeNB' is clicked on

2019-04-17 10:51:39 - [TEST_STEP][PASSED] - delay: Delayed 1 second(s)

2019-04-17 10:51:40 - [MESSAGE][PASSED] - Delayed 1 second(s)

2019-04-17 10:51:40 - [TEST_STEP][PASSED] - click: Object: 'Object Repository/Syetem_settings/User_Manage/user_info/cite_CQDepart' is clicked on

2019-04-17 10:51:40 - [MESSAGE][PASSED] - Object: 'Object Repository/Syetem_settings/User_Manage/user_info/cite_CQDepart' is clicked on

2019-04-17 10:51:40 - [TEST_STEP][PASSED] - delay: Delayed 1 second(s)

2019-04-17 10:51:41 - [MESSAGE][PASSED] - Delayed 1 second(s)

2019-04-17 10:51:41 - [TEST_STEP][PASSED] - setText: Text '123456' is set on object 'Object Repository/Syetem_settings/User_Manage/user_info/input_ RealName'

2019-04-17 10:51:41 - [MESSAGE][PASSED] - Text '123456' is set on object 'Object Repository/Syetem_settings/User_Manage/user_info/input_ RealName'

2019-04-17 10:51:41 - [TEST_STEP][PASSED] - delay: Delayed 1 second(s)

2019-04-17 10:51:42 - [MESSAGE][PASSED] - Delayed 1 second(s)

2019-04-17 10:51:42 - [TEST_STEP][PASSED] - setText: Text '123456789' is set on object 'Object Repository/Syetem_settings/User_Manage/user_info/input_position'

2019-04-17 10:51:42 - [MESSAGE][PASSED] - Text '123456789' is set on object 'Object Repository/Syetem_settings/User_Manage/user_info/input_position'

2019-04-17 10:51:42 - [TEST_STEP][PASSED] - delay: Delayed 1 second(s)

2019-04-17 10:51:43 - [MESSAGE][PASSED] - Delayed 1 second(s)

2019-04-17 10:51:43 - [TEST_STEP][PASSED] - setText: Text '15263625412' is set on object 'Object Repository/Syetem_settings/User_Manage/user_info/input_mobile'

2019-04-17 10:51:43 - [MESSAGE][PASSED] - Text '15263625412' is set on object 'Object Repository/Syetem_settings/User_Manage/user_info/input_mobile'

2019-04-17 10:51:43 - [TEST_STEP][PASSED] - delay: Delayed 1 second(s)

2019-04-17 10:51:44 - [MESSAGE][PASSED] - Delayed 1 second(s)

2019-04-17 10:51:44 - [TEST_STEP][PASSED] - setText: Text '7425364@qq.com' is set on object 'Object Repository/Syetem_settings/User_Manage/user_info/input_email'

2019-04-17 10:51:45 - [MESSAGE][PASSED] - Text '7425364@qq.com' is set on object 'Object Repository/Syetem_settings/User_Manage/user_info/input_email'

2019-04-17 10:51:45 - [TEST_STEP][PASSED] - delay: Delayed 1 second(s)

2019-04-17 10:51:46 - [MESSAGE][PASSED] - Delayed 1 second(s)

2019-04-17 10:51:46 - [TEST_STEP][PASSED] - click: Object: 'Object Repository/Syetem_settings/User_Manage/user_info/button_ Save' is clicked on

2019-04-17 10:51:46 - [MESSAGE][PASSED] - Object: 'Object Repository/Syetem_settings/User_Manage/user_info/button_ Save' is clicked on

2019-04-17 10:51:46 - [TEST_STEP][PASSED] - delay: Delayed 2 second(s)

2019-04-17 10:51:48 - [MESSAGE][PASSED] - Delayed 2 second(s)

2019-04-17 10:51:48 - [TEST_STEP][PASSED] - setText: Text '123456' is set on object 'Object Repository/test/input__keyword'

2019-04-17 10:51:48 - [MESSAGE][PASSED] - Text '123456' is set on object 'Object Repository/test/input__keyword'

2019-04-17 10:51:48 - [TEST_STEP][PASSED] - delay: Delayed 1 second(s)

2019-04-17 10:51:49 - [MESSAGE][PASSED] - Delayed 1 second(s)

2019-04-17 10:51:49 - [TEST_STEP][PASSED] - click: Object: 'Object Repository/test/button__layui-btn' is clicked on

2019-04-17 10:51:49 - [MESSAGE][PASSED] - Object: 'Object Repository/test/button__layui-btn' is clicked on

2019-04-17 10:51:49 - [TEST_STEP][PASSED] - delay: Delayed 1 second(s)

2019-04-17 10:51:50 - [MESSAGE][PASSED] - Delayed 1 second(s)

2019-04-17 10:51:50 - [TEST_STEP][PASSED] - Statement - Try: 列表中搜索到该用户，人员添加成功

2019-04-17 10:51:50 - [TEST_STEP][PASSED] - Statement - a = com.kms.katalon.core.testobject.ObjectRepository.findTestObject(Syetem_settings/User_Manage/Search/td_number1): Finding Test Object with id 'Object Repository/Syetem_settings/User_Manage/Search/td_number1'

2019-04-17 10:51:50 - [TEST_STEP][PASSED] - Statement - data_content = com.kms.katalon.core.webui.keyword.WebUiBuiltInKeywords.getAttribute(com.kms.katalon.core.testobject.ObjectRepository.findTestObject(Syetem_settings/User_Manage/Search/td_number1), "data-content"): Attribute 'data-content' of object 'Object Repository/Syetem_settings/User_Manage/Search/td_number1' is: '123456'

2019-04-17 10:51:50 - [MESSAGE][PASSED] - Attribute 'data-content' of object 'Object Repository/Syetem_settings/User_Manage/Search/td_number1' is: '123456'

2019-04-17 10:51:50 - [TEST_STEP][PASSED] - comment: 123456

2019-04-17 10:51:50 - [TEST_STEP][PASSED] - Statement - If (data_content == username): 列表中搜索到该用户，人员添加成功

2019-04-17 10:51:50 - [TEST_STEP][PASSED] - comment: 列表中搜索到该用户，人员添加成功

2019-04-17 10:51:50 - [TEST_STEP][PASSED] - Start listener action : sampleAfterTestCase: Invoke 'com.kms.katalon.core.annotation.AfterTestCase' method: 'NewTestListener.sampleAfterTestCase(...)' completed.

2019-04-17 10:51:50 - [TEST_STEP][PASSED] - Statement - println(testCaseContext.getTestCaseId()): null

2019-04-17 10:51:50 - [TEST_STEP][PASSED] - Statement - println(testCaseContext.getTestCaseStatus()): Invoke 'com.kms.katalon.core.annotation.AfterTestCase' method: 'NewTestListener.sampleAfterTestCase(...)' completed.]]></system-out>
         <system-err><![CDATA[]]></system-err>
      </testcase>
      <testcase name="Test Cases/002_System_,Manage/001_User_Manage/002_Add_user" classname="Test Cases/002_System_,Manage/001_User_Manage/002_Add_user" status="FAILED">
         <failure type="FAILED" message="(Stack trace: Assertion failed: 

assert false


	at org.codehaus.groovy.runtime.InvokerHelper.assertFailed(InvokerHelper.java:402)
	at org.codehaus.groovy.runtime.ScriptBytecodeAdapter.assertFailed(ScriptBytecodeAdapter.java:650)
	at Script1555325328880.run(Script1555325328880.groovy:84)
	at com.kms.katalon.core.main.ScriptEngine.run(ScriptEngine.java:183)
	at com.kms.katalon.core.main.ScriptEngine.runScriptAsRawText(ScriptEngine.java:108)
	at com.kms.katalon.core.main.TestCaseExecutor.runScript(TestCaseExecutor.java:294)
	at com.kms.katalon.core.main.TestCaseExecutor.doExecute(TestCaseExecutor.java:285)
	at com.kms.katalon.core.main.TestCaseExecutor.processExecutionPhase(TestCaseExecutor.java:264)
	at com.kms.katalon.core.main.TestCaseExecutor.accessMainPhase(TestCaseExecutor.java:256)
	at com.kms.katalon.core.main.TestCaseExecutor.execute(TestCaseExecutor.java:200)
	at com.kms.katalon.core.main.TestSuiteExecutor.accessTestCaseMainPhase(TestSuiteExecutor.java:129)
	at com.kms.katalon.core.main.TestSuiteExecutor.accessTestSuiteMainPhase(TestSuiteExecutor.java:112)
	at com.kms.katalon.core.main.TestSuiteExecutor.execute(TestSuiteExecutor.java:81)
	at com.kms.katalon.core.main.TestCaseMain.startTestSuite(TestCaseMain.java:142)
	at com.kms.katalon.core.main.TestCaseMain$startTestSuite$0.call(Unknown Source)
	at org.codehaus.groovy.runtime.callsite.CallSiteArray.defaultCall(CallSiteArray.java:48)
	at org.codehaus.groovy.runtime.callsite.AbstractCallSite.call(AbstractCallSite.java:113)
	at org.codehaus.groovy.runtime.callsite.AbstractCallSite.call(AbstractCallSite.java:141)
	at TempTestSuite1555469415462.run(TempTestSuite1555469415462.groovy:36)
	at groovy.lang.GroovyShell.runScriptOrMainOrTestOrRunnable(GroovyShell.java:263)
	at groovy.lang.GroovyShell.run(GroovyShell.java:518)
	at groovy.lang.GroovyShell.run(GroovyShell.java:507)
	at groovy.ui.GroovyMain.processOnce(GroovyMain.java:653)
	at groovy.ui.GroovyMain.run(GroovyMain.java:384)
	at groovy.ui.GroovyMain.process(GroovyMain.java:370)
	at groovy.ui.GroovyMain.processArgs(GroovyMain.java:129)
	at groovy.ui.GroovyMain.main(GroovyMain.java:109)
	at sun.reflect.NativeMethodAccessorImpl.invoke0(Native Method)
	at sun.reflect.NativeMethodAccessorImpl.invoke(NativeMethodAccessorImpl.java:62)
	at sun.reflect.DelegatingMethodAccessorImpl.invoke(DelegatingMethodAccessorImpl.java:43)
	at java.lang.reflect.Method.invoke(Method.java:498)
	at org.codehaus.groovy.tools.GroovyStarter.rootLoader(GroovyStarter.java:109)
	at org.codehaus.groovy.tools.GroovyStarter.main(GroovyStarter.java:131)
)"/>
         <system-out><![CDATA[2019-04-17 10:51:52 - [TEST_CASE][FAILED] - Test Cases/002_System_,Manage/001_User_Manage/002_Add_user: Test Cases/002_System_,Manage/001_User_Manage/002_Add_user FAILED because (of) (Stack trace: Assertion failed: 

assert false


	at org.codehaus.groovy.runtime.InvokerHelper.assertFailed(InvokerHelper.java:402)
	at org.codehaus.groovy.runtime.ScriptBytecodeAdapter.assertFailed(ScriptBytecodeAdapter.java:650)
	at Script1555325328880.run(Script1555325328880.groovy:84)
	at com.kms.katalon.core.main.ScriptEngine.run(ScriptEngine.java:183)
	at com.kms.katalon.core.main.ScriptEngine.runScriptAsRawText(ScriptEngine.java:108)
	at com.kms.katalon.core.main.TestCaseExecutor.runScript(TestCaseExecutor.java:294)
	at com.kms.katalon.core.main.TestCaseExecutor.doExecute(TestCaseExecutor.java:285)
	at com.kms.katalon.core.main.TestCaseExecutor.processExecutionPhase(TestCaseExecutor.java:264)
	at com.kms.katalon.core.main.TestCaseExecutor.accessMainPhase(TestCaseExecutor.java:256)
	at com.kms.katalon.core.main.TestCaseExecutor.execute(TestCaseExecutor.java:200)
	at com.kms.katalon.core.main.TestSuiteExecutor.accessTestCaseMainPhase(TestSuiteExecutor.java:129)
	at com.kms.katalon.core.main.TestSuiteExecutor.accessTestSuiteMainPhase(TestSuiteExecutor.java:112)
	at com.kms.katalon.core.main.TestSuiteExecutor.execute(TestSuiteExecutor.java:81)
	at com.kms.katalon.core.main.TestCaseMain.startTestSuite(TestCaseMain.java:142)
	at com.kms.katalon.core.main.TestCaseMain$startTestSuite$0.call(Unknown Source)
	at org.codehaus.groovy.runtime.callsite.CallSiteArray.defaultCall(CallSiteArray.java:48)
	at org.codehaus.groovy.runtime.callsite.AbstractCallSite.call(AbstractCallSite.java:113)
	at org.codehaus.groovy.runtime.callsite.AbstractCallSite.call(AbstractCallSite.java:141)
	at TempTestSuite1555469415462.run(TempTestSuite1555469415462.groovy:36)
	at groovy.lang.GroovyShell.runScriptOrMainOrTestOrRunnable(GroovyShell.java:263)
	at groovy.lang.GroovyShell.run(GroovyShell.java:518)
	at groovy.lang.GroovyShell.run(GroovyShell.java:507)
	at groovy.ui.GroovyMain.processOnce(GroovyMain.java:653)
	at groovy.ui.GroovyMain.run(GroovyMain.java:384)
	at groovy.ui.GroovyMain.process(GroovyMain.java:370)
	at groovy.ui.GroovyMain.processArgs(GroovyMain.java:129)
	at groovy.ui.GroovyMain.main(GroovyMain.java:109)
	at sun.reflect.NativeMethodAccessorImpl.invoke0(Native Method)
	at sun.reflect.NativeMethodAccessorImpl.invoke(NativeMethodAccessorImpl.java:62)
	at sun.reflect.DelegatingMethodAccessorImpl.invoke(DelegatingMethodAccessorImpl.java:43)
	at java.lang.reflect.Method.invoke(Method.java:498)
	at org.codehaus.groovy.tools.GroovyStarter.rootLoader(GroovyStarter.java:109)
	at org.codehaus.groovy.tools.GroovyStarter.main(GroovyStarter.java:131)
)

2019-04-17 10:51:52 - [TEST_STEP][PASSED] - Start listener action : sampleBeforeTestCase: Invoke 'com.kms.katalon.core.annotation.BeforeTestCase' method: 'NewTestListener.sampleBeforeTestCase(...)' completed.

2019-04-17 10:51:52 - [TEST_STEP][PASSED] - Statement - println(testCaseContext.getTestCaseId()): null

2019-04-17 10:51:52 - [TEST_STEP][PASSED] - Statement - println(testCaseContext.getTestCaseVariables()): Invoke 'com.kms.katalon.core.annotation.BeforeTestCase' method: 'NewTestListener.sampleBeforeTestCase(...)' completed.

2019-04-17 10:51:52 - [TEST_STEP][NOT_RUN] - callTestCase: NOT_RUN: callTestCase

2019-04-17 10:51:52 - [MESSAGE][NOT_RUN] - NOT_RUN: callTestCase

2019-04-17 10:51:52 - [TEST_STEP][PASSED] - comment: begain to add one new user!

2019-04-17 10:51:52 - [TEST_STEP][PASSED] - click: Object: 'Object Repository/Syetem_settings/User_Manage/a_ new_user' is clicked on

2019-04-17 10:51:52 - [MESSAGE][PASSED] - Object: 'Object Repository/Syetem_settings/User_Manage/a_ new_user' is clicked on

2019-04-17 10:51:52 - [TEST_STEP][PASSED] - delay: Delayed 1 second(s)

2019-04-17 10:51:53 - [MESSAGE][PASSED] - Delayed 1 second(s)

2019-04-17 10:51:53 - [TEST_STEP][PASSED] - delay: Delayed 1 second(s)

2019-04-17 10:51:54 - [MESSAGE][PASSED] - Delayed 1 second(s)

2019-04-17 10:51:54 - [TEST_STEP][PASSED] - click: Object: 'Object Repository/Syetem_settings/User_Manage/user_info/choose_dept' is clicked on

2019-04-17 10:51:54 - [MESSAGE][PASSED] - Object: 'Object Repository/Syetem_settings/User_Manage/user_info/choose_dept' is clicked on

2019-04-17 10:51:54 - [TEST_STEP][PASSED] - delay: Delayed 1 second(s)

2019-04-17 10:51:55 - [MESSAGE][PASSED] - Delayed 1 second(s)

2019-04-17 10:51:55 - [TEST_STEP][PASSED] - click: Object: 'Object Repository/Syetem_settings/User_Manage/user_info/i__TreeNB' is clicked on

2019-04-17 10:51:56 - [MESSAGE][PASSED] - Object: 'Object Repository/Syetem_settings/User_Manage/user_info/i__TreeNB' is clicked on

2019-04-17 10:51:56 - [TEST_STEP][PASSED] - delay: Delayed 1 second(s)

2019-04-17 10:51:57 - [MESSAGE][PASSED] - Delayed 1 second(s)

2019-04-17 10:51:57 - [TEST_STEP][PASSED] - click: Object: 'Object Repository/Syetem_settings/User_Manage/user_info/cite_CQDepart' is clicked on

2019-04-17 10:51:57 - [MESSAGE][PASSED] - Object: 'Object Repository/Syetem_settings/User_Manage/user_info/cite_CQDepart' is clicked on

2019-04-17 10:51:57 - [TEST_STEP][PASSED] - delay: Delayed 1 second(s)

2019-04-17 10:51:58 - [MESSAGE][PASSED] - Delayed 1 second(s)

2019-04-17 10:51:58 - [TEST_STEP][PASSED] - setText: Text '长字符验证长字符验证' is set on object 'Object Repository/Syetem_settings/User_Manage/user_info/input_ RealName'

2019-04-17 10:51:58 - [MESSAGE][PASSED] - Text '长字符验证长字符验证' is set on object 'Object Repository/Syetem_settings/User_Manage/user_info/input_ RealName'

2019-04-17 10:51:58 - [TEST_STEP][PASSED] - delay: Delayed 1 second(s)

2019-04-17 10:51:59 - [MESSAGE][PASSED] - Delayed 1 second(s)

2019-04-17 10:51:59 - [TEST_STEP][PASSED] - setText: Text '长字符验证长字符验证长字符验证长字符验证' is set on object 'Object Repository/Syetem_settings/User_Manage/user_info/input_position'

2019-04-17 10:51:59 - [MESSAGE][PASSED] - Text '长字符验证长字符验证长字符验证长字符验证' is set on object 'Object Repository/Syetem_settings/User_Manage/user_info/input_position'

2019-04-17 10:51:59 - [TEST_STEP][PASSED] - delay: Delayed 1 second(s)

2019-04-17 10:52:00 - [MESSAGE][PASSED] - Delayed 1 second(s)

2019-04-17 10:52:00 - [TEST_STEP][PASSED] - setText: Text '15263625413' is set on object 'Object Repository/Syetem_settings/User_Manage/user_info/input_mobile'

2019-04-17 10:52:00 - [MESSAGE][PASSED] - Text '15263625413' is set on object 'Object Repository/Syetem_settings/User_Manage/user_info/input_mobile'

2019-04-17 10:52:00 - [TEST_STEP][PASSED] - delay: Delayed 1 second(s)

2019-04-17 10:52:01 - [MESSAGE][PASSED] - Delayed 1 second(s)

2019-04-17 10:52:01 - [TEST_STEP][PASSED] - setText: Text '7425365@qq.com' is set on object 'Object Repository/Syetem_settings/User_Manage/user_info/input_email'

2019-04-17 10:52:01 - [MESSAGE][PASSED] - Text '7425365@qq.com' is set on object 'Object Repository/Syetem_settings/User_Manage/user_info/input_email'

2019-04-17 10:52:01 - [TEST_STEP][PASSED] - delay: Delayed 1 second(s)

2019-04-17 10:52:02 - [MESSAGE][PASSED] - Delayed 1 second(s)

2019-04-17 10:52:02 - [TEST_STEP][PASSED] - click: Object: 'Object Repository/Syetem_settings/User_Manage/user_info/button_ Save' is clicked on

2019-04-17 10:52:03 - [MESSAGE][PASSED] - Object: 'Object Repository/Syetem_settings/User_Manage/user_info/button_ Save' is clicked on

2019-04-17 10:52:03 - [TEST_STEP][PASSED] - delay: Delayed 2 second(s)

2019-04-17 10:52:05 - [MESSAGE][PASSED] - Delayed 2 second(s)

2019-04-17 10:52:05 - [TEST_STEP][PASSED] - setText: Text '长字符验证长字符验证' is set on object 'Object Repository/test/input__keyword'

2019-04-17 10:52:05 - [MESSAGE][PASSED] - Text '长字符验证长字符验证' is set on object 'Object Repository/test/input__keyword'

2019-04-17 10:52:05 - [TEST_STEP][PASSED] - delay: Delayed 1 second(s)

2019-04-17 10:52:06 - [MESSAGE][PASSED] - Delayed 1 second(s)

2019-04-17 10:52:06 - [TEST_STEP][PASSED] - click: Object: 'Object Repository/test/button__layui-btn' is clicked on

2019-04-17 10:52:06 - [MESSAGE][PASSED] - Object: 'Object Repository/test/button__layui-btn' is clicked on

2019-04-17 10:52:06 - [TEST_STEP][PASSED] - delay: Delayed 1 second(s)

2019-04-17 10:52:07 - [MESSAGE][PASSED] - Delayed 1 second(s)

2019-04-17 10:52:07 - [TEST_STEP][FAILED] - Statement - Try: Unable to get attribute 'data-content' of object 'Object Repository/Syetem_settings/User_Manage/Search/td_number1' (Root cause: com.kms.katalon.core.webui.exception.WebElementNotFoundException: Web element with id: 'Object Repository/Syetem_settings/User_Manage/Search/td_number1' located by 'By.xpath: //div[@id='mainContent']/div[2]/div[2]/div[2]/div[2]/div/div[2]/table/tbody/tr[1]/td[1]' not found)

2019-04-17 10:52:07 - [TEST_STEP][PASSED] - Statement - a = com.kms.katalon.core.testobject.ObjectRepository.findTestObject(Syetem_settings/User_Manage/Search/td_number1): Finding Test Object with id 'Object Repository/Syetem_settings/User_Manage/Search/td_number1'

2019-04-17 10:52:07 - [TEST_STEP][FAILED] - Statement - data_content = com.kms.katalon.core.webui.keyword.WebUiBuiltInKeywords.getAttribute(com.kms.katalon.core.testobject.ObjectRepository.findTestObject(Syetem_settings/User_Manage/Search/td_number1), "data-content"): Unable to get attribute 'data-content' of object 'Object Repository/Syetem_settings/User_Manage/Search/td_number1' (Root cause: com.kms.katalon.core.webui.exception.WebElementNotFoundException: Web element with id: 'Object Repository/Syetem_settings/User_Manage/Search/td_number1' located by 'By.xpath: //div[@id='mainContent']/div[2]/div[2]/div[2]/div[2]/div/div[2]/table/tbody/tr[1]/td[1]' not found)

2019-04-17 10:52:39 - [MESSAGE][FAILED] - Unable to get attribute 'data-content' of object 'Object Repository/Syetem_settings/User_Manage/Search/td_number1' (Root cause: com.kms.katalon.core.webui.exception.WebElementNotFoundException: Web element with id: 'Object Repository/Syetem_settings/User_Manage/Search/td_number1' located by 'By.xpath: //div[@id='mainContent']/div[2]/div[2]/div[2]/div[2]/div/div[2]/table/tbody/tr[1]/td[1]' not found)
[[ATTACHMENT|G:\\Auto_Learning\\katalon\\katalon_project\\katalon_project\\T2M_Manage\\T2M_Manage\\Reports\\User Manage\\new user\\20190417_105015\\1555469558927.png]]

2019-04-17 10:52:39 - [TEST_STEP][PASSED] - Statement - Catch (Exception NoSuchElementException): null

2019-04-17 10:52:39 - [TEST_STEP][PASSED] - comment: 脚本中添加的人员姓名为长字符验证长字符验证,人员未添加成功，列表中不存在该元素，请检查！！

2019-04-17 10:52:39 - [TEST_STEP][PASSED] - Statement - assert false: null

2019-04-17 10:52:39 - [TEST_STEP][PASSED] - Start listener action : sampleAfterTestCase: Invoke 'com.kms.katalon.core.annotation.AfterTestCase' method: 'NewTestListener.sampleAfterTestCase(...)' completed.

2019-04-17 10:52:39 - [TEST_STEP][PASSED] - Statement - println(testCaseContext.getTestCaseId()): null

2019-04-17 10:52:39 - [TEST_STEP][PASSED] - Statement - println(testCaseContext.getTestCaseStatus()): Invoke 'com.kms.katalon.core.annotation.AfterTestCase' method: 'NewTestListener.sampleAfterTestCase(...)' completed.]]></system-out>
         <system-err><![CDATA[2019-04-17 10:51:52 - [TEST_CASE][FAILED] - Test Cases/002_System_,Manage/001_User_Manage/002_Add_user: Test Cases/002_System_,Manage/001_User_Manage/002_Add_user FAILED because (of) (Stack trace: Assertion failed: 

assert false


	at org.codehaus.groovy.runtime.InvokerHelper.assertFailed(InvokerHelper.java:402)
	at org.codehaus.groovy.runtime.ScriptBytecodeAdapter.assertFailed(ScriptBytecodeAdapter.java:650)
	at Script1555325328880.run(Script1555325328880.groovy:84)
	at com.kms.katalon.core.main.ScriptEngine.run(ScriptEngine.java:183)
	at com.kms.katalon.core.main.ScriptEngine.runScriptAsRawText(ScriptEngine.java:108)
	at com.kms.katalon.core.main.TestCaseExecutor.runScript(TestCaseExecutor.java:294)
	at com.kms.katalon.core.main.TestCaseExecutor.doExecute(TestCaseExecutor.java:285)
	at com.kms.katalon.core.main.TestCaseExecutor.processExecutionPhase(TestCaseExecutor.java:264)
	at com.kms.katalon.core.main.TestCaseExecutor.accessMainPhase(TestCaseExecutor.java:256)
	at com.kms.katalon.core.main.TestCaseExecutor.execute(TestCaseExecutor.java:200)
	at com.kms.katalon.core.main.TestSuiteExecutor.accessTestCaseMainPhase(TestSuiteExecutor.java:129)
	at com.kms.katalon.core.main.TestSuiteExecutor.accessTestSuiteMainPhase(TestSuiteExecutor.java:112)
	at com.kms.katalon.core.main.TestSuiteExecutor.execute(TestSuiteExecutor.java:81)
	at com.kms.katalon.core.main.TestCaseMain.startTestSuite(TestCaseMain.java:142)
	at com.kms.katalon.core.main.TestCaseMain$startTestSuite$0.call(Unknown Source)
	at org.codehaus.groovy.runtime.callsite.CallSiteArray.defaultCall(CallSiteArray.java:48)
	at org.codehaus.groovy.runtime.callsite.AbstractCallSite.call(AbstractCallSite.java:113)
	at org.codehaus.groovy.runtime.callsite.AbstractCallSite.call(AbstractCallSite.java:141)
	at TempTestSuite1555469415462.run(TempTestSuite1555469415462.groovy:36)
	at groovy.lang.GroovyShell.runScriptOrMainOrTestOrRunnable(GroovyShell.java:263)
	at groovy.lang.GroovyShell.run(GroovyShell.java:518)
	at groovy.lang.GroovyShell.run(GroovyShell.java:507)
	at groovy.ui.GroovyMain.processOnce(GroovyMain.java:653)
	at groovy.ui.GroovyMain.run(GroovyMain.java:384)
	at groovy.ui.GroovyMain.process(GroovyMain.java:370)
	at groovy.ui.GroovyMain.processArgs(GroovyMain.java:129)
	at groovy.ui.GroovyMain.main(GroovyMain.java:109)
	at sun.reflect.NativeMethodAccessorImpl.invoke0(Native Method)
	at sun.reflect.NativeMethodAccessorImpl.invoke(NativeMethodAccessorImpl.java:62)
	at sun.reflect.DelegatingMethodAccessorImpl.invoke(DelegatingMethodAccessorImpl.java:43)
	at java.lang.reflect.Method.invoke(Method.java:498)
	at org.codehaus.groovy.tools.GroovyStarter.rootLoader(GroovyStarter.java:109)
	at org.codehaus.groovy.tools.GroovyStarter.main(GroovyStarter.java:131)
)]]></system-err>
      </testcase>
      <testcase name="Test Cases/002_System_,Manage/001_User_Manage/002_Add_user" classname="Test Cases/002_System_,Manage/001_User_Manage/002_Add_user" status="PASSED">
         <system-out><![CDATA[2019-04-17 10:52:41 - [TEST_CASE][PASSED] - Test Cases/002_System_,Manage/001_User_Manage/002_Add_user: Test Cases/002_System_,Manage/001_User_Manage/002_Add_user

2019-04-17 10:52:41 - [TEST_STEP][PASSED] - Start listener action : sampleBeforeTestCase: Invoke 'com.kms.katalon.core.annotation.BeforeTestCase' method: 'NewTestListener.sampleBeforeTestCase(...)' completed.

2019-04-17 10:52:41 - [TEST_STEP][PASSED] - Statement - println(testCaseContext.getTestCaseId()): null

2019-04-17 10:52:41 - [TEST_STEP][PASSED] - Statement - println(testCaseContext.getTestCaseVariables()): Invoke 'com.kms.katalon.core.annotation.BeforeTestCase' method: 'NewTestListener.sampleBeforeTestCase(...)' completed.

2019-04-17 10:52:41 - [TEST_STEP][NOT_RUN] - callTestCase: NOT_RUN: callTestCase

2019-04-17 10:52:41 - [MESSAGE][NOT_RUN] - NOT_RUN: callTestCase

2019-04-17 10:52:41 - [TEST_STEP][PASSED] - comment: begain to add one new user!

2019-04-17 10:52:41 - [TEST_STEP][PASSED] - click: Object: 'Object Repository/Syetem_settings/User_Manage/a_ new_user' is clicked on

2019-04-17 10:52:41 - [MESSAGE][PASSED] - Object: 'Object Repository/Syetem_settings/User_Manage/a_ new_user' is clicked on

2019-04-17 10:52:41 - [TEST_STEP][PASSED] - delay: Delayed 1 second(s)

2019-04-17 10:52:42 - [MESSAGE][PASSED] - Delayed 1 second(s)

2019-04-17 10:52:42 - [TEST_STEP][PASSED] - delay: Delayed 1 second(s)

2019-04-17 10:52:43 - [MESSAGE][PASSED] - Delayed 1 second(s)

2019-04-17 10:52:43 - [TEST_STEP][PASSED] - click: Object: 'Object Repository/Syetem_settings/User_Manage/user_info/choose_dept' is clicked on

2019-04-17 10:52:43 - [MESSAGE][PASSED] - Object: 'Object Repository/Syetem_settings/User_Manage/user_info/choose_dept' is clicked on

2019-04-17 10:52:43 - [TEST_STEP][PASSED] - delay: Delayed 1 second(s)

2019-04-17 10:52:44 - [MESSAGE][PASSED] - Delayed 1 second(s)

2019-04-17 10:52:44 - [TEST_STEP][PASSED] - click: Object: 'Object Repository/Syetem_settings/User_Manage/user_info/i__TreeNB' is clicked on

2019-04-17 10:52:44 - [MESSAGE][PASSED] - Object: 'Object Repository/Syetem_settings/User_Manage/user_info/i__TreeNB' is clicked on

2019-04-17 10:52:44 - [TEST_STEP][PASSED] - delay: Delayed 1 second(s)

2019-04-17 10:52:45 - [MESSAGE][PASSED] - Delayed 1 second(s)

2019-04-17 10:52:45 - [TEST_STEP][PASSED] - click: Object: 'Object Repository/Syetem_settings/User_Manage/user_info/cite_CQDepart' is clicked on

2019-04-17 10:52:45 - [MESSAGE][PASSED] - Object: 'Object Repository/Syetem_settings/User_Manage/user_info/cite_CQDepart' is clicked on

2019-04-17 10:52:45 - [TEST_STEP][PASSED] - delay: Delayed 1 second(s)

2019-04-17 10:52:46 - [MESSAGE][PASSED] - Delayed 1 second(s)

2019-04-17 10:52:46 - [TEST_STEP][PASSED] - setText: Text '测试人员1' is set on object 'Object Repository/Syetem_settings/User_Manage/user_info/input_ RealName'

2019-04-17 10:52:46 - [MESSAGE][PASSED] - Text '测试人员1' is set on object 'Object Repository/Syetem_settings/User_Manage/user_info/input_ RealName'

2019-04-17 10:52:46 - [TEST_STEP][PASSED] - delay: Delayed 1 second(s)

2019-04-17 10:52:47 - [MESSAGE][PASSED] - Delayed 1 second(s)

2019-04-17 10:52:47 - [TEST_STEP][PASSED] - setText: Text '测试岗位1' is set on object 'Object Repository/Syetem_settings/User_Manage/user_info/input_position'

2019-04-17 10:52:48 - [MESSAGE][PASSED] - Text '测试岗位1' is set on object 'Object Repository/Syetem_settings/User_Manage/user_info/input_position'

2019-04-17 10:52:48 - [TEST_STEP][PASSED] - delay: Delayed 1 second(s)

2019-04-17 10:52:49 - [MESSAGE][PASSED] - Delayed 1 second(s)

2019-04-17 10:52:49 - [TEST_STEP][PASSED] - setText: Text '15263625410' is set on object 'Object Repository/Syetem_settings/User_Manage/user_info/input_mobile'

2019-04-17 10:52:49 - [MESSAGE][PASSED] - Text '15263625410' is set on object 'Object Repository/Syetem_settings/User_Manage/user_info/input_mobile'

2019-04-17 10:52:49 - [TEST_STEP][PASSED] - delay: Delayed 1 second(s)

2019-04-17 10:52:50 - [MESSAGE][PASSED] - Delayed 1 second(s)

2019-04-17 10:52:50 - [TEST_STEP][PASSED] - setText: Text '313546465@163.com' is set on object 'Object Repository/Syetem_settings/User_Manage/user_info/input_email'

2019-04-17 10:52:50 - [MESSAGE][PASSED] - Text '313546465@163.com' is set on object 'Object Repository/Syetem_settings/User_Manage/user_info/input_email'

2019-04-17 10:52:50 - [TEST_STEP][PASSED] - delay: Delayed 1 second(s)

2019-04-17 10:52:51 - [MESSAGE][PASSED] - Delayed 1 second(s)

2019-04-17 10:52:51 - [TEST_STEP][PASSED] - click: Object: 'Object Repository/Syetem_settings/User_Manage/user_info/button_ Save' is clicked on

2019-04-17 10:52:51 - [MESSAGE][PASSED] - Object: 'Object Repository/Syetem_settings/User_Manage/user_info/button_ Save' is clicked on

2019-04-17 10:52:51 - [TEST_STEP][PASSED] - delay: Delayed 2 second(s)

2019-04-17 10:52:53 - [MESSAGE][PASSED] - Delayed 2 second(s)

2019-04-17 10:52:53 - [TEST_STEP][PASSED] - setText: Text '测试人员1' is set on object 'Object Repository/test/input__keyword'

2019-04-17 10:52:53 - [MESSAGE][PASSED] - Text '测试人员1' is set on object 'Object Repository/test/input__keyword'

2019-04-17 10:52:53 - [TEST_STEP][PASSED] - delay: Delayed 1 second(s)

2019-04-17 10:52:54 - [MESSAGE][PASSED] - Delayed 1 second(s)

2019-04-17 10:52:54 - [TEST_STEP][PASSED] - click: Object: 'Object Repository/test/button__layui-btn' is clicked on

2019-04-17 10:52:54 - [MESSAGE][PASSED] - Object: 'Object Repository/test/button__layui-btn' is clicked on

2019-04-17 10:52:54 - [TEST_STEP][PASSED] - delay: Delayed 1 second(s)

2019-04-17 10:52:55 - [MESSAGE][PASSED] - Delayed 1 second(s)

2019-04-17 10:52:55 - [TEST_STEP][PASSED] - Statement - Try: 列表中搜索到该用户，人员添加成功

2019-04-17 10:52:55 - [TEST_STEP][PASSED] - Statement - a = com.kms.katalon.core.testobject.ObjectRepository.findTestObject(Syetem_settings/User_Manage/Search/td_number1): Finding Test Object with id 'Object Repository/Syetem_settings/User_Manage/Search/td_number1'

2019-04-17 10:52:55 - [TEST_STEP][PASSED] - Statement - data_content = com.kms.katalon.core.webui.keyword.WebUiBuiltInKeywords.getAttribute(com.kms.katalon.core.testobject.ObjectRepository.findTestObject(Syetem_settings/User_Manage/Search/td_number1), "data-content"): Attribute 'data-content' of object 'Object Repository/Syetem_settings/User_Manage/Search/td_number1' is: '测试人员1'

2019-04-17 10:52:55 - [MESSAGE][PASSED] - Attribute 'data-content' of object 'Object Repository/Syetem_settings/User_Manage/Search/td_number1' is: '测试人员1'

2019-04-17 10:52:55 - [TEST_STEP][PASSED] - comment: 测试人员1

2019-04-17 10:52:55 - [TEST_STEP][PASSED] - Statement - If (data_content == username): 列表中搜索到该用户，人员添加成功

2019-04-17 10:52:55 - [TEST_STEP][PASSED] - comment: 列表中搜索到该用户，人员添加成功

2019-04-17 10:52:55 - [TEST_STEP][PASSED] - Start listener action : sampleAfterTestCase: Invoke 'com.kms.katalon.core.annotation.AfterTestCase' method: 'NewTestListener.sampleAfterTestCase(...)' completed.

2019-04-17 10:52:55 - [TEST_STEP][PASSED] - Statement - println(testCaseContext.getTestCaseId()): null

2019-04-17 10:52:55 - [TEST_STEP][PASSED] - Statement - println(testCaseContext.getTestCaseStatus()): Invoke 'com.kms.katalon.core.annotation.AfterTestCase' method: 'NewTestListener.sampleAfterTestCase(...)' completed.]]></system-out>
         <system-err><![CDATA[]]></system-err>
      </testcase>
      <testcase name="Test Cases/002_System_,Manage/001_User_Manage/002_Add_user" classname="Test Cases/002_System_,Manage/001_User_Manage/002_Add_user" status="PASSED">
         <system-out><![CDATA[2019-04-17 10:52:57 - [TEST_CASE][PASSED] - Test Cases/002_System_,Manage/001_User_Manage/002_Add_user: Test Cases/002_System_,Manage/001_User_Manage/002_Add_user

2019-04-17 10:52:57 - [TEST_STEP][PASSED] - Start listener action : sampleBeforeTestCase: Invoke 'com.kms.katalon.core.annotation.BeforeTestCase' method: 'NewTestListener.sampleBeforeTestCase(...)' completed.

2019-04-17 10:52:57 - [TEST_STEP][PASSED] - Statement - println(testCaseContext.getTestCaseId()): null

2019-04-17 10:52:57 - [TEST_STEP][PASSED] - Statement - println(testCaseContext.getTestCaseVariables()): Invoke 'com.kms.katalon.core.annotation.BeforeTestCase' method: 'NewTestListener.sampleBeforeTestCase(...)' completed.

2019-04-17 10:52:57 - [TEST_STEP][NOT_RUN] - callTestCase: NOT_RUN: callTestCase

2019-04-17 10:52:57 - [MESSAGE][NOT_RUN] - NOT_RUN: callTestCase

2019-04-17 10:52:57 - [TEST_STEP][PASSED] - comment: begain to add one new user!

2019-04-17 10:52:57 - [TEST_STEP][PASSED] - click: Object: 'Object Repository/Syetem_settings/User_Manage/a_ new_user' is clicked on

2019-04-17 10:52:57 - [MESSAGE][PASSED] - Object: 'Object Repository/Syetem_settings/User_Manage/a_ new_user' is clicked on

2019-04-17 10:52:57 - [TEST_STEP][PASSED] - delay: Delayed 1 second(s)

2019-04-17 10:52:58 - [MESSAGE][PASSED] - Delayed 1 second(s)

2019-04-17 10:52:58 - [TEST_STEP][PASSED] - delay: Delayed 1 second(s)

2019-04-17 10:52:59 - [MESSAGE][PASSED] - Delayed 1 second(s)

2019-04-17 10:52:59 - [TEST_STEP][PASSED] - click: Object: 'Object Repository/Syetem_settings/User_Manage/user_info/choose_dept' is clicked on

2019-04-17 10:53:00 - [MESSAGE][PASSED] - Object: 'Object Repository/Syetem_settings/User_Manage/user_info/choose_dept' is clicked on

2019-04-17 10:53:00 - [TEST_STEP][PASSED] - delay: Delayed 1 second(s)

2019-04-17 10:53:01 - [MESSAGE][PASSED] - Delayed 1 second(s)

2019-04-17 10:53:01 - [TEST_STEP][PASSED] - click: Object: 'Object Repository/Syetem_settings/User_Manage/user_info/i__TreeNB' is clicked on

2019-04-17 10:53:01 - [MESSAGE][PASSED] - Object: 'Object Repository/Syetem_settings/User_Manage/user_info/i__TreeNB' is clicked on

2019-04-17 10:53:01 - [TEST_STEP][PASSED] - delay: Delayed 1 second(s)

2019-04-17 10:53:02 - [MESSAGE][PASSED] - Delayed 1 second(s)

2019-04-17 10:53:02 - [TEST_STEP][PASSED] - click: Object: 'Object Repository/Syetem_settings/User_Manage/user_info/cite_CQDepart' is clicked on

2019-04-17 10:53:02 - [MESSAGE][PASSED] - Object: 'Object Repository/Syetem_settings/User_Manage/user_info/cite_CQDepart' is clicked on

2019-04-17 10:53:02 - [TEST_STEP][PASSED] - delay: Delayed 1 second(s)

2019-04-17 10:53:03 - [MESSAGE][PASSED] - Delayed 1 second(s)

2019-04-17 10:53:03 - [TEST_STEP][PASSED] - setText: Text '测试人员1' is set on object 'Object Repository/Syetem_settings/User_Manage/user_info/input_ RealName'

2019-04-17 10:53:03 - [MESSAGE][PASSED] - Text '测试人员1' is set on object 'Object Repository/Syetem_settings/User_Manage/user_info/input_ RealName'

2019-04-17 10:53:03 - [TEST_STEP][PASSED] - delay: Delayed 1 second(s)

2019-04-17 10:53:04 - [MESSAGE][PASSED] - Delayed 1 second(s)

2019-04-17 10:53:04 - [TEST_STEP][PASSED] - setText: Text '测试岗位1' is set on object 'Object Repository/Syetem_settings/User_Manage/user_info/input_position'

2019-04-17 10:53:04 - [MESSAGE][PASSED] - Text '测试岗位1' is set on object 'Object Repository/Syetem_settings/User_Manage/user_info/input_position'

2019-04-17 10:53:04 - [TEST_STEP][PASSED] - delay: Delayed 1 second(s)

2019-04-17 10:53:05 - [MESSAGE][PASSED] - Delayed 1 second(s)

2019-04-17 10:53:05 - [TEST_STEP][PASSED] - setText: Text '15263625410' is set on object 'Object Repository/Syetem_settings/User_Manage/user_info/input_mobile'

2019-04-17 10:53:05 - [MESSAGE][PASSED] - Text '15263625410' is set on object 'Object Repository/Syetem_settings/User_Manage/user_info/input_mobile'

2019-04-17 10:53:05 - [TEST_STEP][PASSED] - delay: Delayed 1 second(s)

2019-04-17 10:53:06 - [MESSAGE][PASSED] - Delayed 1 second(s)

2019-04-17 10:53:06 - [TEST_STEP][PASSED] - setText: Text '45456465@qq.com' is set on object 'Object Repository/Syetem_settings/User_Manage/user_info/input_email'

2019-04-17 10:53:06 - [MESSAGE][PASSED] - Text '45456465@qq.com' is set on object 'Object Repository/Syetem_settings/User_Manage/user_info/input_email'

2019-04-17 10:53:06 - [TEST_STEP][PASSED] - delay: Delayed 1 second(s)

2019-04-17 10:53:07 - [MESSAGE][PASSED] - Delayed 1 second(s)

2019-04-17 10:53:07 - [TEST_STEP][PASSED] - click: Object: 'Object Repository/Syetem_settings/User_Manage/user_info/button_ Save' is clicked on

2019-04-17 10:53:07 - [MESSAGE][PASSED] - Object: 'Object Repository/Syetem_settings/User_Manage/user_info/button_ Save' is clicked on

2019-04-17 10:53:07 - [TEST_STEP][PASSED] - delay: Delayed 2 second(s)

2019-04-17 10:53:09 - [MESSAGE][PASSED] - Delayed 2 second(s)

2019-04-17 10:53:09 - [TEST_STEP][PASSED] - setText: Text '测试人员1' is set on object 'Object Repository/test/input__keyword'

2019-04-17 10:53:10 - [MESSAGE][PASSED] - Text '测试人员1' is set on object 'Object Repository/test/input__keyword'

2019-04-17 10:53:10 - [TEST_STEP][PASSED] - delay: Delayed 1 second(s)

2019-04-17 10:53:11 - [MESSAGE][PASSED] - Delayed 1 second(s)

2019-04-17 10:53:11 - [TEST_STEP][PASSED] - click: Object: 'Object Repository/test/button__layui-btn' is clicked on

2019-04-17 10:53:11 - [MESSAGE][PASSED] - Object: 'Object Repository/test/button__layui-btn' is clicked on

2019-04-17 10:53:11 - [TEST_STEP][PASSED] - delay: Delayed 1 second(s)

2019-04-17 10:53:12 - [MESSAGE][PASSED] - Delayed 1 second(s)

2019-04-17 10:53:12 - [TEST_STEP][PASSED] - Statement - Try: 列表中搜索到该用户，人员添加成功

2019-04-17 10:53:12 - [TEST_STEP][PASSED] - Statement - a = com.kms.katalon.core.testobject.ObjectRepository.findTestObject(Syetem_settings/User_Manage/Search/td_number1): Finding Test Object with id 'Object Repository/Syetem_settings/User_Manage/Search/td_number1'

2019-04-17 10:53:12 - [TEST_STEP][PASSED] - Statement - data_content = com.kms.katalon.core.webui.keyword.WebUiBuiltInKeywords.getAttribute(com.kms.katalon.core.testobject.ObjectRepository.findTestObject(Syetem_settings/User_Manage/Search/td_number1), "data-content"): Attribute 'data-content' of object 'Object Repository/Syetem_settings/User_Manage/Search/td_number1' is: '测试人员1'

2019-04-17 10:53:12 - [MESSAGE][PASSED] - Attribute 'data-content' of object 'Object Repository/Syetem_settings/User_Manage/Search/td_number1' is: '测试人员1'

2019-04-17 10:53:12 - [TEST_STEP][PASSED] - comment: 测试人员1

2019-04-17 10:53:12 - [TEST_STEP][PASSED] - Statement - If (data_content == username): 列表中搜索到该用户，人员添加成功

2019-04-17 10:53:12 - [TEST_STEP][PASSED] - comment: 列表中搜索到该用户，人员添加成功

2019-04-17 10:53:12 - [TEST_STEP][PASSED] - Start listener action : sampleAfterTestCase: Invoke 'com.kms.katalon.core.annotation.AfterTestCase' method: 'NewTestListener.sampleAfterTestCase(...)' completed.

2019-04-17 10:53:12 - [TEST_STEP][PASSED] - Statement - println(testCaseContext.getTestCaseId()): null

2019-04-17 10:53:12 - [TEST_STEP][PASSED] - Statement - println(testCaseContext.getTestCaseStatus()): Invoke 'com.kms.katalon.core.annotation.AfterTestCase' method: 'NewTestListener.sampleAfterTestCase(...)' completed.]]></system-out>
         <system-err><![CDATA[]]></system-err>
      </testcase>
      <testcase name="Test Cases/002_System_,Manage/001_User_Manage/002_Add_user" classname="Test Cases/002_System_,Manage/001_User_Manage/002_Add_user" status="PASSED">
         <system-out><![CDATA[2019-04-17 10:53:14 - [TEST_CASE][PASSED] - Test Cases/002_System_,Manage/001_User_Manage/002_Add_user: Test Cases/002_System_,Manage/001_User_Manage/002_Add_user

2019-04-17 10:53:14 - [TEST_STEP][PASSED] - Start listener action : sampleBeforeTestCase: Invoke 'com.kms.katalon.core.annotation.BeforeTestCase' method: 'NewTestListener.sampleBeforeTestCase(...)' completed.

2019-04-17 10:53:14 - [TEST_STEP][PASSED] - Statement - println(testCaseContext.getTestCaseId()): null

2019-04-17 10:53:14 - [TEST_STEP][PASSED] - Statement - println(testCaseContext.getTestCaseVariables()): Invoke 'com.kms.katalon.core.annotation.BeforeTestCase' method: 'NewTestListener.sampleBeforeTestCase(...)' completed.

2019-04-17 10:53:14 - [TEST_STEP][NOT_RUN] - callTestCase: NOT_RUN: callTestCase

2019-04-17 10:53:14 - [MESSAGE][NOT_RUN] - NOT_RUN: callTestCase

2019-04-17 10:53:14 - [TEST_STEP][PASSED] - comment: begain to add one new user!

2019-04-17 10:53:14 - [TEST_STEP][PASSED] - click: Object: 'Object Repository/Syetem_settings/User_Manage/a_ new_user' is clicked on

2019-04-17 10:53:14 - [MESSAGE][PASSED] - Object: 'Object Repository/Syetem_settings/User_Manage/a_ new_user' is clicked on

2019-04-17 10:53:14 - [TEST_STEP][PASSED] - delay: Delayed 1 second(s)

2019-04-17 10:53:15 - [MESSAGE][PASSED] - Delayed 1 second(s)

2019-04-17 10:53:15 - [TEST_STEP][PASSED] - delay: Delayed 1 second(s)

2019-04-17 10:53:16 - [MESSAGE][PASSED] - Delayed 1 second(s)

2019-04-17 10:53:16 - [TEST_STEP][PASSED] - click: Object: 'Object Repository/Syetem_settings/User_Manage/user_info/choose_dept' is clicked on

2019-04-17 10:53:16 - [MESSAGE][PASSED] - Object: 'Object Repository/Syetem_settings/User_Manage/user_info/choose_dept' is clicked on

2019-04-17 10:53:16 - [TEST_STEP][PASSED] - delay: Delayed 1 second(s)

2019-04-17 10:53:17 - [MESSAGE][PASSED] - Delayed 1 second(s)

2019-04-17 10:53:17 - [TEST_STEP][PASSED] - click: Object: 'Object Repository/Syetem_settings/User_Manage/user_info/i__TreeNB' is clicked on

2019-04-17 10:53:17 - [MESSAGE][PASSED] - Object: 'Object Repository/Syetem_settings/User_Manage/user_info/i__TreeNB' is clicked on

2019-04-17 10:53:17 - [TEST_STEP][PASSED] - delay: Delayed 1 second(s)

2019-04-17 10:53:18 - [MESSAGE][PASSED] - Delayed 1 second(s)

2019-04-17 10:53:18 - [TEST_STEP][PASSED] - click: Object: 'Object Repository/Syetem_settings/User_Manage/user_info/cite_CQDepart' is clicked on

2019-04-17 10:53:18 - [MESSAGE][PASSED] - Object: 'Object Repository/Syetem_settings/User_Manage/user_info/cite_CQDepart' is clicked on

2019-04-17 10:53:18 - [TEST_STEP][PASSED] - delay: Delayed 1 second(s)

2019-04-17 10:53:19 - [MESSAGE][PASSED] - Delayed 1 second(s)

2019-04-17 10:53:19 - [TEST_STEP][PASSED] - setText: Text '测试人员1' is set on object 'Object Repository/Syetem_settings/User_Manage/user_info/input_ RealName'

2019-04-17 10:53:19 - [MESSAGE][PASSED] - Text '测试人员1' is set on object 'Object Repository/Syetem_settings/User_Manage/user_info/input_ RealName'

2019-04-17 10:53:19 - [TEST_STEP][PASSED] - delay: Delayed 1 second(s)

2019-04-17 10:53:20 - [MESSAGE][PASSED] - Delayed 1 second(s)

2019-04-17 10:53:20 - [TEST_STEP][PASSED] - setText: Text '测试岗位1' is set on object 'Object Repository/Syetem_settings/User_Manage/user_info/input_position'

2019-04-17 10:53:21 - [MESSAGE][PASSED] - Text '测试岗位1' is set on object 'Object Repository/Syetem_settings/User_Manage/user_info/input_position'

2019-04-17 10:53:21 - [TEST_STEP][PASSED] - delay: Delayed 1 second(s)

2019-04-17 10:53:22 - [MESSAGE][PASSED] - Delayed 1 second(s)

2019-04-17 10:53:22 - [TEST_STEP][PASSED] - setText: Text '15263625410' is set on object 'Object Repository/Syetem_settings/User_Manage/user_info/input_mobile'

2019-04-17 10:53:22 - [MESSAGE][PASSED] - Text '15263625410' is set on object 'Object Repository/Syetem_settings/User_Manage/user_info/input_mobile'

2019-04-17 10:53:22 - [TEST_STEP][PASSED] - delay: Delayed 1 second(s)

2019-04-17 10:53:23 - [MESSAGE][PASSED] - Delayed 1 second(s)

2019-04-17 10:53:23 - [TEST_STEP][PASSED] - setText: Text '24s54255@outlook.com' is set on object 'Object Repository/Syetem_settings/User_Manage/user_info/input_email'

2019-04-17 10:53:23 - [MESSAGE][PASSED] - Text '24s54255@outlook.com' is set on object 'Object Repository/Syetem_settings/User_Manage/user_info/input_email'

2019-04-17 10:53:23 - [TEST_STEP][PASSED] - delay: Delayed 1 second(s)

2019-04-17 10:53:24 - [MESSAGE][PASSED] - Delayed 1 second(s)

2019-04-17 10:53:24 - [TEST_STEP][PASSED] - click: Object: 'Object Repository/Syetem_settings/User_Manage/user_info/button_ Save' is clicked on

2019-04-17 10:53:24 - [MESSAGE][PASSED] - Object: 'Object Repository/Syetem_settings/User_Manage/user_info/button_ Save' is clicked on

2019-04-17 10:53:24 - [TEST_STEP][PASSED] - delay: Delayed 2 second(s)

2019-04-17 10:53:26 - [MESSAGE][PASSED] - Delayed 2 second(s)

2019-04-17 10:53:26 - [TEST_STEP][PASSED] - setText: Text '测试人员1' is set on object 'Object Repository/test/input__keyword'

2019-04-17 10:53:26 - [MESSAGE][PASSED] - Text '测试人员1' is set on object 'Object Repository/test/input__keyword'

2019-04-17 10:53:26 - [TEST_STEP][PASSED] - delay: Delayed 1 second(s)

2019-04-17 10:53:27 - [MESSAGE][PASSED] - Delayed 1 second(s)

2019-04-17 10:53:27 - [TEST_STEP][PASSED] - click: Object: 'Object Repository/test/button__layui-btn' is clicked on

2019-04-17 10:53:27 - [MESSAGE][PASSED] - Object: 'Object Repository/test/button__layui-btn' is clicked on

2019-04-17 10:53:27 - [TEST_STEP][PASSED] - delay: Delayed 1 second(s)

2019-04-17 10:53:28 - [MESSAGE][PASSED] - Delayed 1 second(s)

2019-04-17 10:53:28 - [TEST_STEP][PASSED] - Statement - Try: 列表中搜索到该用户，人员添加成功

2019-04-17 10:53:28 - [TEST_STEP][PASSED] - Statement - a = com.kms.katalon.core.testobject.ObjectRepository.findTestObject(Syetem_settings/User_Manage/Search/td_number1): Finding Test Object with id 'Object Repository/Syetem_settings/User_Manage/Search/td_number1'

2019-04-17 10:53:28 - [TEST_STEP][PASSED] - Statement - data_content = com.kms.katalon.core.webui.keyword.WebUiBuiltInKeywords.getAttribute(com.kms.katalon.core.testobject.ObjectRepository.findTestObject(Syetem_settings/User_Manage/Search/td_number1), "data-content"): Attribute 'data-content' of object 'Object Repository/Syetem_settings/User_Manage/Search/td_number1' is: '测试人员1'

2019-04-17 10:53:28 - [MESSAGE][PASSED] - Attribute 'data-content' of object 'Object Repository/Syetem_settings/User_Manage/Search/td_number1' is: '测试人员1'

2019-04-17 10:53:28 - [TEST_STEP][PASSED] - comment: 测试人员1

2019-04-17 10:53:28 - [TEST_STEP][PASSED] - Statement - If (data_content == username): 列表中搜索到该用户，人员添加成功

2019-04-17 10:53:28 - [TEST_STEP][PASSED] - comment: 列表中搜索到该用户，人员添加成功

2019-04-17 10:53:28 - [TEST_STEP][PASSED] - Start listener action : sampleAfterTestCase: Invoke 'com.kms.katalon.core.annotation.AfterTestCase' method: 'NewTestListener.sampleAfterTestCase(...)' completed.

2019-04-17 10:53:28 - [TEST_STEP][PASSED] - Statement - println(testCaseContext.getTestCaseId()): null

2019-04-17 10:53:28 - [TEST_STEP][PASSED] - Statement - println(testCaseContext.getTestCaseStatus()): Invoke 'com.kms.katalon.core.annotation.AfterTestCase' method: 'NewTestListener.sampleAfterTestCase(...)' completed.]]></system-out>
         <system-err><![CDATA[]]></system-err>
      </testcase>
      <testcase name="Test Cases/002_System_,Manage/001_User_Manage/002_Add_user" classname="Test Cases/002_System_,Manage/001_User_Manage/002_Add_user" status="PASSED">
         <system-out><![CDATA[2019-04-17 10:53:30 - [TEST_CASE][PASSED] - Test Cases/002_System_,Manage/001_User_Manage/002_Add_user: Test Cases/002_System_,Manage/001_User_Manage/002_Add_user

2019-04-17 10:53:30 - [TEST_STEP][PASSED] - Start listener action : sampleBeforeTestCase: Invoke 'com.kms.katalon.core.annotation.BeforeTestCase' method: 'NewTestListener.sampleBeforeTestCase(...)' completed.

2019-04-17 10:53:30 - [TEST_STEP][PASSED] - Statement - println(testCaseContext.getTestCaseId()): null

2019-04-17 10:53:30 - [TEST_STEP][PASSED] - Statement - println(testCaseContext.getTestCaseVariables()): Invoke 'com.kms.katalon.core.annotation.BeforeTestCase' method: 'NewTestListener.sampleBeforeTestCase(...)' completed.

2019-04-17 10:53:30 - [TEST_STEP][NOT_RUN] - callTestCase: NOT_RUN: callTestCase

2019-04-17 10:53:30 - [MESSAGE][NOT_RUN] - NOT_RUN: callTestCase

2019-04-17 10:53:30 - [TEST_STEP][PASSED] - comment: begain to add one new user!

2019-04-17 10:53:30 - [TEST_STEP][PASSED] - click: Object: 'Object Repository/Syetem_settings/User_Manage/a_ new_user' is clicked on

2019-04-17 10:53:30 - [MESSAGE][PASSED] - Object: 'Object Repository/Syetem_settings/User_Manage/a_ new_user' is clicked on

2019-04-17 10:53:30 - [TEST_STEP][PASSED] - delay: Delayed 1 second(s)

2019-04-17 10:53:31 - [MESSAGE][PASSED] - Delayed 1 second(s)

2019-04-17 10:53:31 - [TEST_STEP][PASSED] - delay: Delayed 1 second(s)

2019-04-17 10:53:32 - [MESSAGE][PASSED] - Delayed 1 second(s)

2019-04-17 10:53:32 - [TEST_STEP][PASSED] - click: Object: 'Object Repository/Syetem_settings/User_Manage/user_info/choose_dept' is clicked on

2019-04-17 10:53:32 - [MESSAGE][PASSED] - Object: 'Object Repository/Syetem_settings/User_Manage/user_info/choose_dept' is clicked on

2019-04-17 10:53:32 - [TEST_STEP][PASSED] - delay: Delayed 1 second(s)

2019-04-17 10:53:33 - [MESSAGE][PASSED] - Delayed 1 second(s)

2019-04-17 10:53:33 - [TEST_STEP][PASSED] - click: Object: 'Object Repository/Syetem_settings/User_Manage/user_info/i__TreeNB' is clicked on

2019-04-17 10:53:34 - [MESSAGE][PASSED] - Object: 'Object Repository/Syetem_settings/User_Manage/user_info/i__TreeNB' is clicked on

2019-04-17 10:53:34 - [TEST_STEP][PASSED] - delay: Delayed 1 second(s)

2019-04-17 10:53:35 - [MESSAGE][PASSED] - Delayed 1 second(s)

2019-04-17 10:53:35 - [TEST_STEP][PASSED] - click: Object: 'Object Repository/Syetem_settings/User_Manage/user_info/cite_CQDepart' is clicked on

2019-04-17 10:53:35 - [MESSAGE][PASSED] - Object: 'Object Repository/Syetem_settings/User_Manage/user_info/cite_CQDepart' is clicked on

2019-04-17 10:53:35 - [TEST_STEP][PASSED] - delay: Delayed 1 second(s)

2019-04-17 10:53:36 - [MESSAGE][PASSED] - Delayed 1 second(s)

2019-04-17 10:53:36 - [TEST_STEP][PASSED] - setText: Text '测试人员1' is set on object 'Object Repository/Syetem_settings/User_Manage/user_info/input_ RealName'

2019-04-17 10:53:36 - [MESSAGE][PASSED] - Text '测试人员1' is set on object 'Object Repository/Syetem_settings/User_Manage/user_info/input_ RealName'

2019-04-17 10:53:36 - [TEST_STEP][PASSED] - delay: Delayed 1 second(s)

2019-04-17 10:53:37 - [MESSAGE][PASSED] - Delayed 1 second(s)

2019-04-17 10:53:37 - [TEST_STEP][PASSED] - setText: Text '测试岗位1' is set on object 'Object Repository/Syetem_settings/User_Manage/user_info/input_position'

2019-04-17 10:53:37 - [MESSAGE][PASSED] - Text '测试岗位1' is set on object 'Object Repository/Syetem_settings/User_Manage/user_info/input_position'

2019-04-17 10:53:37 - [TEST_STEP][PASSED] - delay: Delayed 1 second(s)

2019-04-17 10:53:38 - [MESSAGE][PASSED] - Delayed 1 second(s)

2019-04-17 10:53:38 - [TEST_STEP][PASSED] - setText: Text '15263625410' is set on object 'Object Repository/Syetem_settings/User_Manage/user_info/input_mobile'

2019-04-17 10:53:38 - [MESSAGE][PASSED] - Text '15263625410' is set on object 'Object Repository/Syetem_settings/User_Manage/user_info/input_mobile'

2019-04-17 10:53:38 - [TEST_STEP][PASSED] - delay: Delayed 1 second(s)

2019-04-17 10:53:39 - [MESSAGE][PASSED] - Delayed 1 second(s)

2019-04-17 10:53:39 - [TEST_STEP][PASSED] - setText: Text 'f1224359483w90@gamil.com' is set on object 'Object Repository/Syetem_settings/User_Manage/user_info/input_email'

2019-04-17 10:53:39 - [MESSAGE][PASSED] - Text 'f1224359483w90@gamil.com' is set on object 'Object Repository/Syetem_settings/User_Manage/user_info/input_email'

2019-04-17 10:53:39 - [TEST_STEP][PASSED] - delay: Delayed 1 second(s)

2019-04-17 10:53:40 - [MESSAGE][PASSED] - Delayed 1 second(s)

2019-04-17 10:53:40 - [TEST_STEP][PASSED] - click: Object: 'Object Repository/Syetem_settings/User_Manage/user_info/button_ Save' is clicked on

2019-04-17 10:53:40 - [MESSAGE][PASSED] - Object: 'Object Repository/Syetem_settings/User_Manage/user_info/button_ Save' is clicked on

2019-04-17 10:53:40 - [TEST_STEP][PASSED] - delay: Delayed 2 second(s)

2019-04-17 10:53:42 - [MESSAGE][PASSED] - Delayed 2 second(s)

2019-04-17 10:53:42 - [TEST_STEP][PASSED] - setText: Text '测试人员1' is set on object 'Object Repository/test/input__keyword'

2019-04-17 10:53:42 - [MESSAGE][PASSED] - Text '测试人员1' is set on object 'Object Repository/test/input__keyword'

2019-04-17 10:53:42 - [TEST_STEP][PASSED] - delay: Delayed 1 second(s)

2019-04-17 10:53:43 - [MESSAGE][PASSED] - Delayed 1 second(s)

2019-04-17 10:53:43 - [TEST_STEP][PASSED] - click: Object: 'Object Repository/test/button__layui-btn' is clicked on

2019-04-17 10:53:44 - [MESSAGE][PASSED] - Object: 'Object Repository/test/button__layui-btn' is clicked on

2019-04-17 10:53:44 - [TEST_STEP][PASSED] - delay: Delayed 1 second(s)

2019-04-17 10:53:45 - [MESSAGE][PASSED] - Delayed 1 second(s)

2019-04-17 10:53:45 - [TEST_STEP][PASSED] - Statement - Try: 列表中搜索到该用户，人员添加成功

2019-04-17 10:53:45 - [TEST_STEP][PASSED] - Statement - a = com.kms.katalon.core.testobject.ObjectRepository.findTestObject(Syetem_settings/User_Manage/Search/td_number1): Finding Test Object with id 'Object Repository/Syetem_settings/User_Manage/Search/td_number1'

2019-04-17 10:53:45 - [TEST_STEP][PASSED] - Statement - data_content = com.kms.katalon.core.webui.keyword.WebUiBuiltInKeywords.getAttribute(com.kms.katalon.core.testobject.ObjectRepository.findTestObject(Syetem_settings/User_Manage/Search/td_number1), "data-content"): Attribute 'data-content' of object 'Object Repository/Syetem_settings/User_Manage/Search/td_number1' is: '测试人员1'

2019-04-17 10:53:45 - [MESSAGE][PASSED] - Attribute 'data-content' of object 'Object Repository/Syetem_settings/User_Manage/Search/td_number1' is: '测试人员1'

2019-04-17 10:53:45 - [TEST_STEP][PASSED] - comment: 测试人员1

2019-04-17 10:53:45 - [TEST_STEP][PASSED] - Statement - If (data_content == username): 列表中搜索到该用户，人员添加成功

2019-04-17 10:53:45 - [TEST_STEP][PASSED] - comment: 列表中搜索到该用户，人员添加成功

2019-04-17 10:53:45 - [TEST_STEP][PASSED] - Start listener action : sampleAfterTestCase: Invoke 'com.kms.katalon.core.annotation.AfterTestCase' method: 'NewTestListener.sampleAfterTestCase(...)' completed.

2019-04-17 10:53:45 - [TEST_STEP][PASSED] - Statement - println(testCaseContext.getTestCaseId()): null

2019-04-17 10:53:45 - [TEST_STEP][PASSED] - Statement - println(testCaseContext.getTestCaseStatus()): Invoke 'com.kms.katalon.core.annotation.AfterTestCase' method: 'NewTestListener.sampleAfterTestCase(...)' completed.]]></system-out>
         <system-err><![CDATA[]]></system-err>
      </testcase>
      <testcase name="Test Cases/002_System_,Manage/001_User_Manage/002_Add_user" classname="Test Cases/002_System_,Manage/001_User_Manage/002_Add_user" status="FAILED">
         <failure type="FAILED" message="(Stack trace: Assertion failed: 

assert false


	at org.codehaus.groovy.runtime.InvokerHelper.assertFailed(InvokerHelper.java:402)
	at org.codehaus.groovy.runtime.ScriptBytecodeAdapter.assertFailed(ScriptBytecodeAdapter.java:650)
	at Script1555325328880.run(Script1555325328880.groovy:84)
	at com.kms.katalon.core.main.ScriptEngine.run(ScriptEngine.java:183)
	at com.kms.katalon.core.main.ScriptEngine.runScriptAsRawText(ScriptEngine.java:108)
	at com.kms.katalon.core.main.TestCaseExecutor.runScript(TestCaseExecutor.java:294)
	at com.kms.katalon.core.main.TestCaseExecutor.doExecute(TestCaseExecutor.java:285)
	at com.kms.katalon.core.main.TestCaseExecutor.processExecutionPhase(TestCaseExecutor.java:264)
	at com.kms.katalon.core.main.TestCaseExecutor.accessMainPhase(TestCaseExecutor.java:256)
	at com.kms.katalon.core.main.TestCaseExecutor.execute(TestCaseExecutor.java:200)
	at com.kms.katalon.core.main.TestSuiteExecutor.accessTestCaseMainPhase(TestSuiteExecutor.java:129)
	at com.kms.katalon.core.main.TestSuiteExecutor.accessTestSuiteMainPhase(TestSuiteExecutor.java:112)
	at com.kms.katalon.core.main.TestSuiteExecutor.execute(TestSuiteExecutor.java:81)
	at com.kms.katalon.core.main.TestCaseMain.startTestSuite(TestCaseMain.java:142)
	at com.kms.katalon.core.main.TestCaseMain$startTestSuite$0.call(Unknown Source)
	at org.codehaus.groovy.runtime.callsite.CallSiteArray.defaultCall(CallSiteArray.java:48)
	at org.codehaus.groovy.runtime.callsite.AbstractCallSite.call(AbstractCallSite.java:113)
	at org.codehaus.groovy.runtime.callsite.AbstractCallSite.call(AbstractCallSite.java:141)
	at TempTestSuite1555469415462.run(TempTestSuite1555469415462.groovy:36)
	at groovy.lang.GroovyShell.runScriptOrMainOrTestOrRunnable(GroovyShell.java:263)
	at groovy.lang.GroovyShell.run(GroovyShell.java:518)
	at groovy.lang.GroovyShell.run(GroovyShell.java:507)
	at groovy.ui.GroovyMain.processOnce(GroovyMain.java:653)
	at groovy.ui.GroovyMain.run(GroovyMain.java:384)
	at groovy.ui.GroovyMain.process(GroovyMain.java:370)
	at groovy.ui.GroovyMain.processArgs(GroovyMain.java:129)
	at groovy.ui.GroovyMain.main(GroovyMain.java:109)
	at sun.reflect.NativeMethodAccessorImpl.invoke0(Native Method)
	at sun.reflect.NativeMethodAccessorImpl.invoke(NativeMethodAccessorImpl.java:62)
	at sun.reflect.DelegatingMethodAccessorImpl.invoke(DelegatingMethodAccessorImpl.java:43)
	at java.lang.reflect.Method.invoke(Method.java:498)
	at org.codehaus.groovy.tools.GroovyStarter.rootLoader(GroovyStarter.java:109)
	at org.codehaus.groovy.tools.GroovyStarter.main(GroovyStarter.java:131)
)"/>
         <system-out><![CDATA[2019-04-17 10:53:47 - [TEST_CASE][FAILED] - Test Cases/002_System_,Manage/001_User_Manage/002_Add_user: Test Cases/002_System_,Manage/001_User_Manage/002_Add_user FAILED because (of) (Stack trace: Assertion failed: 

assert false


	at org.codehaus.groovy.runtime.InvokerHelper.assertFailed(InvokerHelper.java:402)
	at org.codehaus.groovy.runtime.ScriptBytecodeAdapter.assertFailed(ScriptBytecodeAdapter.java:650)
	at Script1555325328880.run(Script1555325328880.groovy:84)
	at com.kms.katalon.core.main.ScriptEngine.run(ScriptEngine.java:183)
	at com.kms.katalon.core.main.ScriptEngine.runScriptAsRawText(ScriptEngine.java:108)
	at com.kms.katalon.core.main.TestCaseExecutor.runScript(TestCaseExecutor.java:294)
	at com.kms.katalon.core.main.TestCaseExecutor.doExecute(TestCaseExecutor.java:285)
	at com.kms.katalon.core.main.TestCaseExecutor.processExecutionPhase(TestCaseExecutor.java:264)
	at com.kms.katalon.core.main.TestCaseExecutor.accessMainPhase(TestCaseExecutor.java:256)
	at com.kms.katalon.core.main.TestCaseExecutor.execute(TestCaseExecutor.java:200)
	at com.kms.katalon.core.main.TestSuiteExecutor.accessTestCaseMainPhase(TestSuiteExecutor.java:129)
	at com.kms.katalon.core.main.TestSuiteExecutor.accessTestSuiteMainPhase(TestSuiteExecutor.java:112)
	at com.kms.katalon.core.main.TestSuiteExecutor.execute(TestSuiteExecutor.java:81)
	at com.kms.katalon.core.main.TestCaseMain.startTestSuite(TestCaseMain.java:142)
	at com.kms.katalon.core.main.TestCaseMain$startTestSuite$0.call(Unknown Source)
	at org.codehaus.groovy.runtime.callsite.CallSiteArray.defaultCall(CallSiteArray.java:48)
	at org.codehaus.groovy.runtime.callsite.AbstractCallSite.call(AbstractCallSite.java:113)
	at org.codehaus.groovy.runtime.callsite.AbstractCallSite.call(AbstractCallSite.java:141)
	at TempTestSuite1555469415462.run(TempTestSuite1555469415462.groovy:36)
	at groovy.lang.GroovyShell.runScriptOrMainOrTestOrRunnable(GroovyShell.java:263)
	at groovy.lang.GroovyShell.run(GroovyShell.java:518)
	at groovy.lang.GroovyShell.run(GroovyShell.java:507)
	at groovy.ui.GroovyMain.processOnce(GroovyMain.java:653)
	at groovy.ui.GroovyMain.run(GroovyMain.java:384)
	at groovy.ui.GroovyMain.process(GroovyMain.java:370)
	at groovy.ui.GroovyMain.processArgs(GroovyMain.java:129)
	at groovy.ui.GroovyMain.main(GroovyMain.java:109)
	at sun.reflect.NativeMethodAccessorImpl.invoke0(Native Method)
	at sun.reflect.NativeMethodAccessorImpl.invoke(NativeMethodAccessorImpl.java:62)
	at sun.reflect.DelegatingMethodAccessorImpl.invoke(DelegatingMethodAccessorImpl.java:43)
	at java.lang.reflect.Method.invoke(Method.java:498)
	at org.codehaus.groovy.tools.GroovyStarter.rootLoader(GroovyStarter.java:109)
	at org.codehaus.groovy.tools.GroovyStarter.main(GroovyStarter.java:131)
)

2019-04-17 10:53:47 - [TEST_STEP][PASSED] - Start listener action : sampleBeforeTestCase: Invoke 'com.kms.katalon.core.annotation.BeforeTestCase' method: 'NewTestListener.sampleBeforeTestCase(...)' completed.

2019-04-17 10:53:47 - [TEST_STEP][PASSED] - Statement - println(testCaseContext.getTestCaseId()): null

2019-04-17 10:53:47 - [TEST_STEP][PASSED] - Statement - println(testCaseContext.getTestCaseVariables()): Invoke 'com.kms.katalon.core.annotation.BeforeTestCase' method: 'NewTestListener.sampleBeforeTestCase(...)' completed.

2019-04-17 10:53:47 - [TEST_STEP][NOT_RUN] - callTestCase: NOT_RUN: callTestCase

2019-04-17 10:53:47 - [MESSAGE][NOT_RUN] - NOT_RUN: callTestCase

2019-04-17 10:53:47 - [TEST_STEP][PASSED] - comment: begain to add one new user!

2019-04-17 10:53:47 - [TEST_STEP][PASSED] - click: Object: 'Object Repository/Syetem_settings/User_Manage/a_ new_user' is clicked on

2019-04-17 10:53:47 - [MESSAGE][PASSED] - Object: 'Object Repository/Syetem_settings/User_Manage/a_ new_user' is clicked on

2019-04-17 10:53:47 - [TEST_STEP][PASSED] - delay: Delayed 1 second(s)

2019-04-17 10:53:48 - [MESSAGE][PASSED] - Delayed 1 second(s)

2019-04-17 10:53:48 - [TEST_STEP][PASSED] - delay: Delayed 1 second(s)

2019-04-17 10:53:49 - [MESSAGE][PASSED] - Delayed 1 second(s)

2019-04-17 10:53:49 - [TEST_STEP][PASSED] - click: Object: 'Object Repository/Syetem_settings/User_Manage/user_info/choose_dept' is clicked on

2019-04-17 10:53:49 - [MESSAGE][PASSED] - Object: 'Object Repository/Syetem_settings/User_Manage/user_info/choose_dept' is clicked on

2019-04-17 10:53:49 - [TEST_STEP][PASSED] - delay: Delayed 1 second(s)

2019-04-17 10:53:50 - [MESSAGE][PASSED] - Delayed 1 second(s)

2019-04-17 10:53:50 - [TEST_STEP][PASSED] - click: Object: 'Object Repository/Syetem_settings/User_Manage/user_info/i__TreeNB' is clicked on

2019-04-17 10:53:50 - [MESSAGE][PASSED] - Object: 'Object Repository/Syetem_settings/User_Manage/user_info/i__TreeNB' is clicked on

2019-04-17 10:53:50 - [TEST_STEP][PASSED] - delay: Delayed 1 second(s)

2019-04-17 10:53:51 - [MESSAGE][PASSED] - Delayed 1 second(s)

2019-04-17 10:53:51 - [TEST_STEP][PASSED] - click: Object: 'Object Repository/Syetem_settings/User_Manage/user_info/cite_CQDepart' is clicked on

2019-04-17 10:53:51 - [MESSAGE][PASSED] - Object: 'Object Repository/Syetem_settings/User_Manage/user_info/cite_CQDepart' is clicked on

2019-04-17 10:53:51 - [TEST_STEP][PASSED] - delay: Delayed 1 second(s)

2019-04-17 10:53:52 - [MESSAGE][PASSED] - Delayed 1 second(s)

2019-04-17 10:53:52 - [TEST_STEP][PASSED] - setText: Text '！@#￥%……' is set on object 'Object Repository/Syetem_settings/User_Manage/user_info/input_ RealName'

2019-04-17 10:53:52 - [MESSAGE][PASSED] - Text '！@#￥%……' is set on object 'Object Repository/Syetem_settings/User_Manage/user_info/input_ RealName'

2019-04-17 10:53:52 - [TEST_STEP][PASSED] - delay: Delayed 1 second(s)

2019-04-17 10:53:53 - [MESSAGE][PASSED] - Delayed 1 second(s)

2019-04-17 10:53:53 - [TEST_STEP][PASSED] - setText: Text '！@#￥%……&*' is set on object 'Object Repository/Syetem_settings/User_Manage/user_info/input_position'

2019-04-17 10:53:53 - [MESSAGE][PASSED] - Text '！@#￥%……&*' is set on object 'Object Repository/Syetem_settings/User_Manage/user_info/input_position'

2019-04-17 10:53:53 - [TEST_STEP][PASSED] - delay: Delayed 1 second(s)

2019-04-17 10:53:54 - [MESSAGE][PASSED] - Delayed 1 second(s)

2019-04-17 10:53:54 - [TEST_STEP][PASSED] - setText: Text '152564564868' is set on object 'Object Repository/Syetem_settings/User_Manage/user_info/input_mobile'

2019-04-17 10:53:55 - [MESSAGE][PASSED] - Text '152564564868' is set on object 'Object Repository/Syetem_settings/User_Manage/user_info/input_mobile'

2019-04-17 10:53:55 - [TEST_STEP][PASSED] - delay: Delayed 1 second(s)

2019-04-17 10:53:56 - [MESSAGE][PASSED] - Delayed 1 second(s)

2019-04-17 10:53:56 - [TEST_STEP][PASSED] - setText: Text '7425365@qq.com' is set on object 'Object Repository/Syetem_settings/User_Manage/user_info/input_email'

2019-04-17 10:53:56 - [MESSAGE][PASSED] - Text '7425365@qq.com' is set on object 'Object Repository/Syetem_settings/User_Manage/user_info/input_email'

2019-04-17 10:53:56 - [TEST_STEP][PASSED] - delay: Delayed 1 second(s)

2019-04-17 10:53:57 - [MESSAGE][PASSED] - Delayed 1 second(s)

2019-04-17 10:53:57 - [TEST_STEP][PASSED] - click: Object: 'Object Repository/Syetem_settings/User_Manage/user_info/button_ Save' is clicked on

2019-04-17 10:53:57 - [MESSAGE][PASSED] - Object: 'Object Repository/Syetem_settings/User_Manage/user_info/button_ Save' is clicked on

2019-04-17 10:53:57 - [TEST_STEP][PASSED] - delay: Delayed 2 second(s)

2019-04-17 10:53:59 - [MESSAGE][PASSED] - Delayed 2 second(s)

2019-04-17 10:53:59 - [TEST_STEP][PASSED] - setText: Text '！@#￥%……' is set on object 'Object Repository/test/input__keyword'

2019-04-17 10:53:59 - [MESSAGE][PASSED] - Text '！@#￥%……' is set on object 'Object Repository/test/input__keyword'

2019-04-17 10:53:59 - [TEST_STEP][PASSED] - delay: Delayed 1 second(s)

2019-04-17 10:54:00 - [MESSAGE][PASSED] - Delayed 1 second(s)

2019-04-17 10:54:00 - [TEST_STEP][PASSED] - click: Object: 'Object Repository/test/button__layui-btn' is clicked on

2019-04-17 10:54:00 - [MESSAGE][PASSED] - Object: 'Object Repository/test/button__layui-btn' is clicked on

2019-04-17 10:54:00 - [TEST_STEP][PASSED] - delay: Delayed 1 second(s)

2019-04-17 10:54:01 - [MESSAGE][PASSED] - Delayed 1 second(s)

2019-04-17 10:54:01 - [TEST_STEP][FAILED] - Statement - Try: Unable to get attribute 'data-content' of object 'Object Repository/Syetem_settings/User_Manage/Search/td_number1' (Root cause: com.kms.katalon.core.webui.exception.WebElementNotFoundException: Web element with id: 'Object Repository/Syetem_settings/User_Manage/Search/td_number1' located by 'By.xpath: //div[@id='mainContent']/div[2]/div[2]/div[2]/div[2]/div/div[2]/table/tbody/tr[1]/td[1]' not found)

2019-04-17 10:54:01 - [TEST_STEP][PASSED] - Statement - a = com.kms.katalon.core.testobject.ObjectRepository.findTestObject(Syetem_settings/User_Manage/Search/td_number1): Finding Test Object with id 'Object Repository/Syetem_settings/User_Manage/Search/td_number1'

2019-04-17 10:54:01 - [TEST_STEP][FAILED] - Statement - data_content = com.kms.katalon.core.webui.keyword.WebUiBuiltInKeywords.getAttribute(com.kms.katalon.core.testobject.ObjectRepository.findTestObject(Syetem_settings/User_Manage/Search/td_number1), "data-content"): Unable to get attribute 'data-content' of object 'Object Repository/Syetem_settings/User_Manage/Search/td_number1' (Root cause: com.kms.katalon.core.webui.exception.WebElementNotFoundException: Web element with id: 'Object Repository/Syetem_settings/User_Manage/Search/td_number1' located by 'By.xpath: //div[@id='mainContent']/div[2]/div[2]/div[2]/div[2]/div/div[2]/table/tbody/tr[1]/td[1]' not found)

2019-04-17 10:54:33 - [MESSAGE][FAILED] - Unable to get attribute 'data-content' of object 'Object Repository/Syetem_settings/User_Manage/Search/td_number1' (Root cause: com.kms.katalon.core.webui.exception.WebElementNotFoundException: Web element with id: 'Object Repository/Syetem_settings/User_Manage/Search/td_number1' located by 'By.xpath: //div[@id='mainContent']/div[2]/div[2]/div[2]/div[2]/div/div[2]/table/tbody/tr[1]/td[1]' not found)
[[ATTACHMENT|G:\\Auto_Learning\\katalon\\katalon_project\\katalon_project\\T2M_Manage\\T2M_Manage\\Reports\\User Manage\\new user\\20190417_105015\\1555469672667.png]]

2019-04-17 10:54:33 - [TEST_STEP][PASSED] - Statement - Catch (Exception NoSuchElementException): null

2019-04-17 10:54:33 - [TEST_STEP][PASSED] - comment: 脚本中添加的人员姓名为！@#￥%……,人员未添加成功，列表中不存在该元素，请检查！！

2019-04-17 10:54:33 - [TEST_STEP][PASSED] - Statement - assert false: null

2019-04-17 10:54:33 - [TEST_STEP][PASSED] - Start listener action : sampleAfterTestCase: Invoke 'com.kms.katalon.core.annotation.AfterTestCase' method: 'NewTestListener.sampleAfterTestCase(...)' completed.

2019-04-17 10:54:33 - [TEST_STEP][PASSED] - Statement - println(testCaseContext.getTestCaseId()): null

2019-04-17 10:54:33 - [TEST_STEP][PASSED] - Statement - println(testCaseContext.getTestCaseStatus()): Invoke 'com.kms.katalon.core.annotation.AfterTestCase' method: 'NewTestListener.sampleAfterTestCase(...)' completed.]]></system-out>
         <system-err><![CDATA[2019-04-17 10:53:47 - [TEST_CASE][FAILED] - Test Cases/002_System_,Manage/001_User_Manage/002_Add_user: Test Cases/002_System_,Manage/001_User_Manage/002_Add_user FAILED because (of) (Stack trace: Assertion failed: 

assert false


	at org.codehaus.groovy.runtime.InvokerHelper.assertFailed(InvokerHelper.java:402)
	at org.codehaus.groovy.runtime.ScriptBytecodeAdapter.assertFailed(ScriptBytecodeAdapter.java:650)
	at Script1555325328880.run(Script1555325328880.groovy:84)
	at com.kms.katalon.core.main.ScriptEngine.run(ScriptEngine.java:183)
	at com.kms.katalon.core.main.ScriptEngine.runScriptAsRawText(ScriptEngine.java:108)
	at com.kms.katalon.core.main.TestCaseExecutor.runScript(TestCaseExecutor.java:294)
	at com.kms.katalon.core.main.TestCaseExecutor.doExecute(TestCaseExecutor.java:285)
	at com.kms.katalon.core.main.TestCaseExecutor.processExecutionPhase(TestCaseExecutor.java:264)
	at com.kms.katalon.core.main.TestCaseExecutor.accessMainPhase(TestCaseExecutor.java:256)
	at com.kms.katalon.core.main.TestCaseExecutor.execute(TestCaseExecutor.java:200)
	at com.kms.katalon.core.main.TestSuiteExecutor.accessTestCaseMainPhase(TestSuiteExecutor.java:129)
	at com.kms.katalon.core.main.TestSuiteExecutor.accessTestSuiteMainPhase(TestSuiteExecutor.java:112)
	at com.kms.katalon.core.main.TestSuiteExecutor.execute(TestSuiteExecutor.java:81)
	at com.kms.katalon.core.main.TestCaseMain.startTestSuite(TestCaseMain.java:142)
	at com.kms.katalon.core.main.TestCaseMain$startTestSuite$0.call(Unknown Source)
	at org.codehaus.groovy.runtime.callsite.CallSiteArray.defaultCall(CallSiteArray.java:48)
	at org.codehaus.groovy.runtime.callsite.AbstractCallSite.call(AbstractCallSite.java:113)
	at org.codehaus.groovy.runtime.callsite.AbstractCallSite.call(AbstractCallSite.java:141)
	at TempTestSuite1555469415462.run(TempTestSuite1555469415462.groovy:36)
	at groovy.lang.GroovyShell.runScriptOrMainOrTestOrRunnable(GroovyShell.java:263)
	at groovy.lang.GroovyShell.run(GroovyShell.java:518)
	at groovy.lang.GroovyShell.run(GroovyShell.java:507)
	at groovy.ui.GroovyMain.processOnce(GroovyMain.java:653)
	at groovy.ui.GroovyMain.run(GroovyMain.java:384)
	at groovy.ui.GroovyMain.process(GroovyMain.java:370)
	at groovy.ui.GroovyMain.processArgs(GroovyMain.java:129)
	at groovy.ui.GroovyMain.main(GroovyMain.java:109)
	at sun.reflect.NativeMethodAccessorImpl.invoke0(Native Method)
	at sun.reflect.NativeMethodAccessorImpl.invoke(NativeMethodAccessorImpl.java:62)
	at sun.reflect.DelegatingMethodAccessorImpl.invoke(DelegatingMethodAccessorImpl.java:43)
	at java.lang.reflect.Method.invoke(Method.java:498)
	at org.codehaus.groovy.tools.GroovyStarter.rootLoader(GroovyStarter.java:109)
	at org.codehaus.groovy.tools.GroovyStarter.main(GroovyStarter.java:131)
)]]></system-err>
      </testcase>
      <testcase name="Test Cases/002_System_,Manage/001_User_Manage/003_Add_user_uique" classname="Test Cases/002_System_,Manage/001_User_Manage/003_Add_user_uique" status="PASSED">
         <system-out><![CDATA[2019-04-17 10:54:35 - [TEST_CASE][PASSED] - Test Cases/002_System_,Manage/001_User_Manage/003_Add_user_uique: Test Cases/002_System_,Manage/001_User_Manage/003_Add_user_uique

2019-04-17 10:54:35 - [TEST_STEP][PASSED] - Start listener action : sampleBeforeTestCase: Invoke 'com.kms.katalon.core.annotation.BeforeTestCase' method: 'NewTestListener.sampleBeforeTestCase(...)' completed.

2019-04-17 10:54:35 - [TEST_STEP][PASSED] - Statement - println(testCaseContext.getTestCaseId()): null

2019-04-17 10:54:35 - [TEST_STEP][PASSED] - Statement - println(testCaseContext.getTestCaseVariables()): Invoke 'com.kms.katalon.core.annotation.BeforeTestCase' method: 'NewTestListener.sampleBeforeTestCase(...)' completed.

2019-04-17 10:54:35 - [TEST_STEP][NOT_RUN] - callTestCase: NOT_RUN: callTestCase

2019-04-17 10:54:35 - [MESSAGE][NOT_RUN] - NOT_RUN: callTestCase

2019-04-17 10:54:35 - [TEST_STEP][PASSED] - comment: begain to add one new user!

2019-04-17 10:54:35 - [TEST_STEP][PASSED] - click: Object: 'Object Repository/Syetem_settings/User_Manage/a_ new_user' is clicked on

2019-04-17 10:54:35 - [MESSAGE][PASSED] - Object: 'Object Repository/Syetem_settings/User_Manage/a_ new_user' is clicked on

2019-04-17 10:54:35 - [TEST_STEP][PASSED] - delay: Delayed 1 second(s)

2019-04-17 10:54:36 - [MESSAGE][PASSED] - Delayed 1 second(s)

2019-04-17 10:54:36 - [TEST_STEP][PASSED] - click: Object: 'Object Repository/Syetem_settings/User_Manage/user_info/choose_dept' is clicked on

2019-04-17 10:54:36 - [MESSAGE][PASSED] - Object: 'Object Repository/Syetem_settings/User_Manage/user_info/choose_dept' is clicked on

2019-04-17 10:54:36 - [TEST_STEP][PASSED] - delay: Delayed 1 second(s)

2019-04-17 10:54:37 - [MESSAGE][PASSED] - Delayed 1 second(s)

2019-04-17 10:54:37 - [TEST_STEP][PASSED] - click: Object: 'Object Repository/Syetem_settings/User_Manage/user_info/i__TreeNB' is clicked on

2019-04-17 10:54:37 - [MESSAGE][PASSED] - Object: 'Object Repository/Syetem_settings/User_Manage/user_info/i__TreeNB' is clicked on

2019-04-17 10:54:37 - [TEST_STEP][PASSED] - delay: Delayed 1 second(s)

2019-04-17 10:54:38 - [MESSAGE][PASSED] - Delayed 1 second(s)

2019-04-17 10:54:38 - [TEST_STEP][PASSED] - click: Object: 'Object Repository/Syetem_settings/User_Manage/user_info/cite_CQDepart' is clicked on

2019-04-17 10:54:38 - [MESSAGE][PASSED] - Object: 'Object Repository/Syetem_settings/User_Manage/user_info/cite_CQDepart' is clicked on

2019-04-17 10:54:38 - [TEST_STEP][PASSED] - delay: Delayed 1 second(s)

2019-04-17 10:54:39 - [MESSAGE][PASSED] - Delayed 1 second(s)

2019-04-17 10:54:39 - [TEST_STEP][PASSED] - setText: Text '！@#￥%……' is set on object 'Object Repository/Syetem_settings/User_Manage/user_info/input_ RealName'

2019-04-17 10:54:39 - [MESSAGE][PASSED] - Text '！@#￥%……' is set on object 'Object Repository/Syetem_settings/User_Manage/user_info/input_ RealName'

2019-04-17 10:54:39 - [TEST_STEP][PASSED] - delay: Delayed 1 second(s)

2019-04-17 10:54:40 - [MESSAGE][PASSED] - Delayed 1 second(s)

2019-04-17 10:54:40 - [TEST_STEP][PASSED] - setText: Text '！@#￥%……&*' is set on object 'Object Repository/Syetem_settings/User_Manage/user_info/input_position'

2019-04-17 10:54:41 - [MESSAGE][PASSED] - Text '！@#￥%……&*' is set on object 'Object Repository/Syetem_settings/User_Manage/user_info/input_position'

2019-04-17 10:54:41 - [TEST_STEP][PASSED] - delay: Delayed 1 second(s)

2019-04-17 10:54:42 - [MESSAGE][PASSED] - Delayed 1 second(s)

2019-04-17 10:54:42 - [TEST_STEP][PASSED] - setText: Text '！@#￥%……&*' is set on object 'Object Repository/Syetem_settings/User_Manage/user_info/input_mobile'

2019-04-17 10:54:42 - [MESSAGE][PASSED] - Text '！@#￥%……&*' is set on object 'Object Repository/Syetem_settings/User_Manage/user_info/input_mobile'

2019-04-17 10:54:42 - [TEST_STEP][PASSED] - delay: Delayed 1 second(s)

2019-04-17 10:54:43 - [MESSAGE][PASSED] - Delayed 1 second(s)

2019-04-17 10:54:43 - [TEST_STEP][PASSED] - setText: Text '7425365@qq.com' is set on object 'Object Repository/Syetem_settings/User_Manage/user_info/input_email'

2019-04-17 10:54:43 - [MESSAGE][PASSED] - Text '7425365@qq.com' is set on object 'Object Repository/Syetem_settings/User_Manage/user_info/input_email'

2019-04-17 10:54:43 - [TEST_STEP][PASSED] - delay: Delayed 1 second(s)

2019-04-17 10:54:44 - [MESSAGE][PASSED] - Delayed 1 second(s)

2019-04-17 10:54:44 - [TEST_STEP][PASSED] - click: Object: 'Object Repository/Syetem_settings/User_Manage/user_info/button_ Save' is clicked on

2019-04-17 10:54:44 - [MESSAGE][PASSED] - Object: 'Object Repository/Syetem_settings/User_Manage/user_info/button_ Save' is clicked on

2019-04-17 10:54:44 - [TEST_STEP][PASSED] - Statement - If (com.kms.katalon.core.webui.keyword.WebUiBuiltInKeywords.verifyElementPresent(com.kms.katalon.core.testobject.ObjectRepository.findTestObject(Syetem_settings/User_Manage/user_info/tips_save), 10)): Object: 'Object Repository/Syetem_settings/User_Manage/user_info/close_user' is clicked on

2019-04-17 10:54:44 - [MESSAGE][PASSED] - Object 'Object Repository/Syetem_settings/User_Manage/user_info/tips_save' is present

2019-04-17 10:54:44 - [TEST_STEP][PASSED] - comment: 发现不能为空的提示

2019-04-17 10:54:44 - [TEST_STEP][PASSED] - delay: Delayed 1 second(s)

2019-04-17 10:54:45 - [MESSAGE][PASSED] - Delayed 1 second(s)

2019-04-17 10:54:45 - [TEST_STEP][PASSED] - click: Object: 'Object Repository/Syetem_settings/User_Manage/user_info/close_user' is clicked on

2019-04-17 10:54:45 - [MESSAGE][PASSED] - Object: 'Object Repository/Syetem_settings/User_Manage/user_info/close_user' is clicked on

2019-04-17 10:54:45 - [TEST_STEP][PASSED] - delay: Delayed 1 second(s)

2019-04-17 10:54:46 - [MESSAGE][PASSED] - Delayed 1 second(s)

2019-04-17 10:54:46 - [TEST_STEP][PASSED] - click: Object: 'Object Repository/Syetem_settings/User_Manage/a_ new_user' is clicked on

2019-04-17 10:54:46 - [MESSAGE][PASSED] - Object: 'Object Repository/Syetem_settings/User_Manage/a_ new_user' is clicked on

2019-04-17 10:54:46 - [TEST_STEP][PASSED] - delay: Delayed 1 second(s)

2019-04-17 10:54:47 - [MESSAGE][PASSED] - Delayed 1 second(s)

2019-04-17 10:54:47 - [TEST_STEP][PASSED] - click: Object: 'Object Repository/Syetem_settings/User_Manage/user_info/choose_dept' is clicked on

2019-04-17 10:54:47 - [MESSAGE][PASSED] - Object: 'Object Repository/Syetem_settings/User_Manage/user_info/choose_dept' is clicked on

2019-04-17 10:54:47 - [TEST_STEP][PASSED] - delay: Delayed 1 second(s)

2019-04-17 10:54:48 - [MESSAGE][PASSED] - Delayed 1 second(s)

2019-04-17 10:54:48 - [TEST_STEP][PASSED] - click: Object: 'Object Repository/Syetem_settings/User_Manage/user_info/i__TreeNB' is clicked on

2019-04-17 10:54:48 - [MESSAGE][PASSED] - Object: 'Object Repository/Syetem_settings/User_Manage/user_info/i__TreeNB' is clicked on

2019-04-17 10:54:48 - [TEST_STEP][PASSED] - delay: Delayed 1 second(s)

2019-04-17 10:54:49 - [MESSAGE][PASSED] - Delayed 1 second(s)

2019-04-17 10:54:49 - [TEST_STEP][PASSED] - click: Object: 'Object Repository/Syetem_settings/User_Manage/user_info/cite_CQDepart' is clicked on

2019-04-17 10:54:49 - [MESSAGE][PASSED] - Object: 'Object Repository/Syetem_settings/User_Manage/user_info/cite_CQDepart' is clicked on

2019-04-17 10:54:49 - [TEST_STEP][PASSED] - delay: Delayed 1 second(s)

2019-04-17 10:54:50 - [MESSAGE][PASSED] - Delayed 1 second(s)

2019-04-17 10:54:50 - [TEST_STEP][PASSED] - setText: Text '验证邮箱格式' is set on object 'Object Repository/Syetem_settings/User_Manage/user_info/input_ RealName'

2019-04-17 10:54:51 - [MESSAGE][PASSED] - Text '验证邮箱格式' is set on object 'Object Repository/Syetem_settings/User_Manage/user_info/input_ RealName'

2019-04-17 10:54:51 - [TEST_STEP][PASSED] - delay: Delayed 1 second(s)

2019-04-17 10:54:52 - [MESSAGE][PASSED] - Delayed 1 second(s)

2019-04-17 10:54:52 - [TEST_STEP][PASSED] - setText: Text '测试' is set on object 'Object Repository/Syetem_settings/User_Manage/user_info/input_position'

2019-04-17 10:54:52 - [MESSAGE][PASSED] - Text '测试' is set on object 'Object Repository/Syetem_settings/User_Manage/user_info/input_position'

2019-04-17 10:54:52 - [TEST_STEP][PASSED] - delay: Delayed 1 second(s)

2019-04-17 10:54:53 - [MESSAGE][PASSED] - Delayed 1 second(s)

2019-04-17 10:54:53 - [TEST_STEP][PASSED] - setText: Text '15263625413' is set on object 'Object Repository/Syetem_settings/User_Manage/user_info/input_mobile'

2019-04-17 10:54:53 - [MESSAGE][PASSED] - Text '15263625413' is set on object 'Object Repository/Syetem_settings/User_Manage/user_info/input_mobile'

2019-04-17 10:54:53 - [TEST_STEP][PASSED] - delay: Delayed 1 second(s)

2019-04-17 10:54:54 - [MESSAGE][PASSED] - Delayed 1 second(s)

2019-04-17 10:54:54 - [TEST_STEP][PASSED] - setText: Text '！#￥%……&*' is set on object 'Object Repository/Syetem_settings/User_Manage/user_info/input_email'

2019-04-17 10:54:54 - [MESSAGE][PASSED] - Text '！#￥%……&*' is set on object 'Object Repository/Syetem_settings/User_Manage/user_info/input_email'

2019-04-17 10:54:54 - [TEST_STEP][PASSED] - click: Object: 'Object Repository/Syetem_settings/User_Manage/user_info/button_ Save' is clicked on

2019-04-17 10:54:54 - [MESSAGE][PASSED] - Object: 'Object Repository/Syetem_settings/User_Manage/user_info/button_ Save' is clicked on

2019-04-17 10:54:54 - [TEST_STEP][PASSED] - Statement - If (com.kms.katalon.core.webui.keyword.WebUiBuiltInKeywords.verifyElementPresent(com.kms.katalon.core.testobject.ObjectRepository.findTestObject(Syetem_settings/User_Manage/user_info/save_email), 10)): Object: 'Object Repository/Syetem_settings/User_Manage/user_info/close_user' is clicked on

2019-04-17 10:54:54 - [MESSAGE][PASSED] - Object 'Object Repository/Syetem_settings/User_Manage/user_info/save_email' is present

2019-04-17 10:54:54 - [TEST_STEP][PASSED] - comment: 发现邮件格式不对的提示

2019-04-17 10:54:54 - [TEST_STEP][PASSED] - delay: Delayed 1 second(s)

2019-04-17 10:54:55 - [MESSAGE][PASSED] - Delayed 1 second(s)

2019-04-17 10:54:55 - [TEST_STEP][PASSED] - click: Object: 'Object Repository/Syetem_settings/User_Manage/user_info/close_user' is clicked on

2019-04-17 10:54:55 - [MESSAGE][PASSED] - Object: 'Object Repository/Syetem_settings/User_Manage/user_info/close_user' is clicked on

2019-04-17 10:54:55 - [TEST_STEP][PASSED] - Start listener action : sampleAfterTestCase: Invoke 'com.kms.katalon.core.annotation.AfterTestCase' method: 'NewTestListener.sampleAfterTestCase(...)' completed.

2019-04-17 10:54:55 - [TEST_STEP][PASSED] - Statement - println(testCaseContext.getTestCaseId()): null

2019-04-17 10:54:55 - [TEST_STEP][PASSED] - Statement - println(testCaseContext.getTestCaseStatus()): Invoke 'com.kms.katalon.core.annotation.AfterTestCase' method: 'NewTestListener.sampleAfterTestCase(...)' completed.]]></system-out>
         <system-err><![CDATA[]]></system-err>
      </testcase>
      <testcase name="Test Cases/002_System_,Manage/001_User_Manage/003_Add_user_uique" classname="Test Cases/002_System_,Manage/001_User_Manage/003_Add_user_uique" status="PASSED">
         <system-out><![CDATA[2019-04-17 10:54:57 - [TEST_CASE][PASSED] - Test Cases/002_System_,Manage/001_User_Manage/003_Add_user_uique: Test Cases/002_System_,Manage/001_User_Manage/003_Add_user_uique

2019-04-17 10:54:57 - [TEST_STEP][PASSED] - Start listener action : sampleBeforeTestCase: Invoke 'com.kms.katalon.core.annotation.BeforeTestCase' method: 'NewTestListener.sampleBeforeTestCase(...)' completed.

2019-04-17 10:54:57 - [TEST_STEP][PASSED] - Statement - println(testCaseContext.getTestCaseId()): null

2019-04-17 10:54:57 - [TEST_STEP][PASSED] - Statement - println(testCaseContext.getTestCaseVariables()): Invoke 'com.kms.katalon.core.annotation.BeforeTestCase' method: 'NewTestListener.sampleBeforeTestCase(...)' completed.

2019-04-17 10:54:57 - [TEST_STEP][NOT_RUN] - callTestCase: NOT_RUN: callTestCase

2019-04-17 10:54:57 - [MESSAGE][NOT_RUN] - NOT_RUN: callTestCase

2019-04-17 10:54:57 - [TEST_STEP][PASSED] - comment: begain to add one new user!

2019-04-17 10:54:57 - [TEST_STEP][PASSED] - click: Object: 'Object Repository/Syetem_settings/User_Manage/a_ new_user' is clicked on

2019-04-17 10:54:57 - [MESSAGE][PASSED] - Object: 'Object Repository/Syetem_settings/User_Manage/a_ new_user' is clicked on

2019-04-17 10:54:57 - [TEST_STEP][PASSED] - delay: Delayed 1 second(s)

2019-04-17 10:54:58 - [MESSAGE][PASSED] - Delayed 1 second(s)

2019-04-17 10:54:58 - [TEST_STEP][PASSED] - click: Object: 'Object Repository/Syetem_settings/User_Manage/user_info/choose_dept' is clicked on

2019-04-17 10:54:59 - [MESSAGE][PASSED] - Object: 'Object Repository/Syetem_settings/User_Manage/user_info/choose_dept' is clicked on

2019-04-17 10:54:59 - [TEST_STEP][PASSED] - delay: Delayed 1 second(s)

2019-04-17 10:55:00 - [MESSAGE][PASSED] - Delayed 1 second(s)

2019-04-17 10:55:00 - [TEST_STEP][PASSED] - click: Object: 'Object Repository/Syetem_settings/User_Manage/user_info/i__TreeNB' is clicked on

2019-04-17 10:55:00 - [MESSAGE][PASSED] - Object: 'Object Repository/Syetem_settings/User_Manage/user_info/i__TreeNB' is clicked on

2019-04-17 10:55:00 - [TEST_STEP][PASSED] - delay: Delayed 1 second(s)

2019-04-17 10:55:01 - [MESSAGE][PASSED] - Delayed 1 second(s)

2019-04-17 10:55:01 - [TEST_STEP][PASSED] - click: Object: 'Object Repository/Syetem_settings/User_Manage/user_info/cite_CQDepart' is clicked on

2019-04-17 10:55:01 - [MESSAGE][PASSED] - Object: 'Object Repository/Syetem_settings/User_Manage/user_info/cite_CQDepart' is clicked on

2019-04-17 10:55:01 - [TEST_STEP][PASSED] - delay: Delayed 1 second(s)

2019-04-17 10:55:02 - [MESSAGE][PASSED] - Delayed 1 second(s)

2019-04-17 10:55:02 - [TEST_STEP][PASSED] - setText: Text '' is set on object 'Object Repository/Syetem_settings/User_Manage/user_info/input_ RealName'

2019-04-17 10:55:02 - [MESSAGE][PASSED] - Text '' is set on object 'Object Repository/Syetem_settings/User_Manage/user_info/input_ RealName'

2019-04-17 10:55:02 - [TEST_STEP][PASSED] - delay: Delayed 1 second(s)

2019-04-17 10:55:03 - [MESSAGE][PASSED] - Delayed 1 second(s)

2019-04-17 10:55:03 - [TEST_STEP][PASSED] - setText: Text '' is set on object 'Object Repository/Syetem_settings/User_Manage/user_info/input_position'

2019-04-17 10:55:03 - [MESSAGE][PASSED] - Text '' is set on object 'Object Repository/Syetem_settings/User_Manage/user_info/input_position'

2019-04-17 10:55:03 - [TEST_STEP][PASSED] - delay: Delayed 1 second(s)

2019-04-17 10:55:04 - [MESSAGE][PASSED] - Delayed 1 second(s)

2019-04-17 10:55:04 - [TEST_STEP][PASSED] - setText: Text '' is set on object 'Object Repository/Syetem_settings/User_Manage/user_info/input_mobile'

2019-04-17 10:55:04 - [MESSAGE][PASSED] - Text '' is set on object 'Object Repository/Syetem_settings/User_Manage/user_info/input_mobile'

2019-04-17 10:55:04 - [TEST_STEP][PASSED] - delay: Delayed 1 second(s)

2019-04-17 10:55:05 - [MESSAGE][PASSED] - Delayed 1 second(s)

2019-04-17 10:55:05 - [TEST_STEP][PASSED] - setText: Text '' is set on object 'Object Repository/Syetem_settings/User_Manage/user_info/input_email'

2019-04-17 10:55:05 - [MESSAGE][PASSED] - Text '' is set on object 'Object Repository/Syetem_settings/User_Manage/user_info/input_email'

2019-04-17 10:55:05 - [TEST_STEP][PASSED] - delay: Delayed 1 second(s)

2019-04-17 10:55:06 - [MESSAGE][PASSED] - Delayed 1 second(s)

2019-04-17 10:55:06 - [TEST_STEP][PASSED] - click: Object: 'Object Repository/Syetem_settings/User_Manage/user_info/button_ Save' is clicked on

2019-04-17 10:55:06 - [MESSAGE][PASSED] - Object: 'Object Repository/Syetem_settings/User_Manage/user_info/button_ Save' is clicked on

2019-04-17 10:55:06 - [TEST_STEP][PASSED] - Statement - If (com.kms.katalon.core.webui.keyword.WebUiBuiltInKeywords.verifyElementPresent(com.kms.katalon.core.testobject.ObjectRepository.findTestObject(Syetem_settings/User_Manage/user_info/tips_save), 10)): Object: 'Object Repository/Syetem_settings/User_Manage/user_info/close_user' is clicked on

2019-04-17 10:55:06 - [MESSAGE][PASSED] - Object 'Object Repository/Syetem_settings/User_Manage/user_info/tips_save' is present

2019-04-17 10:55:06 - [TEST_STEP][PASSED] - comment: 发现不能为空的提示

2019-04-17 10:55:06 - [TEST_STEP][PASSED] - delay: Delayed 1 second(s)

2019-04-17 10:55:07 - [MESSAGE][PASSED] - Delayed 1 second(s)

2019-04-17 10:55:07 - [TEST_STEP][PASSED] - click: Object: 'Object Repository/Syetem_settings/User_Manage/user_info/close_user' is clicked on

2019-04-17 10:55:07 - [MESSAGE][PASSED] - Object: 'Object Repository/Syetem_settings/User_Manage/user_info/close_user' is clicked on

2019-04-17 10:55:07 - [TEST_STEP][PASSED] - delay: Delayed 1 second(s)

2019-04-17 10:55:08 - [MESSAGE][PASSED] - Delayed 1 second(s)

2019-04-17 10:55:08 - [TEST_STEP][PASSED] - click: Object: 'Object Repository/Syetem_settings/User_Manage/a_ new_user' is clicked on

2019-04-17 10:55:08 - [MESSAGE][PASSED] - Object: 'Object Repository/Syetem_settings/User_Manage/a_ new_user' is clicked on

2019-04-17 10:55:08 - [TEST_STEP][PASSED] - delay: Delayed 1 second(s)

2019-04-17 10:55:09 - [MESSAGE][PASSED] - Delayed 1 second(s)

2019-04-17 10:55:09 - [TEST_STEP][PASSED] - click: Object: 'Object Repository/Syetem_settings/User_Manage/user_info/choose_dept' is clicked on

2019-04-17 10:55:10 - [MESSAGE][PASSED] - Object: 'Object Repository/Syetem_settings/User_Manage/user_info/choose_dept' is clicked on

2019-04-17 10:55:10 - [TEST_STEP][PASSED] - delay: Delayed 1 second(s)

2019-04-17 10:55:11 - [MESSAGE][PASSED] - Delayed 1 second(s)

2019-04-17 10:55:11 - [TEST_STEP][PASSED] - click: Object: 'Object Repository/Syetem_settings/User_Manage/user_info/i__TreeNB' is clicked on

2019-04-17 10:55:11 - [MESSAGE][PASSED] - Object: 'Object Repository/Syetem_settings/User_Manage/user_info/i__TreeNB' is clicked on

2019-04-17 10:55:11 - [TEST_STEP][PASSED] - delay: Delayed 1 second(s)

2019-04-17 10:55:12 - [MESSAGE][PASSED] - Delayed 1 second(s)

2019-04-17 10:55:12 - [TEST_STEP][PASSED] - click: Object: 'Object Repository/Syetem_settings/User_Manage/user_info/cite_CQDepart' is clicked on

2019-04-17 10:55:12 - [MESSAGE][PASSED] - Object: 'Object Repository/Syetem_settings/User_Manage/user_info/cite_CQDepart' is clicked on

2019-04-17 10:55:12 - [TEST_STEP][PASSED] - delay: Delayed 1 second(s)

2019-04-17 10:55:13 - [MESSAGE][PASSED] - Delayed 1 second(s)

2019-04-17 10:55:13 - [TEST_STEP][PASSED] - setText: Text '验证邮箱格式' is set on object 'Object Repository/Syetem_settings/User_Manage/user_info/input_ RealName'

2019-04-17 10:55:13 - [MESSAGE][PASSED] - Text '验证邮箱格式' is set on object 'Object Repository/Syetem_settings/User_Manage/user_info/input_ RealName'

2019-04-17 10:55:13 - [TEST_STEP][PASSED] - delay: Delayed 1 second(s)

2019-04-17 10:55:14 - [MESSAGE][PASSED] - Delayed 1 second(s)

2019-04-17 10:55:14 - [TEST_STEP][PASSED] - setText: Text '测试' is set on object 'Object Repository/Syetem_settings/User_Manage/user_info/input_position'

2019-04-17 10:55:14 - [MESSAGE][PASSED] - Text '测试' is set on object 'Object Repository/Syetem_settings/User_Manage/user_info/input_position'

2019-04-17 10:55:14 - [TEST_STEP][PASSED] - delay: Delayed 1 second(s)

2019-04-17 10:55:15 - [MESSAGE][PASSED] - Delayed 1 second(s)

2019-04-17 10:55:15 - [TEST_STEP][PASSED] - setText: Text '15263625413' is set on object 'Object Repository/Syetem_settings/User_Manage/user_info/input_mobile'

2019-04-17 10:55:15 - [MESSAGE][PASSED] - Text '15263625413' is set on object 'Object Repository/Syetem_settings/User_Manage/user_info/input_mobile'

2019-04-17 10:55:15 - [TEST_STEP][PASSED] - delay: Delayed 1 second(s)

2019-04-17 10:55:16 - [MESSAGE][PASSED] - Delayed 1 second(s)

2019-04-17 10:55:16 - [TEST_STEP][PASSED] - setText: Text '12434365' is set on object 'Object Repository/Syetem_settings/User_Manage/user_info/input_email'

2019-04-17 10:55:16 - [MESSAGE][PASSED] - Text '12434365' is set on object 'Object Repository/Syetem_settings/User_Manage/user_info/input_email'

2019-04-17 10:55:16 - [TEST_STEP][PASSED] - click: Object: 'Object Repository/Syetem_settings/User_Manage/user_info/button_ Save' is clicked on

2019-04-17 10:55:16 - [MESSAGE][PASSED] - Object: 'Object Repository/Syetem_settings/User_Manage/user_info/button_ Save' is clicked on

2019-04-17 10:55:16 - [TEST_STEP][PASSED] - Statement - If (com.kms.katalon.core.webui.keyword.WebUiBuiltInKeywords.verifyElementPresent(com.kms.katalon.core.testobject.ObjectRepository.findTestObject(Syetem_settings/User_Manage/user_info/save_email), 10)): Object: 'Object Repository/Syetem_settings/User_Manage/user_info/close_user' is clicked on

2019-04-17 10:55:16 - [MESSAGE][PASSED] - Object 'Object Repository/Syetem_settings/User_Manage/user_info/save_email' is present

2019-04-17 10:55:16 - [TEST_STEP][PASSED] - comment: 发现邮件格式不对的提示

2019-04-17 10:55:16 - [TEST_STEP][PASSED] - delay: Delayed 1 second(s)

2019-04-17 10:55:17 - [MESSAGE][PASSED] - Delayed 1 second(s)

2019-04-17 10:55:17 - [TEST_STEP][PASSED] - click: Object: 'Object Repository/Syetem_settings/User_Manage/user_info/close_user' is clicked on

2019-04-17 10:55:17 - [MESSAGE][PASSED] - Object: 'Object Repository/Syetem_settings/User_Manage/user_info/close_user' is clicked on

2019-04-17 10:55:17 - [TEST_STEP][PASSED] - Start listener action : sampleAfterTestCase: Invoke 'com.kms.katalon.core.annotation.AfterTestCase' method: 'NewTestListener.sampleAfterTestCase(...)' completed.

2019-04-17 10:55:17 - [TEST_STEP][PASSED] - Statement - println(testCaseContext.getTestCaseId()): null

2019-04-17 10:55:17 - [TEST_STEP][PASSED] - Statement - println(testCaseContext.getTestCaseStatus()): Invoke 'com.kms.katalon.core.annotation.AfterTestCase' method: 'NewTestListener.sampleAfterTestCase(...)' completed.]]></system-out>
         <system-err><![CDATA[]]></system-err>
      </testcase>
      <testcase name="Test Cases/002_System_,Manage/001_User_Manage/003_Add_user_uique" classname="Test Cases/002_System_,Manage/001_User_Manage/003_Add_user_uique" status="PASSED">
         <system-out><![CDATA[2019-04-17 10:55:19 - [TEST_CASE][PASSED] - Test Cases/002_System_,Manage/001_User_Manage/003_Add_user_uique: Test Cases/002_System_,Manage/001_User_Manage/003_Add_user_uique

2019-04-17 10:55:19 - [TEST_STEP][PASSED] - Start listener action : sampleBeforeTestCase: Invoke 'com.kms.katalon.core.annotation.BeforeTestCase' method: 'NewTestListener.sampleBeforeTestCase(...)' completed.

2019-04-17 10:55:19 - [TEST_STEP][PASSED] - Statement - println(testCaseContext.getTestCaseId()): null

2019-04-17 10:55:19 - [TEST_STEP][PASSED] - Statement - println(testCaseContext.getTestCaseVariables()): Invoke 'com.kms.katalon.core.annotation.BeforeTestCase' method: 'NewTestListener.sampleBeforeTestCase(...)' completed.

2019-04-17 10:55:19 - [TEST_STEP][NOT_RUN] - callTestCase: NOT_RUN: callTestCase

2019-04-17 10:55:19 - [MESSAGE][NOT_RUN] - NOT_RUN: callTestCase

2019-04-17 10:55:19 - [TEST_STEP][PASSED] - comment: begain to add one new user!

2019-04-17 10:55:19 - [TEST_STEP][PASSED] - click: Object: 'Object Repository/Syetem_settings/User_Manage/a_ new_user' is clicked on

2019-04-17 10:55:20 - [MESSAGE][PASSED] - Object: 'Object Repository/Syetem_settings/User_Manage/a_ new_user' is clicked on

2019-04-17 10:55:20 - [TEST_STEP][PASSED] - delay: Delayed 1 second(s)

2019-04-17 10:55:21 - [MESSAGE][PASSED] - Delayed 1 second(s)

2019-04-17 10:55:21 - [TEST_STEP][PASSED] - click: Object: 'Object Repository/Syetem_settings/User_Manage/user_info/choose_dept' is clicked on

2019-04-17 10:55:21 - [MESSAGE][PASSED] - Object: 'Object Repository/Syetem_settings/User_Manage/user_info/choose_dept' is clicked on

2019-04-17 10:55:21 - [TEST_STEP][PASSED] - delay: Delayed 1 second(s)

2019-04-17 10:55:22 - [MESSAGE][PASSED] - Delayed 1 second(s)

2019-04-17 10:55:22 - [TEST_STEP][PASSED] - click: Object: 'Object Repository/Syetem_settings/User_Manage/user_info/i__TreeNB' is clicked on

2019-04-17 10:55:22 - [MESSAGE][PASSED] - Object: 'Object Repository/Syetem_settings/User_Manage/user_info/i__TreeNB' is clicked on

2019-04-17 10:55:22 - [TEST_STEP][PASSED] - delay: Delayed 1 second(s)

2019-04-17 10:55:23 - [MESSAGE][PASSED] - Delayed 1 second(s)

2019-04-17 10:55:23 - [TEST_STEP][PASSED] - click: Object: 'Object Repository/Syetem_settings/User_Manage/user_info/cite_CQDepart' is clicked on

2019-04-17 10:55:23 - [MESSAGE][PASSED] - Object: 'Object Repository/Syetem_settings/User_Manage/user_info/cite_CQDepart' is clicked on

2019-04-17 10:55:23 - [TEST_STEP][PASSED] - delay: Delayed 1 second(s)

2019-04-17 10:55:24 - [MESSAGE][PASSED] - Delayed 1 second(s)

2019-04-17 10:55:24 - [TEST_STEP][PASSED] - setText: Text '' is set on object 'Object Repository/Syetem_settings/User_Manage/user_info/input_ RealName'

2019-04-17 10:55:24 - [MESSAGE][PASSED] - Text '' is set on object 'Object Repository/Syetem_settings/User_Manage/user_info/input_ RealName'

2019-04-17 10:55:24 - [TEST_STEP][PASSED] - delay: Delayed 1 second(s)

2019-04-17 10:55:25 - [MESSAGE][PASSED] - Delayed 1 second(s)

2019-04-17 10:55:25 - [TEST_STEP][PASSED] - setText: Text '测试岗位6' is set on object 'Object Repository/Syetem_settings/User_Manage/user_info/input_position'

2019-04-17 10:55:25 - [MESSAGE][PASSED] - Text '测试岗位6' is set on object 'Object Repository/Syetem_settings/User_Manage/user_info/input_position'

2019-04-17 10:55:25 - [TEST_STEP][PASSED] - delay: Delayed 1 second(s)

2019-04-17 10:55:26 - [MESSAGE][PASSED] - Delayed 1 second(s)

2019-04-17 10:55:26 - [TEST_STEP][PASSED] - setText: Text '15263625415' is set on object 'Object Repository/Syetem_settings/User_Manage/user_info/input_mobile'

2019-04-17 10:55:27 - [MESSAGE][PASSED] - Text '15263625415' is set on object 'Object Repository/Syetem_settings/User_Manage/user_info/input_mobile'

2019-04-17 10:55:27 - [TEST_STEP][PASSED] - delay: Delayed 1 second(s)

2019-04-17 10:55:28 - [MESSAGE][PASSED] - Delayed 1 second(s)

2019-04-17 10:55:28 - [TEST_STEP][PASSED] - setText: Text '7425365@qq.com' is set on object 'Object Repository/Syetem_settings/User_Manage/user_info/input_email'

2019-04-17 10:55:28 - [MESSAGE][PASSED] - Text '7425365@qq.com' is set on object 'Object Repository/Syetem_settings/User_Manage/user_info/input_email'

2019-04-17 10:55:28 - [TEST_STEP][PASSED] - delay: Delayed 1 second(s)

2019-04-17 10:55:29 - [MESSAGE][PASSED] - Delayed 1 second(s)

2019-04-17 10:55:29 - [TEST_STEP][PASSED] - click: Object: 'Object Repository/Syetem_settings/User_Manage/user_info/button_ Save' is clicked on

2019-04-17 10:55:29 - [MESSAGE][PASSED] - Object: 'Object Repository/Syetem_settings/User_Manage/user_info/button_ Save' is clicked on

2019-04-17 10:55:29 - [TEST_STEP][PASSED] - Statement - If (com.kms.katalon.core.webui.keyword.WebUiBuiltInKeywords.verifyElementPresent(com.kms.katalon.core.testobject.ObjectRepository.findTestObject(Syetem_settings/User_Manage/user_info/tips_save), 10)): Object: 'Object Repository/Syetem_settings/User_Manage/user_info/close_user' is clicked on

2019-04-17 10:55:29 - [MESSAGE][PASSED] - Object 'Object Repository/Syetem_settings/User_Manage/user_info/tips_save' is present

2019-04-17 10:55:29 - [TEST_STEP][PASSED] - comment: 发现不能为空的提示

2019-04-17 10:55:29 - [TEST_STEP][PASSED] - delay: Delayed 1 second(s)

2019-04-17 10:55:30 - [MESSAGE][PASSED] - Delayed 1 second(s)

2019-04-17 10:55:30 - [TEST_STEP][PASSED] - click: Object: 'Object Repository/Syetem_settings/User_Manage/user_info/close_user' is clicked on

2019-04-17 10:55:30 - [MESSAGE][PASSED] - Object: 'Object Repository/Syetem_settings/User_Manage/user_info/close_user' is clicked on

2019-04-17 10:55:30 - [TEST_STEP][PASSED] - delay: Delayed 1 second(s)

2019-04-17 10:55:31 - [MESSAGE][PASSED] - Delayed 1 second(s)

2019-04-17 10:55:31 - [TEST_STEP][PASSED] - click: Object: 'Object Repository/Syetem_settings/User_Manage/a_ new_user' is clicked on

2019-04-17 10:55:31 - [MESSAGE][PASSED] - Object: 'Object Repository/Syetem_settings/User_Manage/a_ new_user' is clicked on

2019-04-17 10:55:31 - [TEST_STEP][PASSED] - delay: Delayed 1 second(s)

2019-04-17 10:55:32 - [MESSAGE][PASSED] - Delayed 1 second(s)

2019-04-17 10:55:32 - [TEST_STEP][PASSED] - click: Object: 'Object Repository/Syetem_settings/User_Manage/user_info/choose_dept' is clicked on

2019-04-17 10:55:32 - [MESSAGE][PASSED] - Object: 'Object Repository/Syetem_settings/User_Manage/user_info/choose_dept' is clicked on

2019-04-17 10:55:32 - [TEST_STEP][PASSED] - delay: Delayed 1 second(s)

2019-04-17 10:55:33 - [MESSAGE][PASSED] - Delayed 1 second(s)

2019-04-17 10:55:33 - [TEST_STEP][PASSED] - click: Object: 'Object Repository/Syetem_settings/User_Manage/user_info/i__TreeNB' is clicked on

2019-04-17 10:55:33 - [MESSAGE][PASSED] - Object: 'Object Repository/Syetem_settings/User_Manage/user_info/i__TreeNB' is clicked on

2019-04-17 10:55:33 - [TEST_STEP][PASSED] - delay: Delayed 1 second(s)

2019-04-17 10:55:34 - [MESSAGE][PASSED] - Delayed 1 second(s)

2019-04-17 10:55:34 - [TEST_STEP][PASSED] - click: Object: 'Object Repository/Syetem_settings/User_Manage/user_info/cite_CQDepart' is clicked on

2019-04-17 10:55:34 - [MESSAGE][PASSED] - Object: 'Object Repository/Syetem_settings/User_Manage/user_info/cite_CQDepart' is clicked on

2019-04-17 10:55:34 - [TEST_STEP][PASSED] - delay: Delayed 1 second(s)

2019-04-17 10:55:35 - [MESSAGE][PASSED] - Delayed 1 second(s)

2019-04-17 10:55:35 - [TEST_STEP][PASSED] - setText: Text '验证邮箱格式' is set on object 'Object Repository/Syetem_settings/User_Manage/user_info/input_ RealName'

2019-04-17 10:55:36 - [MESSAGE][PASSED] - Text '验证邮箱格式' is set on object 'Object Repository/Syetem_settings/User_Manage/user_info/input_ RealName'

2019-04-17 10:55:36 - [TEST_STEP][PASSED] - delay: Delayed 1 second(s)

2019-04-17 10:55:37 - [MESSAGE][PASSED] - Delayed 1 second(s)

2019-04-17 10:55:37 - [TEST_STEP][PASSED] - setText: Text '测试' is set on object 'Object Repository/Syetem_settings/User_Manage/user_info/input_position'

2019-04-17 10:55:37 - [MESSAGE][PASSED] - Text '测试' is set on object 'Object Repository/Syetem_settings/User_Manage/user_info/input_position'

2019-04-17 10:55:37 - [TEST_STEP][PASSED] - delay: Delayed 1 second(s)

2019-04-17 10:55:38 - [MESSAGE][PASSED] - Delayed 1 second(s)

2019-04-17 10:55:38 - [TEST_STEP][PASSED] - setText: Text '15263625413' is set on object 'Object Repository/Syetem_settings/User_Manage/user_info/input_mobile'

2019-04-17 10:55:38 - [MESSAGE][PASSED] - Text '15263625413' is set on object 'Object Repository/Syetem_settings/User_Manage/user_info/input_mobile'

2019-04-17 10:55:38 - [TEST_STEP][PASSED] - delay: Delayed 1 second(s)

2019-04-17 10:55:39 - [MESSAGE][PASSED] - Delayed 1 second(s)

2019-04-17 10:55:39 - [TEST_STEP][PASSED] - setText: Text '3214243@' is set on object 'Object Repository/Syetem_settings/User_Manage/user_info/input_email'

2019-04-17 10:55:39 - [MESSAGE][PASSED] - Text '3214243@' is set on object 'Object Repository/Syetem_settings/User_Manage/user_info/input_email'

2019-04-17 10:55:39 - [TEST_STEP][PASSED] - click: Object: 'Object Repository/Syetem_settings/User_Manage/user_info/button_ Save' is clicked on

2019-04-17 10:55:39 - [MESSAGE][PASSED] - Object: 'Object Repository/Syetem_settings/User_Manage/user_info/button_ Save' is clicked on

2019-04-17 10:55:39 - [TEST_STEP][PASSED] - Statement - If (com.kms.katalon.core.webui.keyword.WebUiBuiltInKeywords.verifyElementPresent(com.kms.katalon.core.testobject.ObjectRepository.findTestObject(Syetem_settings/User_Manage/user_info/save_email), 10)): Object: 'Object Repository/Syetem_settings/User_Manage/user_info/close_user' is clicked on

2019-04-17 10:55:39 - [MESSAGE][PASSED] - Object 'Object Repository/Syetem_settings/User_Manage/user_info/save_email' is present

2019-04-17 10:55:39 - [TEST_STEP][PASSED] - comment: 发现邮件格式不对的提示

2019-04-17 10:55:39 - [TEST_STEP][PASSED] - delay: Delayed 1 second(s)

2019-04-17 10:55:40 - [MESSAGE][PASSED] - Delayed 1 second(s)

2019-04-17 10:55:40 - [TEST_STEP][PASSED] - click: Object: 'Object Repository/Syetem_settings/User_Manage/user_info/close_user' is clicked on

2019-04-17 10:55:40 - [MESSAGE][PASSED] - Object: 'Object Repository/Syetem_settings/User_Manage/user_info/close_user' is clicked on

2019-04-17 10:55:40 - [TEST_STEP][PASSED] - Start listener action : sampleAfterTestCase: Invoke 'com.kms.katalon.core.annotation.AfterTestCase' method: 'NewTestListener.sampleAfterTestCase(...)' completed.

2019-04-17 10:55:40 - [TEST_STEP][PASSED] - Statement - println(testCaseContext.getTestCaseId()): null

2019-04-17 10:55:40 - [TEST_STEP][PASSED] - Statement - println(testCaseContext.getTestCaseStatus()): Invoke 'com.kms.katalon.core.annotation.AfterTestCase' method: 'NewTestListener.sampleAfterTestCase(...)' completed.]]></system-out>
         <system-err><![CDATA[]]></system-err>
      </testcase>
      <testcase name="Test Cases/002_System_,Manage/001_User_Manage/003_Add_user_uique" classname="Test Cases/002_System_,Manage/001_User_Manage/003_Add_user_uique" status="PASSED">
         <system-out><![CDATA[2019-04-17 10:55:42 - [TEST_CASE][PASSED] - Test Cases/002_System_,Manage/001_User_Manage/003_Add_user_uique: Test Cases/002_System_,Manage/001_User_Manage/003_Add_user_uique

2019-04-17 10:55:42 - [TEST_STEP][PASSED] - Start listener action : sampleBeforeTestCase: Invoke 'com.kms.katalon.core.annotation.BeforeTestCase' method: 'NewTestListener.sampleBeforeTestCase(...)' completed.

2019-04-17 10:55:42 - [TEST_STEP][PASSED] - Statement - println(testCaseContext.getTestCaseId()): null

2019-04-17 10:55:42 - [TEST_STEP][PASSED] - Statement - println(testCaseContext.getTestCaseVariables()): Invoke 'com.kms.katalon.core.annotation.BeforeTestCase' method: 'NewTestListener.sampleBeforeTestCase(...)' completed.

2019-04-17 10:55:42 - [TEST_STEP][NOT_RUN] - callTestCase: NOT_RUN: callTestCase

2019-04-17 10:55:42 - [MESSAGE][NOT_RUN] - NOT_RUN: callTestCase

2019-04-17 10:55:42 - [TEST_STEP][PASSED] - comment: begain to add one new user!

2019-04-17 10:55:42 - [TEST_STEP][PASSED] - click: Object: 'Object Repository/Syetem_settings/User_Manage/a_ new_user' is clicked on

2019-04-17 10:55:42 - [MESSAGE][PASSED] - Object: 'Object Repository/Syetem_settings/User_Manage/a_ new_user' is clicked on

2019-04-17 10:55:42 - [TEST_STEP][PASSED] - delay: Delayed 1 second(s)

2019-04-17 10:55:43 - [MESSAGE][PASSED] - Delayed 1 second(s)

2019-04-17 10:55:43 - [TEST_STEP][PASSED] - click: Object: 'Object Repository/Syetem_settings/User_Manage/user_info/choose_dept' is clicked on

2019-04-17 10:55:43 - [MESSAGE][PASSED] - Object: 'Object Repository/Syetem_settings/User_Manage/user_info/choose_dept' is clicked on

2019-04-17 10:55:43 - [TEST_STEP][PASSED] - delay: Delayed 1 second(s)

2019-04-17 10:55:44 - [MESSAGE][PASSED] - Delayed 1 second(s)

2019-04-17 10:55:44 - [TEST_STEP][PASSED] - click: Object: 'Object Repository/Syetem_settings/User_Manage/user_info/i__TreeNB' is clicked on

2019-04-17 10:55:45 - [MESSAGE][PASSED] - Object: 'Object Repository/Syetem_settings/User_Manage/user_info/i__TreeNB' is clicked on

2019-04-17 10:55:45 - [TEST_STEP][PASSED] - delay: Delayed 1 second(s)

2019-04-17 10:55:46 - [MESSAGE][PASSED] - Delayed 1 second(s)

2019-04-17 10:55:46 - [TEST_STEP][PASSED] - click: Object: 'Object Repository/Syetem_settings/User_Manage/user_info/cite_CQDepart' is clicked on

2019-04-17 10:55:46 - [MESSAGE][PASSED] - Object: 'Object Repository/Syetem_settings/User_Manage/user_info/cite_CQDepart' is clicked on

2019-04-17 10:55:46 - [TEST_STEP][PASSED] - delay: Delayed 1 second(s)

2019-04-17 10:55:47 - [MESSAGE][PASSED] - Delayed 1 second(s)

2019-04-17 10:55:47 - [TEST_STEP][PASSED] - setText: Text '测试人员7' is set on object 'Object Repository/Syetem_settings/User_Manage/user_info/input_ RealName'

2019-04-17 10:55:47 - [MESSAGE][PASSED] - Text '测试人员7' is set on object 'Object Repository/Syetem_settings/User_Manage/user_info/input_ RealName'

2019-04-17 10:55:47 - [TEST_STEP][PASSED] - delay: Delayed 1 second(s)

2019-04-17 10:55:48 - [MESSAGE][PASSED] - Delayed 1 second(s)

2019-04-17 10:55:48 - [TEST_STEP][PASSED] - setText: Text '' is set on object 'Object Repository/Syetem_settings/User_Manage/user_info/input_position'

2019-04-17 10:55:48 - [MESSAGE][PASSED] - Text '' is set on object 'Object Repository/Syetem_settings/User_Manage/user_info/input_position'

2019-04-17 10:55:48 - [TEST_STEP][PASSED] - delay: Delayed 1 second(s)

2019-04-17 10:55:49 - [MESSAGE][PASSED] - Delayed 1 second(s)

2019-04-17 10:55:49 - [TEST_STEP][PASSED] - setText: Text '15263625416' is set on object 'Object Repository/Syetem_settings/User_Manage/user_info/input_mobile'

2019-04-17 10:55:49 - [MESSAGE][PASSED] - Text '15263625416' is set on object 'Object Repository/Syetem_settings/User_Manage/user_info/input_mobile'

2019-04-17 10:55:49 - [TEST_STEP][PASSED] - delay: Delayed 1 second(s)

2019-04-17 10:55:50 - [MESSAGE][PASSED] - Delayed 1 second(s)

2019-04-17 10:55:50 - [TEST_STEP][PASSED] - setText: Text '7425368@qq.com' is set on object 'Object Repository/Syetem_settings/User_Manage/user_info/input_email'

2019-04-17 10:55:50 - [MESSAGE][PASSED] - Text '7425368@qq.com' is set on object 'Object Repository/Syetem_settings/User_Manage/user_info/input_email'

2019-04-17 10:55:50 - [TEST_STEP][PASSED] - delay: Delayed 1 second(s)

2019-04-17 10:55:51 - [MESSAGE][PASSED] - Delayed 1 second(s)

2019-04-17 10:55:51 - [TEST_STEP][PASSED] - click: Object: 'Object Repository/Syetem_settings/User_Manage/user_info/button_ Save' is clicked on

2019-04-17 10:55:51 - [MESSAGE][PASSED] - Object: 'Object Repository/Syetem_settings/User_Manage/user_info/button_ Save' is clicked on

2019-04-17 10:55:51 - [TEST_STEP][PASSED] - Statement - If (com.kms.katalon.core.webui.keyword.WebUiBuiltInKeywords.verifyElementPresent(com.kms.katalon.core.testobject.ObjectRepository.findTestObject(Syetem_settings/User_Manage/user_info/tips_save), 10)): Object: 'Object Repository/Syetem_settings/User_Manage/user_info/close_user' is clicked on

2019-04-17 10:55:51 - [MESSAGE][PASSED] - Object 'Object Repository/Syetem_settings/User_Manage/user_info/tips_save' is present

2019-04-17 10:55:51 - [TEST_STEP][PASSED] - comment: 发现不能为空的提示

2019-04-17 10:55:51 - [TEST_STEP][PASSED] - delay: Delayed 1 second(s)

2019-04-17 10:55:52 - [MESSAGE][PASSED] - Delayed 1 second(s)

2019-04-17 10:55:52 - [TEST_STEP][PASSED] - click: Object: 'Object Repository/Syetem_settings/User_Manage/user_info/close_user' is clicked on

2019-04-17 10:55:52 - [MESSAGE][PASSED] - Object: 'Object Repository/Syetem_settings/User_Manage/user_info/close_user' is clicked on

2019-04-17 10:55:52 - [TEST_STEP][PASSED] - delay: Delayed 1 second(s)

2019-04-17 10:55:53 - [MESSAGE][PASSED] - Delayed 1 second(s)

2019-04-17 10:55:53 - [TEST_STEP][PASSED] - click: Object: 'Object Repository/Syetem_settings/User_Manage/a_ new_user' is clicked on

2019-04-17 10:55:53 - [MESSAGE][PASSED] - Object: 'Object Repository/Syetem_settings/User_Manage/a_ new_user' is clicked on

2019-04-17 10:55:53 - [TEST_STEP][PASSED] - delay: Delayed 1 second(s)

2019-04-17 10:55:54 - [MESSAGE][PASSED] - Delayed 1 second(s)

2019-04-17 10:55:54 - [TEST_STEP][PASSED] - click: Object: 'Object Repository/Syetem_settings/User_Manage/user_info/choose_dept' is clicked on

2019-04-17 10:55:55 - [MESSAGE][PASSED] - Object: 'Object Repository/Syetem_settings/User_Manage/user_info/choose_dept' is clicked on

2019-04-17 10:55:55 - [TEST_STEP][PASSED] - delay: Delayed 1 second(s)

2019-04-17 10:55:56 - [MESSAGE][PASSED] - Delayed 1 second(s)

2019-04-17 10:55:56 - [TEST_STEP][PASSED] - click: Object: 'Object Repository/Syetem_settings/User_Manage/user_info/i__TreeNB' is clicked on

2019-04-17 10:55:56 - [MESSAGE][PASSED] - Object: 'Object Repository/Syetem_settings/User_Manage/user_info/i__TreeNB' is clicked on

2019-04-17 10:55:56 - [TEST_STEP][PASSED] - delay: Delayed 1 second(s)

2019-04-17 10:55:57 - [MESSAGE][PASSED] - Delayed 1 second(s)

2019-04-17 10:55:57 - [TEST_STEP][PASSED] - click: Object: 'Object Repository/Syetem_settings/User_Manage/user_info/cite_CQDepart' is clicked on

2019-04-17 10:55:57 - [MESSAGE][PASSED] - Object: 'Object Repository/Syetem_settings/User_Manage/user_info/cite_CQDepart' is clicked on

2019-04-17 10:55:57 - [TEST_STEP][PASSED] - delay: Delayed 1 second(s)

2019-04-17 10:55:58 - [MESSAGE][PASSED] - Delayed 1 second(s)

2019-04-17 10:55:58 - [TEST_STEP][PASSED] - setText: Text '验证邮箱格式' is set on object 'Object Repository/Syetem_settings/User_Manage/user_info/input_ RealName'

2019-04-17 10:55:58 - [MESSAGE][PASSED] - Text '验证邮箱格式' is set on object 'Object Repository/Syetem_settings/User_Manage/user_info/input_ RealName'

2019-04-17 10:55:58 - [TEST_STEP][PASSED] - delay: Delayed 1 second(s)

2019-04-17 10:55:59 - [MESSAGE][PASSED] - Delayed 1 second(s)

2019-04-17 10:55:59 - [TEST_STEP][PASSED] - setText: Text '测试' is set on object 'Object Repository/Syetem_settings/User_Manage/user_info/input_position'

2019-04-17 10:55:59 - [MESSAGE][PASSED] - Text '测试' is set on object 'Object Repository/Syetem_settings/User_Manage/user_info/input_position'

2019-04-17 10:55:59 - [TEST_STEP][PASSED] - delay: Delayed 1 second(s)

2019-04-17 10:56:00 - [MESSAGE][PASSED] - Delayed 1 second(s)

2019-04-17 10:56:00 - [TEST_STEP][PASSED] - setText: Text '15263625413' is set on object 'Object Repository/Syetem_settings/User_Manage/user_info/input_mobile'

2019-04-17 10:56:00 - [MESSAGE][PASSED] - Text '15263625413' is set on object 'Object Repository/Syetem_settings/User_Manage/user_info/input_mobile'

2019-04-17 10:56:00 - [TEST_STEP][PASSED] - delay: Delayed 1 second(s)

2019-04-17 10:56:01 - [MESSAGE][PASSED] - Delayed 1 second(s)

2019-04-17 10:56:01 - [TEST_STEP][PASSED] - setText: Text '@fststgrst' is set on object 'Object Repository/Syetem_settings/User_Manage/user_info/input_email'

2019-04-17 10:56:01 - [MESSAGE][PASSED] - Text '@fststgrst' is set on object 'Object Repository/Syetem_settings/User_Manage/user_info/input_email'

2019-04-17 10:56:01 - [TEST_STEP][PASSED] - click: Object: 'Object Repository/Syetem_settings/User_Manage/user_info/button_ Save' is clicked on

2019-04-17 10:56:01 - [MESSAGE][PASSED] - Object: 'Object Repository/Syetem_settings/User_Manage/user_info/button_ Save' is clicked on

2019-04-17 10:56:01 - [TEST_STEP][PASSED] - Statement - If (com.kms.katalon.core.webui.keyword.WebUiBuiltInKeywords.verifyElementPresent(com.kms.katalon.core.testobject.ObjectRepository.findTestObject(Syetem_settings/User_Manage/user_info/save_email), 10)): Object: 'Object Repository/Syetem_settings/User_Manage/user_info/close_user' is clicked on

2019-04-17 10:56:01 - [MESSAGE][PASSED] - Object 'Object Repository/Syetem_settings/User_Manage/user_info/save_email' is present

2019-04-17 10:56:01 - [TEST_STEP][PASSED] - comment: 发现邮件格式不对的提示

2019-04-17 10:56:01 - [TEST_STEP][PASSED] - delay: Delayed 1 second(s)

2019-04-17 10:56:02 - [MESSAGE][PASSED] - Delayed 1 second(s)

2019-04-17 10:56:02 - [TEST_STEP][PASSED] - click: Object: 'Object Repository/Syetem_settings/User_Manage/user_info/close_user' is clicked on

2019-04-17 10:56:03 - [MESSAGE][PASSED] - Object: 'Object Repository/Syetem_settings/User_Manage/user_info/close_user' is clicked on

2019-04-17 10:56:03 - [TEST_STEP][PASSED] - Start listener action : sampleAfterTestCase: Invoke 'com.kms.katalon.core.annotation.AfterTestCase' method: 'NewTestListener.sampleAfterTestCase(...)' completed.

2019-04-17 10:56:03 - [TEST_STEP][PASSED] - Statement - println(testCaseContext.getTestCaseId()): null

2019-04-17 10:56:03 - [TEST_STEP][PASSED] - Statement - println(testCaseContext.getTestCaseStatus()): Invoke 'com.kms.katalon.core.annotation.AfterTestCase' method: 'NewTestListener.sampleAfterTestCase(...)' completed.]]></system-out>
         <system-err><![CDATA[]]></system-err>
      </testcase>
      <testcase name="Test Cases/002_System_,Manage/001_User_Manage/003_Add_user_uique" classname="Test Cases/002_System_,Manage/001_User_Manage/003_Add_user_uique" status="PASSED">
         <system-out><![CDATA[2019-04-17 10:56:05 - [TEST_CASE][PASSED] - Test Cases/002_System_,Manage/001_User_Manage/003_Add_user_uique: Test Cases/002_System_,Manage/001_User_Manage/003_Add_user_uique

2019-04-17 10:56:05 - [TEST_STEP][PASSED] - Start listener action : sampleBeforeTestCase: Invoke 'com.kms.katalon.core.annotation.BeforeTestCase' method: 'NewTestListener.sampleBeforeTestCase(...)' completed.

2019-04-17 10:56:05 - [TEST_STEP][PASSED] - Statement - println(testCaseContext.getTestCaseId()): null

2019-04-17 10:56:05 - [TEST_STEP][PASSED] - Statement - println(testCaseContext.getTestCaseVariables()): Invoke 'com.kms.katalon.core.annotation.BeforeTestCase' method: 'NewTestListener.sampleBeforeTestCase(...)' completed.

2019-04-17 10:56:05 - [TEST_STEP][NOT_RUN] - callTestCase: NOT_RUN: callTestCase

2019-04-17 10:56:05 - [MESSAGE][NOT_RUN] - NOT_RUN: callTestCase

2019-04-17 10:56:05 - [TEST_STEP][PASSED] - comment: begain to add one new user!

2019-04-17 10:56:05 - [TEST_STEP][PASSED] - click: Object: 'Object Repository/Syetem_settings/User_Manage/a_ new_user' is clicked on

2019-04-17 10:56:05 - [MESSAGE][PASSED] - Object: 'Object Repository/Syetem_settings/User_Manage/a_ new_user' is clicked on

2019-04-17 10:56:05 - [TEST_STEP][PASSED] - delay: Delayed 1 second(s)

2019-04-17 10:56:06 - [MESSAGE][PASSED] - Delayed 1 second(s)

2019-04-17 10:56:06 - [TEST_STEP][PASSED] - click: Object: 'Object Repository/Syetem_settings/User_Manage/user_info/choose_dept' is clicked on

2019-04-17 10:56:06 - [MESSAGE][PASSED] - Object: 'Object Repository/Syetem_settings/User_Manage/user_info/choose_dept' is clicked on

2019-04-17 10:56:06 - [TEST_STEP][PASSED] - delay: Delayed 1 second(s)

2019-04-17 10:56:07 - [MESSAGE][PASSED] - Delayed 1 second(s)

2019-04-17 10:56:07 - [TEST_STEP][PASSED] - click: Object: 'Object Repository/Syetem_settings/User_Manage/user_info/i__TreeNB' is clicked on

2019-04-17 10:56:07 - [MESSAGE][PASSED] - Object: 'Object Repository/Syetem_settings/User_Manage/user_info/i__TreeNB' is clicked on

2019-04-17 10:56:07 - [TEST_STEP][PASSED] - delay: Delayed 1 second(s)

2019-04-17 10:56:08 - [MESSAGE][PASSED] - Delayed 1 second(s)

2019-04-17 10:56:08 - [TEST_STEP][PASSED] - click: Object: 'Object Repository/Syetem_settings/User_Manage/user_info/cite_CQDepart' is clicked on

2019-04-17 10:56:08 - [MESSAGE][PASSED] - Object: 'Object Repository/Syetem_settings/User_Manage/user_info/cite_CQDepart' is clicked on

2019-04-17 10:56:08 - [TEST_STEP][PASSED] - delay: Delayed 1 second(s)

2019-04-17 10:56:09 - [MESSAGE][PASSED] - Delayed 1 second(s)

2019-04-17 10:56:09 - [TEST_STEP][PASSED] - setText: Text '测试人员8' is set on object 'Object Repository/Syetem_settings/User_Manage/user_info/input_ RealName'

2019-04-17 10:56:09 - [MESSAGE][PASSED] - Text '测试人员8' is set on object 'Object Repository/Syetem_settings/User_Manage/user_info/input_ RealName'

2019-04-17 10:56:09 - [TEST_STEP][PASSED] - delay: Delayed 1 second(s)

2019-04-17 10:56:10 - [MESSAGE][PASSED] - Delayed 1 second(s)

2019-04-17 10:56:10 - [TEST_STEP][PASSED] - setText: Text '测试岗位8' is set on object 'Object Repository/Syetem_settings/User_Manage/user_info/input_position'

2019-04-17 10:56:11 - [MESSAGE][PASSED] - Text '测试岗位8' is set on object 'Object Repository/Syetem_settings/User_Manage/user_info/input_position'

2019-04-17 10:56:11 - [TEST_STEP][PASSED] - delay: Delayed 1 second(s)

2019-04-17 10:56:12 - [MESSAGE][PASSED] - Delayed 1 second(s)

2019-04-17 10:56:12 - [TEST_STEP][PASSED] - setText: Text '' is set on object 'Object Repository/Syetem_settings/User_Manage/user_info/input_mobile'

2019-04-17 10:56:12 - [MESSAGE][PASSED] - Text '' is set on object 'Object Repository/Syetem_settings/User_Manage/user_info/input_mobile'

2019-04-17 10:56:12 - [TEST_STEP][PASSED] - delay: Delayed 1 second(s)

2019-04-17 10:56:13 - [MESSAGE][PASSED] - Delayed 1 second(s)

2019-04-17 10:56:13 - [TEST_STEP][PASSED] - setText: Text '7425368@qq.com' is set on object 'Object Repository/Syetem_settings/User_Manage/user_info/input_email'

2019-04-17 10:56:13 - [MESSAGE][PASSED] - Text '7425368@qq.com' is set on object 'Object Repository/Syetem_settings/User_Manage/user_info/input_email'

2019-04-17 10:56:13 - [TEST_STEP][PASSED] - delay: Delayed 1 second(s)

2019-04-17 10:56:14 - [MESSAGE][PASSED] - Delayed 1 second(s)

2019-04-17 10:56:14 - [TEST_STEP][PASSED] - click: Object: 'Object Repository/Syetem_settings/User_Manage/user_info/button_ Save' is clicked on

2019-04-17 10:56:14 - [MESSAGE][PASSED] - Object: 'Object Repository/Syetem_settings/User_Manage/user_info/button_ Save' is clicked on

2019-04-17 10:56:14 - [TEST_STEP][PASSED] - Statement - If (com.kms.katalon.core.webui.keyword.WebUiBuiltInKeywords.verifyElementPresent(com.kms.katalon.core.testobject.ObjectRepository.findTestObject(Syetem_settings/User_Manage/user_info/tips_save), 10)): Object: 'Object Repository/Syetem_settings/User_Manage/user_info/close_user' is clicked on

2019-04-17 10:56:14 - [MESSAGE][PASSED] - Object 'Object Repository/Syetem_settings/User_Manage/user_info/tips_save' is present

2019-04-17 10:56:14 - [TEST_STEP][PASSED] - comment: 发现不能为空的提示

2019-04-17 10:56:14 - [TEST_STEP][PASSED] - delay: Delayed 1 second(s)

2019-04-17 10:56:15 - [MESSAGE][PASSED] - Delayed 1 second(s)

2019-04-17 10:56:15 - [TEST_STEP][PASSED] - click: Object: 'Object Repository/Syetem_settings/User_Manage/user_info/close_user' is clicked on

2019-04-17 10:56:15 - [MESSAGE][PASSED] - Object: 'Object Repository/Syetem_settings/User_Manage/user_info/close_user' is clicked on

2019-04-17 10:56:15 - [TEST_STEP][PASSED] - delay: Delayed 1 second(s)

2019-04-17 10:56:16 - [MESSAGE][PASSED] - Delayed 1 second(s)

2019-04-17 10:56:16 - [TEST_STEP][PASSED] - click: Object: 'Object Repository/Syetem_settings/User_Manage/a_ new_user' is clicked on

2019-04-17 10:56:16 - [MESSAGE][PASSED] - Object: 'Object Repository/Syetem_settings/User_Manage/a_ new_user' is clicked on

2019-04-17 10:56:16 - [TEST_STEP][PASSED] - delay: Delayed 1 second(s)

2019-04-17 10:56:17 - [MESSAGE][PASSED] - Delayed 1 second(s)

2019-04-17 10:56:17 - [TEST_STEP][PASSED] - click: Object: 'Object Repository/Syetem_settings/User_Manage/user_info/choose_dept' is clicked on

2019-04-17 10:56:17 - [MESSAGE][PASSED] - Object: 'Object Repository/Syetem_settings/User_Manage/user_info/choose_dept' is clicked on

2019-04-17 10:56:17 - [TEST_STEP][PASSED] - delay: Delayed 1 second(s)

2019-04-17 10:56:18 - [MESSAGE][PASSED] - Delayed 1 second(s)

2019-04-17 10:56:18 - [TEST_STEP][PASSED] - click: Object: 'Object Repository/Syetem_settings/User_Manage/user_info/i__TreeNB' is clicked on

2019-04-17 10:56:18 - [MESSAGE][PASSED] - Object: 'Object Repository/Syetem_settings/User_Manage/user_info/i__TreeNB' is clicked on

2019-04-17 10:56:18 - [TEST_STEP][PASSED] - delay: Delayed 1 second(s)

2019-04-17 10:56:19 - [MESSAGE][PASSED] - Delayed 1 second(s)

2019-04-17 10:56:19 - [TEST_STEP][PASSED] - click: Object: 'Object Repository/Syetem_settings/User_Manage/user_info/cite_CQDepart' is clicked on

2019-04-17 10:56:19 - [MESSAGE][PASSED] - Object: 'Object Repository/Syetem_settings/User_Manage/user_info/cite_CQDepart' is clicked on

2019-04-17 10:56:19 - [TEST_STEP][PASSED] - delay: Delayed 1 second(s)

2019-04-17 10:56:20 - [MESSAGE][PASSED] - Delayed 1 second(s)

2019-04-17 10:56:20 - [TEST_STEP][PASSED] - setText: Text '验证邮箱格式' is set on object 'Object Repository/Syetem_settings/User_Manage/user_info/input_ RealName'

2019-04-17 10:56:21 - [MESSAGE][PASSED] - Text '验证邮箱格式' is set on object 'Object Repository/Syetem_settings/User_Manage/user_info/input_ RealName'

2019-04-17 10:56:21 - [TEST_STEP][PASSED] - delay: Delayed 1 second(s)

2019-04-17 10:56:22 - [MESSAGE][PASSED] - Delayed 1 second(s)

2019-04-17 10:56:22 - [TEST_STEP][PASSED] - setText: Text '测试' is set on object 'Object Repository/Syetem_settings/User_Manage/user_info/input_position'

2019-04-17 10:56:22 - [MESSAGE][PASSED] - Text '测试' is set on object 'Object Repository/Syetem_settings/User_Manage/user_info/input_position'

2019-04-17 10:56:22 - [TEST_STEP][PASSED] - delay: Delayed 1 second(s)

2019-04-17 10:56:23 - [MESSAGE][PASSED] - Delayed 1 second(s)

2019-04-17 10:56:23 - [TEST_STEP][PASSED] - setText: Text '15263625413' is set on object 'Object Repository/Syetem_settings/User_Manage/user_info/input_mobile'

2019-04-17 10:56:23 - [MESSAGE][PASSED] - Text '15263625413' is set on object 'Object Repository/Syetem_settings/User_Manage/user_info/input_mobile'

2019-04-17 10:56:23 - [TEST_STEP][PASSED] - delay: Delayed 1 second(s)

2019-04-17 10:56:24 - [MESSAGE][PASSED] - Delayed 1 second(s)

2019-04-17 10:56:24 - [TEST_STEP][PASSED] - setText: Text '@163.com' is set on object 'Object Repository/Syetem_settings/User_Manage/user_info/input_email'

2019-04-17 10:56:24 - [MESSAGE][PASSED] - Text '@163.com' is set on object 'Object Repository/Syetem_settings/User_Manage/user_info/input_email'

2019-04-17 10:56:24 - [TEST_STEP][PASSED] - click: Object: 'Object Repository/Syetem_settings/User_Manage/user_info/button_ Save' is clicked on

2019-04-17 10:56:24 - [MESSAGE][PASSED] - Object: 'Object Repository/Syetem_settings/User_Manage/user_info/button_ Save' is clicked on

2019-04-17 10:56:24 - [TEST_STEP][PASSED] - Statement - If (com.kms.katalon.core.webui.keyword.WebUiBuiltInKeywords.verifyElementPresent(com.kms.katalon.core.testobject.ObjectRepository.findTestObject(Syetem_settings/User_Manage/user_info/save_email), 10)): Object: 'Object Repository/Syetem_settings/User_Manage/user_info/close_user' is clicked on

2019-04-17 10:56:24 - [MESSAGE][PASSED] - Object 'Object Repository/Syetem_settings/User_Manage/user_info/save_email' is present

2019-04-17 10:56:24 - [TEST_STEP][PASSED] - comment: 发现邮件格式不对的提示

2019-04-17 10:56:24 - [TEST_STEP][PASSED] - delay: Delayed 1 second(s)

2019-04-17 10:56:25 - [MESSAGE][PASSED] - Delayed 1 second(s)

2019-04-17 10:56:25 - [TEST_STEP][PASSED] - click: Object: 'Object Repository/Syetem_settings/User_Manage/user_info/close_user' is clicked on

2019-04-17 10:56:25 - [MESSAGE][PASSED] - Object: 'Object Repository/Syetem_settings/User_Manage/user_info/close_user' is clicked on

2019-04-17 10:56:25 - [TEST_STEP][PASSED] - Start listener action : sampleAfterTestCase: Invoke 'com.kms.katalon.core.annotation.AfterTestCase' method: 'NewTestListener.sampleAfterTestCase(...)' completed.

2019-04-17 10:56:25 - [TEST_STEP][PASSED] - Statement - println(testCaseContext.getTestCaseId()): null

2019-04-17 10:56:25 - [TEST_STEP][PASSED] - Statement - println(testCaseContext.getTestCaseStatus()): Invoke 'com.kms.katalon.core.annotation.AfterTestCase' method: 'NewTestListener.sampleAfterTestCase(...)' completed.]]></system-out>
         <system-err><![CDATA[]]></system-err>
      </testcase>
      <system-out><![CDATA[2019-04-17 10:50:17 - [TEST_SUITE][FAILED] - new user: Test Cases/002_System_,Manage/001_User_Manage/002_Add_user FAILED because (of) (Stack trace: Assertion failed: 

assert false


	at org.codehaus.groovy.runtime.InvokerHelper.assertFailed(InvokerHelper.java:402)
	at org.codehaus.groovy.runtime.ScriptBytecodeAdapter.assertFailed(ScriptBytecodeAdapter.java:650)
	at Script1555325328880.run(Script1555325328880.groovy:84)
	at com.kms.katalon.core.main.ScriptEngine.run(ScriptEngine.java:183)
	at com.kms.katalon.core.main.ScriptEngine.runScriptAsRawText(ScriptEngine.java:108)
	at com.kms.katalon.core.main.TestCaseExecutor.runScript(TestCaseExecutor.java:294)
	at com.kms.katalon.core.main.TestCaseExecutor.doExecute(TestCaseExecutor.java:285)
	at com.kms.katalon.core.main.TestCaseExecutor.processExecutionPhase(TestCaseExecutor.java:264)
	at com.kms.katalon.core.main.TestCaseExecutor.accessMainPhase(TestCaseExecutor.java:256)
	at com.kms.katalon.core.main.TestCaseExecutor.execute(TestCaseExecutor.java:200)
	at com.kms.katalon.core.main.TestSuiteExecutor.accessTestCaseMainPhase(TestSuiteExecutor.java:129)
	at com.kms.katalon.core.main.TestSuiteExecutor.accessTestSuiteMainPhase(TestSuiteExecutor.java:112)
	at com.kms.katalon.core.main.TestSuiteExecutor.execute(TestSuiteExecutor.java:81)
	at com.kms.katalon.core.main.TestCaseMain.startTestSuite(TestCaseMain.java:142)
	at com.kms.katalon.core.main.TestCaseMain$startTestSuite$0.call(Unknown Source)
	at org.codehaus.groovy.runtime.callsite.CallSiteArray.defaultCall(CallSiteArray.java:48)
	at org.codehaus.groovy.runtime.callsite.AbstractCallSite.call(AbstractCallSite.java:113)
	at org.codehaus.groovy.runtime.callsite.AbstractCallSite.call(AbstractCallSite.java:141)
	at TempTestSuite1555469415462.run(TempTestSuite1555469415462.groovy:36)
	at groovy.lang.GroovyShell.runScriptOrMainOrTestOrRunnable(GroovyShell.java:263)
	at groovy.lang.GroovyShell.run(GroovyShell.java:518)
	at groovy.lang.GroovyShell.run(GroovyShell.java:507)
	at groovy.ui.GroovyMain.processOnce(GroovyMain.java:653)
	at groovy.ui.GroovyMain.run(GroovyMain.java:384)
	at groovy.ui.GroovyMain.process(GroovyMain.java:370)
	at groovy.ui.GroovyMain.processArgs(GroovyMain.java:129)
	at groovy.ui.GroovyMain.main(GroovyMain.java:109)
	at sun.reflect.NativeMethodAccessorImpl.invoke0(Native Method)
	at sun.reflect.NativeMethodAccessorImpl.invoke(NativeMethodAccessorImpl.java:62)
	at sun.reflect.DelegatingMethodAccessorImpl.invoke(DelegatingMethodAccessorImpl.java:43)
	at java.lang.reflect.Method.invoke(Method.java:498)
	at org.codehaus.groovy.tools.GroovyStarter.rootLoader(GroovyStarter.java:109)
	at org.codehaus.groovy.tools.GroovyStarter.main(GroovyStarter.java:131)
)]]></system-out>
      <system-err><![CDATA[2019-04-17 10:50:17 - [TEST_SUITE][FAILED] - new user: Test Cases/002_System_,Manage/001_User_Manage/002_Add_user FAILED because (of) (Stack trace: Assertion failed: 

assert false


	at org.codehaus.groovy.runtime.InvokerHelper.assertFailed(InvokerHelper.java:402)
	at org.codehaus.groovy.runtime.ScriptBytecodeAdapter.assertFailed(ScriptBytecodeAdapter.java:650)
	at Script1555325328880.run(Script1555325328880.groovy:84)
	at com.kms.katalon.core.main.ScriptEngine.run(ScriptEngine.java:183)
	at com.kms.katalon.core.main.ScriptEngine.runScriptAsRawText(ScriptEngine.java:108)
	at com.kms.katalon.core.main.TestCaseExecutor.runScript(TestCaseExecutor.java:294)
	at com.kms.katalon.core.main.TestCaseExecutor.doExecute(TestCaseExecutor.java:285)
	at com.kms.katalon.core.main.TestCaseExecutor.processExecutionPhase(TestCaseExecutor.java:264)
	at com.kms.katalon.core.main.TestCaseExecutor.accessMainPhase(TestCaseExecutor.java:256)
	at com.kms.katalon.core.main.TestCaseExecutor.execute(TestCaseExecutor.java:200)
	at com.kms.katalon.core.main.TestSuiteExecutor.accessTestCaseMainPhase(TestSuiteExecutor.java:129)
	at com.kms.katalon.core.main.TestSuiteExecutor.accessTestSuiteMainPhase(TestSuiteExecutor.java:112)
	at com.kms.katalon.core.main.TestSuiteExecutor.execute(TestSuiteExecutor.java:81)
	at com.kms.katalon.core.main.TestCaseMain.startTestSuite(TestCaseMain.java:142)
	at com.kms.katalon.core.main.TestCaseMain$startTestSuite$0.call(Unknown Source)
	at org.codehaus.groovy.runtime.callsite.CallSiteArray.defaultCall(CallSiteArray.java:48)
	at org.codehaus.groovy.runtime.callsite.AbstractCallSite.call(AbstractCallSite.java:113)
	at org.codehaus.groovy.runtime.callsite.AbstractCallSite.call(AbstractCallSite.java:141)
	at TempTestSuite1555469415462.run(TempTestSuite1555469415462.groovy:36)
	at groovy.lang.GroovyShell.runScriptOrMainOrTestOrRunnable(GroovyShell.java:263)
	at groovy.lang.GroovyShell.run(GroovyShell.java:518)
	at groovy.lang.GroovyShell.run(GroovyShell.java:507)
	at groovy.ui.GroovyMain.processOnce(GroovyMain.java:653)
	at groovy.ui.GroovyMain.run(GroovyMain.java:384)
	at groovy.ui.GroovyMain.process(GroovyMain.java:370)
	at groovy.ui.GroovyMain.processArgs(GroovyMain.java:129)
	at groovy.ui.GroovyMain.main(GroovyMain.java:109)
	at sun.reflect.NativeMethodAccessorImpl.invoke0(Native Method)
	at sun.reflect.NativeMethodAccessorImpl.invoke(NativeMethodAccessorImpl.java:62)
	at sun.reflect.DelegatingMethodAccessorImpl.invoke(DelegatingMethodAccessorImpl.java:43)
	at java.lang.reflect.Method.invoke(Method.java:498)
	at org.codehaus.groovy.tools.GroovyStarter.rootLoader(GroovyStarter.java:109)
	at org.codehaus.groovy.tools.GroovyStarter.main(GroovyStarter.java:131)
)]]></system-err>
   </testsuite>
</testsuites>
